{"timestamp":"04-10-2024 06:16:57","level":"INFO","method":"POST","url":"/api/request-otp","statusCode":200,"responseTime":"3833ms","userAgent":"PostmanRuntime/7.42.0","requestBody":{"email":"adminconn@gmail.com"}}
{"timestamp":"04-10-2024 06:17:36","level":"INFO","method":"POST","url":"/api/verify-otp","statusCode":200,"responseTime":"65ms","userAgent":"PostmanRuntime/7.42.0","requestBody":{"otp":"426602"}}
{"0":"m","1":"e","2":"m","3":"b","4":"e","5":"r","6":"R","7":"e","8":"p","9":"o","10":"s","11":"i","12":"t","13":"o","14":"r","15":"y","16":" ","17":"i","18":"s","19":" ","20":"n","21":"o","22":"t","23":" ","24":"d","25":"e","26":"f","27":"i","28":"n","29":"e","30":"d","timestamp":"04-10-2024 06:21:39","level":"ERROR"}
{"timestamp":"04-10-2024 06:21:39","level":"INFO","method":"POST","url":"/api//config/wallet","statusCode":500,"responseTime":"60ms","userAgent":"PostmanRuntime/7.42.0","requestBody":{"coin_id":"USDT_tron","user_id":0,"address":"123","wallet_type_id":"deposit"}}
{"0":"u","1":"s","2":"e","3":"r","4":"I","5":"d","6":" ","7":"i","8":"s","9":" ","10":"n","11":"o","12":"t","13":" ","14":"d","15":"e","16":"f","17":"i","18":"n","19":"e","20":"d","timestamp":"04-10-2024 06:23:56","level":"ERROR"}
{"timestamp":"04-10-2024 06:23:56","level":"INFO","method":"POST","url":"/api//config/wallet","statusCode":500,"responseTime":"15ms","userAgent":"PostmanRuntime/7.42.0","requestBody":{"coin_id":"USDT_tron","user_id":0,"address":"123","wallet_type_id":"deposit"}}
{"0":"s","1":"e","2":"n","3":"d","4":"E","5":"m","6":"a","7":"i","8":"l","9":"O","10":"T","11":"P","12":"W","13":"a","14":"l","15":"l","16":"e","17":"t","18":" ","19":"i","20":"s","21":" ","22":"n","23":"o","24":"t","25":" ","26":"d","27":"e","28":"f","29":"i","30":"n","31":"e","32":"d","timestamp":"04-10-2024 06:24:10","level":"ERROR"}
{"timestamp":"04-10-2024 06:24:10","level":"INFO","method":"POST","url":"/api//config/wallet","statusCode":500,"responseTime":"20ms","userAgent":"PostmanRuntime/7.42.0","requestBody":{"coin_id":"USDT_tron","user_id":0,"address":"123","wallet_type_id":"deposit"}}
{"0":"C","1":"a","2":"n","3":"n","4":"o","5":"t","6":" ","7":"r","8":"e","9":"a","10":"d","11":" ","12":"p","13":"r","14":"o","15":"p","16":"e","17":"r","18":"t","19":"i","20":"e","21":"s","22":" ","23":"o","24":"f","25":" ","26":"n","27":"u","28":"l","29":"l","30":" ","31":"(","32":"r","33":"e","34":"a","35":"d","36":"i","37":"n","38":"g","39":" ","40":"'","41":"e","42":"m","43":"a","44":"i","45":"l","46":"'","47":")","timestamp":"04-10-2024 06:24:23","level":"ERROR"}
{"timestamp":"04-10-2024 06:24:23","level":"INFO","method":"POST","url":"/api//config/wallet","statusCode":500,"responseTime":"22ms","userAgent":"PostmanRuntime/7.42.0","requestBody":{"coin_id":"USDT_tron","user_id":0,"address":"123","wallet_type_id":"deposit"}}
{"0":"u","1":"s","2":"e","3":"r","4":"_","5":"e","6":"m","7":"a","8":"i","9":"l","10":"_","11":"l","12":"o","13":"g","14":"i","15":"n","16":" ","17":"i","18":"s","19":" ","20":"n","21":"o","22":"t","23":" ","24":"d","25":"e","26":"f","27":"i","28":"n","29":"e","30":"d","timestamp":"04-10-2024 06:26:00","level":"ERROR"}
{"timestamp":"04-10-2024 06:26:00","level":"INFO","method":"POST","url":"/api//config/wallet","statusCode":500,"responseTime":"17ms","userAgent":"PostmanRuntime/7.42.0","requestBody":{"coin_id":"USDT_tron","user_id":0,"address":"123","wallet_type_id":"deposit","user_email_login":"adminconn@gmail.com"}}
{"0":"u","1":"s","2":"e","3":"r","4":"_","5":"e","6":"m","7":"a","8":"i","9":"l","10":"_","11":"l","12":"o","13":"g","14":"i","15":"n","16":" ","17":"i","18":"s","19":" ","20":"n","21":"o","22":"t","23":" ","24":"d","25":"e","26":"f","27":"i","28":"n","29":"e","30":"d","timestamp":"04-10-2024 06:26:24","level":"ERROR"}
{"timestamp":"04-10-2024 06:26:24","level":"INFO","method":"POST","url":"/api//config/wallet","statusCode":500,"responseTime":"22ms","userAgent":"PostmanRuntime/7.42.0","requestBody":{"coin_id":"USDT_tron","user_id":0,"address":"123","wallet_type_id":"deposit","user_email_login":"adminconn@gmail.com"}}
{"0":"u","1":"s","2":"e","3":"r","4":"_","5":"e","6":"m","7":"a","8":"i","9":"l","10":"_","11":"l","12":"o","13":"g","14":"i","15":"n","16":" ","17":"i","18":"s","19":" ","20":"n","21":"o","22":"t","23":" ","24":"d","25":"e","26":"f","27":"i","28":"n","29":"e","30":"d","timestamp":"04-10-2024 06:26:39","level":"ERROR"}
{"timestamp":"04-10-2024 06:26:39","level":"INFO","method":"POST","url":"/api//config/wallet","statusCode":500,"responseTime":"19ms","userAgent":"PostmanRuntime/7.42.0","requestBody":{"coin_id":"USDT_tron","user_id":0,"address":"123","wallet_type_id":"deposit","user_email_login":"adminconn@gmail.com"}}
{"0":{"message":"wallet.wallet_type_id cannot be null","type":"notNull Violation","path":"wallet_type_id","value":null,"origin":"CORE","instance":{"id":null,"coin_id":"USDT_tron","user_id":0,"otp":"183340","expired_otp":"2024-10-03T23:42:01.805Z","address_temp":"123","updated_at":"2024-10-03T23:27:05.788Z","created_at":"2024-10-03T23:27:05.788Z"},"validatorKey":"is_null","validatorName":null,"validatorArgs":[]},"timestamp":"04-10-2024 06:27:05","level":"ERROR"}
{"timestamp":"04-10-2024 06:27:05","level":"INFO","method":"POST","url":"/api//config/wallet","statusCode":400,"responseTime":"4002ms","userAgent":"PostmanRuntime/7.42.0","requestBody":{"coin_id":"USDT_tron","user_id":0,"address":"123","wallet_type_id":"deposit","user_email_login":"adminconn@gmail.com"}}
{"0":{"message":"wallet.wallet_type_id cannot be null","type":"notNull Violation","path":"wallet_type_id","value":null,"origin":"CORE","instance":{"id":null,"coin_id":"USDT_tron","user_id":0,"otp":"043729","expired_otp":"2024-10-03T23:42:26.076Z","address_temp":"123","updated_at":"2024-10-03T23:27:28.752Z","created_at":"2024-10-03T23:27:28.752Z"},"validatorKey":"is_null","validatorName":null,"validatorArgs":[]},"timestamp":"04-10-2024 06:27:28","level":"ERROR"}
{"timestamp":"04-10-2024 06:27:28","level":"INFO","method":"POST","url":"/api//config/wallet","statusCode":400,"responseTime":"2721ms","userAgent":"PostmanRuntime/7.42.0","requestBody":{"coin_id":"USDT_tron","user_id":0,"address":"123","wallet_type_id":"deposit","user_email_login":"adminconn@gmail.com"}}
{"timestamp":"04-10-2024 06:27:58","level":"INFO","method":"POST","url":"/api//config/wallet","statusCode":200,"responseTime":"4238ms","userAgent":"PostmanRuntime/7.42.0","requestBody":{"coin_id":"USDT_tron","user_id":0,"address":"123","wallet_type_id":"deposit","user_email_login":"adminconn@gmail.com"}}
{"timestamp":"04-10-2024 06:28:23","level":"INFO","method":"POST","url":"/api//config/wallet","statusCode":400,"responseTime":"39ms","userAgent":"PostmanRuntime/7.42.0","requestBody":{"coin_id":"USDT_tron","user_id":0,"address":"123","wallet_type_id":"deposit","user_email_login":"adminconn@gmail.com"}}
{"timestamp":"04-10-2024 06:29:24","level":"INFO","method":"PUT","url":"/api//config/wallet/36","statusCode":400,"responseTime":"25ms","userAgent":"PostmanRuntime/7.42.0","requestBody":{"coin_id":"USDT_tron","user_id":0,"address":"123","wallet_type_id":"deposit","user_email_login":"adminconn@gmail.com"}}
{"timestamp":"04-10-2024 06:34:32","level":"INFO","method":"PUT","url":"/api//config/wallet/36","statusCode":400,"responseTime":"19ms","userAgent":"PostmanRuntime/7.42.0","requestBody":{"coin_id":"USDT_tron","user_id":0,"address":"123","wallet_type_id":"deposit","user_email_login":"adminconn@gmail.com"}}
{"timestamp":"04-10-2024 06:34:50","level":"INFO","method":"POST","url":"/api/member/wallet/verify-otp","statusCode":403,"responseTime":"20ms","userAgent":"PostmanRuntime/7.42.0","requestBody":{"wallet_id":36,"otp":"764997"}}
{"timestamp":"04-10-2024 06:35:21","level":"INFO","method":"POST","url":"/api/member/wallet/verify-otp","statusCode":400,"responseTime":"18ms","userAgent":"PostmanRuntime/7.42.0","requestBody":{"wallet_id":36,"otp":"764997"}}
{"timestamp":"04-10-2024 06:35:42","level":"INFO","method":"POST","url":"/api/member/wallet/verify-otp","statusCode":400,"responseTime":"46ms","userAgent":"PostmanRuntime/7.42.0","requestBody":{"wallet_id":36,"otp":"764997"}}
{"timestamp":"04-10-2024 06:36:20","level":"INFO","method":"POST","url":"/api/member/wallet/verify-otp","statusCode":200,"responseTime":"113ms","userAgent":"PostmanRuntime/7.42.0","requestBody":{"wallet_id":36,"otp":"764997"}}
{"timestamp":"04-10-2024 06:36:58","level":"INFO","method":"PUT","url":"/api//config/wallet/36","statusCode":200,"responseTime":"2854ms","userAgent":"PostmanRuntime/7.42.0","requestBody":{"coin_id":"USDT_tron","user_id":0,"address":"12345","wallet_type_id":"deposit","user_email_login":"adminconn@gmail.com"}}
{"timestamp":"04-10-2024 06:37:32","level":"INFO","method":"POST","url":"/api/member/wallet/verify-otp","statusCode":200,"responseTime":"112ms","userAgent":"PostmanRuntime/7.42.0","requestBody":{"wallet_id":36,"otp":"739177"}}
{"timestamp":"04-10-2024 06:38:51","level":"INFO","method":"POST","url":"/api/member/wallet/verify-otp/resend","statusCode":400,"responseTime":"49ms","userAgent":"PostmanRuntime/7.42.0","requestBody":{"wallet_id":36}}
{"0":"C","1":"a","2":"n","3":"n","4":"o","5":"t","6":" ","7":"r","8":"e","9":"a","10":"d","11":" ","12":"p","13":"r","14":"o","15":"p","16":"e","17":"r","18":"t","19":"i","20":"e","21":"s","22":" ","23":"o","24":"f","25":" ","26":"n","27":"u","28":"l","29":"l","30":" ","31":"(","32":"r","33":"e","34":"a","35":"d","36":"i","37":"n","38":"g","39":" ","40":"'","41":"e","42":"m","43":"a","44":"i","45":"l","46":"'","47":")","timestamp":"04-10-2024 06:39:14","level":"ERROR"}
{"timestamp":"04-10-2024 06:39:14","level":"INFO","method":"POST","url":"/api/member/wallet/verify-otp/resend","statusCode":500,"responseTime":"23ms","userAgent":"PostmanRuntime/7.42.0","requestBody":{"wallet_id":36}}
{"0":"u","1":"s","2":"e","3":"r","4":"L","5":"o","6":"g","7":"i","8":"n","9":"I","10":"d","11":" ","12":"i","13":"s","14":" ","15":"n","16":"o","17":"t","18":" ","19":"d","20":"e","21":"f","22":"i","23":"n","24":"e","25":"d","timestamp":"04-10-2024 06:40:16","level":"ERROR"}
{"timestamp":"04-10-2024 06:40:16","level":"INFO","method":"POST","url":"/api/member/wallet/verify-otp/resend","statusCode":500,"responseTime":"2938ms","userAgent":"PostmanRuntime/7.42.0","requestBody":{"wallet_id":36}}
{"timestamp":"04-10-2024 06:40:44","level":"INFO","method":"POST","url":"/api/member/wallet/verify-otp/resend","statusCode":200,"responseTime":"3059ms","userAgent":"PostmanRuntime/7.42.0","requestBody":{"wallet_id":36}}
{"timestamp":"04-10-2024 06:44:26","level":"INFO","method":"DELETE","url":"/api//config/wallet/36","statusCode":400,"responseTime":"10ms","userAgent":"PostmanRuntime/7.42.0","requestBody":{"otp":"s"}}
{"0":"d","1":"a","2":"t","3":"a","4":" ","5":"i","6":"s","7":" ","8":"n","9":"o","10":"t","11":" ","12":"d","13":"e","14":"f","15":"i","16":"n","17":"e","18":"d","timestamp":"04-10-2024 06:44:39","level":"ERROR"}
{"timestamp":"04-10-2024 06:44:39","level":"INFO","method":"DELETE","url":"/api//config/wallet/36","statusCode":500,"responseTime":"9ms","userAgent":"PostmanRuntime/7.42.0","requestBody":{"otp":"123456"}}
{"timestamp":"04-10-2024 06:45:51","level":"INFO","method":"DELETE","url":"/api//config/wallet/36","statusCode":401,"responseTime":"19ms","userAgent":"PostmanRuntime/7.42.0","requestBody":{"otp":"123456"}}
{"timestamp":"04-10-2024 06:46:08","level":"INFO","method":"DELETE","url":"/api//config/wallet/36","statusCode":200,"responseTime":"73ms","userAgent":"PostmanRuntime/7.42.0","requestBody":{"otp":"404412"}}
