{"timestamp":"29-09-2024 05:30:13","level":"INFO","method":"GET","url":"/api/bonus/member","statusCode":401,"responseTime":"11ms","userAgent":"PostmanRuntime/7.42.0","requestBody":{}}
{"timestamp":"29-09-2024 05:32:32","level":"INFO","method":"GET","url":"/api/bonus/member","statusCode":401,"responseTime":"10ms","userAgent":"PostmanRuntime/7.42.0","requestBody":{}}
{"timestamp":"29-09-2024 05:32:44","level":"INFO","method":"POST","url":"/api/request-otp","statusCode":200,"responseTime":"3896ms","userAgent":"PostmanRuntime/7.42.0","requestBody":{"email":"admin_cassablanca@gmail.com"}}
{"timestamp":"29-09-2024 05:33:30","level":"INFO","method":"POST","url":"/api/verify-otp","statusCode":200,"responseTime":"57ms","userAgent":"PostmanRuntime/7.42.0","requestBody":{"otp":"510481"}}
{"timestamp":"29-09-2024 05:33:32","level":"INFO","method":"GET","url":"/api/bonus/member","statusCode":200,"responseTime":"2ms","userAgent":"PostmanRuntime/7.42.0","requestBody":{}}
{"timestamp":"29-09-2024 05:39:48","level":"INFO","method":"GET","url":"/api/bonus/member","statusCode":200,"responseTime":"19ms","userAgent":"PostmanRuntime/7.42.0","requestBody":{}}
{"timestamp":"29-09-2024 05:41:03","level":"INFO","method":"GET","url":"/api/bonus/member","statusCode":200,"responseTime":"35ms","userAgent":"PostmanRuntime/7.42.0","requestBody":{}}
{"timestamp":"29-09-2024 05:41:28","level":"INFO","method":"GET","url":"/api/bonus/member","statusCode":200,"responseTime":"40ms","userAgent":"PostmanRuntime/7.42.0","requestBody":{}}
{"timestamp":"29-09-2024 05:42:14","level":"INFO","method":"GET","url":"/api/bonus/member","statusCode":200,"responseTime":"24ms","userAgent":"PostmanRuntime/7.42.0","requestBody":{}}
{"timestamp":"29-09-2024 05:42:26","level":"INFO","method":"GET","url":"/api/bonus/member","statusCode":200,"responseTime":"36ms","userAgent":"PostmanRuntime/7.42.0","requestBody":{}}
{"timestamp":"29-09-2024 05:43:07","level":"INFO","method":"GET","url":"/api/bonus/member","statusCode":200,"responseTime":"38ms","userAgent":"PostmanRuntime/7.42.0","requestBody":{}}
{"timestamp":"29-09-2024 05:52:08","level":"INFO","method":"GET","url":"/api/bonus/member","statusCode":200,"responseTime":"24ms","userAgent":"PostmanRuntime/7.42.0","requestBody":{}}
{"timestamp":"29-09-2024 05:52:47","level":"INFO","method":"GET","url":"/api/bonus/member","statusCode":200,"responseTime":"22ms","userAgent":"PostmanRuntime/7.42.0","requestBody":{}}
{"timestamp":"29-09-2024 05:53:48","level":"INFO","method":"GET","url":"/api/bonus/member","statusCode":200,"responseTime":"25ms","userAgent":"PostmanRuntime/7.42.0","requestBody":{}}
{"timestamp":"29-09-2024 05:57:12","level":"INFO","method":"GET","url":"/api/bonus/member","statusCode":200,"responseTime":"19ms","userAgent":"PostmanRuntime/7.42.0","requestBody":{}}
{"timestamp":"29-09-2024 05:58:20","level":"INFO","method":"GET","url":"/api/bonus/member","statusCode":200,"responseTime":"20ms","userAgent":"PostmanRuntime/7.42.0","requestBody":{}}
{"timestamp":"29-09-2024 05:58:44","level":"INFO","method":"GET","url":"/api/bonus/member","statusCode":200,"responseTime":"20ms","userAgent":"PostmanRuntime/7.42.0","requestBody":{}}
{"timestamp":"29-09-2024 05:58:51","level":"INFO","method":"GET","url":"/api/bonus/member","statusCode":200,"responseTime":"40ms","userAgent":"PostmanRuntime/7.42.0","requestBody":{}}
{"timestamp":"29-09-2024 05:59:06","level":"INFO","method":"GET","url":"/api/bonus/member","statusCode":200,"responseTime":"21ms","userAgent":"PostmanRuntime/7.42.0","requestBody":{}}
{"timestamp":"29-09-2024 06:00:16","level":"INFO","method":"GET","url":"/api/bonus/member","statusCode":200,"responseTime":"40ms","userAgent":"PostmanRuntime/7.42.0","requestBody":{}}
{"timestamp":"29-09-2024 06:02:44","level":"INFO","method":"GET","url":"/api/bonus/member?page=1&size=10&status=&search=","statusCode":200,"responseTime":"38ms","userAgent":"PostmanRuntime/7.42.0","requestBody":{}}
{"timestamp":"29-09-2024 06:03:41","level":"INFO","method":"GET","url":"/api/bonus/member?page=1&size=10&status=&search=","statusCode":200,"responseTime":"41ms","userAgent":"PostmanRuntime/7.42.0","requestBody":{}}
{"timestamp":"29-09-2024 06:04:09","level":"INFO","method":"GET","url":"/api/bonus/member?page=1&size=10&status=&search=","statusCode":200,"responseTime":"25ms","userAgent":"PostmanRuntime/7.42.0","requestBody":{}}
{"timestamp":"29-09-2024 06:04:25","level":"INFO","method":"GET","url":"/api/bonus/member?page=1&size=10&status=&search=","statusCode":200,"responseTime":"23ms","userAgent":"PostmanRuntime/7.42.0","requestBody":{}}
{"timestamp":"29-09-2024 06:04:40","level":"INFO","method":"GET","url":"/api/bonus/member?page=1&size=10&status=&search=","statusCode":200,"responseTime":"48ms","userAgent":"PostmanRuntime/7.42.0","requestBody":{}}
{"timestamp":"29-09-2024 06:06:06","level":"INFO","method":"GET","url":"/api/member?page=1&size=10&status=&search=","statusCode":200,"responseTime":"22ms","userAgent":"PostmanRuntime/7.42.0","requestBody":{}}
{"timestamp":"29-09-2024 06:06:16","level":"INFO","method":"GET","url":"/api/bonus/member?page=1&size=10&status=&search=","statusCode":200,"responseTime":"31ms","userAgent":"PostmanRuntime/7.42.0","requestBody":{}}
{"timestamp":"29-09-2024 06:12:01","level":"INFO","method":"GET","url":"/api/bonus/member","statusCode":200,"responseTime":"17ms","userAgent":"PostmanRuntime/7.42.0","requestBody":{}}
{"timestamp":"29-09-2024 06:13:49","level":"INFO","method":"GET","url":"/api/bonus/member","statusCode":200,"responseTime":"30ms","userAgent":"PostmanRuntime/7.42.0","requestBody":{}}
{"timestamp":"29-09-2024 06:17:51","level":"INFO","method":"GET","url":"/api/bonus/member?page=1&size=10","statusCode":200,"responseTime":"34ms","userAgent":"PostmanRuntime/7.42.0","requestBody":{}}
{"timestamp":"29-09-2024 06:18:37","level":"INFO","method":"GET","url":"/api/bonus/member?page=1&size=10","statusCode":200,"responseTime":"19ms","userAgent":"PostmanRuntime/7.42.0","requestBody":{}}
{"timestamp":"29-09-2024 06:19:50","level":"INFO","method":"GET","url":"/api/bonus/member?page=1&size=10","statusCode":200,"responseTime":"27ms","userAgent":"PostmanRuntime/7.42.0","requestBody":{}}
{"timestamp":"29-09-2024 06:27:35","level":"INFO","method":"GET","url":"/api/bonus/member?page=1&size=10","statusCode":200,"responseTime":"20ms","userAgent":"PostmanRuntime/7.42.0","requestBody":{}}
{"timestamp":"29-09-2024 06:39:18","level":"INFO","method":"GET","url":"/api/bonus/member?page=1&size=10","statusCode":401,"responseTime":"6ms","userAgent":"PostmanRuntime/7.42.0","requestBody":{}}
{"timestamp":"29-09-2024 06:39:25","level":"INFO","method":"POST","url":"/api/request-otp","statusCode":200,"responseTime":"4065ms","userAgent":"PostmanRuntime/7.42.0","requestBody":{"email":"admin_cassablanca@gmail.com"}}
{"timestamp":"29-09-2024 06:39:32","level":"INFO","method":"POST","url":"/api/verify-otp","statusCode":200,"responseTime":"48ms","userAgent":"PostmanRuntime/7.42.0","requestBody":{"otp":"427479"}}
{"timestamp":"29-09-2024 06:39:35","level":"INFO","method":"GET","url":"/api/bonus/member?page=1&size=10","statusCode":200,"responseTime":"47ms","userAgent":"PostmanRuntime/7.42.0","requestBody":{}}
{"timestamp":"29-09-2024 06:39:44","level":"INFO","method":"GET","url":"/api/bonus/member?page=1&size=10&search=ubed","statusCode":200,"responseTime":"27ms","userAgent":"PostmanRuntime/7.42.0","requestBody":{}}
{"timestamp":"29-09-2024 06:39:50","level":"INFO","method":"GET","url":"/api/bonus/member?page=1&size=10&search=","statusCode":200,"responseTime":"23ms","userAgent":"PostmanRuntime/7.42.0","requestBody":{}}
{"timestamp":"29-09-2024 06:39:52","level":"INFO","method":"GET","url":"/api/bonus/member?page=1&size=10","statusCode":200,"responseTime":"5ms","userAgent":"PostmanRuntime/7.42.0","requestBody":{}}
{"timestamp":"29-09-2024 06:46:48","level":"INFO","method":"GET","url":"/api/bonus/member?page=1&size=10&search=","statusCode":200,"responseTime":"24ms","userAgent":"PostmanRuntime/7.42.0","requestBody":{}}
{"timestamp":"29-09-2024 06:46:56","level":"INFO","method":"GET","url":"/api/bonus/member?page=1&size=10&search=","statusCode":200,"responseTime":"19ms","userAgent":"PostmanRuntime/7.42.0","requestBody":{}}
{"timestamp":"29-09-2024 06:47:57","level":"INFO","method":"GET","url":"/api/bonus/member?page=1&size=10&search=","statusCode":200,"responseTime":"84ms","userAgent":"PostmanRuntime/7.42.0","requestBody":{}}
{"timestamp":"29-09-2024 06:49:06","level":"INFO","method":"GET","url":"/api/bonus/member?page=1&size=10&search=","statusCode":200,"responseTime":"20ms","userAgent":"PostmanRuntime/7.42.0","requestBody":{}}
{"timestamp":"29-09-2024 06:49:13","level":"INFO","method":"GET","url":"/api/bonus/member?page=1&size=10&search=","statusCode":200,"responseTime":"21ms","userAgent":"PostmanRuntime/7.42.0","requestBody":{}}
{"timestamp":"29-09-2024 06:51:56","level":"INFO","method":"GET","url":"/api/bonus/member?page=1&size=10&search=","statusCode":200,"responseTime":"22ms","userAgent":"PostmanRuntime/7.42.0","requestBody":{}}
{"timestamp":"29-09-2024 06:53:27","level":"INFO","method":"GET","url":"/api/bonus/member?page=1&size=10&search=","statusCode":200,"responseTime":"23ms","userAgent":"PostmanRuntime/7.42.0","requestBody":{}}
{"timestamp":"29-09-2024 06:53:38","level":"INFO","method":"GET","url":"/api/bonus/member?page=1&size=10&search=","statusCode":200,"responseTime":"30ms","userAgent":"PostmanRuntime/7.42.0","requestBody":{}}
{"timestamp":"29-09-2024 06:53:57","level":"INFO","method":"GET","url":"/api/bonus/member?page=1&size=10&search=","statusCode":200,"responseTime":"20ms","userAgent":"PostmanRuntime/7.42.0","requestBody":{}}
{"timestamp":"29-09-2024 06:54:00","level":"INFO","method":"GET","url":"/api/bonus/member?page=2&size=10&search=","statusCode":200,"responseTime":"6ms","userAgent":"PostmanRuntime/7.42.0","requestBody":{}}
{"timestamp":"29-09-2024 06:54:02","level":"INFO","method":"GET","url":"/api/bonus/member?page=&size=10&search=1","statusCode":200,"responseTime":"34ms","userAgent":"PostmanRuntime/7.42.0","requestBody":{}}
{"timestamp":"29-09-2024 06:54:06","level":"INFO","method":"GET","url":"/api/bonus/member?page=1&size=10&search=","statusCode":200,"responseTime":"22ms","userAgent":"PostmanRuntime/7.42.0","requestBody":{}}
{"timestamp":"29-09-2024 06:54:18","level":"INFO","method":"GET","url":"/api/bonus/member?page=1&size=1&search=","statusCode":200,"responseTime":"72ms","userAgent":"PostmanRuntime/7.42.0","requestBody":{}}
{"timestamp":"29-09-2024 06:54:23","level":"INFO","method":"GET","url":"/api/bonus/member?page=2&size=1&search=","statusCode":200,"responseTime":"19ms","userAgent":"PostmanRuntime/7.42.0","requestBody":{}}
{"timestamp":"29-09-2024 06:54:27","level":"INFO","method":"GET","url":"/api/bonus/member?page=3&size=1&search=","statusCode":200,"responseTime":"6ms","userAgent":"PostmanRuntime/7.42.0","requestBody":{}}
{"timestamp":"29-09-2024 06:54:33","level":"INFO","method":"GET","url":"/api/bonus/member?page=1&size=10&search=","statusCode":200,"responseTime":"18ms","userAgent":"PostmanRuntime/7.42.0","requestBody":{}}
{"timestamp":"29-09-2024 06:55:04","level":"INFO","method":"GET","url":"/api/bonus/member?page=1&size=10&search=fauzi","statusCode":200,"responseTime":"65ms","userAgent":"PostmanRuntime/7.42.0","requestBody":{}}
{"timestamp":"29-09-2024 06:55:19","level":"INFO","method":"GET","url":"/api/bonus/member?page=1&size=10&search=fauzi","statusCode":200,"responseTime":"54ms","userAgent":"PostmanRuntime/7.42.0","requestBody":{}}
{"timestamp":"29-09-2024 06:55:30","level":"INFO","method":"GET","url":"/api/bonus/member?page=1&size=10&search=fauzi","statusCode":200,"responseTime":"24ms","userAgent":"PostmanRuntime/7.42.0","requestBody":{}}
{"timestamp":"29-09-2024 06:55:44","level":"INFO","method":"GET","url":"/api/bonus/member?page=1&size=10&search=fauzi","statusCode":200,"responseTime":"20ms","userAgent":"PostmanRuntime/7.42.0","requestBody":{}}
{"timestamp":"29-09-2024 06:55:55","level":"INFO","method":"GET","url":"/api/bonus/member?page=1&size=10&search=fauzi","statusCode":200,"responseTime":"74ms","userAgent":"PostmanRuntime/7.42.0","requestBody":{}}
{"timestamp":"29-09-2024 06:57:35","level":"INFO","method":"GET","url":"/api/bonus/member?page=1&size=10&search=ubed","statusCode":200,"responseTime":"91ms","userAgent":"PostmanRuntime/7.42.0","requestBody":{}}
{"timestamp":"29-09-2024 06:57:59","level":"INFO","method":"GET","url":"/api/bonus/member","statusCode":200,"responseTime":"80ms","userAgent":"PostmanRuntime/7.42.0","requestBody":{}}
{"timestamp":"29-09-2024 06:58:17","level":"INFO","method":"GET","url":"/api/bonus/member?page=1&size=10","statusCode":200,"responseTime":"76ms","userAgent":"PostmanRuntime/7.42.0","requestBody":{}}
{"timestamp":"29-09-2024 07:02:52","level":"INFO","method":"POST","url":"/api/bonus/member/distribute","statusCode":200,"responseTime":"12ms","userAgent":"PostmanRuntime/7.42.0","requestBody":{"members":[1,2]}}
{"timestamp":"29-09-2024 07:06:31","level":"INFO","method":"POST","url":"/api/bonus/member/distribute","statusCode":400,"responseTime":"12ms","userAgent":"PostmanRuntime/7.42.0","requestBody":{"id_members":["12",2]}}
{"timestamp":"29-09-2024 07:06:41","level":"INFO","method":"POST","url":"/api/bonus/member/distribute","statusCode":400,"responseTime":"14ms","userAgent":"PostmanRuntime/7.42.0","requestBody":{"id_members":[1,"2"]}}
{"timestamp":"29-09-2024 07:06:58","level":"INFO","method":"POST","url":"/api/bonus/member/distribute","statusCode":400,"responseTime":"20ms","userAgent":"PostmanRuntime/7.42.0","requestBody":{"id_members":null}}
{"timestamp":"29-09-2024 07:07:04","level":"INFO","method":"POST","url":"/api/bonus/member/distribute","statusCode":200,"responseTime":"3ms","userAgent":"PostmanRuntime/7.42.0","requestBody":{"id_members":[12,1]}}
{"timestamp":"29-09-2024 07:07:14","level":"INFO","method":"POST","url":"/api/bonus/member/distribute","statusCode":400,"responseTime":"9ms","userAgent":"PostmanRuntime/7.42.0","requestBody":{"id_members":[1,"12"]}}
{"timestamp":"29-09-2024 07:07:57","level":"INFO","method":"POST","url":"/api/bonus/member/distribute","statusCode":200,"responseTime":"8ms","userAgent":"PostmanRuntime/7.42.0","requestBody":{"id_members":[10]}}
{"timestamp":"29-09-2024 07:11:41","level":"INFO","method":"POST","url":"/api/bonus/member/distribute","statusCode":200,"responseTime":"13ms","userAgent":"PostmanRuntime/7.42.0","requestBody":{"id_members":[10]}}
{"timestamp":"29-09-2024 07:12:22","level":"INFO","method":"POST","url":"/api/bonus/member/distribute","statusCode":200,"responseTime":"16ms","userAgent":"PostmanRuntime/7.42.0","requestBody":{"id_members":[10]}}
{"timestamp":"29-09-2024 07:12:38","level":"INFO","method":"POST","url":"/api/bonus/member/distribute","statusCode":200,"responseTime":"23ms","userAgent":"PostmanRuntime/7.42.0","requestBody":{"id_members":[10]}}
{"timestamp":"29-09-2024 07:13:05","level":"INFO","method":"POST","url":"/api/bonus/member/distribute","statusCode":200,"responseTime":"38ms","userAgent":"PostmanRuntime/7.42.0","requestBody":{"id_members":[10]}}
{"0":"a","1":"d","2":"m","3":"i","4":"n","5":"S","6":"e","7":"r","8":"v","9":"i","10":"c","11":"e","12":".","13":"g","14":"e","15":"t","16":"T","17":"o","18":"t","19":"a","20":"l","21":"B","22":"o","23":"n","24":"u","25":"s","26":"M","27":"e","28":"m","29":"b","30":"e","31":"r","32":"B","33":"y","34":"S","35":"t","36":"a","37":"t","38":"u","39":"s","40":" ","41":"i","42":"s","43":" ","44":"n","45":"o","46":"t","47":" ","48":"a","49":" ","50":"f","51":"u","52":"n","53":"c","54":"t","55":"i","56":"o","57":"n","timestamp":"29-09-2024 07:18:02","level":"ERROR"}
{"timestamp":"29-09-2024 07:18:02","level":"INFO","method":"POST","url":"/api/bonus/member/distribute","statusCode":500,"responseTime":"17ms","userAgent":"PostmanRuntime/7.42.0","requestBody":{"id_members":[10]}}
{"0":"a","1":"d","2":"m","3":"i","4":"n","5":"S","6":"e","7":"r","8":"v","9":"i","10":"c","11":"e","12":".","13":"g","14":"e","15":"t","16":"T","17":"o","18":"t","19":"a","20":"l","21":"B","22":"o","23":"n","24":"u","25":"s","26":"M","27":"e","28":"m","29":"b","30":"e","31":"r","32":"B","33":"y","34":"S","35":"t","36":"a","37":"t","38":"u","39":"s","40":" ","41":"i","42":"s","43":" ","44":"n","45":"o","46":"t","47":" ","48":"a","49":" ","50":"f","51":"u","52":"n","53":"c","54":"t","55":"i","56":"o","57":"n","timestamp":"29-09-2024 07:18:15","level":"ERROR"}
{"timestamp":"29-09-2024 07:18:15","level":"INFO","method":"POST","url":"/api/bonus/member/distribute","statusCode":500,"responseTime":"10ms","userAgent":"PostmanRuntime/7.42.0","requestBody":{"id_members":[10]}}
{"0":"a","1":"d","2":"m","3":"i","4":"n","5":"S","6":"e","7":"r","8":"v","9":"i","10":"c","11":"e","12":".","13":"g","14":"e","15":"t","16":"T","17":"o","18":"t","19":"a","20":"l","21":"B","22":"o","23":"n","24":"u","25":"s","26":"M","27":"e","28":"m","29":"b","30":"e","31":"r","32":"B","33":"y","34":"S","35":"t","36":"a","37":"t","38":"u","39":"s","40":" ","41":"i","42":"s","43":" ","44":"n","45":"o","46":"t","47":" ","48":"a","49":" ","50":"f","51":"u","52":"n","53":"c","54":"t","55":"i","56":"o","57":"n","timestamp":"29-09-2024 07:18:26","level":"ERROR"}
{"timestamp":"29-09-2024 07:18:26","level":"INFO","method":"POST","url":"/api/bonus/member/distribute","statusCode":500,"responseTime":"11ms","userAgent":"PostmanRuntime/7.42.0","requestBody":{"id_members":[10]}}
{"0":"a","1":"d","2":"m","3":"i","4":"n","5":"S","6":"e","7":"r","8":"v","9":"i","10":"c","11":"e","12":".","13":"g","14":"e","15":"t","16":"T","17":"o","18":"t","19":"a","20":"l","21":"B","22":"o","23":"n","24":"u","25":"s","26":"M","27":"e","28":"m","29":"b","30":"e","31":"r","32":"B","33":"y","34":"S","35":"t","36":"a","37":"t","38":"u","39":"s","40":" ","41":"i","42":"s","43":" ","44":"n","45":"o","46":"t","47":" ","48":"a","49":" ","50":"f","51":"u","52":"n","53":"c","54":"t","55":"i","56":"o","57":"n","timestamp":"29-09-2024 07:18:44","level":"ERROR"}
{"timestamp":"29-09-2024 07:18:44","level":"INFO","method":"POST","url":"/api/bonus/member/distribute","statusCode":500,"responseTime":"11ms","userAgent":"PostmanRuntime/7.42.0","requestBody":{"id_members":[10]}}
{"0":"s","1":"e","2":"q","3":"u","4":"e","5":"l","6":"i","7":"z","8":"e","9":" ","10":"i","11":"s","12":" ","13":"n","14":"o","15":"t","16":" ","17":"d","18":"e","19":"f","20":"i","21":"n","22":"e","23":"d","timestamp":"29-09-2024 07:19:00","level":"ERROR"}
{"timestamp":"29-09-2024 07:19:00","level":"INFO","method":"POST","url":"/api/bonus/member/distribute","statusCode":500,"responseTime":"13ms","userAgent":"PostmanRuntime/7.42.0","requestBody":{"id_members":[10]}}
{"timestamp":"29-09-2024 07:19:16","level":"INFO","method":"POST","url":"/api/bonus/member/distribute","statusCode":200,"responseTime":"37ms","userAgent":"PostmanRuntime/7.42.0","requestBody":{"id_members":[10]}}
{"timestamp":"29-09-2024 07:21:21","level":"INFO","method":"POST","url":"/api/bonus/member/distribute","statusCode":200,"responseTime":"27ms","userAgent":"PostmanRuntime/7.42.0","requestBody":{"id_members":[10]}}
{"timestamp":"29-09-2024 07:21:39","level":"INFO","method":"POST","url":"/api/bonus/member/distribute","statusCode":200,"responseTime":"15ms","userAgent":"PostmanRuntime/7.42.0","requestBody":{"id_members":[10]}}
{"timestamp":"29-09-2024 07:22:26","level":"INFO","method":"POST","url":"/api/bonus/member/distribute","statusCode":200,"responseTime":"24ms","userAgent":"PostmanRuntime/7.42.0","requestBody":{"id_members":[10]}}
{"timestamp":"29-09-2024 07:22:50","level":"INFO","method":"POST","url":"/api/bonus/member/distribute","statusCode":200,"responseTime":"25ms","userAgent":"PostmanRuntime/7.42.0","requestBody":{"id_members":[10]}}
{"timestamp":"29-09-2024 07:23:28","level":"INFO","method":"POST","url":"/api/bonus/member/distribute","statusCode":200,"responseTime":"22ms","userAgent":"PostmanRuntime/7.42.0","requestBody":{"id_members":[10]}}
{"timestamp":"29-09-2024 07:24:02","level":"INFO","method":"POST","url":"/api/bonus/member/distribute","statusCode":200,"responseTime":"15ms","userAgent":"PostmanRuntime/7.42.0","requestBody":{"id_members":[10]}}
{"timestamp":"29-09-2024 07:24:17","level":"INFO","method":"POST","url":"/api/bonus/member/distribute","statusCode":200,"responseTime":"15ms","userAgent":"PostmanRuntime/7.42.0","requestBody":{"id_members":[10]}}
{"timestamp":"29-09-2024 07:25:04","level":"INFO","method":"POST","url":"/api/bonus/member/distribute","statusCode":200,"responseTime":"17ms","userAgent":"PostmanRuntime/7.42.0","requestBody":{"id_members":[10]}}
{"timestamp":"29-09-2024 07:25:15","level":"INFO","method":"POST","url":"/api/bonus/member/distribute","statusCode":200,"responseTime":"13ms","userAgent":"PostmanRuntime/7.42.0","requestBody":{"id_members":[10]}}
{"0":"C","1":"a","2":"n","3":"n","4":"o","5":"t","6":" ","7":"r","8":"e","9":"a","10":"d","11":" ","12":"p","13":"r","14":"o","15":"p","16":"e","17":"r","18":"t","19":"i","20":"e","21":"s","22":" ","23":"o","24":"f","25":" ","26":"u","27":"n","28":"d","29":"e","30":"f","31":"i","32":"n","33":"e","34":"d","35":" ","36":"(","37":"r","38":"e","39":"a","40":"d","41":"i","42":"n","43":"g","44":" ","45":"'","46":"t","47":"o","48":"t","49":"a","50":"l","51":"_","52":"o","53":"r","54":"e","55":"'","56":")","timestamp":"29-09-2024 07:25:29","level":"ERROR"}
{"timestamp":"29-09-2024 07:25:29","level":"INFO","method":"POST","url":"/api/bonus/member/distribute","statusCode":500,"responseTime":"16ms","userAgent":"PostmanRuntime/7.42.0","requestBody":{"id_members":[10]}}
{"timestamp":"29-09-2024 07:26:04","level":"INFO","method":"POST","url":"/api/bonus/member/distribute","statusCode":200,"responseTime":"19ms","userAgent":"PostmanRuntime/7.42.0","requestBody":{"id_members":[10]}}
{"timestamp":"29-09-2024 07:26:16","level":"INFO","method":"POST","url":"/api/bonus/member/distribute","statusCode":200,"responseTime":"24ms","userAgent":"PostmanRuntime/7.42.0","requestBody":{"id_members":[10]}}
{"timestamp":"29-09-2024 07:26:54","level":"INFO","method":"POST","url":"/api/bonus/member/distribute","statusCode":200,"responseTime":"16ms","userAgent":"PostmanRuntime/7.42.0","requestBody":{"id_members":[10]}}
{"0":"t","1":"h","2":"i","3":"s","4":".","5":"b","6":"u","7":"i","8":"l","9":"d","10":"(","11":".","12":".","13":".","14":")","15":".","16":"s","17":"a","18":"v","19":"e","20":" ","21":"i","22":"s","23":" ","24":"n","25":"o","26":"t","27":" ","28":"a","29":" ","30":"f","31":"u","32":"n","33":"c","34":"t","35":"i","36":"o","37":"n","timestamp":"29-09-2024 07:35:52","level":"ERROR"}
{"timestamp":"29-09-2024 07:35:52","level":"INFO","method":"POST","url":"/api/bonus/member/distribute","statusCode":500,"responseTime":"57ms","userAgent":"PostmanRuntime/7.42.0","requestBody":{"id_members":[10]}}
{"0":"t","1":"h","2":"i","3":"s","4":".","5":"b","6":"u","7":"i","8":"l","9":"d","10":"(","11":".","12":".","13":".","14":")","15":".","16":"s","17":"a","18":"v","19":"e","20":" ","21":"i","22":"s","23":" ","24":"n","25":"o","26":"t","27":" ","28":"a","29":" ","30":"f","31":"u","32":"n","33":"c","34":"t","35":"i","36":"o","37":"n","timestamp":"29-09-2024 07:36:09","level":"ERROR"}
{"timestamp":"29-09-2024 07:36:09","level":"INFO","method":"POST","url":"/api/bonus/member/distribute","statusCode":500,"responseTime":"45ms","userAgent":"PostmanRuntime/7.42.0","requestBody":{"id_members":[10]}}
{"0":"t","1":"h","2":"i","3":"s","4":".","5":"b","6":"u","7":"i","8":"l","9":"d","10":"(","11":".","12":".","13":".","14":")","15":".","16":"s","17":"a","18":"v","19":"e","20":" ","21":"i","22":"s","23":" ","24":"n","25":"o","26":"t","27":" ","28":"a","29":" ","30":"f","31":"u","32":"n","33":"c","34":"t","35":"i","36":"o","37":"n","timestamp":"29-09-2024 07:37:32","level":"ERROR"}
{"timestamp":"29-09-2024 07:37:32","level":"INFO","method":"POST","url":"/api/bonus/member/distribute","statusCode":500,"responseTime":"31ms","userAgent":"PostmanRuntime/7.42.0","requestBody":{"id_members":[10]}}
{"0":"t","1":"h","2":"i","3":"s","4":".","5":"b","6":"u","7":"i","8":"l","9":"d","10":"(","11":".","12":".","13":".","14":")","15":".","16":"s","17":"a","18":"v","19":"e","20":" ","21":"i","22":"s","23":" ","24":"n","25":"o","26":"t","27":" ","28":"a","29":" ","30":"f","31":"u","32":"n","33":"c","34":"t","35":"i","36":"o","37":"n","timestamp":"29-09-2024 07:38:05","level":"ERROR"}
{"timestamp":"29-09-2024 07:38:05","level":"INFO","method":"POST","url":"/api/bonus/member/distribute","statusCode":500,"responseTime":"31ms","userAgent":"PostmanRuntime/7.42.0","requestBody":{"id_members":[10]}}
{"0":"b","1":"o","2":"n","3":"u","4":"s","5":"M","6":"e","7":"m","8":"b","9":"e","10":"r","11":"s","12":".","13":"t","14":"o","15":"J","16":"S","17":"O","18":"N","19":" ","20":"i","21":"s","22":" ","23":"n","24":"o","25":"t","26":" ","27":"a","28":" ","29":"f","30":"u","31":"n","32":"c","33":"t","34":"i","35":"o","36":"n","37":" ","38":"o","39":"r","40":" ","41":"i","42":"t","43":"s","44":" ","45":"r","46":"e","47":"t","48":"u","49":"r","50":"n","51":" ","52":"v","53":"a","54":"l","55":"u","56":"e","57":" ","58":"i","59":"s","60":" ","61":"n","62":"o","63":"t","64":" ","65":"i","66":"t","67":"e","68":"r","69":"a","70":"b","71":"l","72":"e","timestamp":"29-09-2024 07:38:46","level":"ERROR"}
{"timestamp":"29-09-2024 07:38:46","level":"INFO","method":"POST","url":"/api/bonus/member/distribute","statusCode":500,"responseTime":"21ms","userAgent":"PostmanRuntime/7.42.0","requestBody":{"id_members":[10]}}
{"0":"b","1":"o","2":"n","3":"u","4":"s","5":"M","6":"e","7":"m","8":"b","9":"e","10":"r","11":"s","12":".","13":"t","14":"o","15":"J","16":"S","17":"O","18":"N","19":" ","20":"i","21":"s","22":" ","23":"n","24":"o","25":"t","26":" ","27":"a","28":" ","29":"f","30":"u","31":"n","32":"c","33":"t","34":"i","35":"o","36":"n","timestamp":"29-09-2024 07:39:15","level":"ERROR"}
{"timestamp":"29-09-2024 07:39:15","level":"INFO","method":"POST","url":"/api/bonus/member/distribute","statusCode":500,"responseTime":"15ms","userAgent":"PostmanRuntime/7.42.0","requestBody":{"id_members":[10]}}
{"timestamp":"29-09-2024 07:39:37","level":"INFO","method":"POST","url":"/api/bonus/member/distribute","statusCode":401,"responseTime":"4ms","userAgent":"PostmanRuntime/7.42.0","requestBody":{"id_members":[10]}}
{"timestamp":"29-09-2024 07:39:45","level":"INFO","method":"POST","url":"/api/request-otp","statusCode":200,"responseTime":"3051ms","userAgent":"PostmanRuntime/7.42.0","requestBody":{"email":"admin_cassablanca@gmail.com"}}
{"timestamp":"29-09-2024 07:39:56","level":"INFO","method":"POST","url":"/api/verify-otp","statusCode":200,"responseTime":"69ms","userAgent":"PostmanRuntime/7.42.0","requestBody":{"otp":"753191"}}
{"0":"t","1":"h","2":"i","3":"s","4":".","5":"b","6":"u","7":"i","8":"l","9":"d","10":"(","11":".","12":".","13":".","14":")","15":".","16":"s","17":"a","18":"v","19":"e","20":" ","21":"i","22":"s","23":" ","24":"n","25":"o","26":"t","27":" ","28":"a","29":" ","30":"f","31":"u","32":"n","33":"c","34":"t","35":"i","36":"o","37":"n","timestamp":"29-09-2024 07:40:01","level":"ERROR"}
{"timestamp":"29-09-2024 07:40:01","level":"INFO","method":"POST","url":"/api/bonus/member/distribute","statusCode":500,"responseTime":"36ms","userAgent":"PostmanRuntime/7.42.0","requestBody":{"id_members":[10]}}
{"0":"t","1":"h","2":"i","3":"s","4":".","5":"b","6":"u","7":"i","8":"l","9":"d","10":"(","11":".","12":".","13":".","14":")","15":".","16":"s","17":"a","18":"v","19":"e","20":" ","21":"i","22":"s","23":" ","24":"n","25":"o","26":"t","27":" ","28":"a","29":" ","30":"f","31":"u","32":"n","33":"c","34":"t","35":"i","36":"o","37":"n","timestamp":"29-09-2024 07:40:18","level":"ERROR"}
{"timestamp":"29-09-2024 07:40:18","level":"INFO","method":"POST","url":"/api/bonus/member/distribute","statusCode":500,"responseTime":"24ms","userAgent":"PostmanRuntime/7.42.0","requestBody":{"id_members":[10]}}
{"0":"t","1":"h","2":"i","3":"s","4":".","5":"b","6":"u","7":"i","8":"l","9":"d","10":"(","11":".","12":".","13":".","14":")","15":".","16":"s","17":"a","18":"v","19":"e","20":" ","21":"i","22":"s","23":" ","24":"n","25":"o","26":"t","27":" ","28":"a","29":" ","30":"f","31":"u","32":"n","33":"c","34":"t","35":"i","36":"o","37":"n","timestamp":"29-09-2024 07:40:35","level":"ERROR"}
{"timestamp":"29-09-2024 07:40:35","level":"INFO","method":"POST","url":"/api/bonus/member/distribute","statusCode":500,"responseTime":"23ms","userAgent":"PostmanRuntime/7.42.0","requestBody":{"id_members":[10]}}
{"0":"t","1":"h","2":"i","3":"s","4":".","5":"b","6":"u","7":"i","8":"l","9":"d","10":"(","11":".","12":".","13":".","14":")","15":".","16":"s","17":"a","18":"v","19":"e","20":" ","21":"i","22":"s","23":" ","24":"n","25":"o","26":"t","27":" ","28":"a","29":" ","30":"f","31":"u","32":"n","33":"c","34":"t","35":"i","36":"o","37":"n","timestamp":"29-09-2024 07:43:56","level":"ERROR"}
{"timestamp":"29-09-2024 07:43:56","level":"INFO","method":"POST","url":"/api/bonus/member/distribute","statusCode":500,"responseTime":"33ms","userAgent":"PostmanRuntime/7.42.0","requestBody":{"id_members":[10]}}
{"timestamp":"29-09-2024 07:44:32","level":"INFO","method":"POST","url":"/api/bonus/member/distribute","statusCode":200,"responseTime":"18ms","userAgent":"PostmanRuntime/7.42.0","requestBody":{"id_members":[10]}}
{"0":"S","1":"p","2":"r","3":"e","4":"a","5":"d","6":" ","7":"s","8":"y","9":"n","10":"t","11":"a","12":"x","13":" ","14":"r","15":"e","16":"q","17":"u","18":"i","19":"r","20":"e","21":"s","22":" ","23":".","24":".","25":".","26":"i","27":"t","28":"e","29":"r","30":"a","31":"b","32":"l","33":"e","34":"[","35":"S","36":"y","37":"m","38":"b","39":"o","40":"l","41":".","42":"i","43":"t","44":"e","45":"r","46":"a","47":"t","48":"o","49":"r","50":"]","51":" ","52":"t","53":"o","54":" ","55":"b","56":"e","57":" ","58":"a","59":" ","60":"f","61":"u","62":"n","63":"c","64":"t","65":"i","66":"o","67":"n","timestamp":"29-09-2024 07:45:33","level":"ERROR"}
{"timestamp":"29-09-2024 07:45:33","level":"INFO","method":"POST","url":"/api/bonus/member/distribute","statusCode":500,"responseTime":"31ms","userAgent":"PostmanRuntime/7.42.0","requestBody":{"id_members":[10]}}
{"0":"t","1":"h","2":"i","3":"s","4":".","5":"b","6":"u","7":"i","8":"l","9":"d","10":"(","11":".","12":".","13":".","14":")","15":".","16":"s","17":"a","18":"v","19":"e","20":" ","21":"i","22":"s","23":" ","24":"n","25":"o","26":"t","27":" ","28":"a","29":" ","30":"f","31":"u","32":"n","33":"c","34":"t","35":"i","36":"o","37":"n","timestamp":"29-09-2024 07:45:48","level":"ERROR"}
{"timestamp":"29-09-2024 07:45:48","level":"INFO","method":"POST","url":"/api/bonus/member/distribute","statusCode":500,"responseTime":"29ms","userAgent":"PostmanRuntime/7.42.0","requestBody":{"id_members":[10]}}
{"0":"t","1":"h","2":"i","3":"s","4":".","5":"b","6":"u","7":"i","8":"l","9":"d","10":"(","11":".","12":".","13":".","14":")","15":".","16":"s","17":"a","18":"v","19":"e","20":" ","21":"i","22":"s","23":" ","24":"n","25":"o","26":"t","27":" ","28":"a","29":" ","30":"f","31":"u","32":"n","33":"c","34":"t","35":"i","36":"o","37":"n","timestamp":"29-09-2024 07:46:22","level":"ERROR"}
{"timestamp":"29-09-2024 07:46:22","level":"INFO","method":"POST","url":"/api/bonus/member/distribute","statusCode":500,"responseTime":"33ms","userAgent":"PostmanRuntime/7.42.0","requestBody":{"id_members":[10]}}
{"0":"t","1":"h","2":"i","3":"s","4":".","5":"b","6":"u","7":"i","8":"l","9":"d","10":"(","11":".","12":".","13":".","14":")","15":".","16":"s","17":"a","18":"v","19":"e","20":" ","21":"i","22":"s","23":" ","24":"n","25":"o","26":"t","27":" ","28":"a","29":" ","30":"f","31":"u","32":"n","33":"c","34":"t","35":"i","36":"o","37":"n","timestamp":"29-09-2024 07:46:40","level":"ERROR"}
{"timestamp":"29-09-2024 07:46:40","level":"INFO","method":"POST","url":"/api/bonus/member/distribute","statusCode":500,"responseTime":"31ms","userAgent":"PostmanRuntime/7.42.0","requestBody":{"id_members":[10]}}
{"timestamp":"29-09-2024 07:47:06","level":"INFO","method":"POST","url":"/api/bonus/member/distribute","statusCode":200,"responseTime":"33ms","userAgent":"PostmanRuntime/7.42.0","requestBody":{"id_members":[10]}}
{"timestamp":"29-09-2024 07:48:26","level":"INFO","method":"POST","url":"/api/bonus/member/distribute","statusCode":200,"responseTime":"29ms","userAgent":"PostmanRuntime/7.42.0","requestBody":{"id_members":[10]}}
{"timestamp":"29-09-2024 07:48:55","level":"INFO","method":"POST","url":"/api/bonus/member/distribute","statusCode":200,"responseTime":"20ms","userAgent":"PostmanRuntime/7.42.0","requestBody":{"id_members":[10]}}
{"0":"[","1":"{","2":"\"","3":"f","4":"n","5":"\"","6":":","7":"\"","8":"S","9":"U","10":"M","11":"\"","12":",","13":"\"","14":"a","15":"r","16":"g","17":"s","18":"\"","19":":","20":"[","21":"{","22":"\"","23":"v","24":"a","25":"l","26":"\"","27":":","28":"\"","29":"C","30":"A","31":"S","32":"E","33":" ","34":"W","35":"H","36":"E","37":"N","38":" ","39":"c","40":"u","41":"r","42":"r","43":"_","44":"i","45":"d","46":" ","47":"=","48":" ","49":"'","50":"O","51":"R","52":"E","53":"'","54":" ","55":"T","56":"H","57":"E","58":"N","59":" ","60":"a","61":"m","62":"o","63":"u","64":"n","65":"t","66":" ","67":"E","68":"N","69":"D","70":"\"","71":"}","72":"]","73":"}","74":"]","75":" ","76":"i","77":"s","78":" ","79":"n","80":"o","81":"t","82":" ","83":"a","84":" ","85":"v","86":"a","87":"l","88":"i","89":"d","90":" ","91":"a","92":"t","93":"t","94":"r","95":"i","96":"b","97":"u","98":"t","99":"e","100":" ","101":"d","102":"e","103":"f","104":"i","105":"n","106":"i","107":"t","108":"i","109":"o","110":"n","111":".","112":" ","113":"P","114":"l","115":"e","116":"a","117":"s","118":"e","119":" ","120":"u","121":"s","122":"e","123":" ","124":"t","125":"h","126":"e","127":" ","128":"f","129":"o","130":"l","131":"l","132":"o","133":"w","134":"i","135":"n","136":"g","137":" ","138":"f","139":"o","140":"r","141":"m","142":"a","143":"t","144":":","145":" ","146":"[","147":"'","148":"a","149":"t","150":"t","151":"r","152":"i","153":"b","154":"u","155":"t","156":"e","157":" ","158":"d","159":"e","160":"f","161":"i","162":"n","163":"i","164":"t","165":"i","166":"o","167":"n","168":"'","169":",","170":" ","171":"'","172":"a","173":"l","174":"i","175":"a","176":"s","177":"'","178":"]","timestamp":"29-09-2024 07:49:31","level":"ERROR"}
{"timestamp":"29-09-2024 07:49:31","level":"INFO","method":"POST","url":"/api/bonus/member/distribute","statusCode":500,"responseTime":"19ms","userAgent":"PostmanRuntime/7.42.0","requestBody":{"id_members":[10]}}
{"timestamp":"29-09-2024 07:49:47","level":"INFO","method":"POST","url":"/api/bonus/member/distribute","statusCode":200,"responseTime":"26ms","userAgent":"PostmanRuntime/7.42.0","requestBody":{"id_members":[10]}}
{"0":"n","1":"u","2":"l","3":"l","4":" ","5":"v","6":"a","7":"l","8":"u","9":"e","10":" ","11":"i","12":"n","13":" ","14":"c","15":"o","16":"l","17":"u","18":"m","19":"n","20":" ","21":"\"","22":"a","23":"m","24":"o","25":"u","26":"n","27":"t","28":"\"","29":" ","30":"o","31":"f","32":" ","33":"r","34":"e","35":"l","36":"a","37":"t","38":"i","39":"o","40":"n","41":" ","42":"\"","43":"u","44":"s","45":"e","46":"r","47":"s","48":"_","49":"b","50":"a","51":"l","52":"a","53":"n","54":"c","55":"e","56":"_","57":"t","58":"r","59":"x","60":"\"","61":" ","62":"v","63":"i","64":"o","65":"l","66":"a","67":"t","68":"e","69":"s","70":" ","71":"n","72":"o","73":"t","74":"-","75":"n","76":"u","77":"l","78":"l","79":" ","80":"c","81":"o","82":"n","83":"s","84":"t","85":"r","86":"a","87":"i","88":"n","89":"t","timestamp":"29-09-2024 07:50:20","level":"ERROR"}
{"timestamp":"29-09-2024 07:50:20","level":"INFO","method":"POST","url":"/api/bonus/member/distribute","statusCode":500,"responseTime":"35ms","userAgent":"PostmanRuntime/7.42.0","requestBody":{"id_members":[10]}}
{"0":"n","1":"u","2":"l","3":"l","4":" ","5":"v","6":"a","7":"l","8":"u","9":"e","10":" ","11":"i","12":"n","13":" ","14":"c","15":"o","16":"l","17":"u","18":"m","19":"n","20":" ","21":"\"","22":"a","23":"m","24":"o","25":"u","26":"n","27":"t","28":"\"","29":" ","30":"o","31":"f","32":" ","33":"r","34":"e","35":"l","36":"a","37":"t","38":"i","39":"o","40":"n","41":" ","42":"\"","43":"u","44":"s","45":"e","46":"r","47":"s","48":"_","49":"b","50":"a","51":"l","52":"a","53":"n","54":"c","55":"e","56":"_","57":"t","58":"r","59":"x","60":"\"","61":" ","62":"v","63":"i","64":"o","65":"l","66":"a","67":"t","68":"e","69":"s","70":" ","71":"n","72":"o","73":"t","74":"-","75":"n","76":"u","77":"l","78":"l","79":" ","80":"c","81":"o","82":"n","83":"s","84":"t","85":"r","86":"a","87":"i","88":"n","89":"t","timestamp":"29-09-2024 07:51:46","level":"ERROR"}
{"timestamp":"29-09-2024 07:51:46","level":"INFO","method":"POST","url":"/api/bonus/member/distribute","statusCode":500,"responseTime":"31ms","userAgent":"PostmanRuntime/7.42.0","requestBody":{"id_members":[10]}}
{"0":"u","1":"s","2":"e","3":"r","4":"L","5":"o","6":"g","7":"i","8":"n","9":"I","10":"d","11":" ","12":"i","13":"s","14":" ","15":"n","16":"o","17":"t","18":" ","19":"d","20":"e","21":"f","22":"i","23":"n","24":"e","25":"d","timestamp":"29-09-2024 07:52:47","level":"ERROR"}
{"timestamp":"29-09-2024 07:52:47","level":"INFO","method":"POST","url":"/api/bonus/member/distribute","statusCode":500,"responseTime":"44ms","userAgent":"PostmanRuntime/7.42.0","requestBody":{"id_members":[10]}}
{"timestamp":"29-09-2024 08:01:20","level":"INFO","method":"POST","url":"/api/bonus/member/distribute","statusCode":200,"responseTime":"79ms","userAgent":"PostmanRuntime/7.42.0","requestBody":{"id_members":[10]}}
{"timestamp":"29-09-2024 08:05:54","level":"INFO","method":"POST","url":"/api/bonus/member/distribute","statusCode":200,"responseTime":"239ms","userAgent":"PostmanRuntime/7.42.0","requestBody":{"id_members":[10]}}
{"0":"u","1":"s","2":"e","3":"r","4":"s","5":"_","6":"b","7":"a","8":"l","9":"a","10":"n","11":"c","12":"e","13":"_","14":"t","15":"r","16":"x","17":" ","18":"i","19":"s","20":" ","21":"n","22":"o","23":"t","24":" ","25":"d","26":"e","27":"f","28":"i","29":"n","30":"e","31":"d","timestamp":"29-09-2024 08:11:24","level":"ERROR"}
{"timestamp":"29-09-2024 08:11:24","level":"INFO","method":"POST","url":"/api/bonus/member/distribute","statusCode":500,"responseTime":"52ms","userAgent":"PostmanRuntime/7.42.0","requestBody":{"id_members":[10]}}
{"timestamp":"29-09-2024 08:11:36","level":"INFO","method":"POST","url":"/api/bonus/member/distribute","statusCode":200,"responseTime":"94ms","userAgent":"PostmanRuntime/7.42.0","requestBody":{"id_members":[10]}}
{"timestamp":"29-09-2024 08:12:42","level":"INFO","method":"POST","url":"/api/bonus/member/distribute","statusCode":200,"responseTime":"171ms","userAgent":"PostmanRuntime/7.42.0","requestBody":{"id_members":[10]}}
{"timestamp":"29-09-2024 08:14:43","level":"INFO","method":"POST","url":"/api/bonus/member/distribute","statusCode":200,"responseTime":"239ms","userAgent":"PostmanRuntime/7.42.0","requestBody":{"id_members":[10]}}
{"timestamp":"29-09-2024 08:15:20","level":"INFO","method":"POST","url":"/api/bonus/member/distribute","statusCode":200,"responseTime":"195ms","userAgent":"PostmanRuntime/7.42.0","requestBody":{"id_members":[10]}}
{"timestamp":"29-09-2024 08:16:11","level":"INFO","method":"POST","url":"/api/bonus/member/distribute","statusCode":200,"responseTime":"62ms","userAgent":"PostmanRuntime/7.42.0","requestBody":{"id_members":[10]}}
{"timestamp":"29-09-2024 08:16:30","level":"INFO","method":"GET","url":"/api/bonus/member?page=1&size=10","statusCode":200,"responseTime":"47ms","userAgent":"PostmanRuntime/7.42.0","requestBody":{}}
{"timestamp":"29-09-2024 08:23:09","level":"INFO","method":"POST","url":"/api/bonus/member/distribute","statusCode":200,"responseTime":"92ms","userAgent":"PostmanRuntime/7.42.0","requestBody":{"id_members":[10]}}
{"timestamp":"29-09-2024 08:34:02","level":"INFO","method":"GET","url":"/api/wallet","statusCode":200,"responseTime":"88ms","userAgent":"PostmanRuntime/7.42.0","requestBody":{}}
{"timestamp":"29-09-2024 08:38:02","level":"INFO","method":"GET","url":"/api/order/history-verification","statusCode":200,"responseTime":"14ms","userAgent":"PostmanRuntime/7.42.0","requestBody":{}}
{"timestamp":"29-09-2024 08:42:19","level":"INFO","method":"GET","url":"/api/order/history-verification","statusCode":401,"responseTime":"13ms","userAgent":"PostmanRuntime/7.42.0","requestBody":{}}
{"timestamp":"29-09-2024 08:42:29","level":"INFO","method":"POST","url":"/api/request-otp","statusCode":200,"responseTime":"4014ms","userAgent":"PostmanRuntime/7.42.0","requestBody":{"email":"admin_cassablanca@gmail.com"}}
{"timestamp":"29-09-2024 08:42:35","level":"INFO","method":"POST","url":"/api/verify-otp","statusCode":200,"responseTime":"11ms","userAgent":"PostmanRuntime/7.42.0","requestBody":{"otp":"067809"}}
{"timestamp":"29-09-2024 08:42:37","level":"INFO","method":"GET","url":"/api/order/history-verification","statusCode":200,"responseTime":"13ms","userAgent":"PostmanRuntime/7.42.0","requestBody":{}}
{"timestamp":"29-09-2024 08:43:03","level":"INFO","method":"GET","url":"/api/order/history-verification","statusCode":200,"responseTime":"23ms","userAgent":"PostmanRuntime/7.42.0","requestBody":{}}
{"timestamp":"29-09-2024 08:43:47","level":"INFO","method":"GET","url":"/api/order/history-verification","statusCode":200,"responseTime":"22ms","userAgent":"PostmanRuntime/7.42.0","requestBody":{}}
{"timestamp":"29-09-2024 08:44:13","level":"INFO","method":"GET","url":"/api/order/history-verification","statusCode":200,"responseTime":"31ms","userAgent":"PostmanRuntime/7.42.0","requestBody":{}}
{"timestamp":"29-09-2024 08:45:01","level":"INFO","method":"GET","url":"/api/order/history-verification","statusCode":200,"responseTime":"23ms","userAgent":"PostmanRuntime/7.42.0","requestBody":{}}
{"timestamp":"29-09-2024 08:48:10","level":"INFO","method":"GET","url":"/api/order/history-verification","statusCode":200,"responseTime":"67ms","userAgent":"PostmanRuntime/7.42.0","requestBody":{}}
{"timestamp":"29-09-2024 08:49:34","level":"INFO","method":"GET","url":"/api/order/history-verification?page=1&size=10","statusCode":200,"responseTime":"32ms","userAgent":"PostmanRuntime/7.42.0","requestBody":{}}
{"timestamp":"29-09-2024 08:50:26","level":"INFO","method":"GET","url":"/api/order/history-verification?page=1&size=10","statusCode":200,"responseTime":"23ms","userAgent":"PostmanRuntime/7.42.0","requestBody":{}}
{"timestamp":"29-09-2024 08:50:33","level":"INFO","method":"GET","url":"/api/order/history-verification?page=2&size=10","statusCode":200,"responseTime":"9ms","userAgent":"PostmanRuntime/7.42.0","requestBody":{}}
{"timestamp":"29-09-2024 08:50:37","level":"INFO","method":"GET","url":"/api/order/history-verification?page=1&size=10","statusCode":200,"responseTime":"29ms","userAgent":"PostmanRuntime/7.42.0","requestBody":{}}
{"timestamp":"29-09-2024 08:52:25","level":"INFO","method":"GET","url":"/api/order/history-verification?page=1&size=10&search=fauzi","statusCode":200,"responseTime":"26ms","userAgent":"PostmanRuntime/7.42.0","requestBody":{}}
{"timestamp":"29-09-2024 08:52:32","level":"INFO","method":"GET","url":"/api/order/history-verification?page=1&size=10&search=ubed","statusCode":200,"responseTime":"42ms","userAgent":"PostmanRuntime/7.42.0","requestBody":{}}
{"timestamp":"29-09-2024 08:52:49","level":"INFO","method":"GET","url":"/api/order/history-verification?page=1&size=10&search=ubed","statusCode":200,"responseTime":"73ms","userAgent":"PostmanRuntime/7.42.0","requestBody":{}}
{"timestamp":"29-09-2024 08:52:53","level":"INFO","method":"GET","url":"/api/order/history-verification?page=1&size=10","statusCode":200,"responseTime":"12ms","userAgent":"PostmanRuntime/7.42.0","requestBody":{}}
{"timestamp":"29-09-2024 08:53:02","level":"INFO","method":"GET","url":"/api/order/history-verification?page=1&size=10&search=ilham","statusCode":200,"responseTime":"34ms","userAgent":"PostmanRuntime/7.42.0","requestBody":{}}
{"timestamp":"29-09-2024 08:53:14","level":"INFO","method":"GET","url":"/api/order/history-verification?page=1&size=10","statusCode":200,"responseTime":"81ms","userAgent":"PostmanRuntime/7.42.0","requestBody":{}}
{"timestamp":"29-09-2024 08:53:42","level":"INFO","method":"GET","url":"/api/order/history-verification","statusCode":200,"responseTime":"28ms","userAgent":"PostmanRuntime/7.42.0","requestBody":{}}
{"timestamp":"29-09-2024 08:54:02","level":"INFO","method":"GET","url":"/api/order/history-verification?page=1&size=10","statusCode":200,"responseTime":"56ms","userAgent":"PostmanRuntime/7.42.0","requestBody":{}}
{"timestamp":"29-09-2024 09:23:08","level":"INFO","method":"GET","url":"/api/member/:memberId/wallet","statusCode":403,"responseTime":"6ms","userAgent":"PostmanRuntime/7.42.0","requestBody":{}}
{"timestamp":"29-09-2024 09:23:41","level":"INFO","method":"POST","url":"/api/request-otp","statusCode":200,"responseTime":"3481ms","userAgent":"PostmanRuntime/7.42.0","requestBody":{"email":"yolo@gmail.com"}}
{"timestamp":"29-09-2024 09:24:07","level":"INFO","method":"POST","url":"/api/verify-otp","statusCode":200,"responseTime":"59ms","userAgent":"PostmanRuntime/7.42.0","requestBody":{"otp":"955210"}}
{"timestamp":"29-09-2024 09:24:12","level":"INFO","method":"GET","url":"/api/member/:memberId/wallet","statusCode":200,"responseTime":"10ms","userAgent":"PostmanRuntime/7.42.0","requestBody":{}}
{"timestamp":"29-09-2024 09:26:46","level":"INFO","method":"GET","url":"/api/member/10/wallet","statusCode":200,"responseTime":"24ms","userAgent":"PostmanRuntime/7.42.0","requestBody":{}}
{"timestamp":"29-09-2024 09:28:13","level":"INFO","method":"GET","url":"/api/member/25/wallet","statusCode":200,"responseTime":"63ms","userAgent":"PostmanRuntime/7.42.0","requestBody":{}}
{"timestamp":"29-09-2024 09:29:34","level":"INFO","method":"GET","url":"/api/member/25/wallet","statusCode":200,"responseTime":"44ms","userAgent":"PostmanRuntime/7.42.0","requestBody":{}}
{"timestamp":"29-09-2024 09:31:38","level":"INFO","method":"GET","url":"/api/member/widrawal","statusCode":401,"responseTime":"1ms","userAgent":"PostmanRuntime/7.42.0","requestBody":{}}
{"timestamp":"29-09-2024 09:38:27","level":"INFO","method":"POST","url":"/api/member/withdrawal","statusCode":404,"responseTime":"23ms","userAgent":"PostmanRuntime/7.42.0","requestBody":{"amount":"1212","address":1}}
{"timestamp":"29-09-2024 09:38:44","level":"INFO","method":"POST","url":"/api/member/:memberId/withdrawal","statusCode":404,"responseTime":"3ms","userAgent":"PostmanRuntime/7.42.0","requestBody":{"amount":"1212","address":1}}
{"timestamp":"29-09-2024 09:38:50","level":"INFO","method":"POST","url":"/api/member/10/withdrawal","statusCode":404,"responseTime":"1ms","userAgent":"PostmanRuntime/7.42.0","requestBody":{"amount":"1212","address":1}}
{"timestamp":"29-09-2024 09:39:00","level":"INFO","method":"POST","url":"/api/member/10/withdrawal","statusCode":200,"responseTime":"13ms","userAgent":"PostmanRuntime/7.42.0","requestBody":{"amount":"1212","address":1}}
{"timestamp":"29-09-2024 09:39:14","level":"INFO","method":"POST","url":"/api/member/10/withdrawal","statusCode":400,"responseTime":"10ms","userAgent":"PostmanRuntime/7.42.0","requestBody":{"amount":"1212","address":1}}
{"timestamp":"29-09-2024 09:41:18","level":"INFO","method":"POST","url":"/api/member/10/withdrawal","statusCode":200,"responseTime":"15ms","userAgent":"PostmanRuntime/7.42.0","requestBody":{"amount":100,"address":"12122"}}
{"timestamp":"29-09-2024 09:50:09","level":"INFO","method":"POST","url":"/api/member/10/withdrawal","statusCode":200,"responseTime":"27ms","userAgent":"PostmanRuntime/7.42.0","requestBody":{"amount":100,"address":"123","user_id":"25"}}
{"0":"c","1":"o","2":"l","3":"u","4":"m","5":"n","6":" ","7":"\"","8":"c","9":"r","10":"e","11":"a","12":"t","13":"e","14":"d","15":"A","16":"t","17":"\"","18":" ","19":"o","20":"f","21":" ","22":"r","23":"e","24":"l","25":"a","26":"t","27":"i","28":"o","29":"n","30":" ","31":"\"","32":"w","33":"i","34":"t","35":"h","36":"d","37":"r","38":"a","39":"w","40":"a","41":"l","42":"\"","43":" ","44":"d","45":"o","46":"e","47":"s","48":" ","49":"n","50":"o","51":"t","52":" ","53":"e","54":"x","55":"i","56":"s","57":"t","timestamp":"29-09-2024 09:53:09","level":"ERROR"}
{"timestamp":"29-09-2024 09:53:09","level":"INFO","method":"POST","url":"/api/member/10/withdrawal","statusCode":500,"responseTime":"62ms","userAgent":"PostmanRuntime/7.42.0","requestBody":{"amount":100,"address":"123","user_id":"25"}}
{"timestamp":"29-09-2024 09:53:35","level":"INFO","method":"POST","url":"/api/member/10/withdrawal","statusCode":200,"responseTime":"29ms","userAgent":"PostmanRuntime/7.42.0","requestBody":{"amount":100,"address":"123","user_id":"25"}}
{"timestamp":"29-09-2024 09:58:47","level":"INFO","method":"POST","url":"/api/member/10/withdrawal","statusCode":400,"responseTime":"19ms","userAgent":"PostmanRuntime/7.42.0","requestBody":{"amount":100,"address":"123","user_id":"25"}}
{"timestamp":"29-09-2024 10:00:36","level":"INFO","method":"POST","url":"/api/member/10/withdrawal","statusCode":200,"responseTime":"180ms","userAgent":"PostmanRuntime/7.42.0","requestBody":{"amount":100,"address":"123","user_id":"25"}}
{"timestamp":"29-09-2024 10:05:13","level":"INFO","method":"GET","url":"/api/withdrawal","statusCode":401,"responseTime":"3ms","userAgent":"PostmanRuntime/7.42.0","requestBody":{}}
{"timestamp":"29-09-2024 10:05:19","level":"INFO","method":"GET","url":"/api/withdrawal","statusCode":404,"responseTime":"12ms","userAgent":"PostmanRuntime/7.42.0","requestBody":{}}
{"timestamp":"29-09-2024 10:05:31","level":"INFO","method":"GET","url":"/api/withdrawal","statusCode":200,"responseTime":"15ms","userAgent":"PostmanRuntime/7.42.0","requestBody":{}}
{"timestamp":"29-09-2024 10:05:44","level":"INFO","method":"GET","url":"/api/withdrawal","statusCode":403,"responseTime":"6ms","userAgent":"PostmanRuntime/7.42.0","requestBody":{}}
{"timestamp":"29-09-2024 10:06:06","level":"INFO","method":"POST","url":"/api/request-otp","statusCode":200,"responseTime":"3169ms","userAgent":"PostmanRuntime/7.42.0","requestBody":{"email":"adminconn@gmail.com"}}
{"timestamp":"29-09-2024 10:06:25","level":"INFO","method":"POST","url":"/api/verify-otp","statusCode":200,"responseTime":"133ms","userAgent":"PostmanRuntime/7.42.0","requestBody":{"otp":"975141"}}
{"timestamp":"29-09-2024 10:06:31","level":"INFO","method":"GET","url":"/api/withdrawal","statusCode":200,"responseTime":"4ms","userAgent":"PostmanRuntime/7.42.0","requestBody":{}}
{"timestamp":"29-09-2024 10:09:49","level":"INFO","method":"GET","url":"/api/withdrawal","statusCode":200,"responseTime":"16ms","userAgent":"PostmanRuntime/7.42.0","requestBody":{}}
{"timestamp":"29-09-2024 10:11:34","level":"INFO","method":"GET","url":"/api/withdrawal","statusCode":200,"responseTime":"23ms","userAgent":"PostmanRuntime/7.42.0","requestBody":{}}
{"timestamp":"29-09-2024 10:12:04","level":"INFO","method":"GET","url":"/api/withdrawal","statusCode":200,"responseTime":"18ms","userAgent":"PostmanRuntime/7.42.0","requestBody":{}}
{"timestamp":"29-09-2024 10:13:56","level":"INFO","method":"GET","url":"/api/withdrawal","statusCode":200,"responseTime":"19ms","userAgent":"PostmanRuntime/7.42.0","requestBody":{}}
{"timestamp":"29-09-2024 10:18:40","level":"INFO","method":"GET","url":"/api/withdrawal","statusCode":200,"responseTime":"22ms","userAgent":"PostmanRuntime/7.42.0","requestBody":{}}
{"timestamp":"29-09-2024 10:19:06","level":"INFO","method":"GET","url":"/api/withdrawal?page=1&size=10","statusCode":200,"responseTime":"36ms","userAgent":"PostmanRuntime/7.42.0","requestBody":{}}
{"timestamp":"29-09-2024 10:19:24","level":"INFO","method":"GET","url":"/api/withdrawal?page=1&size=10","statusCode":200,"responseTime":"20ms","userAgent":"PostmanRuntime/7.42.0","requestBody":{}}
{"timestamp":"29-09-2024 10:19:51","level":"INFO","method":"GET","url":"/api/withdrawal?page=1&size=10","statusCode":200,"responseTime":"19ms","userAgent":"PostmanRuntime/7.42.0","requestBody":{}}
{"timestamp":"29-09-2024 10:20:08","level":"INFO","method":"GET","url":"/api/withdrawal?page=1&size=10","statusCode":200,"responseTime":"44ms","userAgent":"PostmanRuntime/7.42.0","requestBody":{}}
{"timestamp":"29-09-2024 10:20:16","level":"INFO","method":"GET","url":"/api/withdrawal?page=2&size=10","statusCode":200,"responseTime":"32ms","userAgent":"PostmanRuntime/7.42.0","requestBody":{}}
{"timestamp":"29-09-2024 10:20:20","level":"INFO","method":"GET","url":"/api/withdrawal?page=1&size=10","statusCode":200,"responseTime":"30ms","userAgent":"PostmanRuntime/7.42.0","requestBody":{}}
{"timestamp":"29-09-2024 10:22:44","level":"INFO","method":"GET","url":"/api/withdrawal?page=1&size=10&status","statusCode":200,"responseTime":"25ms","userAgent":"PostmanRuntime/7.42.0","requestBody":{}}
{"timestamp":"29-09-2024 10:23:19","level":"INFO","method":"GET","url":"/api/withdrawal?page=1&size=10&status=da","statusCode":200,"responseTime":"21ms","userAgent":"PostmanRuntime/7.42.0","requestBody":{}}
{"timestamp":"29-09-2024 10:23:46","level":"INFO","method":"GET","url":"/api/withdrawal?page=1&size=10&status=","statusCode":200,"responseTime":"85ms","userAgent":"PostmanRuntime/7.42.0","requestBody":{}}
{"timestamp":"29-09-2024 10:23:50","level":"INFO","method":"GET","url":"/api/withdrawal?page=1&size=10","statusCode":200,"responseTime":"15ms","userAgent":"PostmanRuntime/7.42.0","requestBody":{}}
{"timestamp":"29-09-2024 10:26:04","level":"INFO","method":"GET","url":"/api/withdrawal?page=1&size=10&status=&search=udin","statusCode":200,"responseTime":"49ms","userAgent":"PostmanRuntime/7.42.0","requestBody":{}}
{"timestamp":"29-09-2024 10:26:16","level":"INFO","method":"GET","url":"/api/withdrawal?page=1&size=10&status=&search=","statusCode":200,"responseTime":"122ms","userAgent":"PostmanRuntime/7.42.0","requestBody":{}}
{"timestamp":"29-09-2024 10:26:41","level":"INFO","method":"GET","url":"/api/withdrawal?page=1&size=10","statusCode":200,"responseTime":"78ms","userAgent":"PostmanRuntime/7.42.0","requestBody":{}}
{"0":"i","1":"n","2":"v","3":"a","4":"l","5":"i","6":"d","7":" ","8":"i","9":"n","10":"p","11":"u","12":"t","13":" ","14":"s","15":"y","16":"n","17":"t","18":"a","19":"x","20":" ","21":"f","22":"o","23":"r","24":" ","25":"t","26":"y","27":"p","28":"e","29":" ","30":"b","31":"i","32":"g","33":"i","34":"n","35":"t","36":":","37":" ","38":"\"","39":":","40":"w","41":"i","42":"t","43":"h","44":"d","45":"r","46":"a","47":"w","48":"a","49":"l","50":"I","51":"d","52":"\"","timestamp":"29-09-2024 10:44:56","level":"ERROR"}
{"timestamp":"29-09-2024 10:44:56","level":"INFO","method":"POST","url":"/api/withdrawal/:withdrawalId/reject","statusCode":500,"responseTime":"43ms","userAgent":"PostmanRuntime/7.42.0","requestBody":{}}
{"timestamp":"29-09-2024 10:45:11","level":"INFO","method":"POST","url":"/api/withdrawal/10/reject","statusCode":404,"responseTime":"64ms","userAgent":"PostmanRuntime/7.42.0","requestBody":{}}
{"timestamp":"29-09-2024 10:46:17","level":"INFO","method":"POST","url":"/api/withdrawal/25/reject","statusCode":404,"responseTime":"92ms","userAgent":"PostmanRuntime/7.42.0","requestBody":{}}
{"timestamp":"29-09-2024 10:46:25","level":"INFO","method":"POST","url":"/api/withdrawal/1/reject","statusCode":404,"responseTime":"7ms","userAgent":"PostmanRuntime/7.42.0","requestBody":{}}
{"timestamp":"29-09-2024 10:46:42","level":"INFO","method":"POST","url":"/api/withdrawal/1/reject","statusCode":404,"responseTime":"42ms","userAgent":"PostmanRuntime/7.42.0","requestBody":{}}
{"0":"c","1":"o","2":"n","3":"s","4":"o","5":"l","6":"w","7":" ","8":"i","9":"s","10":" ","11":"n","12":"o","13":"t","14":" ","15":"d","16":"e","17":"f","18":"i","19":"n","20":"e","21":"d","timestamp":"29-09-2024 10:47:03","level":"ERROR"}
{"timestamp":"29-09-2024 10:47:03","level":"INFO","method":"POST","url":"/api/withdrawal/1/reject","statusCode":500,"responseTime":"15ms","userAgent":"PostmanRuntime/7.42.0","requestBody":{}}
{"timestamp":"29-09-2024 10:47:09","level":"INFO","method":"POST","url":"/api/withdrawal/1/reject","statusCode":404,"responseTime":"14ms","userAgent":"PostmanRuntime/7.42.0","requestBody":{}}
{"timestamp":"29-09-2024 10:48:10","level":"INFO","method":"POST","url":"/api/withdrawal/1/reject","statusCode":404,"responseTime":"13ms","userAgent":"PostmanRuntime/7.42.0","requestBody":{}}
{"0":"A","1":"r","2":"g","3":"u","4":"m","5":"e","6":"n","7":"t","8":" ","9":"p","10":"a","11":"s","12":"s","13":"e","14":"d","15":" ","16":"t","17":"o","18":" ","19":"f","20":"i","21":"n","22":"d","23":"B","24":"y","25":"P","26":"k","27":" ","28":"i","29":"s","30":" ","31":"i","32":"n","33":"v","34":"a","35":"l","36":"i","37":"d","38":":","39":" ","40":"[","41":"o","42":"b","43":"j","44":"e","45":"c","46":"t","47":" ","48":"O","49":"b","50":"j","51":"e","52":"c","53":"t","54":"]","timestamp":"29-09-2024 10:48:30","level":"ERROR"}
{"timestamp":"29-09-2024 10:48:30","level":"INFO","method":"POST","url":"/api/withdrawal/1/reject","statusCode":500,"responseTime":"17ms","userAgent":"PostmanRuntime/7.42.0","requestBody":{}}
{"timestamp":"29-09-2024 10:48:47","level":"INFO","method":"POST","url":"/api/withdrawal/1/reject","statusCode":404,"responseTime":"16ms","userAgent":"PostmanRuntime/7.42.0","requestBody":{}}
{"timestamp":"29-09-2024 10:49:12","level":"INFO","method":"POST","url":"/api/withdrawal/1/reject","statusCode":404,"responseTime":"18ms","userAgent":"PostmanRuntime/7.42.0","requestBody":{}}
{"0":"w","1":"i","2":"t","3":"h","4":"d","5":"r","6":"a","7":"w","8":"a","9":"l","10":" ","11":"i","12":"s","13":" ","14":"n","15":"o","16":"t","17":" ","18":"d","19":"e","20":"f","21":"i","22":"n","23":"e","24":"d","timestamp":"29-09-2024 10:49:27","level":"ERROR"}
{"timestamp":"29-09-2024 10:49:27","level":"INFO","method":"POST","url":"/api/withdrawal/2/reject","statusCode":500,"responseTime":"25ms","userAgent":"PostmanRuntime/7.42.0","requestBody":{}}
{"timestamp":"29-09-2024 10:49:40","level":"INFO","method":"POST","url":"/api/withdrawal/2/reject","statusCode":200,"responseTime":"59ms","userAgent":"PostmanRuntime/7.42.0","requestBody":{}}
{"timestamp":"29-09-2024 07:43:07","level":"INFO","method":"POST","url":"/api/sign-up","statusCode":200,"responseTime":"4231ms","userAgent":"PostmanRuntime/7.42.0","requestBody":{"email":"rizky@gmail.com","full_name":"Rizky Maulana","referal_code":"Kf0UcJVR"}}
{"0":"n","1":"u","2":"l","3":"l","4":" ","5":"v","6":"a","7":"l","8":"u","9":"e","10":" ","11":"i","12":"n","13":" ","14":"c","15":"o","16":"l","17":"u","18":"m","19":"n","20":" ","21":"\"","22":"a","23":"m","24":"o","25":"u","26":"n","27":"t","28":"\"","29":" ","30":"o","31":"f","32":" ","33":"r","34":"e","35":"l","36":"a","37":"t","38":"i","39":"o","40":"n","41":" ","42":"\"","43":"u","44":"s","45":"e","46":"r","47":"s","48":"_","49":"b","50":"a","51":"l","52":"a","53":"n","54":"c","55":"e","56":"_","57":"t","58":"r","59":"x","60":"\"","61":" ","62":"v","63":"i","64":"o","65":"l","66":"a","67":"t","68":"e","69":"s","70":" ","71":"n","72":"o","73":"t","74":"-","75":"n","76":"u","77":"l","78":"l","79":" ","80":"c","81":"o","82":"n","83":"s","84":"t","85":"r","86":"a","87":"i","88":"n","89":"t","timestamp":"29-09-2024 07:47:51","level":"ERROR"}
{"timestamp":"29-09-2024 07:47:51","level":"INFO","method":"POST","url":"/api/sign-up","statusCode":500,"responseTime":"4124ms","userAgent":"PostmanRuntime/7.42.0","requestBody":{"email":"rizky@gmail.com","full_name":"Rizky Maulana","referal_code":"Kf0UcJVR"}}
{"0":{"message":"user_id must be unique","type":"unique violation","path":"user_id","value":"29","origin":"DB","instance":null,"validatorKey":"not_unique","validatorName":null,"validatorArgs":[]},"1":{"message":"curr_id must be unique","type":"unique violation","path":"curr_id","value":"USDT","origin":"DB","instance":null,"validatorKey":"not_unique","validatorName":null,"validatorArgs":[]},"timestamp":"29-09-2024 07:49:12","level":"ERROR"}
{"timestamp":"29-09-2024 07:49:12","level":"INFO","method":"POST","url":"/api/sign-up","statusCode":409,"responseTime":"3869ms","userAgent":"PostmanRuntime/7.42.0","requestBody":{"email":"rizky@gmail.com","full_name":"Rizky Maulana","referal_code":"Kf0UcJVR"}}
{"0":{"message":"user_id must be unique","type":"unique violation","path":"user_id","value":"30","origin":"DB","instance":null,"validatorKey":"not_unique","validatorName":null,"validatorArgs":[]},"1":{"message":"curr_id must be unique","type":"unique violation","path":"curr_id","value":"USDT","origin":"DB","instance":null,"validatorKey":"not_unique","validatorName":null,"validatorArgs":[]},"timestamp":"29-09-2024 07:50:18","level":"ERROR"}
{"timestamp":"29-09-2024 07:50:18","level":"INFO","method":"POST","url":"/api/sign-up","statusCode":409,"responseTime":"3766ms","userAgent":"PostmanRuntime/7.42.0","requestBody":{"email":"rizky@gmail.com","full_name":"Rizky Maulana","referal_code":"Kf0UcJVR"}}
{"0":{"message":"user_id must be unique","type":"unique violation","path":"user_id","value":"31","origin":"DB","instance":null,"validatorKey":"not_unique","validatorName":null,"validatorArgs":[]},"1":{"message":"curr_id must be unique","type":"unique violation","path":"curr_id","value":"USDT","origin":"DB","instance":null,"validatorKey":"not_unique","validatorName":null,"validatorArgs":[]},"timestamp":"29-09-2024 07:51:27","level":"ERROR"}
{"timestamp":"29-09-2024 07:51:27","level":"INFO","method":"POST","url":"/api/sign-up","statusCode":409,"responseTime":"2998ms","userAgent":"PostmanRuntime/7.42.0","requestBody":{"email":"rizky@gmail.com","full_name":"Rizky Maulana","referal_code":"Kf0UcJVR"}}
{"0":{"message":"user_id must be unique","type":"unique violation","path":"user_id","value":"32","origin":"DB","instance":null,"validatorKey":"not_unique","validatorName":null,"validatorArgs":[]},"1":{"message":"curr_id must be unique","type":"unique violation","path":"curr_id","value":"USDT","origin":"DB","instance":null,"validatorKey":"not_unique","validatorName":null,"validatorArgs":[]},"timestamp":"29-09-2024 07:52:39","level":"ERROR"}
{"timestamp":"29-09-2024 07:52:39","level":"INFO","method":"POST","url":"/api/sign-up","statusCode":409,"responseTime":"2689ms","userAgent":"PostmanRuntime/7.42.0","requestBody":{"email":"rizky@gmail.com","full_name":"Rizky Maulana","referal_code":"Kf0UcJVR"}}
{"timestamp":"29-09-2024 07:53:19","level":"INFO","method":"POST","url":"/api/sign-up","statusCode":200,"responseTime":"2889ms","userAgent":"PostmanRuntime/7.42.0","requestBody":{"email":"rizky@gmail.com","full_name":"Rizky Maulana","referal_code":"Kf0UcJVR"}}
{"timestamp":"29-09-2024 07:53:54","level":"INFO","method":"POST","url":"/api/sign-up","statusCode":200,"responseTime":"2818ms","userAgent":"PostmanRuntime/7.42.0","requestBody":{"email":"rizky@gmail.com","full_name":"Rizky Maulana","referal_code":"Kf0UcJVR"}}
{"timestamp":"29-09-2024 07:54:24","level":"INFO","method":"GET","url":"/api/member/25/wallet","statusCode":401,"responseTime":"14ms","userAgent":"PostmanRuntime/7.42.0","requestBody":{}}
{"timestamp":"29-09-2024 07:55:51","level":"INFO","method":"POST","url":"/api/request-otp","statusCode":200,"responseTime":"2755ms","userAgent":"PostmanRuntime/7.42.0","requestBody":{"email":"rizky@gmail.com"}}
{"timestamp":"29-09-2024 07:56:01","level":"INFO","method":"POST","url":"/api/verify-otp","statusCode":200,"responseTime":"8ms","userAgent":"PostmanRuntime/7.42.0","requestBody":{"otp":"769824"}}
{"timestamp":"29-09-2024 07:56:14","level":"INFO","method":"GET","url":"/api/member/34/wallet","statusCode":200,"responseTime":"111ms","userAgent":"PostmanRuntime/7.42.0","requestBody":{}}
{"timestamp":"29-09-2024 08:06:56","level":"INFO","method":"POST","url":"/api/member/wallet","statusCode":404,"responseTime":"6ms","userAgent":"PostmanRuntime/7.42.0","requestBody":{"coin_id":"USDT_tron","address":"1A1zP1eP5QGefi2DMPTfTL5SLmv7DivfNa","wallet_type_id":"deposit"}}
{"timestamp":"29-09-2024 08:07:10","level":"INFO","method":"POST","url":"/api/member/wallet","statusCode":200,"responseTime":"7ms","userAgent":"PostmanRuntime/7.42.0","requestBody":{"coin_id":"USDT_tron","address":"1A1zP1eP5QGefi2DMPTfTL5SLmv7DivfNa","wallet_type_id":"deposit"}}
{"0":"w","1":"a","2":"l","3":"l","4":"e","5":"t","6":"S","7":"e","8":"r","9":"v","10":"i","11":"c","12":"e","13":".","14":"c","15":"r","16":"e","17":"a","18":"t","19":"e","20":"W","21":"a","22":"l","23":"l","24":"e","25":"t","26":" ","27":"i","28":"s","29":" ","30":"n","31":"o","32":"t","33":" ","34":"a","35":" ","36":"f","37":"u","38":"n","39":"c","40":"t","41":"i","42":"o","43":"n","timestamp":"29-09-2024 08:07:28","level":"ERROR"}
{"timestamp":"29-09-2024 08:07:28","level":"INFO","method":"POST","url":"/api/member/wallet","statusCode":500,"responseTime":"12ms","userAgent":"PostmanRuntime/7.42.0","requestBody":{"coin_id":"USDT_tron","address":"1A1zP1eP5QGefi2DMPTfTL5SLmv7DivfNa","wallet_type_id":"deposit"}}
{"timestamp":"29-09-2024 08:07:41","level":"INFO","method":"POST","url":"/api/member/wallet","statusCode":200,"responseTime":"7ms","userAgent":"PostmanRuntime/7.42.0","requestBody":{"coin_id":"USDT_tron","address":"1A1zP1eP5QGefi2DMPTfTL5SLmv7DivfNa","wallet_type_id":"deposit"}}
{"0":"w","1":"a","2":"l","3":"l","4":"e","5":"t","6":" ","7":"i","8":"s","9":" ","10":"n","11":"o","12":"t","13":" ","14":"d","15":"e","16":"f","17":"i","18":"n","19":"e","20":"d","timestamp":"29-09-2024 08:09:46","level":"ERROR"}
{"timestamp":"29-09-2024 08:09:46","level":"INFO","method":"POST","url":"/api/member/wallet","statusCode":500,"responseTime":"21ms","userAgent":"PostmanRuntime/7.42.0","requestBody":{"coin_id":"USDT_tron","address":"1A1zP1eP5QGefi2DMPTfTL5SLmv7DivfNa","wallet_type_id":"deposit"}}
{"timestamp":"29-09-2024 08:09:56","level":"INFO","method":"POST","url":"/api/member/wallet","statusCode":200,"responseTime":"24ms","userAgent":"PostmanRuntime/7.42.0","requestBody":{"coin_id":"USDT_tron","address":"1A1zP1eP5QGefi2DMPTfTL5SLmv7DivfNa","wallet_type_id":"deposit"}}
{"timestamp":"29-09-2024 08:10:24","level":"INFO","method":"POST","url":"/api/member/wallet","statusCode":200,"responseTime":"21ms","userAgent":"PostmanRuntime/7.42.0","requestBody":{"coin_id":"USDT_tron","address":"1A1zP1eP5QGefi2DMPTfTL5SLmv7DivfNa","wallet_type_id":"deposit"}}
{"timestamp":"29-09-2024 08:13:08","level":"INFO","method":"POST","url":"/api/member/wallet","statusCode":400,"responseTime":"20ms","userAgent":"PostmanRuntime/7.42.0","requestBody":{"coin_id":"USDT_tron","address":"1A1zP1eP5QGefi2DMPTfTL5SLmv7DivfNa","wallet_type_id":"deposit"}}
{"0":"i","1":"n","2":"s","3":"e","4":"r","5":"t","6":" ","7":"o","8":"r","9":" ","10":"u","11":"p","12":"d","13":"a","14":"t","15":"e","16":" ","17":"o","18":"n","19":" ","20":"t","21":"a","22":"b","23":"l","24":"e","25":" ","26":"\"","27":"w","28":"a","29":"l","30":"l","31":"e","32":"t","33":"\"","34":" ","35":"v","36":"i","37":"o","38":"l","39":"a","40":"t","41":"e","42":"s","43":" ","44":"f","45":"o","46":"r","47":"e","48":"i","49":"g","50":"n","51":" ","52":"k","53":"e","54":"y","55":" ","56":"c","57":"o","58":"n","59":"s","60":"t","61":"r","62":"a","63":"i","64":"n","65":"t","66":" ","67":"\"","68":"w","69":"a","70":"l","71":"l","72":"e","73":"t","74":"_","75":"c","76":"o","77":"i","78":"n","79":"_","80":"f","81":"k","82":"\"","timestamp":"29-09-2024 08:13:58","level":"ERROR"}
{"timestamp":"29-09-2024 08:13:58","level":"INFO","method":"POST","url":"/api/member/wallet","statusCode":400,"responseTime":"87ms","userAgent":"PostmanRuntime/7.42.0","requestBody":{"coin_id":"","address":"as","wallet_type_id":""}}
{"timestamp":"29-09-2024 08:15:12","level":"INFO","method":"POST","url":"/api/member/wallet","statusCode":400,"responseTime":"12ms","userAgent":"PostmanRuntime/7.42.0","requestBody":{"coin_id":"","address":"as","wallet_type_id":""}}
{"timestamp":"29-09-2024 08:15:32","level":"INFO","method":"POST","url":"/api/member/wallet","statusCode":400,"responseTime":"14ms","userAgent":"PostmanRuntime/7.42.0","requestBody":{"coin_id":"USDT_tron","address":"1A1zP1eP5QGefi2DMPTfTL5SLmv7DivfNa","wallet_type_id":"deposit"}}
{"timestamp":"29-09-2024 08:15:40","level":"INFO","method":"POST","url":"/api/member/wallet","statusCode":200,"responseTime":"32ms","userAgent":"PostmanRuntime/7.42.0","requestBody":{"coin_id":"USDT_tron","address":"1A1zP1eP5QGefi2DMPTfTL5SLmv7DivfNa","wallet_type_id":"deposit"}}
{"timestamp":"29-09-2024 08:28:18","level":"INFO","method":"POST","url":"/api/member/wallet","statusCode":400,"responseTime":"13ms","userAgent":"PostmanRuntime/7.42.0","requestBody":{"coin_id":"USDT_tron","address":"1A1zP1eP5QGefi2DMPTfTL5SLmv7DivfNa"}}
{"timestamp":"29-09-2024 08:28:47","level":"INFO","method":"POST","url":"/api/member/wallet","statusCode":200,"responseTime":"120ms","userAgent":"PostmanRuntime/7.42.0","requestBody":{"coin_id":"USDT_tron","address":"1A1zP1eP5QGefi2DMPTfTL5SLmv7DivfNa"}}
{"timestamp":"29-09-2024 08:34:32","level":"INFO","method":"PUT","url":"/api/member/wallet/1","statusCode":400,"responseTime":"40ms","userAgent":"PostmanRuntime/7.42.0","requestBody":{"address":"1A1zP1eP5QGefi2DMPTfTL5SLmv7DivfNa","wallet_id":"1"}}
{"0":{"message":"audits.auditable_id cannot be null","type":"notNull Violation","path":"auditable_id","value":null,"origin":"CORE","instance":{"id":null,"user_id":"34","event":"Ubah wallet","auditable_type":"wallet","old_values":"[]","new_values":"[1,[{\"id\":\"21\",\"coin_id\":\"USDT_tron\",\"address\":\"123123\",\"user_id\":\"27\",\"wallet_type_id\":\"withdrawal\",\"created_at\":\"2024-09-29T12:43:07.177Z\",\"updated_at\":\"2024-09-29T13:36:45.191Z\"}]]","url":"/api/member/wallet/21","ip_address":"::1","user_agent":"PostmanRuntime/7.42.0","updated_at":"2024-09-29T13:36:45.211Z","created_at":"2024-09-29T13:36:45.211Z"},"validatorKey":"is_null","validatorName":null,"validatorArgs":[]},"timestamp":"29-09-2024 08:36:45","level":"ERROR"}
{"timestamp":"29-09-2024 08:36:45","level":"INFO","method":"PUT","url":"/api/member/wallet/21","statusCode":400,"responseTime":"176ms","userAgent":"PostmanRuntime/7.42.0","requestBody":{"address":"1A1zP1eP5QGefi2DMPTfTL5SLmv7DivfNa","wallet_id":"21"}}
{"timestamp":"29-09-2024 08:37:35","level":"INFO","method":"PUT","url":"/api/member/wallet/21","statusCode":200,"responseTime":"13ms","userAgent":"PostmanRuntime/7.42.0","requestBody":{"address":"1A1zP1eP5QGefi2DMPTfTL5SLmv7DivfNa","wallet_id":"21"}}
{"timestamp":"29-09-2024 08:37:50","level":"INFO","method":"PUT","url":"/api/member/wallet/21","statusCode":200,"responseTime":"22ms","userAgent":"PostmanRuntime/7.42.0","requestBody":{"address":"1A1zP1eP5QGefi2DMPTfTL5SLmv7DivfNa","wallet_id":"21"}}
{"timestamp":"29-09-2024 08:38:07","level":"INFO","method":"PUT","url":"/api/member/wallet/21","statusCode":400,"responseTime":"13ms","userAgent":"PostmanRuntime/7.42.0","requestBody":{"address":"1A1zP1eP5QGefi2DMPTfTL5SLmv7DivfNa","wallet_id":"21"}}
{"timestamp":"29-09-2024 08:38:34","level":"INFO","method":"PUT","url":"/api/member/wallet/21","statusCode":400,"responseTime":"16ms","userAgent":"PostmanRuntime/7.42.0","requestBody":{"address":"1A1zP1eP5QGefi2DMPTfTL5SLmv7DivfNa","wallet_id":"21"}}
{"timestamp":"29-09-2024 08:38:39","level":"INFO","method":"PUT","url":"/api/member/wallet/27","statusCode":200,"responseTime":"37ms","userAgent":"PostmanRuntime/7.42.0","requestBody":{"address":"1A1zP1eP5QGefi2DMPTfTL5SLmv7DivfNa","wallet_id":"27"}}
{"timestamp":"29-09-2024 08:38:58","level":"INFO","method":"PUT","url":"/api/member/wallet/27","statusCode":200,"responseTime":"24ms","userAgent":"PostmanRuntime/7.42.0","requestBody":{"address":"1A1zP1eP5QGefi2DMPTfTL5SLmv7DivfNa","wallet_id":"27"}}
{"timestamp":"29-09-2024 08:40:22","level":"INFO","method":"GET","url":"/api/member/34/wallet","statusCode":200,"responseTime":"24ms","userAgent":"PostmanRuntime/7.42.0","requestBody":{}}
{"timestamp":"29-09-2024 08:46:46","level":"INFO","method":"GET","url":"/api/member/34/wallet/27","statusCode":200,"responseTime":"59ms","userAgent":"PostmanRuntime/7.42.0","requestBody":{}}
{"timestamp":"29-09-2024 08:47:36","level":"INFO","method":"GET","url":"/api/member/34/wallet/21","statusCode":400,"responseTime":"11ms","userAgent":"PostmanRuntime/7.42.0","requestBody":{}}
{"timestamp":"29-09-2024 09:06:12","level":"INFO","method":"POST","url":"/api/member/wallet/verify-otp","statusCode":401,"responseTime":"5ms","userAgent":"PostmanRuntime/7.42.0","requestBody":{"wallet_id":13,"otp":"191882"}}
{"timestamp":"29-09-2024 09:06:23","level":"INFO","method":"POST","url":"/api/request-otp","statusCode":200,"responseTime":"4220ms","userAgent":"PostmanRuntime/7.42.0","requestBody":{"email":"rizky@gmail.com"}}
{"timestamp":"29-09-2024 09:06:40","level":"INFO","method":"POST","url":"/api/verify-otp","statusCode":200,"responseTime":"68ms","userAgent":"PostmanRuntime/7.42.0","requestBody":{"otp":"636166"}}
{"timestamp":"29-09-2024 09:06:51","level":"INFO","method":"POST","url":"/api/member/wallet/verify-otp","statusCode":401,"responseTime":"64ms","userAgent":"PostmanRuntime/7.42.0","requestBody":{"wallet_id":13,"otp":"191882"}}
{"0":"d","1":"a","2":"t","3":"a","4":" ","5":"i","6":"s","7":" ","8":"n","9":"o","10":"t","11":" ","12":"d","13":"e","14":"f","15":"i","16":"n","17":"e","18":"d","timestamp":"29-09-2024 09:07:45","level":"ERROR"}
{"timestamp":"29-09-2024 09:07:45","level":"INFO","method":"POST","url":"/api/member/wallet/verify-otp","statusCode":500,"responseTime":"10ms","userAgent":"PostmanRuntime/7.42.0","requestBody":{"wallet_id":13,"otp":"191882"}}
{"timestamp":"29-09-2024 09:07:54","level":"INFO","method":"POST","url":"/api/member/wallet/verify-otp","statusCode":400,"responseTime":"11ms","userAgent":"PostmanRuntime/7.42.0","requestBody":{"wallet_id":13,"otp":"191882"}}
{"timestamp":"29-09-2024 09:17:53","level":"INFO","method":"GET","url":"/api/member/34/wallet","statusCode":200,"responseTime":"75ms","userAgent":"PostmanRuntime/7.42.0","requestBody":{}}
{"timestamp":"29-09-2024 09:19:18","level":"INFO","method":"GET","url":"/api/member/34/wallet","statusCode":200,"responseTime":"52ms","userAgent":"PostmanRuntime/7.42.0","requestBody":{}}
{"timestamp":"29-09-2024 09:20:11","level":"INFO","method":"GET","url":"/api/member/34/wallet","statusCode":200,"responseTime":"157ms","userAgent":"PostmanRuntime/7.42.0","requestBody":{}}
{"timestamp":"29-09-2024 09:24:45","level":"INFO","method":"GET","url":"/api/member/34/wallet","statusCode":200,"responseTime":"47ms","userAgent":"PostmanRuntime/7.42.0","requestBody":{}}
{"0":"s","1":"e","2":"n","3":"d","4":"E","5":"m","6":"a","7":"i","8":"l","9":"O","10":"T","11":"P","12":"W","13":"a","14":"l","15":"l","16":"e","17":"t","18":" ","19":"i","20":"s","21":" ","22":"n","23":"o","24":"t","25":" ","26":"d","27":"e","28":"f","29":"i","30":"n","31":"e","32":"d","timestamp":"29-09-2024 09:25:03","level":"ERROR"}
{"timestamp":"29-09-2024 09:25:03","level":"INFO","method":"POST","url":"/api/member/wallet","statusCode":500,"responseTime":"38ms","userAgent":"PostmanRuntime/7.42.0","requestBody":{"coin_id":"USDT_tron","address":"1A1zP1eP5QGefi2DMPTfTL5SLmv7DivfNa"}}
{"0":"t","1":"r","2":"a","3":"n","4":"s","5":"p","6":"o","7":"r","8":"t","9":"e","10":"r","11":" ","12":"i","13":"s","14":" ","15":"n","16":"o","17":"t","18":" ","19":"d","20":"e","21":"f","22":"i","23":"n","24":"e","25":"d","timestamp":"29-09-2024 09:25:16","level":"ERROR"}
{"timestamp":"29-09-2024 09:25:16","level":"INFO","method":"POST","url":"/api/member/wallet","statusCode":500,"responseTime":"17ms","userAgent":"PostmanRuntime/7.42.0","requestBody":{"coin_id":"USDT_tron","address":"1A1zP1eP5QGefi2DMPTfTL5SLmv7DivfNa"}}
{"timestamp":"29-09-2024 09:25:28","level":"INFO","method":"POST","url":"/api/member/wallet","statusCode":200,"responseTime":"2759ms","userAgent":"PostmanRuntime/7.42.0","requestBody":{"coin_id":"USDT_tron","address":"1A1zP1eP5QGefi2DMPTfTL5SLmv7DivfNa"}}
{"timestamp":"29-09-2024 09:26:30","level":"INFO","method":"POST","url":"/api/member/wallet","statusCode":200,"responseTime":"3144ms","userAgent":"PostmanRuntime/7.42.0","requestBody":{"coin_id":"USDT_tron","address":"1A1zP1eP5QGefi2DMPTfTL5SLmv7DivfNa"}}
{"timestamp":"29-09-2024 09:29:39","level":"INFO","method":"POST","url":"/api/member/wallet/verify-otp","statusCode":401,"responseTime":"61ms","userAgent":"PostmanRuntime/7.42.0","requestBody":{"wallet_id":29,"otp":"191882"}}
{"timestamp":"29-09-2024 09:29:46","level":"INFO","method":"POST","url":"/api/member/wallet/verify-otp","statusCode":401,"responseTime":"13ms","userAgent":"PostmanRuntime/7.42.0","requestBody":{"wallet_id":29,"otp":"361830"}}
{"timestamp":"29-09-2024 09:30:51","level":"INFO","method":"POST","url":"/api/member/wallet/verify-otp","statusCode":200,"responseTime":"38ms","userAgent":"PostmanRuntime/7.42.0","requestBody":{"wallet_id":29,"otp":"361830"}}
{"0":"s","1":"e","2":"n","3":"d","4":"E","5":"m","6":"a","7":"i","8":"l","9":"O","10":"T","11":"P","12":" ","13":"i","14":"s","15":" ","16":"n","17":"o","18":"t","19":" ","20":"d","21":"e","22":"f","23":"i","24":"n","25":"e","26":"d","timestamp":"29-09-2024 09:33:13","level":"ERROR"}
{"timestamp":"29-09-2024 09:33:13","level":"INFO","method":"PUT","url":"/api/member/wallet/29","statusCode":500,"responseTime":"3534ms","userAgent":"PostmanRuntime/7.42.0","requestBody":{"address":"1001zP1eP5QGefi2DMPTfTL5SLmv7DivfNa","wallet_id":"29"}}
{"timestamp":"29-09-2024 09:33:28","level":"INFO","method":"PUT","url":"/api/member/wallet/29","statusCode":200,"responseTime":"2732ms","userAgent":"PostmanRuntime/7.42.0","requestBody":{"address":"1001zP1eP5QGefi2DMPTfTL5SLmv7DivfNa","wallet_id":"29"}}
{"timestamp":"29-09-2024 09:33:46","level":"INFO","method":"PUT","url":"/api/member/wallet/29","statusCode":200,"responseTime":"2712ms","userAgent":"PostmanRuntime/7.42.0","requestBody":{"address":"1001zP1eP5QGefi2DMPTfTL5SLmv7DivfNa","wallet_id":"29"}}
{"timestamp":"29-09-2024 09:34:59","level":"INFO","method":"PUT","url":"/api/member/wallet/29","statusCode":200,"responseTime":"2768ms","userAgent":"PostmanRuntime/7.42.0","requestBody":{"address":"1001zP1eP5QGefi2DMPTfTL5SLmv7DivfNa","wallet_id":"29"}}
{"timestamp":"29-09-2024 09:35:39","level":"INFO","method":"PUT","url":"/api/member/wallet/29","statusCode":200,"responseTime":"2722ms","userAgent":"PostmanRuntime/7.42.0","requestBody":{"address":"1001zP1eP5QGefi2DMPTfTL5SLmv7DivfNa","wallet_id":"29"}}
{"timestamp":"29-09-2024 09:36:00","level":"INFO","method":"PUT","url":"/api/member/wallet/29","statusCode":200,"responseTime":"3590ms","userAgent":"PostmanRuntime/7.42.0","requestBody":{"address":"1001zP1eP5QGefi2DMPTfTL5SLmv7DivfNa","wallet_id":"29"}}
{"timestamp":"29-09-2024 09:36:18","level":"INFO","method":"PUT","url":"/api/member/wallet/29","statusCode":200,"responseTime":"2767ms","userAgent":"PostmanRuntime/7.42.0","requestBody":{"address":"1001zP1eP5QGefi2DMPTfTL5SLmv7DivfNa","wallet_id":"29"}}
{"timestamp":"29-09-2024 09:36:32","level":"INFO","method":"PUT","url":"/api/member/wallet/29","statusCode":200,"responseTime":"2774ms","userAgent":"PostmanRuntime/7.42.0","requestBody":{"address":"1001zP1eP5QGefi2DMPTfTL5SLmv7DivfNa","wallet_id":"29"}}
{"0":"_","1":" ","2":"i","3":"s","4":" ","5":"n","6":"o","7":"t","8":" ","9":"d","10":"e","11":"f","12":"i","13":"n","14":"e","15":"d","timestamp":"29-09-2024 09:37:43","level":"ERROR"}
{"timestamp":"29-09-2024 09:37:43","level":"INFO","method":"PUT","url":"/api/member/wallet/29","statusCode":500,"responseTime":"2797ms","userAgent":"PostmanRuntime/7.42.0","requestBody":{"address":"1001zP1eP5QGefi2DMPTfTL5SLmv7DivfNa","wallet_id":"29"}}
{"0":"d","1":" ","2":"i","3":"s","4":" ","5":"n","6":"o","7":"t","8":" ","9":"d","10":"e","11":"f","12":"i","13":"n","14":"e","15":"d","timestamp":"29-09-2024 09:37:54","level":"ERROR"}
{"timestamp":"29-09-2024 09:37:54","level":"INFO","method":"PUT","url":"/api/member/wallet/29","statusCode":500,"responseTime":"2779ms","userAgent":"PostmanRuntime/7.42.0","requestBody":{"address":"1001zP1eP5QGefi2DMPTfTL5SLmv7DivfNa","wallet_id":"29"}}
{"timestamp":"29-09-2024 09:38:42","level":"INFO","method":"PUT","url":"/api/member/wallet/29","statusCode":200,"responseTime":"2789ms","userAgent":"PostmanRuntime/7.42.0","requestBody":{"address":"1001zP1eP5QGefi2DMPTfTL5SLmv7DivfNa","wallet_id":"29"}}
{"timestamp":"29-09-2024 09:38:57","level":"INFO","method":"PUT","url":"/api/member/wallet/29","statusCode":200,"responseTime":"2867ms","userAgent":"PostmanRuntime/7.42.0","requestBody":{"address":"1001zP1eP5QGefi2DMPTfTL5SLmv7DivfNa","wallet_id":"29"}}
{"timestamp":"29-09-2024 09:39:24","level":"INFO","method":"POST","url":"/api/member/wallet/verify-otp","statusCode":401,"responseTime":"68ms","userAgent":"PostmanRuntime/7.42.0","requestBody":{"wallet_id":29,"otp":"361830"}}
{"timestamp":"29-09-2024 09:39:32","level":"INFO","method":"POST","url":"/api/member/wallet/verify-otp","statusCode":200,"responseTime":"25ms","userAgent":"PostmanRuntime/7.42.0","requestBody":{"wallet_id":29,"otp":"613445"}}
{"timestamp":"29-09-2024 09:49:41","level":"INFO","method":"POST","url":"/api/member/wallet/verify-otp/resend","statusCode":400,"responseTime":"37ms","userAgent":"PostmanRuntime/7.42.0","requestBody":{"wallet_id":29}}
{"timestamp":"29-09-2024 09:49:55","level":"INFO","method":"POST","url":"/api/member/wallet/verify-otp/resend","statusCode":200,"responseTime":"2970ms","userAgent":"PostmanRuntime/7.42.0","requestBody":{"wallet_id":29}}
{"0":"i","1":"n","2":"v","3":"a","4":"l","5":"i","6":"d","7":" ","8":"i","9":"n","10":"p","11":"u","12":"t","13":" ","14":"s","15":"y","16":"n","17":"t","18":"a","19":"x","20":" ","21":"f","22":"o","23":"r","24":" ","25":"t","26":"y","27":"p","28":"e","29":" ","30":"b","31":"i","32":"g","33":"i","34":"n","35":"t","36":":","37":" ","38":"\"","39":":","40":"w","41":"a","42":"l","43":"l","44":"e","45":"t","46":"I","47":"d","48":"\"","timestamp":"29-09-2024 10:03:50","level":"ERROR"}
{"timestamp":"29-09-2024 10:03:50","level":"INFO","method":"DELETE","url":"/api/member/:memberId/wallet/:walletId","statusCode":500,"responseTime":"24ms","userAgent":"PostmanRuntime/7.42.0","requestBody":{"otp":"613445"}}
{"0":"W","1":"H","2":"E","3":"R","4":"E","5":" ","6":"p","7":"a","8":"r","9":"a","10":"m","11":"e","12":"t","13":"e","14":"r","15":" ","16":"\"","17":"o","18":"t","19":"p","20":"\"","21":" ","22":"h","23":"a","24":"s","25":" ","26":"i","27":"n","28":"v","29":"a","30":"l","31":"i","32":"d","33":" ","34":"\"","35":"u","36":"n","37":"d","38":"e","39":"f","40":"i","41":"n","42":"e","43":"d","44":"\"","45":" ","46":"v","47":"a","48":"l","49":"u","50":"e","timestamp":"29-09-2024 10:04:15","level":"ERROR"}
{"timestamp":"29-09-2024 10:04:15","level":"INFO","method":"DELETE","url":"/api/member/34/wallet/29","statusCode":500,"responseTime":"101ms","userAgent":"PostmanRuntime/7.42.0","requestBody":{"otp":"613445"}}
{"0":"I","1":"n","2":"v","3":"a","4":"l","5":"i","6":"d","7":" ","8":"v","9":"a","10":"l","11":"u","12":"e","13":" ","14":"{","15":" ","16":"o","17":"t","18":"p","19":":","20":" ","21":"'","22":"6","23":"1","24":"3","25":"4","26":"4","27":"5","28":"'","29":" ","30":"}","timestamp":"29-09-2024 10:05:11","level":"ERROR"}
{"timestamp":"29-09-2024 10:05:11","level":"INFO","method":"DELETE","url":"/api/member/34/wallet/29","statusCode":500,"responseTime":"37ms","userAgent":"PostmanRuntime/7.42.0","requestBody":{"otp":"613445"}}
{"timestamp":"29-09-2024 10:05:22","level":"INFO","method":"DELETE","url":"/api/member/34/wallet/29","statusCode":401,"responseTime":"16ms","userAgent":"PostmanRuntime/7.42.0","requestBody":{"otp":"613445"}}
{"timestamp":"29-09-2024 10:05:43","level":"INFO","method":"POST","url":"/api/member/wallet/verify-otp/resend","statusCode":200,"responseTime":"2971ms","userAgent":"PostmanRuntime/7.42.0","requestBody":{"wallet_id":29}}
{"timestamp":"29-09-2024 10:06:26","level":"INFO","method":"DELETE","url":"/api/member/34/wallet/29","statusCode":200,"responseTime":"50ms","userAgent":"PostmanRuntime/7.42.0","requestBody":{"otp":"511007"}}
{"timestamp":"29-09-2024 10:07:27","level":"INFO","method":"GET","url":"/api/member/34/wallet/21","statusCode":401,"responseTime":"5ms","userAgent":"PostmanRuntime/7.42.0","requestBody":{}}
{"timestamp":"29-09-2024 10:07:36","level":"INFO","method":"POST","url":"/api/request-otp","statusCode":200,"responseTime":"3131ms","userAgent":"PostmanRuntime/7.42.0","requestBody":{"email":"rizky@gmail.com"}}
{"timestamp":"29-09-2024 10:07:55","level":"INFO","method":"POST","url":"/api/verify-otp","statusCode":200,"responseTime":"113ms","userAgent":"PostmanRuntime/7.42.0","requestBody":{"otp":"462435"}}
{"timestamp":"29-09-2024 10:07:58","level":"INFO","method":"GET","url":"/api/member/34/wallet/21","statusCode":400,"responseTime":"33ms","userAgent":"PostmanRuntime/7.42.0","requestBody":{}}
{"timestamp":"29-09-2024 10:08:07","level":"INFO","method":"POST","url":"/api/member/wallet","statusCode":200,"responseTime":"2734ms","userAgent":"PostmanRuntime/7.42.0","requestBody":{"coin_id":"USDT_tron","address":"1A1zP1eP5QGefi2DMPTfTL5SLmv7DivfNa"}}
{"timestamp":"29-09-2024 10:08:45","level":"INFO","method":"DELETE","url":"/api/member/34/wallet/29","statusCode":400,"responseTime":"35ms","userAgent":"PostmanRuntime/7.42.0","requestBody":{"otp":"282792"}}
{"timestamp":"29-09-2024 10:09:00","level":"INFO","method":"DELETE","url":"/api/member/34/wallet/30","statusCode":200,"responseTime":"103ms","userAgent":"PostmanRuntime/7.42.0","requestBody":{"otp":"282792"}}
{"timestamp":"29-09-2024 10:17:50","level":"INFO","method":"GET","url":"/api/member/34/balance","statusCode":200,"responseTime":"22ms","userAgent":"PostmanRuntime/7.42.0","requestBody":{}}
{"timestamp":"29-09-2024 10:21:23","level":"INFO","method":"GET","url":"/api/member/34/balance","statusCode":200,"responseTime":"17ms","userAgent":"PostmanRuntime/7.42.0","requestBody":{}}
{"timestamp":"29-09-2024 10:21:33","level":"INFO","method":"GET","url":"/api/member/34/balance","statusCode":200,"responseTime":"12ms","userAgent":"PostmanRuntime/7.42.0","requestBody":{}}
{"timestamp":"29-09-2024 10:21:58","level":"INFO","method":"GET","url":"/api/member/34/balance","statusCode":200,"responseTime":"14ms","userAgent":"PostmanRuntime/7.42.0","requestBody":{}}
{"timestamp":"29-09-2024 10:22:12","level":"INFO","method":"GET","url":"/api/member/34/balance","statusCode":200,"responseTime":"13ms","userAgent":"PostmanRuntime/7.42.0","requestBody":{}}
{"timestamp":"29-09-2024 10:23:09","level":"INFO","method":"GET","url":"/api/member/:memberId/balance/history-trx","statusCode":401,"responseTime":"2ms","userAgent":"PostmanRuntime/7.42.0","requestBody":{}}
{"timestamp":"29-09-2024 10:30:05","level":"INFO","method":"GET","url":"/api/member/30/balance/trx-history","statusCode":200,"responseTime":"40ms","userAgent":"PostmanRuntime/7.42.0","requestBody":{}}
{"timestamp":"29-09-2024 10:30:13","level":"INFO","method":"GET","url":"/api/member/10/balance/trx-history","statusCode":200,"responseTime":"5ms","userAgent":"PostmanRuntime/7.42.0","requestBody":{}}
{"timestamp":"29-09-2024 10:33:16","level":"INFO","method":"GET","url":"/api/member/10/balance/trx-history","statusCode":200,"responseTime":"26ms","userAgent":"PostmanRuntime/7.42.0","requestBody":{}}
{"timestamp":"29-09-2024 10:35:37","level":"INFO","method":"GET","url":"/api/member/10/balance/trx-history","statusCode":200,"responseTime":"13ms","userAgent":"PostmanRuntime/7.42.0","requestBody":{}}
{"timestamp":"29-09-2024 10:37:47","level":"INFO","method":"GET","url":"/api/member/10/balance/trx-history","statusCode":200,"responseTime":"13ms","userAgent":"PostmanRuntime/7.42.0","requestBody":{}}
{"timestamp":"29-09-2024 10:38:02","level":"INFO","method":"GET","url":"/api/member/10/balance/trx-history?page=1&size=10","statusCode":200,"responseTime":"66ms","userAgent":"PostmanRuntime/7.42.0","requestBody":{}}
{"timestamp":"29-09-2024 10:38:19","level":"INFO","method":"GET","url":"/api/member/10/balance/trx-history?page=1&size=10","statusCode":200,"responseTime":"16ms","userAgent":"PostmanRuntime/7.42.0","requestBody":{}}
{"timestamp":"29-09-2024 10:38:34","level":"INFO","method":"GET","url":"/api/member/10/balance/trx-history?page=1&size=2","statusCode":200,"responseTime":"91ms","userAgent":"PostmanRuntime/7.42.0","requestBody":{}}
{"timestamp":"29-09-2024 10:38:40","level":"INFO","method":"GET","url":"/api/member/10/balance/trx-history?page=1&size=10","statusCode":200,"responseTime":"7ms","userAgent":"PostmanRuntime/7.42.0","requestBody":{}}
{"timestamp":"29-09-2024 10:41:09","level":"INFO","method":"GET","url":"/api/member/10/balance/trx-history?page=1&size=10&start_date&end_date","statusCode":200,"responseTime":"19ms","userAgent":"PostmanRuntime/7.42.0","requestBody":{}}
{"timestamp":"29-09-2024 10:42:54","level":"INFO","method":"GET","url":"/api/member/10/balance/trx-history?page=1&size=10&start_date=2024-09-26&end_date=2024-09-26","statusCode":200,"responseTime":"38ms","userAgent":"PostmanRuntime/7.42.0","requestBody":{}}
{"timestamp":"29-09-2024 10:43:21","level":"INFO","method":"GET","url":"/api/member/10/balance/trx-history?page=1&size=10&start_date=2024-09-26&end_date=2024-09-26","statusCode":200,"responseTime":"27ms","userAgent":"PostmanRuntime/7.42.0","requestBody":{}}
{"timestamp":"29-09-2024 10:43:44","level":"INFO","method":"GET","url":"/api/member/10/balance/trx-history?page=1&size=10&start_date=2024-09-26&end_date=2024-09-26","statusCode":200,"responseTime":"20ms","userAgent":"PostmanRuntime/7.42.0","requestBody":{}}
{"timestamp":"29-09-2024 10:50:27","level":"INFO","method":"GET","url":"/api/member/10/balance/trx-history?page=1&size=10","statusCode":200,"responseTime":"16ms","userAgent":"PostmanRuntime/7.42.0","requestBody":{}}
{"timestamp":"29-09-2024 11:04:56","level":"INFO","method":"GET","url":"/api/member/10/balance/trx-history?page=1&size=10","statusCode":200,"responseTime":"31ms","userAgent":"PostmanRuntime/7.42.0","requestBody":{}}
{"timestamp":"29-09-2024 11:05:34","level":"INFO","method":"GET","url":"/api/member/10/balance/trx-history?page=1&size=10","statusCode":200,"responseTime":"40ms","userAgent":"PostmanRuntime/7.42.0","requestBody":{}}
{"timestamp":"29-09-2024 11:08:01","level":"INFO","method":"GET","url":"/api/member/10/balance/trx-history?page=1&size=10","statusCode":401,"responseTime":"9ms","userAgent":"PostmanRuntime/7.42.0","requestBody":{}}
{"timestamp":"29-09-2024 11:08:08","level":"INFO","method":"POST","url":"/api/request-otp","statusCode":200,"responseTime":"2706ms","userAgent":"PostmanRuntime/7.42.0","requestBody":{"email":"rizky@gmail.com"}}
{"timestamp":"29-09-2024 11:08:22","level":"INFO","method":"POST","url":"/api/verify-otp","statusCode":200,"responseTime":"98ms","userAgent":"PostmanRuntime/7.42.0","requestBody":{"otp":"866982"}}
{"timestamp":"29-09-2024 11:10:42","level":"INFO","method":"GET","url":"/api/member/10/balance/trx-history?page=1&size=10","statusCode":200,"responseTime":"20ms","userAgent":"PostmanRuntime/7.42.0","requestBody":{}}
{"timestamp":"29-09-2024 11:11:33","level":"INFO","method":"GET","url":"/api/member/10/balance/trx-history?page=1&size=10","statusCode":200,"responseTime":"33ms","userAgent":"PostmanRuntime/7.42.0","requestBody":{}}
{"timestamp":"29-09-2024 11:12:11","level":"INFO","method":"GET","url":"/api/member/10/balance/trx-history?page=1&size=10","statusCode":200,"responseTime":"24ms","userAgent":"PostmanRuntime/7.42.0","requestBody":{}}
{"timestamp":"29-09-2024 11:12:46","level":"INFO","method":"GET","url":"/api/member/10/balance/trx-history","statusCode":200,"responseTime":"53ms","userAgent":"PostmanRuntime/7.42.0","requestBody":{}}
{"timestamp":"29-09-2024 11:14:52","level":"INFO","method":"GET","url":"/api/member/10/balance/trx-history?page=1&size=10","statusCode":200,"responseTime":"23ms","userAgent":"PostmanRuntime/7.42.0","requestBody":{}}
{"timestamp":"29-09-2024 11:14:57","level":"INFO","method":"GET","url":"/api/member/10/balance/trx-history?page=1&size=10&start_date=2024-09-26&end_date=2024-09-26","statusCode":200,"responseTime":"9ms","userAgent":"PostmanRuntime/7.42.0","requestBody":{}}
{"timestamp":"29-09-2024 11:15:37","level":"INFO","method":"GET","url":"/api/member/10/balance/trx-history?page=1&size=10&start_date=2024-09-26&end_date=2024-09-26","statusCode":200,"responseTime":"42ms","userAgent":"PostmanRuntime/7.42.0","requestBody":{}}
{"timestamp":"29-09-2024 11:23:03","level":"INFO","method":"GET","url":"/api/member/10/balance/trx-history?page=1&size=10&start_date=2024-09-26&end_date=2024-09-26","statusCode":200,"responseTime":"23ms","userAgent":"PostmanRuntime/7.42.0","requestBody":{}}
{"timestamp":"29-09-2024 11:26:05","level":"INFO","method":"GET","url":"/api/member/10/balance/trx-history?page=1&size=10&start_date=2024-09-26&end_date=2024-09-26","statusCode":200,"responseTime":"18ms","userAgent":"PostmanRuntime/7.42.0","requestBody":{}}
{"timestamp":"29-09-2024 11:26:10","level":"INFO","method":"GET","url":"/api/member/10/balance/trx-history?page=1&size=10","statusCode":200,"responseTime":"8ms","userAgent":"PostmanRuntime/7.42.0","requestBody":{}}
