{"timestamp":"22-09-2024 10:56:24","level":"INFO","method":"GET","url":"/api/reff/user-status","statusCode":401,"responseTime":"4ms","userAgent":"PostmanRuntime/7.42.0","requestBody":{}}
{"timestamp":"22-09-2024 11:01:34","level":"INFO","method":"POST","url":"/api/request-otp","statusCode":200,"responseTime":"3822ms","userAgent":"PostmanRuntime/7.42.0","requestBody":{"email":"fauzi442097@gmail.com"}}
{"timestamp":"22-09-2024 11:01:37","level":"INFO","method":"POST","url":"/api/verify-otp","statusCode":200,"responseTime":"3ms","userAgent":"PostmanRuntime/7.42.0","requestBody":{"email":"fauzi442097@gmail.com","otp":"186500"}}
{"timestamp":"22-09-2024 11:01:44","level":"INFO","method":"GET","url":"/api/ref/user-status","statusCode":401,"responseTime":"1ms","userAgent":"PostmanRuntime/7.42.0","requestBody":{}}
{"timestamp":"22-09-2024 11:01:54","level":"INFO","method":"GET","url":"/api/ref/user-status","statusCode":404,"responseTime":"4ms","userAgent":"PostmanRuntime/7.42.0","requestBody":{}}
{"timestamp":"22-09-2024 11:02:59","level":"INFO","method":"GET","url":"/api/ref/user-status","statusCode":404,"responseTime":"5ms","userAgent":"PostmanRuntime/7.42.0","requestBody":{}}
{"timestamp":"22-09-2024 11:03:37","level":"INFO","method":"GET","url":"/api/ref/user-status","statusCode":200,"responseTime":"31ms","userAgent":"PostmanRuntime/7.42.0","requestBody":{}}
{"timestamp":"22-09-2024 11:06:29","level":"INFO","method":"GET","url":"/api/ref/user-status","statusCode":200,"responseTime":"80ms","userAgent":"PostmanRuntime/7.42.0","requestBody":{}}
{"timestamp":"22-09-2024 11:09:34","level":"INFO","method":"GET","url":"/api/ref/user-status/1","statusCode":401,"responseTime":"3ms","userAgent":"PostmanRuntime/7.42.0","requestBody":{}}
{"timestamp":"22-09-2024 11:09:43","level":"INFO","method":"GET","url":"/api/ref/user-status/1","statusCode":404,"responseTime":"13ms","userAgent":"PostmanRuntime/7.42.0","requestBody":{}}
{"0":"W","1":"H","2":"E","3":"R","4":"E","5":" ","6":"p","7":"a","8":"r","9":"a","10":"m","11":"e","12":"t","13":"e","14":"r","15":" ","16":"\"","17":"i","18":"d","19":"\"","20":" ","21":"h","22":"a","23":"s","24":" ","25":"i","26":"n","27":"v","28":"a","29":"l","30":"i","31":"d","32":" ","33":"\"","34":"u","35":"n","36":"d","37":"e","38":"f","39":"i","40":"n","41":"e","42":"d","43":"\"","44":" ","45":"v","46":"a","47":"l","48":"u","49":"e","timestamp":"22-09-2024 11:10:00","level":"ERROR"}
{"timestamp":"22-09-2024 11:10:00","level":"INFO","method":"GET","url":"/api/ref/user-status/1","statusCode":500,"responseTime":"38ms","userAgent":"PostmanRuntime/7.42.0","requestBody":{}}
{"0":"W","1":"H","2":"E","3":"R","4":"E","5":" ","6":"p","7":"a","8":"r","9":"a","10":"m","11":"e","12":"t","13":"e","14":"r","15":" ","16":"\"","17":"i","18":"d","19":"\"","20":" ","21":"h","22":"a","23":"s","24":" ","25":"i","26":"n","27":"v","28":"a","29":"l","30":"i","31":"d","32":" ","33":"\"","34":"u","35":"n","36":"d","37":"e","38":"f","39":"i","40":"n","41":"e","42":"d","43":"\"","44":" ","45":"v","46":"a","47":"l","48":"u","49":"e","timestamp":"22-09-2024 11:10:17","level":"ERROR"}
{"timestamp":"22-09-2024 11:10:17","level":"INFO","method":"GET","url":"/api/ref/user-status/1","statusCode":500,"responseTime":"28ms","userAgent":"PostmanRuntime/7.42.0","requestBody":{}}
{"0":"i","1":"n","2":"v","3":"a","4":"l","5":"i","6":"d","7":" ","8":"i","9":"n","10":"p","11":"u","12":"t","13":" ","14":"s","15":"y","16":"n","17":"t","18":"a","19":"x","20":" ","21":"f","22":"o","23":"r","24":" ","25":"t","26":"y","27":"p","28":"e","29":" ","30":"s","31":"m","32":"a","33":"l","34":"l","35":"i","36":"n","37":"t","38":":","39":" ","40":"\"","41":"[","42":"o","43":"b","44":"j","45":"e","46":"c","47":"t","48":" ","49":"O","50":"b","51":"j","52":"e","53":"c","54":"t","55":"]","56":"\"","timestamp":"22-09-2024 11:10:29","level":"ERROR"}
{"timestamp":"22-09-2024 11:10:29","level":"INFO","method":"GET","url":"/api/ref/user-status/1","statusCode":500,"responseTime":"134ms","userAgent":"PostmanRuntime/7.42.0","requestBody":{}}
{"timestamp":"22-09-2024 11:10:55","level":"INFO","method":"GET","url":"/api/ref/user-status/1","statusCode":200,"responseTime":"97ms","userAgent":"PostmanRuntime/7.42.0","requestBody":{}}
{"timestamp":"22-09-2024 11:11:40","level":"INFO","method":"GET","url":"/api/ref/user-status/1","statusCode":200,"responseTime":"82ms","userAgent":"PostmanRuntime/7.42.0","requestBody":{}}
{"timestamp":"22-09-2024 11:12:09","level":"INFO","method":"GET","url":"/api/ref/user-status/3","statusCode":200,"responseTime":"40ms","userAgent":"PostmanRuntime/7.42.0","requestBody":{}}
{"timestamp":"22-09-2024 11:12:12","level":"INFO","method":"GET","url":"/api/ref/user-status/5","statusCode":200,"responseTime":"7ms","userAgent":"PostmanRuntime/7.42.0","requestBody":{}}
{"timestamp":"22-09-2024 11:12:32","level":"INFO","method":"GET","url":"/api/ref/user-status/5","statusCode":200,"responseTime":"114ms","userAgent":"PostmanRuntime/7.42.0","requestBody":{}}
{"timestamp":"22-09-2024 11:12:48","level":"INFO","method":"GET","url":"/api/ref/user-status/5","statusCode":404,"responseTime":"245ms","userAgent":"PostmanRuntime/7.42.0","requestBody":{}}
{"timestamp":"22-09-2024 11:12:50","level":"INFO","method":"GET","url":"/api/ref/user-status/5","statusCode":404,"responseTime":"8ms","userAgent":"PostmanRuntime/7.42.0","requestBody":{}}
{"timestamp":"22-09-2024 11:12:59","level":"INFO","method":"GET","url":"/api/ref/user-status/5","statusCode":404,"responseTime":"95ms","userAgent":"PostmanRuntime/7.42.0","requestBody":{}}
{"timestamp":"22-09-2024 11:19:05","level":"INFO","method":"GET","url":"/api/ref/user-status","statusCode":200,"responseTime":"107ms","userAgent":"PostmanRuntime/7.42.0","requestBody":{}}
{"timestamp":"22-09-2024 11:19:34","level":"INFO","method":"GET","url":"/api/ref/user-status","statusCode":200,"responseTime":"81ms","userAgent":"PostmanRuntime/7.42.0","requestBody":{}}
{"timestamp":"22-09-2024 11:19:59","level":"INFO","method":"GET","url":"/api/ref/user-status","statusCode":200,"responseTime":"139ms","userAgent":"PostmanRuntime/7.42.0","requestBody":{}}
{"timestamp":"22-09-2024 11:20:54","level":"INFO","method":"GET","url":"/api/ref/user-status","statusCode":200,"responseTime":"114ms","userAgent":"PostmanRuntime/7.42.0","requestBody":{}}
{"timestamp":"22-09-2024 11:22:03","level":"INFO","method":"GET","url":"/api/ref/user-status","statusCode":200,"responseTime":"81ms","userAgent":"PostmanRuntime/7.42.0","requestBody":{}}
{"timestamp":"22-09-2024 11:22:10","level":"INFO","method":"GET","url":"/api/ref/user-status","statusCode":200,"responseTime":"408ms","userAgent":"PostmanRuntime/7.42.0","requestBody":{}}
{"timestamp":"22-09-2024 11:23:00","level":"INFO","method":"GET","url":"/api/ref/user-status","statusCode":200,"responseTime":"107ms","userAgent":"PostmanRuntime/7.42.0","requestBody":{}}
{"0":"m","1":"o","2":"d","3":"e","4":"l","5":"N","6":"a","7":"m","8":"e","9":".","10":"f","11":"i","12":"n","13":"d","14":"A","15":"l","16":"l","17":" ","18":"i","19":"s","20":" ","21":"n","22":"o","23":"t","24":" ","25":"a","26":" ","27":"f","28":"u","29":"n","30":"c","31":"t","32":"i","33":"o","34":"n","timestamp":"22-09-2024 11:23:15","level":"ERROR"}
{"timestamp":"22-09-2024 11:23:15","level":"INFO","method":"GET","url":"/api/ref/user-status","statusCode":500,"responseTime":"12ms","userAgent":"PostmanRuntime/7.42.0","requestBody":{}}
{"0":"C","1":"a","2":"n","3":"n","4":"o","5":"t","6":" ","7":"r","8":"e","9":"a","10":"d","11":" ","12":"p","13":"r","14":"o","15":"p","16":"e","17":"r","18":"t","19":"i","20":"e","21":"s","22":" ","23":"o","24":"f","25":" ","26":"u","27":"n","28":"d","29":"e","30":"f","31":"i","32":"n","33":"e","34":"d","35":" ","36":"(","37":"r","38":"e","39":"a","40":"d","41":"i","42":"n","43":"g","44":" ","45":"'","46":"f","47":"i","48":"n","49":"d","50":"A","51":"l","52":"l","53":"'","54":")","timestamp":"22-09-2024 11:24:59","level":"ERROR"}
{"timestamp":"22-09-2024 11:24:59","level":"INFO","method":"GET","url":"/api/ref/user-status","statusCode":500,"responseTime":"13ms","userAgent":"PostmanRuntime/7.42.0","requestBody":{}}
{"0":"C","1":"a","2":"n","3":"n","4":"o","5":"t","6":" ","7":"r","8":"e","9":"a","10":"d","11":" ","12":"p","13":"r","14":"o","15":"p","16":"e","17":"r","18":"t","19":"i","20":"e","21":"s","22":" ","23":"o","24":"f","25":" ","26":"u","27":"n","28":"d","29":"e","30":"f","31":"i","32":"n","33":"e","34":"d","35":" ","36":"(","37":"r","38":"e","39":"a","40":"d","41":"i","42":"n","43":"g","44":" ","45":"'","46":"f","47":"i","48":"n","49":"d","50":"A","51":"l","52":"l","53":"'","54":")","timestamp":"22-09-2024 11:25:16","level":"ERROR"}
{"timestamp":"22-09-2024 11:25:16","level":"INFO","method":"GET","url":"/api/ref/user-status","statusCode":500,"responseTime":"19ms","userAgent":"PostmanRuntime/7.42.0","requestBody":{}}
{"0":"C","1":"a","2":"n","3":"n","4":"o","5":"t","6":" ","7":"r","8":"e","9":"a","10":"d","11":" ","12":"p","13":"r","14":"o","15":"p","16":"e","17":"r","18":"t","19":"i","20":"e","21":"s","22":" ","23":"o","24":"f","25":" ","26":"u","27":"n","28":"d","29":"e","30":"f","31":"i","32":"n","33":"e","34":"d","35":" ","36":"(","37":"r","38":"e","39":"a","40":"d","41":"i","42":"n","43":"g","44":" ","45":"'","46":"f","47":"i","48":"n","49":"d","50":"A","51":"l","52":"l","53":"'","54":")","timestamp":"22-09-2024 11:25:25","level":"ERROR"}
{"timestamp":"22-09-2024 11:25:25","level":"INFO","method":"GET","url":"/api/ref/user-status","statusCode":500,"responseTime":"63ms","userAgent":"PostmanRuntime/7.42.0","requestBody":{}}
{"timestamp":"22-09-2024 11:26:06","level":"INFO","method":"GET","url":"/api/ref/user-status","statusCode":200,"responseTime":"85ms","userAgent":"PostmanRuntime/7.42.0","requestBody":{}}
{"0":"C","1":"a","2":"n","3":"n","4":"o","5":"t","6":" ","7":"r","8":"e","9":"a","10":"d","11":" ","12":"p","13":"r","14":"o","15":"p","16":"e","17":"r","18":"t","19":"i","20":"e","21":"s","22":" ","23":"o","24":"f","25":" ","26":"u","27":"n","28":"d","29":"e","30":"f","31":"i","32":"n","33":"e","34":"d","35":" ","36":"(","37":"r","38":"e","39":"a","40":"d","41":"i","42":"n","43":"g","44":" ","45":"'","46":"f","47":"i","48":"n","49":"d","50":"A","51":"l","52":"l","53":"'","54":")","timestamp":"22-09-2024 11:26:15","level":"ERROR"}
{"timestamp":"22-09-2024 11:26:15","level":"INFO","method":"GET","url":"/api/ref/user-status","statusCode":500,"responseTime":"22ms","userAgent":"PostmanRuntime/7.42.0","requestBody":{}}
{"0":"C","1":"a","2":"n","3":"n","4":"o","5":"t","6":" ","7":"r","8":"e","9":"a","10":"d","11":" ","12":"p","13":"r","14":"o","15":"p","16":"e","17":"r","18":"t","19":"i","20":"e","21":"s","22":" ","23":"o","24":"f","25":" ","26":"u","27":"n","28":"d","29":"e","30":"f","31":"i","32":"n","33":"e","34":"d","35":" ","36":"(","37":"r","38":"e","39":"a","40":"d","41":"i","42":"n","43":"g","44":" ","45":"'","46":"f","47":"i","48":"n","49":"d","50":"A","51":"l","52":"l","53":"'","54":")","timestamp":"22-09-2024 11:26:16","level":"ERROR"}
{"timestamp":"22-09-2024 11:26:16","level":"INFO","method":"GET","url":"/api/ref/user-status","statusCode":500,"responseTime":"5ms","userAgent":"PostmanRuntime/7.42.0","requestBody":{}}
{"timestamp":"22-09-2024 11:26:27","level":"INFO","method":"GET","url":"/api/ref/user-status","statusCode":200,"responseTime":"90ms","userAgent":"PostmanRuntime/7.42.0","requestBody":{}}
{"0":"C","1":"a","2":"n","3":"n","4":"o","5":"t","6":" ","7":"r","8":"e","9":"a","10":"d","11":" ","12":"p","13":"r","14":"o","15":"p","16":"e","17":"r","18":"t","19":"i","20":"e","21":"s","22":" ","23":"o","24":"f","25":" ","26":"u","27":"n","28":"d","29":"e","30":"f","31":"i","32":"n","33":"e","34":"d","35":" ","36":"(","37":"r","38":"e","39":"a","40":"d","41":"i","42":"n","43":"g","44":" ","45":"'","46":"f","47":"i","48":"n","49":"d","50":"A","51":"l","52":"l","53":"'","54":")","timestamp":"22-09-2024 11:26:49","level":"ERROR"}
{"timestamp":"22-09-2024 11:26:49","level":"INFO","method":"GET","url":"/api/ref/user-status","statusCode":500,"responseTime":"15ms","userAgent":"PostmanRuntime/7.42.0","requestBody":{}}
{"0":"C","1":"a","2":"n","3":"n","4":"o","5":"t","6":" ","7":"r","8":"e","9":"a","10":"d","11":" ","12":"p","13":"r","14":"o","15":"p","16":"e","17":"r","18":"t","19":"i","20":"e","21":"s","22":" ","23":"o","24":"f","25":" ","26":"u","27":"n","28":"d","29":"e","30":"f","31":"i","32":"n","33":"e","34":"d","35":" ","36":"(","37":"r","38":"e","39":"a","40":"d","41":"i","42":"n","43":"g","44":" ","45":"'","46":"f","47":"i","48":"n","49":"d","50":"A","51":"l","52":"l","53":"'","54":")","timestamp":"22-09-2024 11:27:05","level":"ERROR"}
{"timestamp":"22-09-2024 11:27:05","level":"INFO","method":"GET","url":"/api/ref/user-status","statusCode":500,"responseTime":"12ms","userAgent":"PostmanRuntime/7.42.0","requestBody":{}}
{"0":"C","1":"a","2":"n","3":"n","4":"o","5":"t","6":" ","7":"r","8":"e","9":"a","10":"d","11":" ","12":"p","13":"r","14":"o","15":"p","16":"e","17":"r","18":"t","19":"i","20":"e","21":"s","22":" ","23":"o","24":"f","25":" ","26":"u","27":"n","28":"d","29":"e","30":"f","31":"i","32":"n","33":"e","34":"d","35":" ","36":"(","37":"r","38":"e","39":"a","40":"d","41":"i","42":"n","43":"g","44":" ","45":"'","46":"f","47":"i","48":"n","49":"d","50":"A","51":"l","52":"l","53":"'","54":")","timestamp":"22-09-2024 11:28:14","level":"ERROR"}
{"timestamp":"22-09-2024 11:28:14","level":"INFO","method":"GET","url":"/api/ref/user-status","statusCode":500,"responseTime":"12ms","userAgent":"PostmanRuntime/7.42.0","requestBody":{}}
{"timestamp":"22-09-2024 11:29:28","level":"INFO","method":"GET","url":"/api/ref/user-status","statusCode":200,"responseTime":"13ms","userAgent":"PostmanRuntime/7.42.0","requestBody":{}}
{"timestamp":"22-09-2024 11:29:32","level":"INFO","method":"GET","url":"/api/ref/user-status/5","statusCode":404,"responseTime":"4ms","userAgent":"PostmanRuntime/7.42.0","requestBody":{}}
{"timestamp":"22-09-2024 11:29:36","level":"INFO","method":"GET","url":"/api/ref/user-status/1","statusCode":200,"responseTime":"19ms","userAgent":"PostmanRuntime/7.42.0","requestBody":{}}
{"0":"C","1":"a","2":"n","3":"n","4":"o","5":"t","6":" ","7":"r","8":"e","9":"a","10":"d","11":" ","12":"p","13":"r","14":"o","15":"p","16":"e","17":"r","18":"t","19":"i","20":"e","21":"s","22":" ","23":"o","24":"f","25":" ","26":"u","27":"n","28":"d","29":"e","30":"f","31":"i","32":"n","33":"e","34":"d","35":" ","36":"(","37":"r","38":"e","39":"a","40":"d","41":"i","42":"n","43":"g","44":" ","45":"'","46":"f","47":"i","48":"n","49":"d","50":"A","51":"l","52":"l","53":"'","54":")","timestamp":"22-09-2024 11:57:22","level":"ERROR"}
{"timestamp":"22-09-2024 11:57:22","level":"INFO","method":"GET","url":"/api/ref/ranking-req","statusCode":500,"responseTime":"15ms","userAgent":"PostmanRuntime/7.42.0","requestBody":{}}
{"timestamp":"22-09-2024 11:58:23","level":"INFO","method":"GET","url":"/api/ref/ranking-req","statusCode":200,"responseTime":"27ms","userAgent":"PostmanRuntime/7.42.0","requestBody":{}}
{"timestamp":"22-09-2024 11:59:09","level":"INFO","method":"GET","url":"/api/ref/ranking-req/1","statusCode":401,"responseTime":"0ms","userAgent":"PostmanRuntime/7.42.0","requestBody":{}}
{"timestamp":"22-09-2024 11:59:14","level":"INFO","method":"GET","url":"/api/ref/ranking-req/1","statusCode":200,"responseTime":"33ms","userAgent":"PostmanRuntime/7.42.0","requestBody":{}}
{"timestamp":"22-09-2024 11:59:49","level":"INFO","method":"GET","url":"/api/ref/ranking-req/1","statusCode":200,"responseTime":"29ms","userAgent":"PostmanRuntime/7.42.0","requestBody":{}}
{"timestamp":"22-09-2024 12:00:20","level":"INFO","method":"GET","url":"/api/ref/ranking-req/1","statusCode":404,"responseTime":"11ms","userAgent":"PostmanRuntime/7.42.0","requestBody":{}}
{"timestamp":"22-09-2024 12:00:34","level":"INFO","method":"GET","url":"/api/ref/ranking-req/activated","statusCode":200,"responseTime":"43ms","userAgent":"PostmanRuntime/7.42.0","requestBody":{}}
{"timestamp":"22-09-2024 12:02:43","level":"INFO","method":"POST","url":"/api/ref/ranking-req","statusCode":401,"responseTime":"2ms","userAgent":"PostmanRuntime/7.42.0","requestBody":{}}
{"timestamp":"22-09-2024 12:03:55","level":"INFO","method":"POST","url":"/api/ref/ranking-req","statusCode":401,"responseTime":"2ms","userAgent":"PostmanRuntime/7.42.0","requestBody":{"ranking_req_type_name":"Ranking Top Level"}}
{"timestamp":"22-09-2024 12:05:10","level":"INFO","method":"POST","url":"/api/ref/ranking-req","statusCode":401,"responseTime":"4ms","userAgent":"PostmanRuntime/7.42.0","requestBody":{"ranking_req_type_name":"Ranking Top Level"}}
{"timestamp":"22-09-2024 12:05:19","level":"INFO","method":"GET","url":"/api/ref/ranking-req/activated","statusCode":401,"responseTime":"7ms","userAgent":"PostmanRuntime/7.42.0","requestBody":{}}
{"timestamp":"22-09-2024 12:05:27","level":"INFO","method":"POST","url":"/api/request-otp","statusCode":200,"responseTime":"3838ms","userAgent":"PostmanRuntime/7.42.0","requestBody":{"email":"fauzi442097@gmail.com"}}
{"timestamp":"22-09-2024 12:05:29","level":"INFO","method":"POST","url":"/api/verify-otp","statusCode":200,"responseTime":"2ms","userAgent":"PostmanRuntime/7.42.0","requestBody":{"email":"fauzi442097@gmail.com","otp":"186500"}}
{"timestamp":"22-09-2024 12:05:32","level":"INFO","method":"GET","url":"/api/ref/ranking-req","statusCode":200,"responseTime":"51ms","userAgent":"PostmanRuntime/7.42.0","requestBody":{}}
{"timestamp":"22-09-2024 12:05:35","level":"INFO","method":"POST","url":"/api/ref/ranking-req","statusCode":200,"responseTime":"4ms","userAgent":"PostmanRuntime/7.42.0","requestBody":{"ranking_req_type_name":"Ranking Top Level"}}
{"timestamp":"22-09-2024 12:06:19","level":"INFO","method":"POST","url":"/api/ref/ranking-req","statusCode":200,"responseTime":"6ms","userAgent":"PostmanRuntime/7.42.0","requestBody":{"ranking_req_type_name":"Ranking Top Level"}}
{"0":"i","1":"d","2":" ","3":"i","4":"s","5":" ","6":"n","7":"o","8":"t","9":" ","10":"d","11":"e","12":"f","13":"i","14":"n","15":"e","16":"d","timestamp":"22-09-2024 12:09:15","level":"ERROR"}
{"timestamp":"22-09-2024 12:09:15","level":"INFO","method":"POST","url":"/api/ref/ranking-req","statusCode":500,"responseTime":"11ms","userAgent":"PostmanRuntime/7.42.0","requestBody":{"ranking_req_type_name":"Ranking Top Level"}}
{"0":"n","1":"o","2":"t","3":"N","4":"u","5":"l","6":"l","7":" ","8":"V","9":"i","10":"o","11":"l","12":"a","13":"t","14":"i","15":"o","16":"n","17":":","18":" ","19":"r","20":"e","21":"f","22":"f","23":"_","24":"r","25":"a","26":"n","27":"k","28":"i","29":"n","30":"g","31":"_","32":"r","33":"e","34":"q","35":"_","36":"t","37":"y","38":"p","39":"e","40":".","41":"r","42":"a","43":"n","44":"k","45":"i","46":"n","47":"g","48":"_","49":"r","50":"e","51":"q","52":"_","53":"t","54":"y","55":"p","56":"e","57":"_","58":"n","59":"m","60":" ","61":"c","62":"a","63":"n","64":"n","65":"o","66":"t","67":" ","68":"b","69":"e","70":" ","71":"n","72":"u","73":"l","74":"l","timestamp":"22-09-2024 12:10:45","level":"ERROR"}
{"timestamp":"22-09-2024 12:10:45","level":"INFO","method":"POST","url":"/api/ref/ranking-req","statusCode":500,"responseTime":"12ms","userAgent":"PostmanRuntime/7.42.0","requestBody":{"ranking_req_type_name":"Ranking Top Level"}}
{"0":"n","1":"o","2":"t","3":"N","4":"u","5":"l","6":"l","7":" ","8":"V","9":"i","10":"o","11":"l","12":"a","13":"t","14":"i","15":"o","16":"n","17":":","18":" ","19":"r","20":"e","21":"f","22":"f","23":"_","24":"r","25":"a","26":"n","27":"k","28":"i","29":"n","30":"g","31":"_","32":"r","33":"e","34":"q","35":"_","36":"t","37":"y","38":"p","39":"e","40":".","41":"r","42":"a","43":"n","44":"k","45":"i","46":"n","47":"g","48":"_","49":"r","50":"e","51":"q","52":"_","53":"t","54":"y","55":"p","56":"e","57":"_","58":"n","59":"m","60":" ","61":"c","62":"a","63":"n","64":"n","65":"o","66":"t","67":" ","68":"b","69":"e","70":" ","71":"n","72":"u","73":"l","74":"l","timestamp":"22-09-2024 12:11:08","level":"ERROR"}
{"timestamp":"22-09-2024 12:11:08","level":"INFO","method":"POST","url":"/api/ref/ranking-req","statusCode":500,"responseTime":"18ms","userAgent":"PostmanRuntime/7.42.0","requestBody":{"ranking_req_type_name":"Ranking Top Level"}}
{"0":"n","1":"o","2":"t","3":"N","4":"u","5":"l","6":"l","7":" ","8":"V","9":"i","10":"o","11":"l","12":"a","13":"t","14":"i","15":"o","16":"n","17":":","18":" ","19":"r","20":"e","21":"f","22":"f","23":"_","24":"r","25":"a","26":"n","27":"k","28":"i","29":"n","30":"g","31":"_","32":"r","33":"e","34":"q","35":"_","36":"t","37":"y","38":"p","39":"e","40":".","41":"r","42":"a","43":"n","44":"k","45":"i","46":"n","47":"g","48":"_","49":"r","50":"e","51":"q","52":"_","53":"t","54":"y","55":"p","56":"e","57":"_","58":"n","59":"m","60":" ","61":"c","62":"a","63":"n","64":"n","65":"o","66":"t","67":" ","68":"b","69":"e","70":" ","71":"n","72":"u","73":"l","74":"l","timestamp":"22-09-2024 12:11:41","level":"ERROR"}
{"timestamp":"22-09-2024 12:11:41","level":"INFO","method":"POST","url":"/api/ref/ranking-req","statusCode":500,"responseTime":"15ms","userAgent":"PostmanRuntime/7.42.0","requestBody":{"ranking_req_type_name":"Ranking Top Level"}}
{"timestamp":"22-09-2024 12:12:27","level":"INFO","method":"POST","url":"/api/ref/ranking-req","statusCode":200,"responseTime":"16ms","userAgent":"PostmanRuntime/7.42.0","requestBody":{"ranking_req_type_nm":"Ranking Top Level"}}
{"0":"V","1":"a","2":"l","3":"i","4":"d","5":"a","6":"t","7":"i","8":"o","9":"n","10":" ","11":"e","12":"r","13":"r","14":"o","15":"r","timestamp":"22-09-2024 12:13:32","level":"ERROR"}
{"timestamp":"22-09-2024 12:13:32","level":"INFO","method":"POST","url":"/api/ref/ranking-req","statusCode":500,"responseTime":"27ms","userAgent":"PostmanRuntime/7.42.0","requestBody":{"ranking_req_type_nm":"Ranking Top Level"}}
{"0":"C","1":"a","2":"n","3":"n","4":"o","5":"t","6":" ","7":"r","8":"e","9":"a","10":"d","11":" ","12":"p","13":"r","14":"o","15":"p","16":"e","17":"r","18":"t","19":"i","20":"e","21":"s","22":" ","23":"o","24":"f","25":" ","26":"u","27":"n","28":"d","29":"e","30":"f","31":"i","32":"n","33":"e","34":"d","35":" ","36":"(","37":"r","38":"e","39":"a","40":"d","41":"i","42":"n","43":"g","44":" ","45":"'","46":"c","47":"r","48":"e","49":"a","50":"t","51":"e","52":"'","53":")","timestamp":"22-09-2024 12:13:58","level":"ERROR"}
{"timestamp":"22-09-2024 12:13:58","level":"INFO","method":"POST","url":"/api/ref/ranking-req","statusCode":500,"responseTime":"13ms","userAgent":"PostmanRuntime/7.42.0","requestBody":{"ranking_req_type_nm":"Ranking Top Level"}}
{"0":"V","1":"a","2":"l","3":"i","4":"d","5":"a","6":"t","7":"i","8":"o","9":"n","10":" ","11":"e","12":"r","13":"r","14":"o","15":"r","timestamp":"22-09-2024 12:14:30","level":"ERROR"}
{"timestamp":"22-09-2024 12:14:30","level":"INFO","method":"POST","url":"/api/ref/ranking-req","statusCode":500,"responseTime":"21ms","userAgent":"PostmanRuntime/7.42.0","requestBody":{"ranking_req_type_nm":"Ranking Top Level"}}
{"0":"V","1":"a","2":"l","3":"i","4":"d","5":"a","6":"t","7":"i","8":"o","9":"n","10":" ","11":"e","12":"r","13":"r","14":"o","15":"r","timestamp":"22-09-2024 12:14:59","level":"ERROR"}
{"timestamp":"22-09-2024 12:14:59","level":"INFO","method":"POST","url":"/api/ref/ranking-req","statusCode":500,"responseTime":"31ms","userAgent":"PostmanRuntime/7.42.0","requestBody":{"ranking_req_type_nm":"Ranking Top Level"}}
{"0":"V","1":"a","2":"l","3":"i","4":"d","5":"a","6":"t","7":"i","8":"o","9":"n","10":" ","11":"e","12":"r","13":"r","14":"o","15":"r","timestamp":"22-09-2024 12:15:10","level":"ERROR"}
{"timestamp":"22-09-2024 12:15:10","level":"INFO","method":"POST","url":"/api/ref/ranking-req","statusCode":500,"responseTime":"34ms","userAgent":"PostmanRuntime/7.42.0","requestBody":{"ranking_req_type_nm":"Ranking Top Level"}}
{"0":"V","1":"a","2":"l","3":"i","4":"d","5":"a","6":"t","7":"i","8":"o","9":"n","10":" ","11":"e","12":"r","13":"r","14":"o","15":"r","timestamp":"22-09-2024 12:15:37","level":"ERROR"}
{"timestamp":"22-09-2024 12:15:37","level":"INFO","method":"POST","url":"/api/ref/ranking-req","statusCode":500,"responseTime":"26ms","userAgent":"PostmanRuntime/7.42.0","requestBody":{"ranking_req_type_nm":"Ranking Top Level"}}
{"0":"V","1":"a","2":"l","3":"i","4":"d","5":"a","6":"t","7":"i","8":"o","9":"n","10":" ","11":"e","12":"r","13":"r","14":"o","15":"r","timestamp":"22-09-2024 12:16:04","level":"ERROR"}
{"timestamp":"22-09-2024 12:16:04","level":"INFO","method":"POST","url":"/api/ref/ranking-req","statusCode":500,"responseTime":"26ms","userAgent":"PostmanRuntime/7.42.0","requestBody":{"ranking_req_type_nm":"Ranking Top Level"}}
{"0":"V","1":"a","2":"l","3":"i","4":"d","5":"a","6":"t","7":"i","8":"o","9":"n","10":" ","11":"e","12":"r","13":"r","14":"o","15":"r","timestamp":"22-09-2024 12:16:13","level":"ERROR"}
{"timestamp":"22-09-2024 12:16:13","level":"INFO","method":"POST","url":"/api/ref/ranking-req","statusCode":500,"responseTime":"28ms","userAgent":"PostmanRuntime/7.42.0","requestBody":{"ranking_req_type_nm":"Ranking Top Level"}}
{"0":"V","1":"a","2":"l","3":"i","4":"d","5":"a","6":"t","7":"i","8":"o","9":"n","10":" ","11":"e","12":"r","13":"r","14":"o","15":"r","timestamp":"22-09-2024 12:18:40","level":"ERROR"}
{"timestamp":"22-09-2024 12:18:40","level":"INFO","method":"POST","url":"/api/ref/ranking-req","statusCode":500,"responseTime":"49ms","userAgent":"PostmanRuntime/7.42.0","requestBody":{"ranking_req_type_nm":"Ranking Top Level"}}
{"0":"n","1":"o","2":"t","3":"N","4":"u","5":"l","6":"l","7":" ","8":"V","9":"i","10":"o","11":"l","12":"a","13":"t","14":"i","15":"o","16":"n","17":":","18":" ","19":"r","20":"e","21":"f","22":"f","23":"_","24":"r","25":"a","26":"n","27":"k","28":"i","29":"n","30":"g","31":"_","32":"r","33":"e","34":"q","35":"_","36":"t","37":"y","38":"p","39":"e","40":".","41":"i","42":"d","43":" ","44":"c","45":"a","46":"n","47":"n","48":"o","49":"t","50":" ","51":"b","52":"e","53":" ","54":"n","55":"u","56":"l","57":"l","timestamp":"22-09-2024 12:22:35","level":"ERROR"}
{"timestamp":"22-09-2024 12:22:35","level":"INFO","method":"POST","url":"/api/ref/ranking-req","statusCode":500,"responseTime":"13ms","userAgent":"PostmanRuntime/7.42.0","requestBody":{"ranking_req_type_nm":"Ranking Top Level"}}
{"0":"n","1":"o","2":"t","3":"N","4":"u","5":"l","6":"l","7":" ","8":"V","9":"i","10":"o","11":"l","12":"a","13":"t","14":"i","15":"o","16":"n","17":":","18":" ","19":"r","20":"e","21":"f","22":"f","23":"_","24":"r","25":"a","26":"n","27":"k","28":"i","29":"n","30":"g","31":"_","32":"r","33":"e","34":"q","35":"_","36":"t","37":"y","38":"p","39":"e","40":".","41":"i","42":"d","43":" ","44":"c","45":"a","46":"n","47":"n","48":"o","49":"t","50":" ","51":"b","52":"e","53":" ","54":"n","55":"u","56":"l","57":"l","timestamp":"22-09-2024 12:22:57","level":"ERROR"}
{"timestamp":"22-09-2024 12:22:57","level":"INFO","method":"POST","url":"/api/ref/ranking-req","statusCode":500,"responseTime":"14ms","userAgent":"PostmanRuntime/7.42.0","requestBody":{"ranking_req_type_nm":"Ranking Top Level"}}
{"timestamp":"22-09-2024 12:23:46","level":"INFO","method":"POST","url":"/api/ref/ranking-req","statusCode":200,"responseTime":"12ms","userAgent":"PostmanRuntime/7.42.0","requestBody":{"ranking_req_type_nm":"Ranking Top Level"}}
{"timestamp":"22-09-2024 12:23:49","level":"INFO","method":"GET","url":"/api/ref/ranking-req","statusCode":200,"responseTime":"11ms","userAgent":"PostmanRuntime/7.42.0","requestBody":{}}
{"timestamp":"22-09-2024 12:24:02","level":"INFO","method":"GET","url":"/api/ref/ranking-req/activated","statusCode":200,"responseTime":"51ms","userAgent":"PostmanRuntime/7.42.0","requestBody":{}}
{"timestamp":"22-09-2024 12:24:32","level":"INFO","method":"GET","url":"/api/ref/ranking-req/activated","statusCode":200,"responseTime":"35ms","userAgent":"PostmanRuntime/7.42.0","requestBody":{}}
{"0":"V","1":"a","2":"l","3":"i","4":"d","5":"a","6":"t","7":"i","8":"o","9":"n","10":" ","11":"e","12":"r","13":"r","14":"o","15":"r","timestamp":"22-09-2024 12:24:37","level":"ERROR"}
{"timestamp":"22-09-2024 12:24:37","level":"INFO","method":"POST","url":"/api/ref/ranking-req","statusCode":500,"responseTime":"34ms","userAgent":"PostmanRuntime/7.42.0","requestBody":{"ranking_req_type_nm":"Ranking Top Level"}}
{"timestamp":"22-09-2024 02:16:17","level":"INFO","method":"GET","url":"/api/config/level","statusCode":401,"responseTime":"4ms","userAgent":"PostmanRuntime/7.42.0","requestBody":{}}
{"timestamp":"22-09-2024 02:23:16","level":"INFO","method":"GET","url":"/api/config/level","statusCode":401,"responseTime":"6ms","userAgent":"PostmanRuntime/7.42.0","requestBody":{}}
{"0":"C","1":"a","2":"n","3":"n","4":"o","5":"t","6":" ","7":"r","8":"e","9":"a","10":"d","11":" ","12":"p","13":"r","14":"o","15":"p","16":"e","17":"r","18":"t","19":"i","20":"e","21":"s","22":" ","23":"o","24":"f","25":" ","26":"u","27":"n","28":"d","29":"e","30":"f","31":"i","32":"n","33":"e","34":"d","35":" ","36":"(","37":"r","38":"e","39":"a","40":"d","41":"i","42":"n","43":"g","44":" ","45":"'","46":"f","47":"i","48":"n","49":"d","50":"O","51":"n","52":"e","53":"'","54":")","timestamp":"22-09-2024 02:25:14","level":"ERROR"}
{"timestamp":"22-09-2024 02:25:14","level":"INFO","method":"POST","url":"/api/request-otp","statusCode":500,"responseTime":"23ms","userAgent":"PostmanRuntime/7.42.0","requestBody":{"email":"fauzi442097@gmail.com"}}
{"0":"C","1":"a","2":"n","3":"n","4":"o","5":"t","6":" ","7":"r","8":"e","9":"a","10":"d","11":" ","12":"p","13":"r","14":"o","15":"p","16":"e","17":"r","18":"t","19":"i","20":"e","21":"s","22":" ","23":"o","24":"f","25":" ","26":"u","27":"n","28":"d","29":"e","30":"f","31":"i","32":"n","33":"e","34":"d","35":" ","36":"(","37":"r","38":"e","39":"a","40":"d","41":"i","42":"n","43":"g","44":" ","45":"'","46":"f","47":"i","48":"n","49":"d","50":"O","51":"n","52":"e","53":"'","54":")","timestamp":"22-09-2024 02:25:17","level":"ERROR"}
{"timestamp":"22-09-2024 02:25:17","level":"INFO","method":"POST","url":"/api/request-otp","statusCode":500,"responseTime":"13ms","userAgent":"PostmanRuntime/7.42.0","requestBody":{"email":"fauzi442097@gmail.com"}}
{"0":"c","1":"o","2":"l","3":"u","4":"m","5":"n","6":" ","7":"\"","8":"c","9":"r","10":"e","11":"a","12":"t","13":"e","14":"d","15":"A","16":"t","17":"\"","18":" ","19":"d","20":"o","21":"e","22":"s","23":" ","24":"n","25":"o","26":"t","27":" ","28":"e","29":"x","30":"i","31":"s","32":"t","timestamp":"22-09-2024 02:25:31","level":"ERROR"}
{"timestamp":"22-09-2024 02:25:31","level":"INFO","method":"POST","url":"/api/request-otp","statusCode":500,"responseTime":"34ms","userAgent":"PostmanRuntime/7.42.0","requestBody":{"email":"fauzi442097@gmail.com"}}
{"0":"c","1":"o","2":"l","3":"u","4":"m","5":"n","6":" ","7":"\"","8":"c","9":"r","10":"e","11":"a","12":"t","13":"e","14":"d","15":"A","16":"t","17":"\"","18":" ","19":"d","20":"o","21":"e","22":"s","23":" ","24":"n","25":"o","26":"t","27":" ","28":"e","29":"x","30":"i","31":"s","32":"t","timestamp":"22-09-2024 02:27:17","level":"ERROR"}
{"timestamp":"22-09-2024 02:27:17","level":"INFO","method":"POST","url":"/api/request-otp","statusCode":500,"responseTime":"24ms","userAgent":"PostmanRuntime/7.42.0","requestBody":{"email":"fauzi442097@gmail.com"}}
{"timestamp":"22-09-2024 02:28:17","level":"INFO","method":"POST","url":"/api/request-otp","statusCode":200,"responseTime":"2674ms","userAgent":"PostmanRuntime/7.42.0","requestBody":{"email":"fauzi442097@gmail.com"}}
{"0":"E","1":"m","2":"a","3":"i","4":"l","5":" ","6":"t","7":"i","8":"d","9":"a","10":"k","11":" ","12":"t","13":"e","14":"r","15":"d","16":"a","17":"f","18":"t","19":"a","20":"r","21":" ","22":"d","23":"a","24":"l","25":"a","26":"m","27":" ","28":"s","29":"i","30":"s","31":"t","32":"e","33":"m","timestamp":"22-09-2024 02:29:35","level":"ERROR"}
{"timestamp":"22-09-2024 02:29:35","level":"INFO","method":"POST","url":"/api/request-otp","statusCode":500,"responseTime":"20ms","userAgent":"PostmanRuntime/7.42.0","requestBody":{"email":"fauzi442097@gmail.com"}}
{"0":"E","1":"m","2":"a","3":"i","4":"l","5":" ","6":"t","7":"i","8":"d","9":"a","10":"k","11":" ","12":"t","13":"e","14":"r","15":"d","16":"a","17":"f","18":"t","19":"a","20":"r","21":" ","22":"d","23":"a","24":"l","25":"a","26":"m","27":" ","28":"s","29":"i","30":"s","31":"t","32":"e","33":"m","timestamp":"22-09-2024 02:29:38","level":"ERROR"}
{"timestamp":"22-09-2024 02:29:38","level":"INFO","method":"POST","url":"/api/request-otp","statusCode":500,"responseTime":"8ms","userAgent":"PostmanRuntime/7.42.0","requestBody":{"email":"fauzi442097@gmail.com"}}
{"timestamp":"22-09-2024 02:31:11","level":"INFO","method":"POST","url":"/api/request-otp","statusCode":404,"responseTime":"15ms","userAgent":"PostmanRuntime/7.42.0","requestBody":{"email":"fauzi442097@gmail.com"}}
{"timestamp":"22-09-2024 02:31:59","level":"INFO","method":"POST","url":"/api/request-otp","statusCode":401,"responseTime":"12ms","userAgent":"PostmanRuntime/7.42.0","requestBody":{"email":"fauzi442097@gmail.com"}}
{"timestamp":"22-09-2024 02:33:53","level":"INFO","method":"POST","url":"/api/request-otp","statusCode":401,"responseTime":"14ms","userAgent":"PostmanRuntime/7.42.0","requestBody":{"email":"fauzi442097@gmail.com"}}
{"0":"c","1":"o","2":"l","3":"u","4":"m","5":"n","6":" ","7":"\"","8":"u","9":"p","10":"d","11":"a","12":"t","13":"e","14":"d","15":"A","16":"t","17":"\"","18":" ","19":"o","20":"f","21":" ","22":"r","23":"e","24":"l","25":"a","26":"t","27":"i","28":"o","29":"n","30":" ","31":"\"","32":"u","33":"s","34":"e","35":"r","36":"s","37":"\"","38":" ","39":"d","40":"o","41":"e","42":"s","43":" ","44":"n","45":"o","46":"t","47":" ","48":"e","49":"x","50":"i","51":"s","52":"t","timestamp":"22-09-2024 02:34:06","level":"ERROR"}
{"timestamp":"22-09-2024 02:34:06","level":"INFO","method":"POST","url":"/api/request-otp","statusCode":500,"responseTime":"4222ms","userAgent":"PostmanRuntime/7.42.0","requestBody":{"email":"gani@gmail.com"}}
{"timestamp":"22-09-2024 03:14:30","level":"INFO","method":"POST","url":"/api/request-otp","statusCode":200,"responseTime":"2936ms","userAgent":"PostmanRuntime/7.42.0","requestBody":{"email":"gani@gmail.com"}}
{"timestamp":"22-09-2024 03:19:15","level":"INFO","method":"POST","url":"/api/request-otp","statusCode":200,"responseTime":"2670ms","userAgent":"PostmanRuntime/7.42.0","requestBody":{"email":"gani@gmail.com"}}
{"timestamp":"22-09-2024 03:24:32","level":"INFO","method":"POST","url":"/api/request-otp","statusCode":200,"responseTime":"2749ms","userAgent":"PostmanRuntime/7.42.0","requestBody":{"email":"gani@gmail.com"}}
{"timestamp":"22-09-2024 03:29:24","level":"INFO","method":"POST","url":"/api/request-otp","statusCode":200,"responseTime":"2703ms","userAgent":"PostmanRuntime/7.42.0","requestBody":{"email":"gani@gmail.com"}}
{"timestamp":"22-09-2024 03:30:02","level":"INFO","method":"POST","url":"/api/request-otp","statusCode":200,"responseTime":"2693ms","userAgent":"PostmanRuntime/7.42.0","requestBody":{"email":"gani@gmail.com"}}
{"timestamp":"22-09-2024 03:31:18","level":"INFO","method":"POST","url":"/api/request-otp","statusCode":200,"responseTime":"2614ms","userAgent":"PostmanRuntime/7.42.0","requestBody":{"email":"gani@gmail.com"}}
{"timestamp":"22-09-2024 03:34:56","level":"INFO","method":"POST","url":"/api/request-otp","statusCode":200,"responseTime":"2649ms","userAgent":"PostmanRuntime/7.42.0","requestBody":{"email":"gani@gmail.com"}}
{"timestamp":"22-09-2024 03:36:27","level":"INFO","method":"POST","url":"/api/request-otp","statusCode":200,"responseTime":"2896ms","userAgent":"PostmanRuntime/7.42.0","requestBody":{"email":"gani@gmail.com"}}
{"0":"o","1":"t","2":"p","3":" ","4":"i","5":"s","6":" ","7":"n","8":"o","9":"t","10":" ","11":"d","12":"e","13":"f","14":"i","15":"n","16":"e","17":"d","timestamp":"22-09-2024 03:37:50","level":"ERROR"}
{"timestamp":"22-09-2024 03:37:50","level":"INFO","method":"POST","url":"/api/request-otp","statusCode":500,"responseTime":"17ms","userAgent":"PostmanRuntime/7.42.0","requestBody":{"email":"gani@gmail.com"}}
{"timestamp":"22-09-2024 03:38:10","level":"INFO","method":"POST","url":"/api/request-otp","statusCode":200,"responseTime":"3352ms","userAgent":"PostmanRuntime/7.42.0","requestBody":{"email":"gani@gmail.com"}}
{"timestamp":"22-09-2024 03:40:13","level":"INFO","method":"POST","url":"/api/request-otp","statusCode":200,"responseTime":"2689ms","userAgent":"PostmanRuntime/7.42.0","requestBody":{"email":"gani@gmail.com"}}
{"timestamp":"22-09-2024 03:44:10","level":"INFO","method":"POST","url":"/api/verify-otp","statusCode":401,"responseTime":"24ms","userAgent":"PostmanRuntime/7.42.0","requestBody":{"email":"fauzi442097@gmail.com","otp":"186500"}}
{"timestamp":"22-09-2024 03:45:42","level":"INFO","method":"POST","url":"/api/verify-otp","statusCode":401,"responseTime":"20ms","userAgent":"PostmanRuntime/7.42.0","requestBody":{"email":"gani@gmail.com","otp":"186500"}}
{"timestamp":"22-09-2024 03:45:59","level":"INFO","method":"POST","url":"/api/verify-otp","statusCode":401,"responseTime":"17ms","userAgent":"PostmanRuntime/7.42.0","requestBody":{"email":"gani@gmail.com","otp":"186500"}}
{"timestamp":"22-09-2024 03:46:12","level":"INFO","method":"POST","url":"/api/verify-otp","statusCode":401,"responseTime":"15ms","userAgent":"PostmanRuntime/7.42.0","requestBody":{"email":"gani@gmail.com","otp":"186500"}}
{"timestamp":"22-09-2024 03:46:27","level":"INFO","method":"POST","url":"/api/verify-otp","statusCode":401,"responseTime":"23ms","userAgent":"PostmanRuntime/7.42.0","requestBody":{"email":"gani@gmail.com","otp":"186500"}}
{"timestamp":"22-09-2024 03:46:40","level":"INFO","method":"POST","url":"/api/verify-otp","statusCode":401,"responseTime":"31ms","userAgent":"PostmanRuntime/7.42.0","requestBody":{"email":"gani@gmail.com","otp":"186500"}}
{"timestamp":"22-09-2024 03:47:53","level":"INFO","method":"POST","url":"/api/verify-otp","statusCode":401,"responseTime":"14ms","userAgent":"PostmanRuntime/7.42.0","requestBody":{"email":"gani@gmail.com","otp":"186500"}}
{"timestamp":"22-09-2024 03:48:00","level":"INFO","method":"POST","url":"/api/verify-otp","statusCode":200,"responseTime":"4ms","userAgent":"PostmanRuntime/7.42.0","requestBody":{"email":"gani@gmail.com","otp":"670390"}}
{"timestamp":"22-09-2024 03:48:20","level":"INFO","method":"POST","url":"/api/request-otp","statusCode":200,"responseTime":"4838ms","userAgent":"PostmanRuntime/7.42.0","requestBody":{"email":"gani@gmail.com"}}
{"timestamp":"22-09-2024 03:49:02","level":"INFO","method":"POST","url":"/api/request-otp","statusCode":200,"responseTime":"2622ms","userAgent":"PostmanRuntime/7.42.0","requestBody":{"email":"gani@gmail.com"}}
{"timestamp":"22-09-2024 03:49:30","level":"INFO","method":"POST","url":"/api/request-otp","statusCode":200,"responseTime":"2586ms","userAgent":"PostmanRuntime/7.42.0","requestBody":{"email":"gani@gmail.com"}}
{"timestamp":"22-09-2024 03:49:45","level":"INFO","method":"POST","url":"/api/verify-otp","statusCode":401,"responseTime":"46ms","userAgent":"PostmanRuntime/7.42.0","requestBody":{"email":"gani@gmail.com","otp":"755881"}}
{"timestamp":"22-09-2024 03:50:24","level":"INFO","method":"POST","url":"/api/request-otp","statusCode":200,"responseTime":"2573ms","userAgent":"PostmanRuntime/7.42.0","requestBody":{"email":"gani@gmail.com"}}
{"timestamp":"22-09-2024 03:50:27","level":"INFO","method":"POST","url":"/api/verify-otp","statusCode":401,"responseTime":"3ms","userAgent":"PostmanRuntime/7.42.0","requestBody":{"email":"gani@gmail.com","otp":"755881"}}
{"timestamp":"22-09-2024 03:51:02","level":"INFO","method":"POST","url":"/api/verify-otp","statusCode":200,"responseTime":"65ms","userAgent":"PostmanRuntime/7.42.0","requestBody":{"email":"gani@gmail.com","otp":"511131"}}
{"timestamp":"22-09-2024 03:51:33","level":"INFO","method":"POST","url":"/api/request-otp","statusCode":400,"responseTime":"6ms","userAgent":"PostmanRuntime/7.42.0","requestBody":{"email":"gani@gmail.com123"}}
{"timestamp":"22-09-2024 03:51:39","level":"INFO","method":"POST","url":"/api/request-otp","statusCode":401,"responseTime":"36ms","userAgent":"PostmanRuntime/7.42.0","requestBody":{"email":"gani@gmail123.com"}}
