{"timestamp":"30-09-2024 06:11:35","level":"INFO","method":"POST","url":"/api/request-otp","statusCode":200,"responseTime":"3209ms","userAgent":"PostmanRuntime/7.42.0","requestBody":{"email":"adminconn@gmail.com"}}
{"timestamp":"30-09-2024 06:12:05","level":"INFO","method":"POST","url":"/api/verify-otp","statusCode":200,"responseTime":"72ms","userAgent":"PostmanRuntime/7.42.0","requestBody":{"otp":"409384"}}
{"timestamp":"30-09-2024 06:12:10","level":"INFO","method":"GET","url":"/api/ref/currency","statusCode":200,"responseTime":"6ms","userAgent":"PostmanRuntime/7.42.0","requestBody":{}}
{"timestamp":"30-09-2024 06:13:10","level":"INFO","method":"GET","url":"/api/ref/currency","statusCode":200,"responseTime":"11ms","userAgent":"PostmanRuntime/7.42.0","requestBody":{}}
{"timestamp":"30-09-2024 06:13:21","level":"INFO","method":"PUT","url":"/api/ref/currency/dore","statusCode":404,"responseTime":"53ms","userAgent":"PostmanRuntime/7.42.0","requestBody":{"id":"TIDORE","min_withdrawal":10}}
{"timestamp":"30-09-2024 06:13:41","level":"INFO","method":"PUT","url":"/api/ref/currency/TIDORE","statusCode":200,"responseTime":"76ms","userAgent":"PostmanRuntime/7.42.0","requestBody":{"id":"TIDORE","min_withdrawal":10}}
{"timestamp":"30-09-2024 06:14:09","level":"INFO","method":"PUT","url":"/api/ref/currency/TIDORE","statusCode":200,"responseTime":"39ms","userAgent":"PostmanRuntime/7.42.0","requestBody":{"id":"TIDORE","min_withdrawal":10}}
{"timestamp":"30-09-2024 06:14:43","level":"INFO","method":"POST","url":"/api/request-otp","statusCode":200,"responseTime":"2762ms","userAgent":"PostmanRuntime/7.42.0","requestBody":{"email":"rizky@gmail.com"}}
{"timestamp":"30-09-2024 06:15:35","level":"INFO","method":"POST","url":"/api/request-otp","statusCode":200,"responseTime":"2802ms","userAgent":"PostmanRuntime/7.42.0","requestBody":{"email":"ubed2@gmail.com"}}
{"timestamp":"30-09-2024 06:15:45","level":"INFO","method":"POST","url":"/api/verify-otp","statusCode":200,"responseTime":"49ms","userAgent":"PostmanRuntime/7.42.0","requestBody":{"otp":"054420"}}
{"timestamp":"30-09-2024 06:19:36","level":"INFO","method":"POST","url":"/api/member/withdrawal","statusCode":400,"responseTime":"9ms","userAgent":"PostmanRuntime/7.42.0","requestBody":{"transaction_id":"","amount":100,"address":"123"}}
{"0":"S","1":"u","2":"p","3":"p","4":"o","5":"r","6":"t","7":" ","8":"f","9":"o","10":"r","11":" ","12":"`","13":"{","14":"w","15":"h","16":"e","17":"r","18":"e","19":":","20":" ","21":"'","22":"r","23":"a","24":"w","25":" ","26":"q","27":"u","28":"e","29":"r","30":"y","31":"'","32":"}","33":"`","34":" ","35":"h","36":"a","37":"s","38":" ","39":"b","40":"e","41":"e","42":"n","43":" ","44":"r","45":"e","46":"m","47":"o","48":"v","49":"e","50":"d","51":".","timestamp":"30-09-2024 06:21:14","level":"ERROR"}
{"timestamp":"30-09-2024 06:21:14","level":"INFO","method":"POST","url":"/api/member/withdrawal","statusCode":500,"responseTime":"15ms","userAgent":"PostmanRuntime/7.42.0","requestBody":{"transaction_id":"0x5b2b3f4a7d8c9e8a7e4f3d2a1b6c7e8d9f0b1a2c3d4e5f6a7b8c9d0e1f2a3b4","amount":100,"address":"123","user_id":"16"}}
{"timestamp":"30-09-2024 06:21:31","level":"INFO","method":"POST","url":"/api/member/withdrawal","statusCode":200,"responseTime":"20ms","userAgent":"PostmanRuntime/7.42.0","requestBody":{"transaction_id":"0x5b2b3f4a7d8c9e8a7e4f3d2a1b6c7e8d9f0b1a2c3d4e5f6a7b8c9d0e1f2a3b4","amount":100,"address":"123","user_id":"16"}}
{"timestamp":"30-09-2024 06:21:59","level":"INFO","method":"POST","url":"/api/member/withdrawal","statusCode":404,"responseTime":"14ms","userAgent":"PostmanRuntime/7.42.0","requestBody":{"transaction_id":"0x5b2b3f4a7d8c9e8a7e4f3d2a1b6c7e8d9f0b1a2c3d4e5f6a7b8c9d0e1f2a3b4","amount":100,"address":"123","user_id":"16"}}
{"0":"u","1":"s","2":"e","3":"r","4":"s","5":"_","6":"b","7":"a","8":"l","9":"a","10":"n","11":"c","12":"e","13":".","14":"w","15":"h","16":"e","17":"r","18":"e","19":" ","20":"i","21":"s","22":" ","23":"n","24":"o","25":"t","26":" ","27":"a","28":" ","29":"f","30":"u","31":"n","32":"c","33":"t","34":"i","35":"o","36":"n","timestamp":"30-09-2024 06:28:42","level":"ERROR"}
{"timestamp":"30-09-2024 06:28:42","level":"INFO","method":"POST","url":"/api/member/withdrawal","statusCode":500,"responseTime":"26ms","userAgent":"PostmanRuntime/7.42.0","requestBody":{"transaction_id":"0x5b2b3f4a7d8c9e8a7e4f3d2a1b6c7e8d9f0b1a2c3d4e5f6a7b8c9d0e1f2a3b4","amount":100,"address":"123","user_id":"16"}}
{"timestamp":"30-09-2024 06:29:06","level":"INFO","method":"POST","url":"/api/member/withdrawal","statusCode":200,"responseTime":"21ms","userAgent":"PostmanRuntime/7.42.0","requestBody":{"transaction_id":"0x5b2b3f4a7d8c9e8a7e4f3d2a1b6c7e8d9f0b1a2c3d4e5f6a7b8c9d0e1f2a3b4","amount":100,"address":"123","user_id":"16"}}
{"timestamp":"30-09-2024 06:29:22","level":"INFO","method":"POST","url":"/api/member/withdrawal","statusCode":200,"responseTime":"22ms","userAgent":"PostmanRuntime/7.42.0","requestBody":{"transaction_id":"0x5b2b3f4a7d8c9e8a7e4f3d2a1b6c7e8d9f0b1a2c3d4e5f6a7b8c9d0e1f2a3b4","amount":100,"address":"123","user_id":"16"}}
{"timestamp":"30-09-2024 06:30:05","level":"INFO","method":"POST","url":"/api/member/withdrawal","statusCode":200,"responseTime":"65ms","userAgent":"PostmanRuntime/7.42.0","requestBody":{"transaction_id":"0x5b2b3f4a7d8c9e8a7e4f3d2a1b6c7e8d9f0b1a2c3d4e5f6a7b8c9d0e1f2a3b4","amount":100,"address":"123","user_id":"16"}}
{"timestamp":"30-09-2024 06:31:28","level":"INFO","method":"POST","url":"/api/member/withdrawal","statusCode":404,"responseTime":"119ms","userAgent":"PostmanRuntime/7.42.0","requestBody":{"transaction_id":"0x5b2b3f4a7d8c9e8a7e4f3d2a1b6c7e8d9f0b1a2c3d4e5f6a7b8c9d0e1f2a3b4","amount":100,"address":"123","user_id":"16"}}
{"0":"r","1":"e","2":"s","3":" ","4":"i","5":"s","6":" ","7":"n","8":"o","9":"t","10":" ","11":"d","12":"e","13":"f","14":"i","15":"n","16":"e","17":"d","timestamp":"30-09-2024 06:33:47","level":"ERROR"}
{"timestamp":"30-09-2024 06:33:47","level":"INFO","method":"POST","url":"/api/member/withdrawal","statusCode":500,"responseTime":"18ms","userAgent":"PostmanRuntime/7.42.0","requestBody":{"transaction_id":"0x5b2b3f4a7d8c9e8a7e4f3d2a1b6c7e8d9f0b1a2c3d4e5f6a7b8c9d0e1f2a3b4","amount":1,"address":"123","user_id":"16"}}
{"timestamp":"30-09-2024 06:34:45","level":"INFO","method":"POST","url":"/api/member/withdrawal","statusCode":404,"responseTime":"15ms","userAgent":"PostmanRuntime/7.42.0","requestBody":{"transaction_id":"0x5b2b3f4a7d8c9e8a7e4f3d2a1b6c7e8d9f0b1a2c3d4e5f6a7b8c9d0e1f2a3b4","amount":1,"address":"123","user_id":"16"}}
{"timestamp":"30-09-2024 06:34:55","level":"INFO","method":"POST","url":"/api/member/withdrawal","statusCode":404,"responseTime":"20ms","userAgent":"PostmanRuntime/7.42.0","requestBody":{"transaction_id":"0x5b2b3f4a7d8c9e8a7e4f3d2a1b6c7e8d9f0b1a2c3d4e5f6a7b8c9d0e1f2a3b4","amount":1,"address":"123","user_id":"16"}}
{"timestamp":"30-09-2024 06:36:29","level":"INFO","method":"POST","url":"/api/member/withdrawal","statusCode":404,"responseTime":"59ms","userAgent":"PostmanRuntime/7.42.0","requestBody":{"transaction_id":"0x5b2b3f4a7d8c9e8a7e4f3d2a1b6c7e8d9f0b1a2c3d4e5f6a7b8c9d0e1f2a3b4","amount":1,"address":"123","user_id":"16"}}
{"0":"a","1":"d","2":"d","3":"r","4":"e","5":"s","6":"s","7":" ","8":"i","9":"s","10":" ","11":"n","12":"o","13":"t","14":" ","15":"d","16":"e","17":"f","18":"i","19":"n","20":"e","21":"d","timestamp":"30-09-2024 06:36:46","level":"ERROR"}
{"timestamp":"30-09-2024 06:36:46","level":"INFO","method":"POST","url":"/api/member/withdrawal","statusCode":500,"responseTime":"54ms","userAgent":"PostmanRuntime/7.42.0","requestBody":{"transaction_id":"0x5b2b3f4a7d8c9e8a7e4f3d2a1b6c7e8d9f0b1a2c3d4e5f6a7b8c9d0e1f2a3b4","amount":10,"address":"123","user_id":"16"}}
{"timestamp":"30-09-2024 06:39:48","level":"INFO","method":"POST","url":"/api/member/withdrawal","statusCode":400,"responseTime":"10ms","userAgent":"PostmanRuntime/7.42.0","requestBody":{"transaction_id":"0x5b2b3f4a7d8c9e8a7e4f3d2a1b6c7e8d9f0b1a2c3d4e5f6a7b8c9d0e1f2a3b4","amount":10,"wallet_id":"123"}}
{"timestamp":"30-09-2024 06:40:14","level":"INFO","method":"POST","url":"/api/member/withdrawal","statusCode":400,"responseTime":"7ms","userAgent":"PostmanRuntime/7.42.0","requestBody":{"transaction_id":"","amount":0,"wallet_id":"123"}}
{"timestamp":"30-09-2024 06:42:56","level":"INFO","method":"POST","url":"/api/member/withdrawal","statusCode":200,"responseTime":"103ms","userAgent":"PostmanRuntime/7.42.0","requestBody":{"transaction_id":"0x5b2b3f4a7d8c9e8a7e4f3d2a1b6c7e8d9f0b1a2c3d4e5f6a7b8c9d0e1f2a3b4","amount":10,"wallet_id":31,"user_id":"16"}}
{"timestamp":"30-09-2024 06:46:50","level":"INFO","method":"GET","url":"/api/member/withdrawal","statusCode":200,"responseTime":"7ms","userAgent":"PostmanRuntime/7.42.0","requestBody":{}}
{"timestamp":"30-09-2024 06:49:24","level":"INFO","method":"GET","url":"/api/member/withdrawal","statusCode":200,"responseTime":"20ms","userAgent":"PostmanRuntime/7.42.0","requestBody":{}}
{"timestamp":"30-09-2024 06:51:08","level":"INFO","method":"GET","url":"/api/member/withdrawal","statusCode":200,"responseTime":"22ms","userAgent":"PostmanRuntime/7.42.0","requestBody":{}}
{"timestamp":"30-09-2024 06:52:45","level":"INFO","method":"GET","url":"/api/member/withdrawal","statusCode":200,"responseTime":"26ms","userAgent":"PostmanRuntime/7.42.0","requestBody":{}}
{"timestamp":"30-09-2024 06:53:05","level":"INFO","method":"GET","url":"/api/member/withdrawal?page=1&size=1","statusCode":200,"responseTime":"50ms","userAgent":"PostmanRuntime/7.42.0","requestBody":{}}
{"timestamp":"30-09-2024 06:53:22","level":"INFO","method":"GET","url":"/api/member/withdrawal?page=1&size=1","statusCode":200,"responseTime":"33ms","userAgent":"PostmanRuntime/7.42.0","requestBody":{}}
{"timestamp":"30-09-2024 06:53:29","level":"INFO","method":"GET","url":"/api/member/withdrawal?page=2&size=1","statusCode":200,"responseTime":"21ms","userAgent":"PostmanRuntime/7.42.0","requestBody":{}}
{"timestamp":"30-09-2024 06:53:34","level":"INFO","method":"GET","url":"/api/member/withdrawal?page=1&size=10","statusCode":200,"responseTime":"5ms","userAgent":"PostmanRuntime/7.42.0","requestBody":{}}
{"timestamp":"30-09-2024 06:54:09","level":"INFO","method":"GET","url":"/api/member/withdrawal?page=1&size=10&start_date=2024-09-30&end_date=2024-09-30","statusCode":200,"responseTime":"74ms","userAgent":"PostmanRuntime/7.42.0","requestBody":{}}
{"timestamp":"30-09-2024 06:55:18","level":"INFO","method":"GET","url":"/api/member/withdrawal?page=1&size=10&start_date=2024-09-29&end_date=2024-09-29","statusCode":200,"responseTime":"26ms","userAgent":"PostmanRuntime/7.42.0","requestBody":{}}
{"timestamp":"30-09-2024 06:55:49","level":"INFO","method":"GET","url":"/api/member/withdrawal?page=1&size=10&start_date=2024-09-29&end_date=2024-09-29","statusCode":200,"responseTime":"30ms","userAgent":"PostmanRuntime/7.42.0","requestBody":{}}
{"timestamp":"30-09-2024 06:55:56","level":"INFO","method":"GET","url":"/api/member/withdrawal?page=1&size=10&start_date=2024-09-30&end_date=2024-09-30","statusCode":200,"responseTime":"15ms","userAgent":"PostmanRuntime/7.42.0","requestBody":{}}
{"timestamp":"30-09-2024 06:55:58","level":"INFO","method":"GET","url":"/api/member/withdrawal?page=1&size=10&start_date=2024-09-30&end_date=2024-09-30","statusCode":200,"responseTime":"15ms","userAgent":"PostmanRuntime/7.42.0","requestBody":{}}
{"timestamp":"30-09-2024 06:56:04","level":"INFO","method":"GET","url":"/api/member/withdrawal?page=1&size=10&start_date=2024-09-30&end_date=2024-09-30","statusCode":200,"responseTime":"27ms","userAgent":"PostmanRuntime/7.42.0","requestBody":{}}
{"timestamp":"30-09-2024 06:56:12","level":"INFO","method":"GET","url":"/api/member/withdrawal?page=1&size=10&start_date=2024-09-29&end_date=2024-09-29","statusCode":200,"responseTime":"7ms","userAgent":"PostmanRuntime/7.42.0","requestBody":{}}
{"timestamp":"30-09-2024 06:56:20","level":"INFO","method":"GET","url":"/api/member/withdrawal?page=1&size=10","statusCode":200,"responseTime":"9ms","userAgent":"PostmanRuntime/7.42.0","requestBody":{}}
{"timestamp":"30-09-2024 06:58:56","level":"INFO","method":"GET","url":"/api/member/16/balance/trx-history?page=1&size=10","statusCode":200,"responseTime":"23ms","userAgent":"PostmanRuntime/7.42.0","requestBody":{}}
{"timestamp":"30-09-2024 06:59:02","level":"INFO","method":"GET","url":"/api/member/16/balance/trx-history?page=1&size=10","statusCode":200,"responseTime":"19ms","userAgent":"PostmanRuntime/7.42.0","requestBody":{}}
{"timestamp":"30-09-2024 07:00:20","level":"INFO","method":"POST","url":"/api/member/withdrawal","statusCode":200,"responseTime":"164ms","userAgent":"PostmanRuntime/7.42.0","requestBody":{"transaction_id":"0x5b2b3f4a7d8c9e8a7e4f3d2a1b6c7e8d9f0b1a2c3d4e5f6a7b8c9d0e1f2a3b4","amount":10,"wallet_id":31,"user_id":"16"}}
{"timestamp":"30-09-2024 07:00:55","level":"INFO","method":"GET","url":"/api/withdrawal?page=1&size=10","statusCode":403,"responseTime":"6ms","userAgent":"PostmanRuntime/7.42.0","requestBody":{}}
{"timestamp":"30-09-2024 07:01:06","level":"INFO","method":"POST","url":"/api/request-otp","statusCode":200,"responseTime":"3191ms","userAgent":"PostmanRuntime/7.42.0","requestBody":{"email":"adminconn@gmail.com"}}
{"timestamp":"30-09-2024 07:01:23","level":"INFO","method":"POST","url":"/api/verify-otp","statusCode":200,"responseTime":"105ms","userAgent":"PostmanRuntime/7.42.0","requestBody":{"otp":"483513"}}
{"timestamp":"30-09-2024 07:01:28","level":"INFO","method":"GET","url":"/api/withdrawal?page=1&size=10","statusCode":200,"responseTime":"46ms","userAgent":"PostmanRuntime/7.42.0","requestBody":{}}
{"timestamp":"30-09-2024 07:01:51","level":"INFO","method":"GET","url":"/api/withdrawal?page=1&size=10","statusCode":200,"responseTime":"64ms","userAgent":"PostmanRuntime/7.42.0","requestBody":{}}
{"timestamp":"30-09-2024 07:03:07","level":"INFO","method":"GET","url":"/api/withdrawal?page=1&size=10","statusCode":200,"responseTime":"155ms","userAgent":"PostmanRuntime/7.42.0","requestBody":{}}
{"timestamp":"30-09-2024 07:15:04","level":"INFO","method":"POST","url":"/api/withdrawal/4/approve","statusCode":200,"responseTime":"180ms","userAgent":"PostmanRuntime/7.42.0","requestBody":{}}
{"timestamp":"30-09-2024 07:16:37","level":"INFO","method":"POST","url":"/api/withdrawal/4/approve","statusCode":200,"responseTime":"178ms","userAgent":"PostmanRuntime/7.42.0","requestBody":{}}
{"timestamp":"30-09-2024 07:18:32","level":"INFO","method":"GET","url":"/api/wallet","statusCode":403,"responseTime":"4ms","userAgent":"PostmanRuntime/7.42.0","requestBody":{}}
{"timestamp":"30-09-2024 07:19:16","level":"INFO","method":"POST","url":"/api/request-otp","statusCode":200,"responseTime":"3979ms","userAgent":"PostmanRuntime/7.42.0","requestBody":{"email":"admin_cassablanca@gmail.com"}}
{"timestamp":"30-09-2024 07:19:35","level":"INFO","method":"POST","url":"/api/verify-otp","statusCode":200,"responseTime":"69ms","userAgent":"PostmanRuntime/7.42.0","requestBody":{"otp":"902767"}}
{"timestamp":"30-09-2024 07:19:40","level":"INFO","method":"GET","url":"/api/wallet","statusCode":200,"responseTime":"64ms","userAgent":"PostmanRuntime/7.42.0","requestBody":{}}
{"timestamp":"30-09-2024 07:21:04","level":"INFO","method":"GET","url":"/api/wallet","statusCode":200,"responseTime":"26ms","userAgent":"PostmanRuntime/7.42.0","requestBody":{}}
{"timestamp":"30-09-2024 07:23:37","level":"INFO","method":"GET","url":"/api//config/wallet","statusCode":403,"responseTime":"4ms","userAgent":"PostmanRuntime/7.42.0","requestBody":{}}
