{"timestamp":"08-10-2024 05:45:01","level":"INFO","method":"POST","url":"/api/request-otp","statusCode":200,"responseTime":"4071ms","userAgent":"PostmanRuntime/7.42.0","requestBody":{"email":"ilhamnurrohman74@gmail.com"}}
{"timestamp":"08-10-2024 05:45:16","level":"INFO","method":"POST","url":"/api/verify-otp","statusCode":200,"responseTime":"141ms","userAgent":"PostmanRuntime/7.42.0","requestBody":{"otp":"675971"}}
{"timestamp":"08-10-2024 05:47:36","level":"INFO","method":"POST","url":"/api/verify-otp","statusCode":200,"responseTime":"34ms","userAgent":"PostmanRuntime/7.42.0","requestBody":{"otp":"675971"}}
{"timestamp":"08-10-2024 05:48:02","level":"INFO","method":"GET","url":"/api/member/activation/request","statusCode":200,"responseTime":"74ms","userAgent":"PostmanRuntime/7.42.0","requestBody":{}}
{"timestamp":"08-10-2024 05:48:56","level":"INFO","method":"GET","url":"/api/member/activation/request","statusCode":200,"responseTime":"33ms","userAgent":"PostmanRuntime/7.42.0","requestBody":{}}
{"timestamp":"08-10-2024 05:49:28","level":"INFO","method":"GET","url":"/api/member/activation/request","statusCode":200,"responseTime":"66ms","userAgent":"PostmanRuntime/7.42.0","requestBody":{}}
{"timestamp":"08-10-2024 05:50:00","level":"INFO","method":"GET","url":"/api/member/activation/request","statusCode":200,"responseTime":"35ms","userAgent":"PostmanRuntime/7.42.0","requestBody":{}}
{"timestamp":"08-10-2024 05:51:08","level":"INFO","method":"GET","url":"/api/member/activation/request","statusCode":200,"responseTime":"57ms","userAgent":"PostmanRuntime/7.42.0","requestBody":{}}
{"timestamp":"08-10-2024 05:51:19","level":"INFO","method":"GET","url":"/api/member/activation/request","statusCode":200,"responseTime":"25ms","userAgent":"PostmanRuntime/7.42.0","requestBody":{}}
{"timestamp":"08-10-2024 05:52:05","level":"INFO","method":"GET","url":"/api/member/activation/request","statusCode":200,"responseTime":"36ms","userAgent":"PostmanRuntime/7.42.0","requestBody":{}}
{"timestamp":"08-10-2024 05:54:06","level":"INFO","method":"POST","url":"/api/member/payment/confirm","statusCode":200,"responseTime":"33ms","userAgent":"PostmanRuntime/7.42.0","requestBody":{"transaction_id":"900e1e4b8f0a1b5a3d0f1e3f7b8c8f4d2f83f83e09e1b1db82e47d97b5b8f4e3","address_wallet_id":6,"order_id":null,"member_id":"10"}}
{"timestamp":"08-10-2024 05:55:35","level":"INFO","method":"POST","url":"/api/member/payment/confirm","statusCode":200,"responseTime":"28ms","userAgent":"PostmanRuntime/7.42.0","requestBody":{"transaction_id":"900e1e4b8f0a1b5a3d0f1e3f7b8c8f4d2f83f83e09e1b1db82e47d97b5b8f4e3","address_wallet_id":6,"order_id":null,"member_id":"10"}}
{"0":"r","1":"a","2":"n","3":"k","4":"i","5":"n","6":"g","7":"R","8":"e","9":"p","10":"o","11":"s","12":"i","13":"t","14":"o","15":"r","16":"y","17":" ","18":"i","19":"s","20":" ","21":"n","22":"o","23":"t","24":" ","25":"d","26":"e","27":"f","28":"i","29":"n","30":"e","31":"d","timestamp":"08-10-2024 05:57:23","level":"ERROR"}
{"timestamp":"08-10-2024 05:57:23","level":"INFO","method":"POST","url":"/api/member/payment/confirm","statusCode":500,"responseTime":"70ms","userAgent":"PostmanRuntime/7.42.0","requestBody":{"transaction_id":"900e1e4b8f0a1b5a3d0f1e3f7b8c8f4d2f83f83e09e1b1db82e47d97b5b8f4e3","address_wallet_id":6,"order_id":null,"member_id":"10"}}
{"timestamp":"08-10-2024 05:57:46","level":"INFO","method":"POST","url":"/api/member/payment/confirm","statusCode":200,"responseTime":"46ms","userAgent":"PostmanRuntime/7.42.0","requestBody":{"transaction_id":"900e1e4b8f0a1b5a3d0f1e3f7b8c8f4d2f83f83e09e1b1db82e47d97b5b8f4e3","address_wallet_id":6,"order_id":null,"member_id":"10"}}
{"timestamp":"08-10-2024 05:58:28","level":"INFO","method":"POST","url":"/api/member/payment/confirm","statusCode":200,"responseTime":"44ms","userAgent":"PostmanRuntime/7.42.0","requestBody":{"transaction_id":"900e1e4b8f0a1b5a3d0f1e3f7b8c8f4d2f83f83e09e1b1db82e47d97b5b8f4e3","address_wallet_id":6,"order_id":null,"member_id":"10"}}
{"timestamp":"08-10-2024 05:58:47","level":"INFO","method":"POST","url":"/api/member/payment/confirm","statusCode":200,"responseTime":"54ms","userAgent":"PostmanRuntime/7.42.0","requestBody":{"transaction_id":"900e1e4b8f0a1b5a3d0f1e3f7b8c8f4d2f83f83e09e1b1db82e47d97b5b8f4e3","address_wallet_id":6,"order_id":null,"member_id":"10"}}
{"timestamp":"08-10-2024 05:58:56","level":"INFO","method":"POST","url":"/api/member/payment/confirm","statusCode":200,"responseTime":"62ms","userAgent":"PostmanRuntime/7.42.0","requestBody":{"transaction_id":"900e1e4b8f0a1b5a3d0f1e3f7b8c8f4d2f83f83e09e1b1db82e47d97b5b8f4e3","address_wallet_id":6,"order_id":null,"member_id":"10"}}
{"0":{"message":"orders.qty cannot be null","type":"notNull Violation","path":"qty","value":null,"origin":"CORE","instance":{"id":null,"member_id":"10","product_id":1,"price":"0.01","total_price":100,"chain_trx_id":"900e1e4b8f0a1b5a3d0f1e3f7b8c8f4d2f83f83e09e1b1db82e47d97b5b8f4e3","address":"1A1zP1eP5QGefi2DMPTfTL5SLmv7DivfNa","coin_id":"USDT_tron","order_sts_id":"waiting_approve"},"validatorKey":"is_null","validatorName":null,"validatorArgs":[]},"timestamp":"08-10-2024 05:59:13","level":"ERROR"}
{"timestamp":"08-10-2024 05:59:13","level":"INFO","method":"POST","url":"/api/member/payment/confirm","statusCode":400,"responseTime":"36ms","userAgent":"PostmanRuntime/7.42.0","requestBody":{"transaction_id":"900e1e4b8f0a1b5a3d0f1e3f7b8c8f4d2f83f83e09e1b1db82e47d97b5b8f4e3","address_wallet_id":6,"order_id":null,"member_id":"10"}}
{"timestamp":"08-10-2024 06:00:30","level":"INFO","method":"POST","url":"/api/member/payment/confirm","statusCode":200,"responseTime":"44ms","userAgent":"PostmanRuntime/7.42.0","requestBody":{"transaction_id":"900e1e4b8f0a1b5a3d0f1e3f7b8c8f4d2f83f83e09e1b1db82e47d97b5b8f4e3","address_wallet_id":6,"order_id":null,"member_id":"10"}}
{"timestamp":"08-10-2024 06:00:44","level":"INFO","method":"POST","url":"/api/member/payment/confirm","statusCode":400,"responseTime":"226ms","userAgent":"PostmanRuntime/7.42.0","requestBody":{"transaction_id":"900e1e4b8f0a1b5a3d0f1e3f7b8c8f4d2f83f83e09e1b1db82e47d97b5b8f4e3","address_wallet_id":6,"order_id":null,"member_id":"10"}}
{"timestamp":"08-10-2024 06:01:00","level":"INFO","method":"GET","url":"/api/member/10/downline?page=1&size=10&search=","statusCode":200,"responseTime":"52ms","userAgent":"PostmanRuntime/7.42.0","requestBody":{}}
{"timestamp":"08-10-2024 06:02:08","level":"INFO","method":"GET","url":"/api/member/10/downline?page=1&size=10&search=","statusCode":200,"responseTime":"62ms","userAgent":"PostmanRuntime/7.42.0","requestBody":{}}
{"timestamp":"08-10-2024 06:05:06","level":"INFO","method":"GET","url":"/api/member/10/downline?page=1&size=10&search=","statusCode":200,"responseTime":"15ms","userAgent":"PostmanRuntime/7.42.0","requestBody":{}}
{"timestamp":"08-10-2024 06:05:38","level":"INFO","method":"GET","url":"/api/member/10/downline","statusCode":200,"responseTime":"56ms","userAgent":"PostmanRuntime/7.42.0","requestBody":{}}
{"timestamp":"08-10-2024 06:05:49","level":"INFO","method":"GET","url":"/api/member/10/downline","statusCode":200,"responseTime":"64ms","userAgent":"PostmanRuntime/7.42.0","requestBody":{}}
{"timestamp":"08-10-2024 06:05:54","level":"INFO","method":"GET","url":"/api/member/10/downline?page=1&size=10&search=","statusCode":200,"responseTime":"18ms","userAgent":"PostmanRuntime/7.42.0","requestBody":{}}
{"timestamp":"08-10-2024 06:07:26","level":"INFO","method":"GET","url":"/api/member/10/downline","statusCode":200,"responseTime":"60ms","userAgent":"PostmanRuntime/7.42.0","requestBody":{}}
{"timestamp":"08-10-2024 06:08:04","level":"INFO","method":"GET","url":"/api/member/10/downline","statusCode":200,"responseTime":"26ms","userAgent":"PostmanRuntime/7.42.0","requestBody":{}}
{"timestamp":"08-10-2024 06:08:17","level":"INFO","method":"GET","url":"/api/member/10/downline","statusCode":200,"responseTime":"32ms","userAgent":"PostmanRuntime/7.42.0","requestBody":{}}
{"timestamp":"08-10-2024 06:08:29","level":"INFO","method":"GET","url":"/api/member/tree/10","statusCode":200,"responseTime":"68ms","userAgent":"PostmanRuntime/7.42.0","requestBody":{}}
{"timestamp":"08-10-2024 06:09:58","level":"INFO","method":"GET","url":"/api/member/tree/10","statusCode":200,"responseTime":"81ms","userAgent":"PostmanRuntime/7.42.0","requestBody":{}}
{"timestamp":"08-10-2024 06:10:21","level":"INFO","method":"GET","url":"/api/member/tree/10","statusCode":200,"responseTime":"22ms","userAgent":"PostmanRuntime/7.42.0","requestBody":{}}
{"timestamp":"08-10-2024 06:10:48","level":"INFO","method":"GET","url":"/api/member/tree/10","statusCode":200,"responseTime":"11ms","userAgent":"PostmanRuntime/7.42.0","requestBody":{}}
{"timestamp":"08-10-2024 06:10:55","level":"INFO","method":"GET","url":"/api/member/tree/10","statusCode":200,"responseTime":"14ms","userAgent":"PostmanRuntime/7.42.0","requestBody":{}}
{"timestamp":"08-10-2024 06:13:28","level":"INFO","method":"POST","url":"/api/request-otp","statusCode":200,"responseTime":"4231ms","userAgent":"PostmanRuntime/7.42.0","requestBody":{"email":"adminconn@gmail.com"}}
{"timestamp":"08-10-2024 06:13:42","level":"INFO","method":"POST","url":"/api/verify-otp","statusCode":200,"responseTime":"165ms","userAgent":"PostmanRuntime/7.42.0","requestBody":{"otp":"870450"}}
{"timestamp":"08-10-2024 06:14:10","level":"INFO","method":"GET","url":"/api/bonus/member/unrealized?page=1&size=10","statusCode":200,"responseTime":"295ms","userAgent":"PostmanRuntime/7.42.0","requestBody":{}}
{"timestamp":"08-10-2024 06:14:25","level":"INFO","method":"GET","url":"/api/member/verification?page=1&size=1","statusCode":200,"responseTime":"84ms","userAgent":"PostmanRuntime/7.42.0","requestBody":{}}
{"timestamp":"08-10-2024 06:26:13","level":"INFO","method":"POST","url":"/api/member/10/verification","statusCode":400,"responseTime":"196ms","userAgent":"PostmanRuntime/7.42.0","requestBody":{}}
{"timestamp":"08-10-2024 06:32:49","level":"INFO","method":"POST","url":"/api/request-otp","statusCode":200,"responseTime":"3012ms","userAgent":"PostmanRuntime/7.42.0","requestBody":{"email":"ubed4@gmail.com"}}
{"timestamp":"08-10-2024 06:33:19","level":"INFO","method":"POST","url":"/api/verify-otp","statusCode":200,"responseTime":"85ms","userAgent":"PostmanRuntime/7.42.0","requestBody":{"otp":"594188"}}
{"timestamp":"08-10-2024 06:33:37","level":"INFO","method":"POST","url":"/api/member/payment/confirm","statusCode":200,"responseTime":"207ms","userAgent":"PostmanRuntime/7.42.0","requestBody":{"transaction_id":"900e1e4b8f0a1b5a3d0f1e3f7b8c8f4d2f83f83e09e1b1db82e47d97b5b8f4e3","address_wallet_id":6,"order_id":null,"member_id":"45"}}
{"timestamp":"08-10-2024 06:34:13","level":"INFO","method":"POST","url":"/api/request-otp","statusCode":200,"responseTime":"2702ms","userAgent":"PostmanRuntime/7.42.0","requestBody":{"email":"adminconn@gmail.com"}}
{"timestamp":"08-10-2024 06:34:25","level":"INFO","method":"POST","url":"/api/verify-otp","statusCode":200,"responseTime":"127ms","userAgent":"PostmanRuntime/7.42.0","requestBody":{"otp":"769283"}}
{"timestamp":"08-10-2024 06:34:35","level":"INFO","method":"GET","url":"/api/member/verification?page=1&size=1","statusCode":200,"responseTime":"104ms","userAgent":"PostmanRuntime/7.42.0","requestBody":{}}
{"timestamp":"08-10-2024 06:36:59","level":"INFO","method":"POST","url":"/api/member/45/verification","statusCode":400,"responseTime":"118ms","userAgent":"PostmanRuntime/7.42.0","requestBody":{}}
{"timestamp":"08-10-2024 06:37:50","level":"INFO","method":"POST","url":"/api/member/45/verification","statusCode":200,"responseTime":"557ms","userAgent":"PostmanRuntime/7.42.0","requestBody":{}}
{"timestamp":"08-10-2024 06:41:24","level":"INFO","method":"POST","url":"/api/member/45/verification","statusCode":400,"responseTime":"128ms","userAgent":"PostmanRuntime/7.42.0","requestBody":{}}
{"timestamp":"08-10-2024 06:41:59","level":"INFO","method":"POST","url":"/api/member/45/verification","statusCode":400,"responseTime":"138ms","userAgent":"PostmanRuntime/7.42.0","requestBody":{}}
{"timestamp":"08-10-2024 06:42:54","level":"INFO","method":"POST","url":"/api/member/45/verification","statusCode":200,"responseTime":"331ms","userAgent":"PostmanRuntime/7.42.0","requestBody":{}}
{"timestamp":"08-10-2024 06:56:34","level":"INFO","method":"POST","url":"/api/bonus/member/distribute","statusCode":200,"responseTime":"48ms","userAgent":"PostmanRuntime/7.42.0","requestBody":{"id_members":[18]}}
{"timestamp":"08-10-2024 06:58:45","level":"INFO","method":"POST","url":"/api/member/45/verification","statusCode":200,"responseTime":"212ms","userAgent":"PostmanRuntime/7.42.0","requestBody":{}}
{"timestamp":"08-10-2024 06:59:42","level":"INFO","method":"GET","url":"/api/member?page=1&size=10&status=&search=","statusCode":200,"responseTime":"52ms","userAgent":"PostmanRuntime/7.42.0","requestBody":{}}
{"timestamp":"08-10-2024 07:00:34","level":"INFO","method":"GET","url":"/api/member?page=1&size=10&status=&search=","statusCode":200,"responseTime":"39ms","userAgent":"PostmanRuntime/7.42.0","requestBody":{}}
{"timestamp":"08-10-2024 07:01:55","level":"INFO","method":"GET","url":"/api/member?page=1&size=10&status=&search=","statusCode":200,"responseTime":"40ms","userAgent":"PostmanRuntime/7.42.0","requestBody":{}}
{"timestamp":"08-10-2024 07:02:18","level":"INFO","method":"GET","url":"/api/member?page=1&size=10&status=&search=&type=genesis","statusCode":200,"responseTime":"91ms","userAgent":"PostmanRuntime/7.42.0","requestBody":{}}
{"timestamp":"08-10-2024 07:02:48","level":"INFO","method":"GET","url":"/api/member?page=1&size=10&status=&search=&type=regular","statusCode":200,"responseTime":"49ms","userAgent":"PostmanRuntime/7.42.0","requestBody":{}}
{"timestamp":"08-10-2024 07:03:24","level":"INFO","method":"GET","url":"/api/member/tree","statusCode":200,"responseTime":"49ms","userAgent":"PostmanRuntime/7.42.0","requestBody":{}}
{"timestamp":"08-10-2024 07:03:41","level":"INFO","method":"GET","url":"/api/member/tree/10","statusCode":200,"responseTime":"32ms","userAgent":"PostmanRuntime/7.42.0","requestBody":{}}
{"timestamp":"08-10-2024 07:16:55","level":"INFO","method":"PUT","url":"/api/member/:memberId","statusCode":404,"responseTime":"8ms","userAgent":"PostmanRuntime/7.42.0","requestBody":{"email":"fufufafa@gmail.com"}}
{"timestamp":"08-10-2024 07:17:05","level":"INFO","method":"PUT","url":"/api/member/100","statusCode":404,"responseTime":"182ms","userAgent":"PostmanRuntime/7.42.0","requestBody":{"email":"fufufafa@gmail.com"}}
{"0":"M","1":"e","2":"m","3":"b","4":"e","5":"r","6":" ","7":"h","8":"a","9":"s","10":" ","11":"b","12":"e","13":"e","14":"n","15":" ","16":"v","17":"e","18":"r","19":"i","20":"f","21":"i","22":"e","23":"d","timestamp":"08-10-2024 07:17:51","level":"ERROR"}
{"timestamp":"08-10-2024 07:17:51","level":"INFO","method":"PUT","url":"/api/member/10","statusCode":500,"responseTime":"101ms","userAgent":"PostmanRuntime/7.42.0","requestBody":{"email":"fufufafa@gmail.com"}}
{"timestamp":"08-10-2024 07:18:58","level":"INFO","method":"PUT","url":"/api/member/:memberId","statusCode":400,"responseTime":"7ms","userAgent":"PostmanRuntime/7.42.0","requestBody":{"email":"fufufafa@gmail.com"}}
{"timestamp":"08-10-2024 07:19:09","level":"INFO","method":"PUT","url":"/api/member/10","statusCode":400,"responseTime":"114ms","userAgent":"PostmanRuntime/7.42.0","requestBody":{"email":"fufufafa@gmail.com"}}
{"timestamp":"08-10-2024 07:20:04","level":"INFO","method":"PUT","url":"/api/member/10","statusCode":400,"responseTime":"16ms","userAgent":"PostmanRuntime/7.42.0","requestBody":{"email":"fufufafa@gmail.com"}}
{"timestamp":"08-10-2024 07:21:07","level":"INFO","method":"PUT","url":"/api/member/10","statusCode":200,"responseTime":"56ms","userAgent":"PostmanRuntime/7.42.0","requestBody":{"email":"fufufafa@gmail.com"}}
{"timestamp":"08-10-2024 07:29:45","level":"INFO","method":"POST","url":"/api/member/35/reject-verification","statusCode":500,"responseTime":"13ms","userAgent":"PostmanRuntime/7.42.0","requestBody":{}}
{"timestamp":"08-10-2024 07:29:56","level":"INFO","method":"POST","url":"/api/member/35/reject-verification","statusCode":500,"responseTime":"3ms","userAgent":"PostmanRuntime/7.42.0","requestBody":{}}
{"timestamp":"08-10-2024 07:30:32","level":"INFO","method":"POST","url":"/api/member/35/reject-verification","statusCode":500,"responseTime":"12ms","userAgent":"PostmanRuntime/7.42.0","requestBody":{}}
{"timestamp":"08-10-2024 07:30:57","level":"INFO","method":"POST","url":"/api/request-otp","statusCode":200,"responseTime":"4127ms","userAgent":"PostmanRuntime/7.42.0","requestBody":{"email":"adminconn@gmail.com"}}
{"timestamp":"08-10-2024 07:31:19","level":"INFO","method":"POST","url":"/api/verify-otp","statusCode":200,"responseTime":"150ms","userAgent":"PostmanRuntime/7.42.0","requestBody":{"otp":"908212"}}
{"timestamp":"08-10-2024 07:31:29","level":"INFO","method":"POST","url":"/api/member/35/reject-verification","statusCode":500,"responseTime":"20ms","userAgent":"PostmanRuntime/7.42.0","requestBody":{}}
{"timestamp":"08-10-2024 07:31:46","level":"INFO","method":"POST","url":"/api/member/35/reject-verification","statusCode":400,"responseTime":"47ms","userAgent":"PostmanRuntime/7.42.0","requestBody":{}}
{"timestamp":"08-10-2024 07:32:16","level":"INFO","method":"POST","url":"/api/member/35/reject-verification","statusCode":500,"responseTime":"19ms","userAgent":"PostmanRuntime/7.42.0","requestBody":{}}
{"timestamp":"08-10-2024 07:32:37","level":"INFO","method":"POST","url":"/api/member/35/reject-verification","statusCode":500,"responseTime":"12ms","userAgent":"PostmanRuntime/7.42.0","requestBody":{}}
{"timestamp":"08-10-2024 07:32:45","level":"INFO","method":"POST","url":"/api/member/35/reject-verification","statusCode":500,"responseTime":"7ms","userAgent":"PostmanRuntime/7.42.0","requestBody":{}}
{"timestamp":"08-10-2024 07:33:21","level":"INFO","method":"POST","url":"/api/member/35/reject-verification","statusCode":500,"responseTime":"26ms","userAgent":"PostmanRuntime/7.42.0","requestBody":{}}
{"timestamp":"08-10-2024 07:33:59","level":"INFO","method":"POST","url":"/api/member/35/reject-verification","statusCode":400,"responseTime":"10ms","userAgent":"PostmanRuntime/7.42.0","requestBody":{}}
{"timestamp":"08-10-2024 07:34:17","level":"INFO","method":"POST","url":"/api/member/35/reject-verification","statusCode":400,"responseTime":"27ms","userAgent":"PostmanRuntime/7.42.0","requestBody":{}}
{"timestamp":"08-10-2024 07:34:19","level":"INFO","method":"POST","url":"/api/member/35/reject-verification","statusCode":400,"responseTime":"2ms","userAgent":"PostmanRuntime/7.42.0","requestBody":{}}
{"timestamp":"08-10-2024 07:35:36","level":"INFO","method":"POST","url":"/api/member/35/reject-verification","statusCode":400,"responseTime":"15ms","userAgent":"PostmanRuntime/7.42.0","requestBody":{"reason":"wrong input trx id"}}
{"timestamp":"08-10-2024 07:36:06","level":"INFO","method":"POST","url":"/api/member/45/reject-verification","statusCode":400,"responseTime":"78ms","userAgent":"PostmanRuntime/7.42.0","requestBody":{"reason":"wrong input trx id"}}
{"timestamp":"08-10-2024 07:36:08","level":"INFO","method":"POST","url":"/api/member/45/reject-verification","statusCode":400,"responseTime":"21ms","userAgent":"PostmanRuntime/7.42.0","requestBody":{"reason":"wrong input trx id"}}
{"0":"d","1":"a","2":"t","3":"a","4":" ","5":"i","6":"s","7":" ","8":"n","9":"o","10":"t","11":" ","12":"d","13":"e","14":"f","15":"i","16":"n","17":"e","18":"d","timestamp":"08-10-2024 07:36:26","level":"ERROR"}
{"timestamp":"08-10-2024 07:36:26","level":"INFO","method":"POST","url":"/api/member/45/reject-verification","statusCode":500,"responseTime":"171ms","userAgent":"PostmanRuntime/7.42.0","requestBody":{"reason":"wrong input trx id"}}
{"timestamp":"08-10-2024 07:36:37","level":"INFO","method":"POST","url":"/api/member/45/reject-verification","statusCode":200,"responseTime":"36ms","userAgent":"PostmanRuntime/7.42.0","requestBody":{"reason":"wrong input trx id"}}
