{"timestamp":"01-10-2024 07:53:36","level":"INFO","method":"POST","url":"/api/request-otp","statusCode":200,"responseTime":"3433ms","userAgent":"PostmanRuntime/7.42.0","requestBody":{"email":"ilhamnurrohman74@gmail.com"}}
{"timestamp":"01-10-2024 07:54:07","level":"INFO","method":"POST","url":"/api/verify-otp","statusCode":200,"responseTime":"135ms","userAgent":"PostmanRuntime/7.42.0","requestBody":{"otp":"411057"}}
{"timestamp":"01-10-2024 07:54:58","level":"INFO","method":"GET","url":"/api/dashboard","statusCode":200,"responseTime":"6ms","userAgent":"PostmanRuntime/7.42.0","requestBody":{}}
{"timestamp":"01-10-2024 07:58:11","level":"INFO","method":"GET","url":"/api/dashboard","statusCode":200,"responseTime":"17ms","userAgent":"PostmanRuntime/7.42.0","requestBody":{}}
{"timestamp":"01-10-2024 07:58:56","level":"INFO","method":"GET","url":"/api/dashboard","statusCode":200,"responseTime":"15ms","userAgent":"PostmanRuntime/7.42.0","requestBody":{}}
{"timestamp":"01-10-2024 08:01:21","level":"INFO","method":"GET","url":"/api/dashboard","statusCode":200,"responseTime":"29ms","userAgent":"PostmanRuntime/7.42.0","requestBody":{}}
{"timestamp":"01-10-2024 08:04:08","level":"INFO","method":"GET","url":"/api/dashboard","statusCode":200,"responseTime":"23ms","userAgent":"PostmanRuntime/7.42.0","requestBody":{}}
{"0":"a","1":"r","2":"g","3":"u","4":"m","5":"e","6":"n","7":"t","8":" ","9":"o","10":"f","11":" ","12":"A","13":"N","14":"D","15":" ","16":"m","17":"u","18":"s","19":"t","20":" ","21":"b","22":"e","23":" ","24":"t","25":"y","26":"p","27":"e","28":" ","29":"b","30":"o","31":"o","32":"l","33":"e","34":"a","35":"n","36":",","37":" ","38":"n","39":"o","40":"t","41":" ","42":"t","43":"y","44":"p","45":"e","46":" ","47":"s","48":"m","49":"a","50":"l","51":"l","52":"i","53":"n","54":"t","timestamp":"01-10-2024 08:08:52","level":"ERROR"}
{"timestamp":"01-10-2024 08:08:52","level":"INFO","method":"GET","url":"/api/dashboard","statusCode":500,"responseTime":"19ms","userAgent":"PostmanRuntime/7.42.0","requestBody":{}}
{"timestamp":"01-10-2024 08:09:51","level":"INFO","method":"GET","url":"/api/dashboard","statusCode":200,"responseTime":"25ms","userAgent":"PostmanRuntime/7.42.0","requestBody":{}}
{"0":"s","1":"y","2":"n","3":"t","4":"a","5":"x","6":" ","7":"e","8":"r","9":"r","10":"o","11":"r","12":" ","13":"a","14":"t","15":" ","16":"o","17":"r","18":" ","19":"n","20":"e","21":"a","22":"r","23":" ","24":"\"","25":"d","26":"\"","timestamp":"01-10-2024 08:10:06","level":"ERROR"}
{"timestamp":"01-10-2024 08:10:06","level":"INFO","method":"GET","url":"/api/dashboard","statusCode":500,"responseTime":"20ms","userAgent":"PostmanRuntime/7.42.0","requestBody":{}}
{"timestamp":"01-10-2024 08:10:15","level":"INFO","method":"GET","url":"/api/dashboard","statusCode":200,"responseTime":"21ms","userAgent":"PostmanRuntime/7.42.0","requestBody":{}}
{"timestamp":"01-10-2024 08:13:58","level":"INFO","method":"GET","url":"/api/dashboard","statusCode":200,"responseTime":"25ms","userAgent":"PostmanRuntime/7.42.0","requestBody":{}}
{"timestamp":"01-10-2024 08:15:04","level":"INFO","method":"GET","url":"/api/dashboard","statusCode":200,"responseTime":"40ms","userAgent":"PostmanRuntime/7.42.0","requestBody":{}}
{"timestamp":"01-10-2024 08:22:36","level":"INFO","method":"GET","url":"/api/dashboard","statusCode":200,"responseTime":"71ms","userAgent":"PostmanRuntime/7.42.0","requestBody":{}}
{"timestamp":"01-10-2024 08:22:43","level":"INFO","method":"GET","url":"/api/dashboard","statusCode":200,"responseTime":"41ms","userAgent":"PostmanRuntime/7.42.0","requestBody":{}}
{"timestamp":"01-10-2024 08:22:55","level":"INFO","method":"GET","url":"/api/dashboard","statusCode":200,"responseTime":"32ms","userAgent":"PostmanRuntime/7.42.0","requestBody":{}}
{"timestamp":"01-10-2024 08:23:25","level":"INFO","method":"GET","url":"/api/dashboard","statusCode":200,"responseTime":"19ms","userAgent":"PostmanRuntime/7.42.0","requestBody":{}}
{"timestamp":"01-10-2024 08:35:35","level":"INFO","method":"GET","url":"/api/dashboard","statusCode":200,"responseTime":"40ms","userAgent":"PostmanRuntime/7.42.0","requestBody":{}}
{"timestamp":"01-10-2024 08:35:54","level":"INFO","method":"GET","url":"/api/dashboard","statusCode":200,"responseTime":"27ms","userAgent":"PostmanRuntime/7.42.0","requestBody":{}}
{"timestamp":"01-10-2024 08:36:27","level":"INFO","method":"GET","url":"/api/dashboard","statusCode":200,"responseTime":"76ms","userAgent":"PostmanRuntime/7.42.0","requestBody":{}}
{"timestamp":"01-10-2024 08:37:13","level":"INFO","method":"GET","url":"/api/dashboard","statusCode":200,"responseTime":"30ms","userAgent":"PostmanRuntime/7.42.0","requestBody":{}}
{"timestamp":"01-10-2024 08:38:34","level":"INFO","method":"GET","url":"/api/dashboard","statusCode":200,"responseTime":"43ms","userAgent":"PostmanRuntime/7.42.0","requestBody":{}}
{"timestamp":"01-10-2024 08:38:39","level":"INFO","method":"GET","url":"/api/dashboard","statusCode":200,"responseTime":"25ms","userAgent":"PostmanRuntime/7.42.0","requestBody":{}}
{"timestamp":"01-10-2024 08:39:49","level":"INFO","method":"GET","url":"/api/dashboard","statusCode":200,"responseTime":"56ms","userAgent":"PostmanRuntime/7.42.0","requestBody":{}}
{"timestamp":"01-10-2024 08:40:06","level":"INFO","method":"GET","url":"/api/dashboard","statusCode":200,"responseTime":"34ms","userAgent":"PostmanRuntime/7.42.0","requestBody":{}}
{"timestamp":"01-10-2024 08:43:21","level":"INFO","method":"GET","url":"/api/dashboard","statusCode":401,"responseTime":"2ms","userAgent":"PostmanRuntime/7.42.0","requestBody":{}}
{"timestamp":"01-10-2024 08:43:26","level":"INFO","method":"GET","url":"/api/dashboard","statusCode":200,"responseTime":"74ms","userAgent":"PostmanRuntime/7.42.0","requestBody":{}}
{"timestamp":"01-10-2024 08:44:58","level":"INFO","method":"GET","url":"/api/dashboard","statusCode":200,"responseTime":"33ms","userAgent":"PostmanRuntime/7.42.0","requestBody":{}}
{"timestamp":"01-10-2024 08:45:27","level":"INFO","method":"POST","url":"/api/request-otp","statusCode":200,"responseTime":"4078ms","userAgent":"PostmanRuntime/7.42.0","requestBody":{"email":"admin_cassablanca@gmail.com"}}
{"timestamp":"01-10-2024 08:45:42","level":"INFO","method":"POST","url":"/api/verify-otp","statusCode":401,"responseTime":"42ms","userAgent":"PostmanRuntime/7.42.0","requestBody":{"otp":"462681"}}
{"timestamp":"01-10-2024 08:45:51","level":"INFO","method":"POST","url":"/api/verify-otp","statusCode":200,"responseTime":"25ms","userAgent":"PostmanRuntime/7.42.0","requestBody":{"otp":"030046"}}
{"timestamp":"01-10-2024 08:45:55","level":"INFO","method":"GET","url":"/api/dashboard","statusCode":200,"responseTime":"2ms","userAgent":"PostmanRuntime/7.42.0","requestBody":{}}
{"timestamp":"01-10-2024 08:52:57","level":"INFO","method":"GET","url":"/api/dashboard","statusCode":200,"responseTime":"27ms","userAgent":"PostmanRuntime/7.42.0","requestBody":{}}
{"timestamp":"01-10-2024 09:15:27","level":"INFO","method":"GET","url":"/api/dashboard","statusCode":200,"responseTime":"41ms","userAgent":"PostmanRuntime/7.42.0","requestBody":{}}
{"timestamp":"01-10-2024 09:15:47","level":"INFO","method":"GET","url":"/api/dashboard","statusCode":200,"responseTime":"85ms","userAgent":"PostmanRuntime/7.42.0","requestBody":{}}
{"timestamp":"01-10-2024 09:16:14","level":"INFO","method":"GET","url":"/api/dashboard","statusCode":200,"responseTime":"35ms","userAgent":"PostmanRuntime/7.42.0","requestBody":{}}
{"timestamp":"01-10-2024 09:16:52","level":"INFO","method":"GET","url":"/api/dashboard","statusCode":200,"responseTime":"57ms","userAgent":"PostmanRuntime/7.42.0","requestBody":{}}
{"timestamp":"01-10-2024 09:17:31","level":"INFO","method":"GET","url":"/api/dashboard","statusCode":200,"responseTime":"21ms","userAgent":"PostmanRuntime/7.42.0","requestBody":{}}
{"timestamp":"01-10-2024 09:17:58","level":"INFO","method":"GET","url":"/api/dashboard","statusCode":200,"responseTime":"38ms","userAgent":"PostmanRuntime/7.42.0","requestBody":{}}
{"timestamp":"01-10-2024 09:18:29","level":"INFO","method":"GET","url":"/api/dashboard","statusCode":200,"responseTime":"25ms","userAgent":"PostmanRuntime/7.42.0","requestBody":{}}
{"timestamp":"01-10-2024 09:23:55","level":"INFO","method":"GET","url":"/api/dashboard","statusCode":200,"responseTime":"29ms","userAgent":"PostmanRuntime/7.42.0","requestBody":{}}
{"timestamp":"01-10-2024 09:24:10","level":"INFO","method":"GET","url":"/api/dashboard","statusCode":200,"responseTime":"95ms","userAgent":"PostmanRuntime/7.42.0","requestBody":{}}
{"0":"m","1":"e","2":"m","3":"b","4":"e","5":"r","6":" ","7":"i","8":"s","9":" ","10":"n","11":"o","12":"t","13":" ","14":"d","15":"e","16":"f","17":"i","18":"n","19":"e","20":"d","timestamp":"01-10-2024 09:24:34","level":"ERROR"}
{"timestamp":"01-10-2024 09:24:34","level":"INFO","method":"GET","url":"/api/dashboard","statusCode":500,"responseTime":"35ms","userAgent":"PostmanRuntime/7.42.0","requestBody":{}}
{"timestamp":"01-10-2024 09:25:04","level":"INFO","method":"GET","url":"/api/dashboard","statusCode":200,"responseTime":"51ms","userAgent":"PostmanRuntime/7.42.0","requestBody":{}}
{"0":"c","1":"o","2":"l","3":"u","4":"m","5":"n","6":" ","7":"m","8":"e","9":"m","10":"b","11":"e","12":"r","13":".","14":"m","15":"e","16":"m","17":"b","18":"e","19":"r","20":"_","21":"i","22":"d","23":"_","24":"p","25":"a","26":"r","27":"e","28":"n","29":"t","30":" ","31":"d","32":"o","33":"e","34":"s","35":" ","36":"n","37":"o","38":"t","39":" ","40":"e","41":"x","42":"i","43":"s","44":"t","timestamp":"01-10-2024 09:25:28","level":"ERROR"}
{"timestamp":"01-10-2024 09:25:28","level":"INFO","method":"GET","url":"/api/dashboard","statusCode":500,"responseTime":"35ms","userAgent":"PostmanRuntime/7.42.0","requestBody":{}}
{"timestamp":"01-10-2024 09:25:37","level":"INFO","method":"GET","url":"/api/dashboard","statusCode":200,"responseTime":"94ms","userAgent":"PostmanRuntime/7.42.0","requestBody":{}}
{"timestamp":"01-10-2024 09:26:50","level":"INFO","method":"GET","url":"/api/dashboard","statusCode":401,"responseTime":"2ms","userAgent":"PostmanRuntime/7.42.0","requestBody":{}}
{"timestamp":"01-10-2024 09:26:56","level":"INFO","method":"GET","url":"/api/dashboard","statusCode":200,"responseTime":"89ms","userAgent":"PostmanRuntime/7.42.0","requestBody":{}}
