{"timestamp":"27-09-2024 06:17:52","level":"INFO","method":"POST","url":"/api/member/payment/confirm","statusCode":401,"responseTime":"12ms","userAgent":"PostmanRuntime/7.42.0","requestBody":{"transaction_id":"4a5e1e4b8f0a1b5a3d0f1e3f7b8c8f4d2f83f83e09e1b1db82e47d97b5b8f4e3","address_wallet_id":1928182,"order_id":212,"product_id":12,"qty":"10","amount":"100"}}
{"timestamp":"27-09-2024 06:18:04","level":"INFO","method":"POST","url":"/api/request-otp","statusCode":200,"responseTime":"3515ms","userAgent":"PostmanRuntime/7.42.0","requestBody":{"email":"ilhamnurrohman74@gmail.com"}}
{"timestamp":"27-09-2024 06:18:22","level":"INFO","method":"POST","url":"/api/verify-otp","statusCode":200,"responseTime":"98ms","userAgent":"PostmanRuntime/7.42.0","requestBody":{"otp":"106220"}}
{"timestamp":"27-09-2024 06:18:26","level":"INFO","method":"POST","url":"/api/member/payment/confirm","statusCode":400,"responseTime":"35ms","userAgent":"PostmanRuntime/7.42.0","requestBody":{"transaction_id":"4a5e1e4b8f0a1b5a3d0f1e3f7b8c8f4d2f83f83e09e1b1db82e47d97b5b8f4e3","address_wallet_id":1928182,"order_id":212,"product_id":12,"qty":"10","amount":"100"}}
{"timestamp":"27-09-2024 06:18:38","level":"INFO","method":"POST","url":"/api/member/payment/confirm","statusCode":400,"responseTime":"7ms","userAgent":"PostmanRuntime/7.42.0","requestBody":{"transaction_id":"4a5e1e4b8f0a1b5a3d0f1e3f7b8c8f4d2f83f83e09e1b1db82e47d97b5b8f4e3","address_wallet_id":1928182,"order_id":null,"product_id":12,"qty":"10","amount":"100"}}
{"0":"c","1":"o","2":"n","3":"s","4":"o","5":"l","6":"e","7":".","8":"l","9":"o","10":"g","11":"o","12":" ","13":"i","14":"s","15":" ","16":"n","17":"o","18":"t","19":" ","20":"a","21":" ","22":"f","23":"u","24":"n","25":"c","26":"t","27":"i","28":"o","29":"n","timestamp":"27-09-2024 06:19:42","level":"ERROR"}
{"timestamp":"27-09-2024 06:19:42","level":"INFO","method":"POST","url":"/api/member/payment/confirm","statusCode":500,"responseTime":"4ms","userAgent":"PostmanRuntime/7.42.0","requestBody":{"transaction_id":"4a5e1e4b8f0a1b5a3d0f1e3f7b8c8f4d2f83f83e09e1b1db82e47d97b5b8f4e3","address_wallet_id":1,"order_id":null,"product_id":12,"qty":10000,"amount":100}}
{"0":"R","1":"e","2":"s","3":"p","4":"o","5":"n","6":"s","7":"e","8":".","9":"S","10":"u","11":"c","12":"c","13":"e","14":"s","15":"s","16":" ","17":"i","18":"s","19":" ","20":"n","21":"o","22":"t","23":" ","24":"a","25":" ","26":"f","27":"u","28":"n","29":"c","30":"t","31":"i","32":"o","33":"n","timestamp":"27-09-2024 06:19:59","level":"ERROR"}
{"timestamp":"27-09-2024 06:19:59","level":"INFO","method":"POST","url":"/api/member/payment/confirm","statusCode":500,"responseTime":"14ms","userAgent":"PostmanRuntime/7.42.0","requestBody":{"transaction_id":"4a5e1e4b8f0a1b5a3d0f1e3f7b8c8f4d2f83f83e09e1b1db82e47d97b5b8f4e3","address_wallet_id":1,"order_id":null,"product_id":12,"qty":10000,"amount":100}}
{"timestamp":"27-09-2024 06:20:08","level":"INFO","method":"POST","url":"/api/member/payment/confirm","statusCode":200,"responseTime":"10ms","userAgent":"PostmanRuntime/7.42.0","requestBody":{"transaction_id":"4a5e1e4b8f0a1b5a3d0f1e3f7b8c8f4d2f83f83e09e1b1db82e47d97b5b8f4e3","address_wallet_id":1,"order_id":null,"product_id":12,"qty":10000,"amount":100}}
{"0":"p","1":"r","2":"o","3":"d","4":"u","5":"c","6":"t","7":"R","8":"e","9":"p","10":"o","11":"s","12":"i","13":"t","14":"o","15":"r","16":"y","17":" ","18":"i","19":"s","20":" ","21":"n","22":"o","23":"t","24":" ","25":"d","26":"e","27":"f","28":"i","29":"n","30":"e","31":"d","timestamp":"27-09-2024 06:22:05","level":"ERROR"}
{"timestamp":"27-09-2024 06:22:05","level":"INFO","method":"POST","url":"/api/member/payment/confirm","statusCode":500,"responseTime":"10ms","userAgent":"PostmanRuntime/7.42.0","requestBody":{"transaction_id":"4a5e1e4b8f0a1b5a3d0f1e3f7b8c8f4d2f83f83e09e1b1db82e47d97b5b8f4e3","address_wallet_id":1,"order_id":null,"product_id":12,"qty":10000,"amount":100,"member_id":"10"}}
{"timestamp":"27-09-2024 06:22:50","level":"INFO","method":"POST","url":"/api/member/payment/confirm","statusCode":404,"responseTime":"13ms","userAgent":"PostmanRuntime/7.42.0","requestBody":{"transaction_id":"4a5e1e4b8f0a1b5a3d0f1e3f7b8c8f4d2f83f83e09e1b1db82e47d97b5b8f4e3","address_wallet_id":1,"order_id":null,"product_id":12,"qty":10000,"amount":100,"member_id":"10"}}
{"timestamp":"27-09-2024 06:38:25","level":"INFO","method":"POST","url":"/api/member/payment/confirm","statusCode":404,"responseTime":"12ms","userAgent":"PostmanRuntime/7.42.0","requestBody":{"transaction_id":"4a5e1e4b8f0a1b5a3d0f1e3f7b8c8f4d2f83f83e09e1b1db82e47d97b5b8f4e3","address_wallet_id":1,"order_id":null,"product_id":12,"qty":10000,"amount":100,"member_id":"10"}}
{"timestamp":"27-09-2024 06:38:30","level":"INFO","method":"POST","url":"/api/member/payment/confirm","statusCode":404,"responseTime":"54ms","userAgent":"PostmanRuntime/7.42.0","requestBody":{"transaction_id":"4a5e1e4b8f0a1b5a3d0f1e3f7b8c8f4d2f83f83e09e1b1db82e47d97b5b8f4e3","address_wallet_id":1,"order_id":null,"product_id":1,"qty":10000,"amount":100,"member_id":"10"}}
{"0":"w","1":"i","2":"t","3":"h","4":"T","5":"r","6":"a","7":"n","8":"s","9":"a","10":"c","11":"t","12":"i","13":"o","14":"n","15":" ","16":"i","17":"s","18":" ","19":"n","20":"o","21":"t","22":" ","23":"d","24":"e","25":"f","26":"i","27":"n","28":"e","29":"d","timestamp":"27-09-2024 06:38:43","level":"ERROR"}
{"timestamp":"27-09-2024 06:38:43","level":"INFO","method":"POST","url":"/api/member/payment/confirm","statusCode":500,"responseTime":"94ms","userAgent":"PostmanRuntime/7.42.0","requestBody":{"transaction_id":"4a5e1e4b8f0a1b5a3d0f1e3f7b8c8f4d2f83f83e09e1b1db82e47d97b5b8f4e3","address_wallet_id":6,"order_id":null,"product_id":1,"qty":10000,"amount":100,"member_id":"10"}}
{"0":"C","1":"a","2":"n","3":"n","4":"o","5":"t","6":" ","7":"r","8":"e","9":"a","10":"d","11":" ","12":"p","13":"r","14":"o","15":"p","16":"e","17":"r","18":"t","19":"i","20":"e","21":"s","22":" ","23":"o","24":"f","25":" ","26":"u","27":"n","28":"d","29":"e","30":"f","31":"i","32":"n","33":"e","34":"d","35":" ","36":"(","37":"r","38":"e","39":"a","40":"d","41":"i","42":"n","43":"g","44":" ","45":"'","46":"o","47":"r","48":"d","49":"e","50":"r","51":"_","52":"i","53":"d","54":"'","55":")","timestamp":"27-09-2024 06:39:58","level":"ERROR"}
{"timestamp":"27-09-2024 06:39:58","level":"INFO","method":"POST","url":"/api/member/payment/confirm","statusCode":500,"responseTime":"25ms","userAgent":"PostmanRuntime/7.42.0","requestBody":{"transaction_id":"4a5e1e4b8f0a1b5a3d0f1e3f7b8c8f4d2f83f83e09e1b1db82e47d97b5b8f4e3","address_wallet_id":6,"order_id":null,"product_id":1,"qty":10000,"amount":100,"member_id":"10"}}
{"0":"C","1":"a","2":"n","3":"n","4":"o","5":"t","6":" ","7":"r","8":"e","9":"a","10":"d","11":" ","12":"p","13":"r","14":"o","15":"p","16":"e","17":"r","18":"t","19":"i","20":"e","21":"s","22":" ","23":"o","24":"f","25":" ","26":"u","27":"n","28":"d","29":"e","30":"f","31":"i","32":"n","33":"e","34":"d","35":" ","36":"(","37":"r","38":"e","39":"a","40":"d","41":"i","42":"n","43":"g","44":" ","45":"'","46":"o","47":"r","48":"d","49":"e","50":"r","51":"_","52":"i","53":"d","54":"'","55":")","timestamp":"27-09-2024 06:40:24","level":"ERROR"}
{"timestamp":"27-09-2024 06:40:24","level":"INFO","method":"POST","url":"/api/member/payment/confirm","statusCode":500,"responseTime":"27ms","userAgent":"PostmanRuntime/7.42.0","requestBody":{"transaction_id":"4a5e1e4b8f0a1b5a3d0f1e3f7b8c8f4d2f83f83e09e1b1db82e47d97b5b8f4e3","address_wallet_id":6,"order_id":null,"product_id":1,"qty":10000,"amount":100,"member_id":"10"}}
{"0":{"message":"orders.member_id cannot be null","type":"notNull Violation","path":"member_id","value":null,"origin":"CORE","instance":{"id":null,"product_id":1,"price":"0.01","qty":10000,"total_price":100,"chain_trx_id":"4a5e1e4b8f0a1b5a3d0f1e3f7b8c8f4d2f83f83e09e1b1db82e47d97b5b8f4e3","address":6,"coin_id":"USDT_tron","updatedAt":"2024-09-26T23:41:47.241Z","createdAt":"2024-09-26T23:41:47.241Z"},"validatorKey":"is_null","validatorName":null,"validatorArgs":[]},"timestamp":"27-09-2024 06:41:47","level":"ERROR"}
{"timestamp":"27-09-2024 06:41:47","level":"INFO","method":"POST","url":"/api/member/payment/confirm","statusCode":400,"responseTime":"32ms","userAgent":"PostmanRuntime/7.42.0","requestBody":{"transaction_id":"4a5e1e4b8f0a1b5a3d0f1e3f7b8c8f4d2f83f83e09e1b1db82e47d97b5b8f4e3","address_wallet_id":6,"order_id":null,"product_id":1,"qty":10000,"amount":100,"member_id":"10"}}
{"0":{"message":"orders.member_id cannot be null","type":"notNull Violation","path":"member_id","value":null,"origin":"CORE","instance":{"id":null,"product_id":1,"price":"0.01","qty":10000,"total_price":100,"chain_trx_id":"4a5e1e4b8f0a1b5a3d0f1e3f7b8c8f4d2f83f83e09e1b1db82e47d97b5b8f4e3","address":6,"coin_id":"USDT_tron","updatedAt":"2024-09-26T23:42:11.735Z","createdAt":"2024-09-26T23:42:11.735Z"},"validatorKey":"is_null","validatorName":null,"validatorArgs":[]},"timestamp":"27-09-2024 06:42:11","level":"ERROR"}
{"timestamp":"27-09-2024 06:42:11","level":"INFO","method":"POST","url":"/api/member/payment/confirm","statusCode":400,"responseTime":"39ms","userAgent":"PostmanRuntime/7.42.0","requestBody":{"transaction_id":"4a5e1e4b8f0a1b5a3d0f1e3f7b8c8f4d2f83f83e09e1b1db82e47d97b5b8f4e3","address_wallet_id":6,"order_id":null,"product_id":1,"qty":10000,"amount":100,"member_id":"10"}}
{"0":"c","1":"o","2":"l","3":"u","4":"m","5":"n","6":" ","7":"\"","8":"c","9":"r","10":"e","11":"a","12":"t","13":"e","14":"d","15":"A","16":"t","17":"\"","18":" ","19":"o","20":"f","21":" ","22":"r","23":"e","24":"l","25":"a","26":"t","27":"i","28":"o","29":"n","30":" ","31":"\"","32":"o","33":"r","34":"d","35":"e","36":"r","37":"s","38":"\"","39":" ","40":"d","41":"o","42":"e","43":"s","44":" ","45":"n","46":"o","47":"t","48":" ","49":"e","50":"x","51":"i","52":"s","53":"t","timestamp":"27-09-2024 06:42:36","level":"ERROR"}
{"timestamp":"27-09-2024 06:42:36","level":"INFO","method":"POST","url":"/api/member/payment/confirm","statusCode":500,"responseTime":"35ms","userAgent":"PostmanRuntime/7.42.0","requestBody":{"transaction_id":"4a5e1e4b8f0a1b5a3d0f1e3f7b8c8f4d2f83f83e09e1b1db82e47d97b5b8f4e3","address_wallet_id":6,"order_id":null,"product_id":1,"qty":10000,"amount":100,"member_id":"10"}}
{"timestamp":"27-09-2024 06:42:53","level":"INFO","method":"POST","url":"/api/member/payment/confirm","statusCode":200,"responseTime":"44ms","userAgent":"PostmanRuntime/7.42.0","requestBody":{"transaction_id":"4a5e1e4b8f0a1b5a3d0f1e3f7b8c8f4d2f83f83e09e1b1db82e47d97b5b8f4e3","address_wallet_id":6,"order_id":null,"product_id":1,"qty":10000,"amount":100,"member_id":"10"}}
{"timestamp":"27-09-2024 06:44:50","level":"INFO","method":"POST","url":"/api/member/payment/confirm","statusCode":200,"responseTime":"35ms","userAgent":"PostmanRuntime/7.42.0","requestBody":{"transaction_id":"4a5e1e4b8f0a1b5a3d0f1e3f7b8c8f4d2f83f83e09e1b1db82e47d97b5b8f4e3","address_wallet_id":6,"order_id":null,"product_id":1,"qty":10000,"amount":100,"member_id":"10"}}
{"0":"c","1":"o","2":"l","3":"u","4":"m","5":"n","6":" ","7":"\"","8":"c","9":"r","10":"e","11":"a","12":"t","13":"e","14":"d","15":"A","16":"t","17":"\"","18":" ","19":"d","20":"o","21":"e","22":"s","23":" ","24":"n","25":"o","26":"t","27":" ","28":"e","29":"x","30":"i","31":"s","32":"t","timestamp":"27-09-2024 06:45:48","level":"ERROR"}
{"timestamp":"27-09-2024 06:45:48","level":"INFO","method":"POST","url":"/api/member/payment/confirm","statusCode":500,"responseTime":"22ms","userAgent":"PostmanRuntime/7.42.0","requestBody":{"transaction_id":"4a5e1e4b8f0a1b5a3d0f1e3f7b8c8f4d2f83f83e09e1b1db82e47d97b5b8f4e3","address_wallet_id":6,"order_id":null,"product_id":1,"qty":10000,"amount":100,"member_id":"10"}}
{"0":"c","1":"o","2":"l","3":"u","4":"m","5":"n","6":" ","7":"w","8":"a","9":"l","10":"l","11":"e","12":"t","13":".","14":"c","15":"r","16":"e","17":"a","18":"t","19":"e","20":"d","21":"A","22":"t","23":" ","24":"d","25":"o","26":"e","27":"s","28":" ","29":"n","30":"o","31":"t","32":" ","33":"e","34":"x","35":"i","36":"s","37":"t","timestamp":"27-09-2024 06:46:40","level":"ERROR"}
{"timestamp":"27-09-2024 06:46:40","level":"INFO","method":"POST","url":"/api/member/payment/confirm","statusCode":500,"responseTime":"23ms","userAgent":"PostmanRuntime/7.42.0","requestBody":{"transaction_id":"4a5e1e4b8f0a1b5a3d0f1e3f7b8c8f4d2f83f83e09e1b1db82e47d97b5b8f4e3","address_wallet_id":6,"order_id":null,"product_id":1,"qty":10000,"amount":100,"member_id":"10"}}
{"0":"c","1":"o","2":"l","3":"u","4":"m","5":"n","6":" ","7":"\"","8":"c","9":"r","10":"e","11":"a","12":"t","13":"e","14":"d","15":"A","16":"t","17":"\"","18":" ","19":"o","20":"f","21":" ","22":"r","23":"e","24":"l","25":"a","26":"t","27":"i","28":"o","29":"n","30":" ","31":"\"","32":"a","33":"u","34":"d","35":"i","36":"t","37":"s","38":"\"","39":" ","40":"d","41":"o","42":"e","43":"s","44":" ","45":"n","46":"o","47":"t","48":" ","49":"e","50":"x","51":"i","52":"s","53":"t","timestamp":"27-09-2024 06:47:00","level":"ERROR"}
{"timestamp":"27-09-2024 06:47:00","level":"INFO","method":"POST","url":"/api/member/payment/confirm","statusCode":500,"responseTime":"36ms","userAgent":"PostmanRuntime/7.42.0","requestBody":{"transaction_id":"4a5e1e4b8f0a1b5a3d0f1e3f7b8c8f4d2f83f83e09e1b1db82e47d97b5b8f4e3","address_wallet_id":6,"order_id":null,"product_id":1,"qty":10000,"amount":100,"member_id":"10"}}
{"timestamp":"27-09-2024 06:47:25","level":"INFO","method":"POST","url":"/api/member/payment/confirm","statusCode":200,"responseTime":"60ms","userAgent":"PostmanRuntime/7.42.0","requestBody":{"transaction_id":"4a5e1e4b8f0a1b5a3d0f1e3f7b8c8f4d2f83f83e09e1b1db82e47d97b5b8f4e3","address_wallet_id":6,"order_id":null,"product_id":1,"qty":10000,"amount":100,"member_id":"10"}}
{"0":"g","1":"e","2":"t","3":"O","4":"r","5":"d","6":"e","7":"r","8":"P","9":"e","10":"n","11":"d","12":"i","13":"n","14":"g","15":"B","16":"y","17":"M","18":"e","19":"m","20":"b","21":"e","22":"r","23":"A","24":"n","25":"d","26":"T","27":"r","28":"x","29":"I","30":"d","31":" ","32":"i","33":"s","34":" ","35":"n","36":"o","37":"t","38":" ","39":"d","40":"e","41":"f","42":"i","43":"n","44":"e","45":"d","timestamp":"27-09-2024 07:01:15","level":"ERROR"}
{"timestamp":"27-09-2024 07:01:15","level":"INFO","method":"POST","url":"/api/member/payment/confirm","statusCode":500,"responseTime":"27ms","userAgent":"PostmanRuntime/7.42.0","requestBody":{"transaction_id":"4a5e1e4b8f0a1b5a3d0f1e3f7b8c8f4d2f83f83e09e1b1db82e47d97b5b8f4e3","address_wallet_id":6,"order_id":null,"product_id":1,"qty":10000,"amount":100,"member_id":"10"}}
{"timestamp":"27-09-2024 07:01:48","level":"INFO","method":"POST","url":"/api/member/payment/confirm","statusCode":400,"responseTime":"24ms","userAgent":"PostmanRuntime/7.42.0","requestBody":{"transaction_id":"4a5e1e4b8f0a1b5a3d0f1e3f7b8c8f4d2f83f83e09e1b1db82e47d97b5b8f4e3","address_wallet_id":6,"order_id":null,"product_id":1,"qty":10000,"amount":100,"member_id":"10"}}
{"timestamp":"27-09-2024 07:03:00","level":"INFO","method":"POST","url":"/api/member/payment/confirm","statusCode":400,"responseTime":"152ms","userAgent":"PostmanRuntime/7.42.0","requestBody":{"transaction_id":"4a5e1e4b8f0a1b5a3d0f1e3f7b8c8f4d2f83f83e09e1b1db82e47d97b5b8f4e3","address_wallet_id":6,"order_id":null,"product_id":1,"qty":10000,"amount":100,"member_id":"10"}}
{"timestamp":"27-09-2024 07:03:18","level":"INFO","method":"POST","url":"/api/member/payment/confirm","statusCode":400,"responseTime":"26ms","userAgent":"PostmanRuntime/7.42.0","requestBody":{"transaction_id":"4a5e1e4b8f0a1b5a3d0f1e3f7b8c8f4d2f83f83e09e1b1db82e47d97b5b8f4e3","address_wallet_id":6,"order_id":null,"product_id":1,"qty":10000,"amount":100,"member_id":"10"}}
{"timestamp":"27-09-2024 07:03:34","level":"INFO","method":"POST","url":"/api/member/payment/confirm","statusCode":200,"responseTime":"49ms","userAgent":"PostmanRuntime/7.42.0","requestBody":{"transaction_id":"4a5e1e4b8f0a1b5a3d0f1e3f7b8c8f4d2f83f83e09e1b1db82e47d97b5b8f4e3","address_wallet_id":6,"order_id":null,"product_id":1,"qty":10000,"amount":100,"member_id":"10"}}
{"timestamp":"27-09-2024 07:05:23","level":"INFO","method":"POST","url":"/api/member/payment/confirm","statusCode":200,"responseTime":"125ms","userAgent":"PostmanRuntime/7.42.0","requestBody":{"transaction_id":"4a5e1e4b8f0a1b5a3d0f1e3f7b8c8f4d2f83f83e09e1b1db82e47d97b5b8f4e3","address_wallet_id":6,"order_id":null,"product_id":1,"qty":10000,"amount":100,"member_id":"10"}}
{"0":"g","1":"e","2":"t","3":"O","4":"r","5":"d","6":"e","7":"r","8":"B","9":"y","10":"i","11":"d","12":" ","13":"i","14":"s","15":" ","16":"n","17":"o","18":"t","19":" ","20":"d","21":"e","22":"f","23":"i","24":"n","25":"e","26":"d","timestamp":"27-09-2024 07:09:37","level":"ERROR"}
{"timestamp":"27-09-2024 07:09:37","level":"INFO","method":"POST","url":"/api/member/payment/confirm","statusCode":500,"responseTime":"87ms","userAgent":"PostmanRuntime/7.42.0","requestBody":{"transaction_id":"100e1e4b8f0a1b5a3d0f1e3f7b8c8f4d2f83f83e09e1b1db82e47d97b5b8f4e3","address_wallet_id":6,"order_id":6,"product_id":1,"qty":10000,"amount":100,"member_id":"10"}}
{"0":"o","1":"r","2":"d","3":"e","4":"r","5":"R","6":"e","7":"p","8":"o","9":"s","10":"i","11":"t","12":"o","13":"r","14":"y","15":".","16":"g","17":"e","18":"t","19":"O","20":"r","21":"d","22":"e","23":"r","24":"B","25":"y","26":"i","27":"d","28":" ","29":"i","30":"s","31":" ","32":"n","33":"o","34":"t","35":" ","36":"a","37":" ","38":"f","39":"u","40":"n","41":"c","42":"t","43":"i","44":"o","45":"n","timestamp":"27-09-2024 07:09:48","level":"ERROR"}
{"timestamp":"27-09-2024 07:09:48","level":"INFO","method":"POST","url":"/api/member/payment/confirm","statusCode":500,"responseTime":"21ms","userAgent":"PostmanRuntime/7.42.0","requestBody":{"transaction_id":"100e1e4b8f0a1b5a3d0f1e3f7b8c8f4d2f83f83e09e1b1db82e47d97b5b8f4e3","address_wallet_id":6,"order_id":6,"product_id":1,"qty":10000,"amount":100,"member_id":"10"}}
{"timestamp":"27-09-2024 07:09:59","level":"INFO","method":"POST","url":"/api/member/payment/confirm","statusCode":400,"responseTime":"31ms","userAgent":"PostmanRuntime/7.42.0","requestBody":{"transaction_id":"100e1e4b8f0a1b5a3d0f1e3f7b8c8f4d2f83f83e09e1b1db82e47d97b5b8f4e3","address_wallet_id":6,"order_id":6,"product_id":1,"qty":10000,"amount":100,"member_id":"10"}}
{"timestamp":"27-09-2024 07:10:15","level":"INFO","method":"POST","url":"/api/member/payment/confirm","statusCode":200,"responseTime":"71ms","userAgent":"PostmanRuntime/7.42.0","requestBody":{"transaction_id":"100e1e4b8f0a1b5a3d0f1e3f7b8c8f4d2f83f83e09e1b1db82e47d97b5b8f4e3","address_wallet_id":6,"order_id":6,"product_id":1,"qty":10000,"amount":100,"member_id":"10"}}
{"timestamp":"27-09-2024 07:11:21","level":"INFO","method":"POST","url":"/api/member/payment/confirm","statusCode":400,"responseTime":"31ms","userAgent":"PostmanRuntime/7.42.0","requestBody":{"transaction_id":"100e1e4b8f0a1b5a3d0f1e3f7b8c8f4d2f83f83e09e1b1db82e47d97b5b8f4e3","address_wallet_id":6,"order_id":null,"product_id":1,"qty":10000,"amount":100,"member_id":"10"}}
{"timestamp":"27-09-2024 07:11:38","level":"INFO","method":"POST","url":"/api/member/payment/confirm","statusCode":200,"responseTime":"187ms","userAgent":"PostmanRuntime/7.42.0","requestBody":{"transaction_id":"100e1e4b8f0a1b5a3d0f1e3f7b8c8f4d2f83f83e09e1b1db82e47d97b5b8f4e3","address_wallet_id":6,"order_id":null,"product_id":1,"qty":10000,"amount":100,"member_id":"10"}}
{"timestamp":"27-09-2024 07:12:00","level":"INFO","method":"POST","url":"/api/member/payment/confirm","statusCode":400,"responseTime":"66ms","userAgent":"PostmanRuntime/7.42.0","requestBody":{"transaction_id":"200e1e4b8f0a1b5a3d0f1e3f7b8c8f4d2f83f83e09e1b1db82e47d97b5b8f4e3","address_wallet_id":6,"order_id":7,"product_id":1,"qty":10000,"amount":100,"member_id":"10"}}
{"timestamp":"27-09-2024 07:12:14","level":"INFO","method":"POST","url":"/api/member/payment/confirm","statusCode":200,"responseTime":"93ms","userAgent":"PostmanRuntime/7.42.0","requestBody":{"transaction_id":"200e1e4b8f0a1b5a3d0f1e3f7b8c8f4d2f83f83e09e1b1db82e47d97b5b8f4e3","address_wallet_id":6,"order_id":7,"product_id":1,"qty":10000,"amount":100,"member_id":"10"}}
{"timestamp":"27-09-2024 07:13:26","level":"INFO","method":"POST","url":"/api/member/payment/confirm","statusCode":200,"responseTime":"138ms","userAgent":"PostmanRuntime/7.42.0","requestBody":{"transaction_id":"200e1e4b8f0a1b5a3d0f1e3f7b8c8f4d2f83f83e09e1b1db82e47d97b5b8f4e3","address_wallet_id":6,"order_id":null,"product_id":1,"qty":10000,"amount":100,"member_id":"10"}}
{"timestamp":"27-09-2024 07:13:43","level":"INFO","method":"POST","url":"/api/member/payment/confirm","statusCode":200,"responseTime":"217ms","userAgent":"PostmanRuntime/7.42.0","requestBody":{"transaction_id":"300e1e4b8f0a1b5a3d0f1e3f7b8c8f4d2f83f83e09e1b1db82e47d97b5b8f4e3","address_wallet_id":6,"order_id":8,"product_id":1,"qty":10000,"amount":100,"member_id":"10"}}
{"timestamp":"27-09-2024 07:14:19","level":"INFO","method":"POST","url":"/api/member/payment/confirm","statusCode":200,"responseTime":"94ms","userAgent":"PostmanRuntime/7.42.0","requestBody":{"transaction_id":"500e1e4b8f0a1b5a3d0f1e3f7b8c8f4d2f83f83e09e1b1db82e47d97b5b8f4e3","address_wallet_id":6,"order_id":null,"product_id":1,"qty":10000,"amount":100,"member_id":"10"}}
{"timestamp":"27-09-2024 07:14:38","level":"INFO","method":"POST","url":"/api/member/payment/confirm","statusCode":200,"responseTime":"47ms","userAgent":"PostmanRuntime/7.42.0","requestBody":{"transaction_id":"800e1e4b8f0a1b5a3d0f1e3f7b8c8f4d2f83f83e09e1b1db82e47d97b5b8f4e3","address_wallet_id":6,"order_id":null,"product_id":1,"qty":10000,"amount":100,"member_id":"10"}}
{"timestamp":"27-09-2024 06:19:09","level":"INFO","method":"GET","url":"/api/member?page=1&size=10&status=3&search","statusCode":401,"responseTime":"4ms","userAgent":"PostmanRuntime/7.42.0","requestBody":{}}
{"0":"c","1":"o","2":"l","3":"u","4":"m","5":"n","6":" ","7":"\"","8":"c","9":"r","10":"e","11":"a","12":"t","13":"e","14":"d","15":"A","16":"t","17":"\"","18":" ","19":"d","20":"o","21":"e","22":"s","23":" ","24":"n","25":"o","26":"t","27":" ","28":"e","29":"x","30":"i","31":"s","32":"t","timestamp":"27-09-2024 06:19:14","level":"ERROR"}
{"timestamp":"27-09-2024 06:19:14","level":"INFO","method":"POST","url":"/api/request-otp","statusCode":500,"responseTime":"16ms","userAgent":"PostmanRuntime/7.42.0","requestBody":{"email":"ilhamnurrohman74@gmail.com"}}
{"timestamp":"27-09-2024 06:19:41","level":"INFO","method":"POST","url":"/api/request-otp","statusCode":200,"responseTime":"3445ms","userAgent":"PostmanRuntime/7.42.0","requestBody":{"email":"ilhamnurrohman74@gmail.com"}}
{"timestamp":"27-09-2024 06:19:54","level":"INFO","method":"POST","url":"/api/verify-otp","statusCode":200,"responseTime":"70ms","userAgent":"PostmanRuntime/7.42.0","requestBody":{"otp":"364166"}}
{"timestamp":"27-09-2024 06:19:57","level":"INFO","method":"GET","url":"/api/member?page=1&size=10&status=3&search","statusCode":401,"responseTime":"1ms","userAgent":"PostmanRuntime/7.42.0","requestBody":{}}
{"timestamp":"27-09-2024 06:20:03","level":"INFO","method":"GET","url":"/api/member?page=1&size=10&status=3&search","statusCode":403,"responseTime":"14ms","userAgent":"PostmanRuntime/7.42.0","requestBody":{}}
{"timestamp":"27-09-2024 06:21:21","level":"INFO","method":"POST","url":"/api/request-otp","statusCode":200,"responseTime":"3071ms","userAgent":"PostmanRuntime/7.42.0","requestBody":{"email":"admin_cassablanca@gmail.com"}}
{"timestamp":"27-09-2024 06:22:05","level":"INFO","method":"POST","url":"/api/verify-otp","statusCode":200,"responseTime":"111ms","userAgent":"PostmanRuntime/7.42.0","requestBody":{"otp":"818110"}}
{"timestamp":"27-09-2024 06:22:38","level":"INFO","method":"GET","url":"/api/member?page=1&size=10&status=3&search","statusCode":200,"responseTime":"13ms","userAgent":"PostmanRuntime/7.42.0","requestBody":{}}
{"timestamp":"27-09-2024 06:23:31","level":"INFO","method":"GET","url":"/api/member?page=1&size=10&status=3&search","statusCode":200,"responseTime":"47ms","userAgent":"PostmanRuntime/7.42.0","requestBody":{}}
{"timestamp":"27-09-2024 06:24:10","level":"INFO","method":"GET","url":"/api/member?page=1&size=10&status=3&search","statusCode":200,"responseTime":"57ms","userAgent":"PostmanRuntime/7.42.0","requestBody":{}}
{"timestamp":"27-09-2024 06:24:59","level":"INFO","method":"GET","url":"/api/member?size=10&status=3&search","statusCode":200,"responseTime":"25ms","userAgent":"PostmanRuntime/7.42.0","requestBody":{}}
{"timestamp":"27-09-2024 06:29:48","level":"INFO","method":"GET","url":"/api/member?page=1&size=10&status=3&search","statusCode":200,"responseTime":"36ms","userAgent":"PostmanRuntime/7.42.0","requestBody":{}}
{"timestamp":"27-09-2024 06:30:02","level":"INFO","method":"GET","url":"/api/member?page=1&size=2&status=3&search","statusCode":200,"responseTime":"80ms","userAgent":"PostmanRuntime/7.42.0","requestBody":{}}
{"timestamp":"27-09-2024 06:30:27","level":"INFO","method":"GET","url":"/api/member?page=1&size=2&status=3&search","statusCode":200,"responseTime":"20ms","userAgent":"PostmanRuntime/7.42.0","requestBody":{}}
{"timestamp":"27-09-2024 06:30:45","level":"INFO","method":"GET","url":"/api/member?page=1&size=2&status=3&search","statusCode":200,"responseTime":"70ms","userAgent":"PostmanRuntime/7.42.0","requestBody":{}}
{"timestamp":"27-09-2024 06:31:13","level":"INFO","method":"GET","url":"/api/member?page=1&size=45","statusCode":200,"responseTime":"131ms","userAgent":"PostmanRuntime/7.42.0","requestBody":{}}
{"timestamp":"27-09-2024 06:31:16","level":"INFO","method":"GET","url":"/api/member?page=1&size=1","statusCode":200,"responseTime":"34ms","userAgent":"PostmanRuntime/7.42.0","requestBody":{}}
{"timestamp":"27-09-2024 06:31:46","level":"INFO","method":"GET","url":"/api/member?page=1&size=1","statusCode":200,"responseTime":"20ms","userAgent":"PostmanRuntime/7.42.0","requestBody":{}}
{"timestamp":"27-09-2024 06:31:50","level":"INFO","method":"GET","url":"/api/member?page=1&size=2","statusCode":200,"responseTime":"12ms","userAgent":"PostmanRuntime/7.42.0","requestBody":{}}
{"timestamp":"27-09-2024 06:31:53","level":"INFO","method":"GET","url":"/api/member?size=2&page=2","statusCode":200,"responseTime":"4ms","userAgent":"PostmanRuntime/7.42.0","requestBody":{}}
{"timestamp":"27-09-2024 06:31:56","level":"INFO","method":"GET","url":"/api/member?page=2&size=21","statusCode":200,"responseTime":"18ms","userAgent":"PostmanRuntime/7.42.0","requestBody":{}}
{"timestamp":"27-09-2024 06:32:00","level":"INFO","method":"GET","url":"/api/member?page=1&size=2","statusCode":200,"responseTime":"10ms","userAgent":"PostmanRuntime/7.42.0","requestBody":{}}
{"timestamp":"27-09-2024 06:33:32","level":"INFO","method":"GET","url":"/api/member?page=1&size=2&status=3&search","statusCode":200,"responseTime":"35ms","userAgent":"PostmanRuntime/7.42.0","requestBody":{}}
{"timestamp":"27-09-2024 06:33:40","level":"INFO","method":"GET","url":"/api/member?page=1&size=2&status=1&search","statusCode":200,"responseTime":"10ms","userAgent":"PostmanRuntime/7.42.0","requestBody":{}}
{"timestamp":"27-09-2024 06:34:00","level":"INFO","method":"GET","url":"/api/member?page=1&size=2&status=3&search","statusCode":200,"responseTime":"42ms","userAgent":"PostmanRuntime/7.42.0","requestBody":{}}
{"timestamp":"27-09-2024 06:34:21","level":"INFO","method":"GET","url":"/api/member?page=1&size=2&status=3&search","statusCode":200,"responseTime":"21ms","userAgent":"PostmanRuntime/7.42.0","requestBody":{}}
{"timestamp":"27-09-2024 06:35:05","level":"INFO","method":"GET","url":"/api/member?page=1&size=2&status=3&search","statusCode":200,"responseTime":"21ms","userAgent":"PostmanRuntime/7.42.0","requestBody":{}}
{"timestamp":"27-09-2024 06:38:29","level":"INFO","method":"GET","url":"/api/member?page=1&size=2&status=3&search","statusCode":200,"responseTime":"105ms","userAgent":"PostmanRuntime/7.42.0","requestBody":{}}
{"timestamp":"27-09-2024 06:40:23","level":"INFO","method":"GET","url":"/api/member?page=1&size=2&status=3&search=123","statusCode":200,"responseTime":"50ms","userAgent":"PostmanRuntime/7.42.0","requestBody":{}}
{"timestamp":"27-09-2024 06:40:45","level":"INFO","method":"GET","url":"/api/member?page=1&size=2&status=3&search=123","statusCode":200,"responseTime":"31ms","userAgent":"PostmanRuntime/7.42.0","requestBody":{}}
{"timestamp":"27-09-2024 06:40:56","level":"INFO","method":"GET","url":"/api/member?page=1&size=2&status=3&search=123","statusCode":200,"responseTime":"23ms","userAgent":"PostmanRuntime/7.42.0","requestBody":{}}
{"timestamp":"27-09-2024 06:41:33","level":"INFO","method":"GET","url":"/api/member?page=1&size=2&status=3&search=123","statusCode":200,"responseTime":"19ms","userAgent":"PostmanRuntime/7.42.0","requestBody":{}}
{"timestamp":"27-09-2024 06:42:02","level":"INFO","method":"GET","url":"/api/member?page=1&size=2&status=3&search=fauzi","statusCode":200,"responseTime":"122ms","userAgent":"PostmanRuntime/7.42.0","requestBody":{}}
{"timestamp":"27-09-2024 06:42:12","level":"INFO","method":"GET","url":"/api/member?page=1&size=2&status=3&search=asep","statusCode":200,"responseTime":"20ms","userAgent":"PostmanRuntime/7.42.0","requestBody":{}}
{"timestamp":"27-09-2024 06:42:26","level":"INFO","method":"GET","url":"/api/member?page=1&size=2&status=1&search=asep","statusCode":200,"responseTime":"75ms","userAgent":"PostmanRuntime/7.42.0","requestBody":{}}
{"timestamp":"27-09-2024 06:42:29","level":"INFO","method":"GET","url":"/api/member?page=1&size=2&status=&search=asep","statusCode":200,"responseTime":"5ms","userAgent":"PostmanRuntime/7.42.0","requestBody":{}}
{"timestamp":"27-09-2024 06:42:49","level":"INFO","method":"GET","url":"/api/member?page=1&size=10&status=&search=asep","statusCode":200,"responseTime":"80ms","userAgent":"PostmanRuntime/7.42.0","requestBody":{}}
{"timestamp":"27-09-2024 06:43:36","level":"INFO","method":"GET","url":"/api/member?page=1&size=10&status=3&search=asep","statusCode":200,"responseTime":"63ms","userAgent":"PostmanRuntime/7.42.0","requestBody":{}}
{"timestamp":"27-09-2024 06:43:37","level":"INFO","method":"GET","url":"/api/member?page=1&size=10&status=3&search=","statusCode":200,"responseTime":"18ms","userAgent":"PostmanRuntime/7.42.0","requestBody":{}}
{"timestamp":"27-09-2024 06:44:00","level":"INFO","method":"GET","url":"/api/member?page=1&size=10&status=&search=","statusCode":200,"responseTime":"80ms","userAgent":"PostmanRuntime/7.42.0","requestBody":{}}
{"timestamp":"27-09-2024 06:44:55","level":"INFO","method":"GET","url":"/api/member?page=1&size=10&status=3&search=fauzi","statusCode":200,"responseTime":"44ms","userAgent":"PostmanRuntime/7.42.0","requestBody":{}}
{"timestamp":"27-09-2024 06:45:34","level":"INFO","method":"GET","url":"/api/member?page=1&size=10&status=2&search=","statusCode":200,"responseTime":"51ms","userAgent":"PostmanRuntime/7.42.0","requestBody":{}}
{"timestamp":"27-09-2024 06:45:41","level":"INFO","method":"GET","url":"/api/member?page=1&size=10&status=&search=fauzi","statusCode":200,"responseTime":"6ms","userAgent":"PostmanRuntime/7.42.0","requestBody":{}}
{"timestamp":"27-09-2024 06:46:09","level":"INFO","method":"GET","url":"/api/member?page=1&size=10&status=&search=fauzi","statusCode":200,"responseTime":"49ms","userAgent":"PostmanRuntime/7.42.0","requestBody":{}}
{"timestamp":"27-09-2024 06:46:35","level":"INFO","method":"GET","url":"/api/member?page=1&size=10&status=&search=fauzi","statusCode":200,"responseTime":"40ms","userAgent":"PostmanRuntime/7.42.0","requestBody":{}}
{"timestamp":"27-09-2024 06:47:14","level":"INFO","method":"GET","url":"/api/member?page=1&size=10&status=1&search=fauzi","statusCode":200,"responseTime":"45ms","userAgent":"PostmanRuntime/7.42.0","requestBody":{}}
{"timestamp":"27-09-2024 06:47:20","level":"INFO","method":"GET","url":"/api/member?page=1&size=10&status=2&search=fauzi","statusCode":200,"responseTime":"8ms","userAgent":"PostmanRuntime/7.42.0","requestBody":{}}
{"timestamp":"27-09-2024 06:47:23","level":"INFO","method":"GET","url":"/api/member?page=1&size=10&status=3&search=fauzi","statusCode":200,"responseTime":"16ms","userAgent":"PostmanRuntime/7.42.0","requestBody":{}}
{"timestamp":"27-09-2024 06:47:30","level":"INFO","method":"GET","url":"/api/member?page=1&size=10&status=&search=fauzi","statusCode":200,"responseTime":"25ms","userAgent":"PostmanRuntime/7.42.0","requestBody":{}}
{"timestamp":"27-09-2024 06:48:24","level":"INFO","method":"GET","url":"/api/member?page=1&size=10&status=&search=fauzi","statusCode":200,"responseTime":"27ms","userAgent":"PostmanRuntime/7.42.0","requestBody":{}}
{"timestamp":"27-09-2024 06:48:34","level":"INFO","method":"GET","url":"/api/member?page=1&size=10&status=&search=fauzi","statusCode":200,"responseTime":"28ms","userAgent":"PostmanRuntime/7.42.0","requestBody":{}}
{"timestamp":"27-09-2024 06:48:37","level":"INFO","method":"GET","url":"/api/member?page=1&size=10&status=&search=fauzi","statusCode":200,"responseTime":"9ms","userAgent":"PostmanRuntime/7.42.0","requestBody":{}}
{"timestamp":"27-09-2024 06:49:07","level":"INFO","method":"GET","url":"/api/member?page=1&size=10&status=&search=fauzi","statusCode":200,"responseTime":"38ms","userAgent":"PostmanRuntime/7.42.0","requestBody":{}}
{"timestamp":"27-09-2024 06:49:24","level":"INFO","method":"GET","url":"/api/member?page=1&size=10&status=&search=fauzi","statusCode":200,"responseTime":"32ms","userAgent":"PostmanRuntime/7.42.0","requestBody":{}}
{"timestamp":"27-09-2024 06:49:42","level":"INFO","method":"GET","url":"/api/member?page=1&size=10&status=&search=fauzi","statusCode":200,"responseTime":"22ms","userAgent":"PostmanRuntime/7.42.0","requestBody":{}}
{"timestamp":"27-09-2024 06:49:49","level":"INFO","method":"GET","url":"/api/member?page=1&size=10&status=&search=asep","statusCode":200,"responseTime":"17ms","userAgent":"PostmanRuntime/7.42.0","requestBody":{}}
{"timestamp":"27-09-2024 06:49:53","level":"INFO","method":"GET","url":"/api/member?page=1&size=10&status=2&search=asep","statusCode":200,"responseTime":"6ms","userAgent":"PostmanRuntime/7.42.0","requestBody":{}}
{"timestamp":"27-09-2024 06:49:57","level":"INFO","method":"GET","url":"/api/member?page=1&size=10&status=1&search=asep","statusCode":200,"responseTime":"35ms","userAgent":"PostmanRuntime/7.42.0","requestBody":{}}
{"timestamp":"27-09-2024 06:50:00","level":"INFO","method":"GET","url":"/api/member?page=1&size=10&status=3&search=asep","statusCode":200,"responseTime":"35ms","userAgent":"PostmanRuntime/7.42.0","requestBody":{}}
{"timestamp":"27-09-2024 06:50:04","level":"INFO","method":"GET","url":"/api/member?page=1&size=10&status=&search=asep","statusCode":200,"responseTime":"10ms","userAgent":"PostmanRuntime/7.42.0","requestBody":{}}
{"timestamp":"27-09-2024 06:50:20","level":"INFO","method":"GET","url":"/api/member?status=&search=asep","statusCode":200,"responseTime":"86ms","userAgent":"PostmanRuntime/7.42.0","requestBody":{}}
{"timestamp":"27-09-2024 06:50:37","level":"INFO","method":"GET","url":"/api/member?status=&search=asep","statusCode":200,"responseTime":"43ms","userAgent":"PostmanRuntime/7.42.0","requestBody":{}}
{"timestamp":"27-09-2024 06:52:57","level":"INFO","method":"GET","url":"/api/member?status=&search=asep","statusCode":200,"responseTime":"15ms","userAgent":"PostmanRuntime/7.42.0","requestBody":{}}
{"timestamp":"27-09-2024 06:53:28","level":"INFO","method":"GET","url":"/api/member?search=asep","statusCode":200,"responseTime":"40ms","userAgent":"PostmanRuntime/7.42.0","requestBody":{}}
{"timestamp":"27-09-2024 06:53:35","level":"INFO","method":"GET","url":"/api/member?search=fauzi","statusCode":200,"responseTime":"15ms","userAgent":"PostmanRuntime/7.42.0","requestBody":{}}
{"timestamp":"27-09-2024 06:54:08","level":"INFO","method":"GET","url":"/api/member?search=fauzi&status=2","statusCode":200,"responseTime":"145ms","userAgent":"PostmanRuntime/7.42.0","requestBody":{}}
{"timestamp":"27-09-2024 06:54:12","level":"INFO","method":"GET","url":"/api/member?search=fauzi&status=1","statusCode":200,"responseTime":"3ms","userAgent":"PostmanRuntime/7.42.0","requestBody":{}}
{"timestamp":"27-09-2024 06:54:16","level":"INFO","method":"GET","url":"/api/member?status=&search=fauzi3","statusCode":200,"responseTime":"31ms","userAgent":"PostmanRuntime/7.42.0","requestBody":{}}
{"timestamp":"27-09-2024 06:54:20","level":"INFO","method":"GET","url":"/api/member?search=fauzi&status=3","statusCode":200,"responseTime":"9ms","userAgent":"PostmanRuntime/7.42.0","requestBody":{}}
{"timestamp":"27-09-2024 06:54:24","level":"INFO","method":"GET","url":"/api/member?search=fauzi","statusCode":200,"responseTime":"24ms","userAgent":"PostmanRuntime/7.42.0","requestBody":{}}
{"timestamp":"27-09-2024 06:58:49","level":"INFO","method":"GET","url":"/api/member?page=1&size=10&status=&search=","statusCode":200,"responseTime":"29ms","userAgent":"PostmanRuntime/7.42.0","requestBody":{}}
{"timestamp":"27-09-2024 06:59:56","level":"INFO","method":"GET","url":"/api/member?page=1&size=10&status=&search=","statusCode":200,"responseTime":"23ms","userAgent":"PostmanRuntime/7.42.0","requestBody":{}}
{"timestamp":"27-09-2024 07:01:02","level":"INFO","method":"GET","url":"/api/member?page=1&size=10&status=&search=","statusCode":200,"responseTime":"54ms","userAgent":"PostmanRuntime/7.42.0","requestBody":{}}
{"timestamp":"27-09-2024 07:04:07","level":"INFO","method":"GET","url":"/api/member?status=&search=","statusCode":200,"responseTime":"38ms","userAgent":"PostmanRuntime/7.42.0","requestBody":{}}
{"timestamp":"27-09-2024 07:04:21","level":"INFO","method":"GET","url":"/api/member?page=1&size=10&status=&search=","statusCode":200,"responseTime":"74ms","userAgent":"PostmanRuntime/7.42.0","requestBody":{}}
{"timestamp":"27-09-2024 07:14:32","level":"INFO","method":"POST","url":"/api/member/:memberId/activate","statusCode":401,"responseTime":"5ms","userAgent":"PostmanRuntime/7.42.0","requestBody":{}}
{"0":"r","1":"e","2":"q","3":"u","4":"e","5":"s","6":"t","7":" ","8":"i","9":"s","10":" ","11":"n","12":"o","13":"t","14":" ","15":"d","16":"e","17":"f","18":"i","19":"n","20":"e","21":"d","timestamp":"27-09-2024 07:14:42","level":"ERROR"}
{"timestamp":"27-09-2024 07:14:42","level":"INFO","method":"POST","url":"/api/member/:memberId/activate","statusCode":500,"responseTime":"10ms","userAgent":"PostmanRuntime/7.42.0","requestBody":{}}
{"timestamp":"27-09-2024 07:14:49","level":"INFO","method":"POST","url":"/api/member/:memberId/activate","statusCode":200,"responseTime":"9ms","userAgent":"PostmanRuntime/7.42.0","requestBody":{}}
{"timestamp":"27-09-2024 07:15:01","level":"INFO","method":"POST","url":"/api/member/:memberId/activate","statusCode":200,"responseTime":"9ms","userAgent":"PostmanRuntime/7.42.0","requestBody":{}}
{"timestamp":"27-09-2024 07:15:38","level":"INFO","method":"POST","url":"/api/member/12/activate","statusCode":200,"responseTime":"12ms","userAgent":"PostmanRuntime/7.42.0","requestBody":{}}
{"timestamp":"27-09-2024 07:17:26","level":"INFO","method":"POST","url":"/api/member/100/activate","statusCode":404,"responseTime":"22ms","userAgent":"PostmanRuntime/7.42.0","requestBody":{}}
{"timestamp":"27-09-2024 07:18:59","level":"INFO","method":"POST","url":"/api/member/100/activate","statusCode":404,"responseTime":"23ms","userAgent":"PostmanRuntime/7.42.0","requestBody":{}}
{"timestamp":"27-09-2024 07:19:10","level":"INFO","method":"POST","url":"/api/member/1/activate","statusCode":400,"responseTime":"32ms","userAgent":"PostmanRuntime/7.42.0","requestBody":{}}
{"timestamp":"27-09-2024 07:20:59","level":"INFO","method":"POST","url":"/api/member/1/activate","statusCode":400,"responseTime":"27ms","userAgent":"PostmanRuntime/7.42.0","requestBody":{}}
{"0":"i","1":"n","2":"v","3":"a","4":"l","5":"i","6":"d","7":" ","8":"i","9":"n","10":"p","11":"u","12":"t","13":" ","14":"s","15":"y","16":"n","17":"t","18":"a","19":"x","20":" ","21":"f","22":"o","23":"r","24":" ","25":"t","26":"y","27":"p","28":"e","29":" ","30":"b","31":"i","32":"g","33":"i","34":"n","35":"t","36":":","37":" ","38":"\"","39":"a","40":"d","41":"\"","timestamp":"27-09-2024 07:21:18","level":"ERROR"}
{"timestamp":"27-09-2024 07:21:18","level":"INFO","method":"POST","url":"/api/member/ad/activate","statusCode":500,"responseTime":"90ms","userAgent":"PostmanRuntime/7.42.0","requestBody":{}}
{"timestamp":"27-09-2024 07:22:33","level":"INFO","method":"POST","url":"/api/member/1/activate","statusCode":401,"responseTime":"10ms","userAgent":"PostmanRuntime/7.42.0","requestBody":{}}
{"timestamp":"27-09-2024 07:22:45","level":"INFO","method":"POST","url":"/api/request-otp","statusCode":200,"responseTime":"3872ms","userAgent":"PostmanRuntime/7.42.0","requestBody":{"email":"admin_cassablanca@gmail.com"}}
{"timestamp":"27-09-2024 07:23:00","level":"INFO","method":"POST","url":"/api/verify-otp","statusCode":200,"responseTime":"42ms","userAgent":"PostmanRuntime/7.42.0","requestBody":{"otp":"182900"}}
{"0":"c","1":"o","2":"n","3":"s","4":"o","5":"l","6":"e","7":" ","8":"i","9":"s","10":" ","11":"n","12":"o","13":"t","14":" ","15":"a","16":" ","17":"f","18":"u","19":"n","20":"c","21":"t","22":"i","23":"o","24":"n","timestamp":"27-09-2024 07:23:05","level":"ERROR"}
{"timestamp":"27-09-2024 07:23:05","level":"INFO","method":"POST","url":"/api/member/1/activate","statusCode":500,"responseTime":"29ms","userAgent":"PostmanRuntime/7.42.0","requestBody":{}}
{"timestamp":"27-09-2024 07:23:13","level":"INFO","method":"POST","url":"/api/member/1/activate","statusCode":400,"responseTime":"76ms","userAgent":"PostmanRuntime/7.42.0","requestBody":{}}
{"0":"i","1":"n","2":"v","3":"a","4":"l","5":"i","6":"d","7":" ","8":"i","9":"n","10":"p","11":"u","12":"t","13":" ","14":"s","15":"y","16":"n","17":"t","18":"a","19":"x","20":" ","21":"f","22":"o","23":"r","24":" ","25":"t","26":"y","27":"p","28":"e","29":" ","30":"b","31":"i","32":"g","33":"i","34":"n","35":"t","36":":","37":" ","38":"\"","39":"a","40":"d","41":"a","42":"d","43":"\"","timestamp":"27-09-2024 07:23:25","level":"ERROR"}
{"timestamp":"27-09-2024 07:23:25","level":"INFO","method":"POST","url":"/api/member/adad/activate","statusCode":500,"responseTime":"120ms","userAgent":"PostmanRuntime/7.42.0","requestBody":{}}
{"timestamp":"27-09-2024 07:24:44","level":"INFO","method":"POST","url":"/api/member/adad/activate","statusCode":404,"responseTime":"11ms","userAgent":"PostmanRuntime/7.42.0","requestBody":{}}
{"timestamp":"27-09-2024 07:24:58","level":"INFO","method":"POST","url":"/api/member/1/activate","statusCode":400,"responseTime":"80ms","userAgent":"PostmanRuntime/7.42.0","requestBody":{}}
{"timestamp":"27-09-2024 07:30:13","level":"INFO","method":"POST","url":"/api/member/1/activate","statusCode":400,"responseTime":"23ms","userAgent":"PostmanRuntime/7.42.0","requestBody":{}}
{"timestamp":"27-09-2024 07:31:44","level":"INFO","method":"POST","url":"/api/member/10/activate","statusCode":200,"responseTime":"46ms","userAgent":"PostmanRuntime/7.42.0","requestBody":{}}
{"timestamp":"27-09-2024 07:40:23","level":"INFO","method":"POST","url":"/api/member/10/activate","statusCode":200,"responseTime":"85ms","userAgent":"PostmanRuntime/7.42.0","requestBody":{}}
{"0":"C","1":"a","2":"n","3":"n","4":"o","5":"t","6":" ","7":"r","8":"e","9":"a","10":"d","11":" ","12":"p","13":"r","14":"o","15":"p","16":"e","17":"r","18":"t","19":"i","20":"e","21":"s","22":" ","23":"o","24":"f","25":" ","26":"u","27":"n","28":"d","29":"e","30":"f","31":"i","32":"n","33":"e","34":"d","35":" ","36":"(","37":"r","38":"e","39":"a","40":"d","41":"i","42":"n","43":"g","44":" ","45":"'","46":"t","47":"a","48":"b","49":"l","50":"e","51":"N","52":"a","53":"m","54":"e","55":"'","56":")","timestamp":"27-09-2024 07:52:23","level":"ERROR"}
{"timestamp":"27-09-2024 07:52:23","level":"INFO","method":"POST","url":"/api/member/10/activate","statusCode":500,"responseTime":"192ms","userAgent":"PostmanRuntime/7.42.0","requestBody":{}}
{"0":"C","1":"a","2":"n","3":"n","4":"o","5":"t","6":" ","7":"r","8":"e","9":"a","10":"d","11":" ","12":"p","13":"r","14":"o","15":"p","16":"e","17":"r","18":"t","19":"i","20":"e","21":"s","22":" ","23":"o","24":"f","25":" ","26":"u","27":"n","28":"d","29":"e","30":"f","31":"i","32":"n","33":"e","34":"d","35":" ","36":"(","37":"r","38":"e","39":"a","40":"d","41":"i","42":"n","43":"g","44":" ","45":"'","46":"t","47":"a","48":"b","49":"l","50":"e","51":"N","52":"a","53":"m","54":"e","55":"'","56":")","timestamp":"27-09-2024 07:53:00","level":"ERROR"}
{"timestamp":"27-09-2024 07:53:00","level":"INFO","method":"POST","url":"/api/member/10/activate","statusCode":500,"responseTime":"43ms","userAgent":"PostmanRuntime/7.42.0","requestBody":{}}
{"0":"C","1":"a","2":"n","3":"n","4":"o","5":"t","6":" ","7":"r","8":"e","9":"a","10":"d","11":" ","12":"p","13":"r","14":"o","15":"p","16":"e","17":"r","18":"t","19":"i","20":"e","21":"s","22":" ","23":"o","24":"f","25":" ","26":"u","27":"n","28":"d","29":"e","30":"f","31":"i","32":"n","33":"e","34":"d","35":" ","36":"(","37":"r","38":"e","39":"a","40":"d","41":"i","42":"n","43":"g","44":" ","45":"'","46":"t","47":"a","48":"b","49":"l","50":"e","51":"N","52":"a","53":"m","54":"e","55":"'","56":")","timestamp":"27-09-2024 07:53:35","level":"ERROR"}
{"timestamp":"27-09-2024 07:53:35","level":"INFO","method":"POST","url":"/api/member/10/activate","statusCode":500,"responseTime":"43ms","userAgent":"PostmanRuntime/7.42.0","requestBody":{}}
{"0":"C","1":"a","2":"n","3":"n","4":"o","5":"t","6":" ","7":"r","8":"e","9":"a","10":"d","11":" ","12":"p","13":"r","14":"o","15":"p","16":"e","17":"r","18":"t","19":"i","20":"e","21":"s","22":" ","23":"o","24":"f","25":" ","26":"u","27":"n","28":"d","29":"e","30":"f","31":"i","32":"n","33":"e","34":"d","35":" ","36":"(","37":"r","38":"e","39":"a","40":"d","41":"i","42":"n","43":"g","44":" ","45":"'","46":"t","47":"a","48":"b","49":"l","50":"e","51":"N","52":"a","53":"m","54":"e","55":"'","56":")","timestamp":"27-09-2024 07:54:38","level":"ERROR"}
{"timestamp":"27-09-2024 07:54:38","level":"INFO","method":"POST","url":"/api/member/10/activate","statusCode":500,"responseTime":"52ms","userAgent":"PostmanRuntime/7.42.0","requestBody":{}}
{"0":"C","1":"a","2":"n","3":"n","4":"o","5":"t","6":" ","7":"r","8":"e","9":"a","10":"d","11":" ","12":"p","13":"r","14":"o","15":"p","16":"e","17":"r","18":"t","19":"i","20":"e","21":"s","22":" ","23":"o","24":"f","25":" ","26":"u","27":"n","28":"d","29":"e","30":"f","31":"i","32":"n","33":"e","34":"d","35":" ","36":"(","37":"r","38":"e","39":"a","40":"d","41":"i","42":"n","43":"g","44":" ","45":"'","46":"t","47":"a","48":"b","49":"l","50":"e","51":"N","52":"a","53":"m","54":"e","55":"'","56":")","timestamp":"27-09-2024 07:54:53","level":"ERROR"}
{"timestamp":"27-09-2024 07:54:53","level":"INFO","method":"POST","url":"/api/member/10/activate","statusCode":500,"responseTime":"34ms","userAgent":"PostmanRuntime/7.42.0","requestBody":{}}
{"0":"C","1":"a","2":"n","3":"n","4":"o","5":"t","6":" ","7":"r","8":"e","9":"a","10":"d","11":" ","12":"p","13":"r","14":"o","15":"p","16":"e","17":"r","18":"t","19":"i","20":"e","21":"s","22":" ","23":"o","24":"f","25":" ","26":"u","27":"n","28":"d","29":"e","30":"f","31":"i","32":"n","33":"e","34":"d","35":" ","36":"(","37":"r","38":"e","39":"a","40":"d","41":"i","42":"n","43":"g","44":" ","45":"'","46":"t","47":"a","48":"b","49":"l","50":"e","51":"N","52":"a","53":"m","54":"e","55":"'","56":")","timestamp":"27-09-2024 07:55:22","level":"ERROR"}
{"timestamp":"27-09-2024 07:55:22","level":"INFO","method":"POST","url":"/api/member/10/activate","statusCode":500,"responseTime":"47ms","userAgent":"PostmanRuntime/7.42.0","requestBody":{}}
{"0":"C","1":"a","2":"n","3":"n","4":"o","5":"t","6":" ","7":"r","8":"e","9":"a","10":"d","11":" ","12":"p","13":"r","14":"o","15":"p","16":"e","17":"r","18":"t","19":"i","20":"e","21":"s","22":" ","23":"o","24":"f","25":" ","26":"u","27":"n","28":"d","29":"e","30":"f","31":"i","32":"n","33":"e","34":"d","35":" ","36":"(","37":"r","38":"e","39":"a","40":"d","41":"i","42":"n","43":"g","44":" ","45":"'","46":"t","47":"a","48":"b","49":"l","50":"e","51":"N","52":"a","53":"m","54":"e","55":"'","56":")","timestamp":"27-09-2024 07:55:34","level":"ERROR"}
{"timestamp":"27-09-2024 07:55:34","level":"INFO","method":"POST","url":"/api/member/10/activate","statusCode":500,"responseTime":"55ms","userAgent":"PostmanRuntime/7.42.0","requestBody":{}}
{"0":"C","1":"a","2":"n","3":"n","4":"o","5":"t","6":" ","7":"r","8":"e","9":"a","10":"d","11":" ","12":"p","13":"r","14":"o","15":"p","16":"e","17":"r","18":"t","19":"i","20":"e","21":"s","22":" ","23":"o","24":"f","25":" ","26":"u","27":"n","28":"d","29":"e","30":"f","31":"i","32":"n","33":"e","34":"d","35":" ","36":"(","37":"r","38":"e","39":"a","40":"d","41":"i","42":"n","43":"g","44":" ","45":"'","46":"t","47":"a","48":"b","49":"l","50":"e","51":"N","52":"a","53":"m","54":"e","55":"'","56":")","timestamp":"27-09-2024 07:55:47","level":"ERROR"}
{"timestamp":"27-09-2024 07:55:47","level":"INFO","method":"POST","url":"/api/member/10/activate","statusCode":500,"responseTime":"30ms","userAgent":"PostmanRuntime/7.42.0","requestBody":{}}
{"0":"C","1":"a","2":"n","3":"n","4":"o","5":"t","6":" ","7":"r","8":"e","9":"a","10":"d","11":" ","12":"p","13":"r","14":"o","15":"p","16":"e","17":"r","18":"t","19":"i","20":"e","21":"s","22":" ","23":"o","24":"f","25":" ","26":"u","27":"n","28":"d","29":"e","30":"f","31":"i","32":"n","33":"e","34":"d","35":" ","36":"(","37":"r","38":"e","39":"a","40":"d","41":"i","42":"n","43":"g","44":" ","45":"'","46":"t","47":"a","48":"b","49":"l","50":"e","51":"N","52":"a","53":"m","54":"e","55":"'","56":")","timestamp":"27-09-2024 07:56:01","level":"ERROR"}
{"timestamp":"27-09-2024 07:56:01","level":"INFO","method":"POST","url":"/api/member/10/activate","statusCode":500,"responseTime":"53ms","userAgent":"PostmanRuntime/7.42.0","requestBody":{}}
{"timestamp":"27-09-2024 07:56:44","level":"INFO","method":"POST","url":"/api/member/10/activate","statusCode":200,"responseTime":"51ms","userAgent":"PostmanRuntime/7.42.0","requestBody":{}}
{"timestamp":"27-09-2024 08:08:54","level":"INFO","method":"GET","url":"/api/wallet","statusCode":404,"responseTime":"11ms","userAgent":"PostmanRuntime/7.42.0","requestBody":{}}
{"timestamp":"27-09-2024 08:15:43","level":"INFO","method":"GET","url":"/api/wallet","statusCode":200,"responseTime":"17ms","userAgent":"PostmanRuntime/7.42.0","requestBody":{}}
{"timestamp":"27-09-2024 08:17:07","level":"INFO","method":"GET","url":"/api/wallet","statusCode":200,"responseTime":"9ms","userAgent":"PostmanRuntime/7.42.0","requestBody":{}}
{"timestamp":"27-09-2024 08:17:30","level":"INFO","method":"GET","url":"/api/wallet","statusCode":200,"responseTime":"8ms","userAgent":"PostmanRuntime/7.42.0","requestBody":{}}
{"timestamp":"27-09-2024 08:33:43","level":"INFO","method":"POST","url":"/api/member/10/verification","statusCode":401,"responseTime":"5ms","userAgent":"PostmanRuntime/7.42.0","requestBody":{}}
{"timestamp":"27-09-2024 08:34:45","level":"INFO","method":"POST","url":"/api/member/10/verification","statusCode":401,"responseTime":"8ms","userAgent":"PostmanRuntime/7.42.0","requestBody":{}}
{"timestamp":"27-09-2024 08:34:52","level":"INFO","method":"POST","url":"/api/request-otp","statusCode":200,"responseTime":"3157ms","userAgent":"PostmanRuntime/7.42.0","requestBody":{"email":"admin_cassablanca@gmail.com"}}
{"timestamp":"27-09-2024 08:35:21","level":"INFO","method":"POST","url":"/api/verify-otp","statusCode":200,"responseTime":"116ms","userAgent":"PostmanRuntime/7.42.0","requestBody":{"otp":"319262"}}
{"0":"C","1":"a","2":"n","3":"n","4":"o","5":"t","6":" ","7":"r","8":"e","9":"a","10":"d","11":" ","12":"p","13":"r","14":"o","15":"p","16":"e","17":"r","18":"t","19":"i","20":"e","21":"s","22":" ","23":"o","24":"f","25":" ","26":"n","27":"u","28":"l","29":"l","30":" ","31":"(","32":"r","33":"e","34":"a","35":"d","36":"i","37":"n","38":"g","39":" ","40":"'","41":"i","42":"d","43":"'","44":")","timestamp":"27-09-2024 08:35:24","level":"ERROR"}
{"timestamp":"27-09-2024 08:35:24","level":"INFO","method":"POST","url":"/api/member/10/verification","statusCode":500,"responseTime":"38ms","userAgent":"PostmanRuntime/7.42.0","requestBody":{}}
{"0":"C","1":"a","2":"n","3":"n","4":"o","5":"t","6":" ","7":"r","8":"e","9":"a","10":"d","11":" ","12":"p","13":"r","14":"o","15":"p","16":"e","17":"r","18":"t","19":"i","20":"e","21":"s","22":" ","23":"o","24":"f","25":" ","26":"n","27":"u","28":"l","29":"l","30":" ","31":"(","32":"r","33":"e","34":"a","35":"d","36":"i","37":"n","38":"g","39":" ","40":"'","41":"i","42":"d","43":"'","44":")","timestamp":"27-09-2024 08:36:48","level":"ERROR"}
{"timestamp":"27-09-2024 08:36:48","level":"INFO","method":"POST","url":"/api/member/10/verification","statusCode":500,"responseTime":"37ms","userAgent":"PostmanRuntime/7.42.0","requestBody":{}}
{"timestamp":"27-09-2024 08:37:20","level":"INFO","method":"POST","url":"/api/member/10/verification","statusCode":400,"responseTime":"19ms","userAgent":"PostmanRuntime/7.42.0","requestBody":{}}
{"timestamp":"27-09-2024 09:49:11","level":"INFO","method":"POST","url":"/api/member/10/verification","statusCode":401,"responseTime":"10ms","userAgent":"PostmanRuntime/7.42.0","requestBody":{}}
{"timestamp":"27-09-2024 09:51:06","level":"INFO","method":"POST","url":"/api/request-otp","statusCode":200,"responseTime":"3077ms","userAgent":"PostmanRuntime/7.42.0","requestBody":{"email":"admin_cassablanca@gmail.com"}}
{"timestamp":"27-09-2024 09:51:33","level":"INFO","method":"POST","url":"/api/verify-otp","statusCode":200,"responseTime":"77ms","userAgent":"PostmanRuntime/7.42.0","requestBody":{"otp":"058904"}}
{"timestamp":"27-09-2024 09:51:36","level":"INFO","method":"POST","url":"/api/member/10/verification","statusCode":400,"responseTime":"38ms","userAgent":"PostmanRuntime/7.42.0","requestBody":{}}
{"0":{"message":"users_balance.user_id cannot be null","type":"notNull Violation","path":"user_id","value":null,"origin":"CORE","instance":{"balance":0,"user_id":null,"curr_id":"ORE"},"validatorKey":"is_null","validatorName":null,"validatorArgs":[]},"timestamp":"27-09-2024 09:52:35","level":"ERROR"}
{"timestamp":"27-09-2024 09:52:35","level":"INFO","method":"POST","url":"/api/member/10/verification","statusCode":400,"responseTime":"53ms","userAgent":"PostmanRuntime/7.42.0","requestBody":{}}
{"timestamp":"27-09-2024 09:52:52","level":"INFO","method":"POST","url":"/api/member/10/verification","statusCode":200,"responseTime":"45ms","userAgent":"PostmanRuntime/7.42.0","requestBody":{}}
{"0":"c","1":"o","2":"l","3":"u","4":"m","5":"n","6":" ","7":"\"","8":"c","9":"r","10":"e","11":"a","12":"t","13":"e","14":"d","15":"A","16":"t","17":"\"","18":" ","19":"o","20":"f","21":" ","22":"r","23":"e","24":"l","25":"a","26":"t","27":"i","28":"o","29":"n","30":" ","31":"\"","32":"u","33":"s","34":"e","35":"r","36":"s","37":"_","38":"b","39":"a","40":"l","41":"a","42":"n","43":"c","44":"e","45":"_","46":"t","47":"r","48":"x","49":"\"","50":" ","51":"d","52":"o","53":"e","54":"s","55":" ","56":"n","57":"o","58":"t","59":" ","60":"e","61":"x","62":"i","63":"s","64":"t","timestamp":"27-09-2024 09:55:13","level":"ERROR"}
{"timestamp":"27-09-2024 09:55:13","level":"INFO","method":"POST","url":"/api/member/10/verification","statusCode":500,"responseTime":"70ms","userAgent":"PostmanRuntime/7.42.0","requestBody":{}}
{"timestamp":"27-09-2024 09:55:55","level":"INFO","method":"POST","url":"/api/member/10/verification","statusCode":200,"responseTime":"99ms","userAgent":"PostmanRuntime/7.42.0","requestBody":{}}
