{"timestamp":"28-09-2024 08:40:39","level":"INFO","method":"POST","url":"/api/request-otp","statusCode":200,"responseTime":"4464ms","userAgent":"PostmanRuntime/7.42.0","requestBody":{"email":"admin_cassablanca@gmail.com"}}
{"timestamp":"28-09-2024 08:40:50","level":"INFO","method":"POST","url":"/api/verify-otp","statusCode":200,"responseTime":"62ms","userAgent":"PostmanRuntime/7.42.0","requestBody":{"otp":"528210"}}
{"timestamp":"28-09-2024 08:42:47","level":"INFO","method":"POST","url":"/api/member/16/verification","statusCode":200,"responseTime":"106ms","userAgent":"PostmanRuntime/7.42.0","requestBody":{}}
{"timestamp":"28-09-2024 08:44:45","level":"INFO","method":"POST","url":"/api/member/16/verification","statusCode":200,"responseTime":"56ms","userAgent":"PostmanRuntime/7.42.0","requestBody":{}}
{"timestamp":"28-09-2024 08:51:15","level":"INFO","method":"POST","url":"/api/member/16/verification","statusCode":200,"responseTime":"77ms","userAgent":"PostmanRuntime/7.42.0","requestBody":{}}
{"timestamp":"28-09-2024 08:52:19","level":"INFO","method":"POST","url":"/api/member/16/verification","statusCode":200,"responseTime":"131ms","userAgent":"PostmanRuntime/7.42.0","requestBody":{}}
{"timestamp":"28-09-2024 08:54:34","level":"INFO","method":"POST","url":"/api/member/16/verification","statusCode":200,"responseTime":"66ms","userAgent":"PostmanRuntime/7.42.0","requestBody":{}}
{"timestamp":"28-09-2024 08:55:38","level":"INFO","method":"POST","url":"/api/member/16/verification","statusCode":200,"responseTime":"92ms","userAgent":"PostmanRuntime/7.42.0","requestBody":{}}
{"timestamp":"28-09-2024 09:04:43","level":"INFO","method":"POST","url":"/api/member/16/verification","statusCode":200,"responseTime":"73ms","userAgent":"PostmanRuntime/7.42.0","requestBody":{}}
{"0":"I","1":"n","2":"c","3":"l","4":"u","5":"d","6":"e","7":" ","8":"u","9":"n","10":"e","11":"x","12":"p","13":"e","14":"c","15":"t","16":"e","17":"d","18":".","19":" ","20":"E","21":"l","22":"e","23":"m","24":"e","25":"n","26":"t","27":" ","28":"h","29":"a","30":"s","31":" ","32":"t","33":"o","34":" ","35":"b","36":"e","37":" ","38":"e","39":"i","40":"t","41":"h","42":"e","43":"r","44":" ","45":"a","46":" ","47":"M","48":"o","49":"d","50":"e","51":"l","52":",","53":" ","54":"a","55":"n","56":" ","57":"A","58":"s","59":"s","60":"o","61":"c","62":"i","63":"a","64":"t","65":"i","66":"o","67":"n","68":" ","69":"o","70":"r","71":" ","72":"a","73":"n","74":" ","75":"o","76":"b","77":"j","78":"e","79":"c","80":"t","81":".","timestamp":"28-09-2024 09:14:02","level":"ERROR"}
{"timestamp":"28-09-2024 09:14:02","level":"INFO","method":"POST","url":"/api/member/16/verification","statusCode":500,"responseTime":"21ms","userAgent":"PostmanRuntime/7.42.0","requestBody":{}}
{"timestamp":"28-09-2024 09:14:27","level":"INFO","method":"POST","url":"/api/member/16/verification","statusCode":200,"responseTime":"66ms","userAgent":"PostmanRuntime/7.42.0","requestBody":{}}
{"timestamp":"28-09-2024 09:15:26","level":"INFO","method":"POST","url":"/api/member/16/verification","statusCode":200,"responseTime":"76ms","userAgent":"PostmanRuntime/7.42.0","requestBody":{}}
{"0":"r","1":"a","2":"n","3":"k","4":"i","5":"n","6":"g","7":"_","8":"r","9":"e","10":"q","11":" ","12":"i","13":"s","14":" ","15":"a","16":"s","17":"s","18":"o","19":"c","20":"i","21":"a","22":"t","23":"e","24":"d","25":" ","26":"t","27":"o","28":" ","29":"r","30":"a","31":"n","32":"k","33":"i","34":"n","35":"g","36":" ","37":"m","38":"u","39":"l","40":"t","41":"i","42":"p","43":"l","44":"e","45":" ","46":"t","47":"i","48":"m","49":"e","50":"s","51":".","52":" ","53":"T","54":"o","55":" ","56":"i","57":"d","58":"e","59":"n","60":"t","61":"i","62":"f","63":"y","64":" ","65":"t","66":"h","67":"e","68":" ","69":"c","70":"o","71":"r","72":"r","73":"e","74":"c","75":"t","76":" ","77":"a","78":"s","79":"s","80":"o","81":"c","82":"i","83":"a","84":"t","85":"i","86":"o","87":"n","88":",","89":" ","90":"y","91":"o","92":"u","93":" ","94":"m","95":"u","96":"s","97":"t","98":" ","99":"u","100":"s","101":"e","102":" ","103":"t","104":"h","105":"e","106":" ","107":"'","108":"a","109":"s","110":"'","111":" ","112":"k","113":"e","114":"y","115":"w","116":"o","117":"r","118":"d","119":" ","120":"t","121":"o","122":" ","123":"s","124":"p","125":"e","126":"c","127":"i","128":"f","129":"y","130":" ","131":"t","132":"h","133":"e","134":" ","135":"a","136":"l","137":"i","138":"a","139":"s","140":" ","141":"o","142":"f","143":" ","144":"t","145":"h","146":"e","147":" ","148":"a","149":"s","150":"s","151":"o","152":"c","153":"i","154":"a","155":"t","156":"i","157":"o","158":"n","159":" ","160":"y","161":"o","162":"u","163":" ","164":"w","165":"a","166":"n","167":"t","168":" ","169":"t","170":"o","171":" ","172":"i","173":"n","174":"c","175":"l","176":"u","177":"d","178":"e","179":".","timestamp":"28-09-2024 09:18:08","level":"ERROR"}
{"timestamp":"28-09-2024 09:18:08","level":"INFO","method":"POST","url":"/api/member/16/verification","statusCode":500,"responseTime":"32ms","userAgent":"PostmanRuntime/7.42.0","requestBody":{}}
{"timestamp":"28-09-2024 09:18:31","level":"INFO","method":"POST","url":"/api/member/16/verification","statusCode":200,"responseTime":"65ms","userAgent":"PostmanRuntime/7.42.0","requestBody":{}}
{"timestamp":"28-09-2024 09:28:09","level":"INFO","method":"POST","url":"/api/member/16/verification","statusCode":200,"responseTime":"74ms","userAgent":"PostmanRuntime/7.42.0","requestBody":{}}
{"timestamp":"28-09-2024 09:28:29","level":"INFO","method":"POST","url":"/api/member/16/verification","statusCode":200,"responseTime":"60ms","userAgent":"PostmanRuntime/7.42.0","requestBody":{}}
{"timestamp":"28-09-2024 09:32:21","level":"INFO","method":"POST","url":"/api/member/16/verification","statusCode":200,"responseTime":"94ms","userAgent":"PostmanRuntime/7.42.0","requestBody":{}}
{"timestamp":"28-09-2024 09:32:37","level":"INFO","method":"POST","url":"/api/member/16/verification","statusCode":200,"responseTime":"81ms","userAgent":"PostmanRuntime/7.42.0","requestBody":{}}
{"timestamp":"28-09-2024 09:33:12","level":"INFO","method":"POST","url":"/api/member/16/verification","statusCode":200,"responseTime":"96ms","userAgent":"PostmanRuntime/7.42.0","requestBody":{}}
{"timestamp":"28-09-2024 09:34:19","level":"INFO","method":"POST","url":"/api/member/16/verification","statusCode":200,"responseTime":"58ms","userAgent":"PostmanRuntime/7.42.0","requestBody":{}}
{"0":"U","1":"p","2":"l","3":"i","4":"n","5":"e","6":" ","7":"l","8":"e","9":"v","10":"e","11":"l","12":" ","13":"i","14":"s","15":" ","16":"e","17":"m","18":"t","19":"p","20":"y","timestamp":"28-09-2024 09:37:54","level":"ERROR"}
{"timestamp":"28-09-2024 09:37:54","level":"INFO","method":"POST","url":"/api/member/16/verification","statusCode":500,"responseTime":"70ms","userAgent":"PostmanRuntime/7.42.0","requestBody":{}}
{"0":"U","1":"p","2":"l","3":"i","4":"n","5":"e","6":" ","7":"l","8":"e","9":"v","10":"e","11":"l","12":" ","13":"i","14":"s","15":" ","16":"e","17":"m","18":"t","19":"p","20":"y","timestamp":"28-09-2024 09:38:06","level":"ERROR"}
{"timestamp":"28-09-2024 09:38:06","level":"INFO","method":"POST","url":"/api/member/16/verification","statusCode":500,"responseTime":"59ms","userAgent":"PostmanRuntime/7.42.0","requestBody":{}}
{"timestamp":"28-09-2024 09:38:12","level":"INFO","method":"POST","url":"/api/member/16/verification","statusCode":400,"responseTime":"66ms","userAgent":"PostmanRuntime/7.42.0","requestBody":{}}
{"timestamp":"28-09-2024 09:39:28","level":"INFO","method":"POST","url":"/api/member/16/verification","statusCode":400,"responseTime":"16ms","userAgent":"PostmanRuntime/7.42.0","requestBody":{}}
{"timestamp":"28-09-2024 09:39:49","level":"INFO","method":"POST","url":"/api/member/16/verification","statusCode":400,"responseTime":"72ms","userAgent":"PostmanRuntime/7.42.0","requestBody":{}}
{"timestamp":"28-09-2024 09:40:57","level":"INFO","method":"POST","url":"/api/member/16/verification","statusCode":401,"responseTime":"5ms","userAgent":"PostmanRuntime/7.42.0","requestBody":{}}
{"timestamp":"28-09-2024 09:41:44","level":"INFO","method":"POST","url":"/api/request-otp","statusCode":200,"responseTime":"3943ms","userAgent":"PostmanRuntime/7.42.0","requestBody":{"email":"admin_cassablanca@gmail.com"}}
{"timestamp":"28-09-2024 09:42:00","level":"INFO","method":"POST","url":"/api/verify-otp","statusCode":200,"responseTime":"87ms","userAgent":"PostmanRuntime/7.42.0","requestBody":{"otp":"326950"}}
{"timestamp":"28-09-2024 09:42:03","level":"INFO","method":"POST","url":"/api/member/16/verification","statusCode":200,"responseTime":"138ms","userAgent":"PostmanRuntime/7.42.0","requestBody":{}}
{"timestamp":"28-09-2024 09:45:52","level":"INFO","method":"POST","url":"/api/member/16/verification","statusCode":200,"responseTime":"86ms","userAgent":"PostmanRuntime/7.42.0","requestBody":{}}
{"timestamp":"28-09-2024 09:47:00","level":"INFO","method":"POST","url":"/api/member/16/verification","statusCode":200,"responseTime":"70ms","userAgent":"PostmanRuntime/7.42.0","requestBody":{}}
{"timestamp":"28-09-2024 09:57:47","level":"INFO","method":"POST","url":"/api/member/16/verification","statusCode":200,"responseTime":"68ms","userAgent":"PostmanRuntime/7.42.0","requestBody":{}}
{"timestamp":"28-09-2024 09:58:05","level":"INFO","method":"POST","url":"/api/member/16/verification","statusCode":200,"responseTime":"93ms","userAgent":"PostmanRuntime/7.42.0","requestBody":{}}
{"timestamp":"28-09-2024 09:58:22","level":"INFO","method":"POST","url":"/api/member/16/verification","statusCode":200,"responseTime":"83ms","userAgent":"PostmanRuntime/7.42.0","requestBody":{}}
{"timestamp":"28-09-2024 09:58:55","level":"INFO","method":"POST","url":"/api/member/16/verification","statusCode":200,"responseTime":"90ms","userAgent":"PostmanRuntime/7.42.0","requestBody":{}}
{"timestamp":"28-09-2024 09:59:25","level":"INFO","method":"POST","url":"/api/member/16/verification","statusCode":200,"responseTime":"93ms","userAgent":"PostmanRuntime/7.42.0","requestBody":{}}
{"timestamp":"28-09-2024 10:00:02","level":"INFO","method":"POST","url":"/api/member/16/verification","statusCode":200,"responseTime":"75ms","userAgent":"PostmanRuntime/7.42.0","requestBody":{}}
{"timestamp":"28-09-2024 10:00:22","level":"INFO","method":"POST","url":"/api/member/16/verification","statusCode":200,"responseTime":"87ms","userAgent":"PostmanRuntime/7.42.0","requestBody":{}}
{"timestamp":"28-09-2024 10:00:41","level":"INFO","method":"POST","url":"/api/member/16/verification","statusCode":200,"responseTime":"97ms","userAgent":"PostmanRuntime/7.42.0","requestBody":{}}
{"timestamp":"28-09-2024 10:03:50","level":"INFO","method":"POST","url":"/api/member/16/verification","statusCode":200,"responseTime":"88ms","userAgent":"PostmanRuntime/7.42.0","requestBody":{}}
{"0":"t","1":"e","2":"a","3":"m","4":"_","5":"m","6":"e","7":"m","8":"b","9":"e","10":"r","11":"_","12":"c","13":"n","14":"t","15":" ","16":"i","17":"s","18":" ","19":"n","20":"o","21":"t","22":" ","23":"d","24":"e","25":"f","26":"i","27":"n","28":"e","29":"d","timestamp":"28-09-2024 10:05:11","level":"ERROR"}
{"timestamp":"28-09-2024 10:05:11","level":"INFO","method":"POST","url":"/api/member/16/verification","statusCode":500,"responseTime":"68ms","userAgent":"PostmanRuntime/7.42.0","requestBody":{}}
{"timestamp":"28-09-2024 10:05:21","level":"INFO","method":"POST","url":"/api/member/16/verification","statusCode":200,"responseTime":"82ms","userAgent":"PostmanRuntime/7.42.0","requestBody":{}}
{"timestamp":"28-09-2024 10:06:01","level":"INFO","method":"POST","url":"/api/member/16/verification","statusCode":200,"responseTime":"90ms","userAgent":"PostmanRuntime/7.42.0","requestBody":{}}
{"timestamp":"28-09-2024 10:06:24","level":"INFO","method":"POST","url":"/api/member/16/verification","statusCode":200,"responseTime":"257ms","userAgent":"PostmanRuntime/7.42.0","requestBody":{}}
{"timestamp":"28-09-2024 10:07:15","level":"INFO","method":"POST","url":"/api/member/16/verification","statusCode":200,"responseTime":"102ms","userAgent":"PostmanRuntime/7.42.0","requestBody":{}}
{"timestamp":"28-09-2024 10:16:09","level":"INFO","method":"POST","url":"/api/member/16/verification","statusCode":200,"responseTime":"67ms","userAgent":"PostmanRuntime/7.42.0","requestBody":{}}
{"timestamp":"28-09-2024 10:16:25","level":"INFO","method":"POST","url":"/api/member/16/verification","statusCode":200,"responseTime":"85ms","userAgent":"PostmanRuntime/7.42.0","requestBody":{}}
{"timestamp":"28-09-2024 10:17:05","level":"INFO","method":"POST","url":"/api/member/16/verification","statusCode":200,"responseTime":"82ms","userAgent":"PostmanRuntime/7.42.0","requestBody":{}}
{"timestamp":"28-09-2024 10:17:34","level":"INFO","method":"POST","url":"/api/member/16/verification","statusCode":200,"responseTime":"98ms","userAgent":"PostmanRuntime/7.42.0","requestBody":{}}
{"timestamp":"28-09-2024 10:17:45","level":"INFO","method":"POST","url":"/api/member/16/verification","statusCode":200,"responseTime":"100ms","userAgent":"PostmanRuntime/7.42.0","requestBody":{}}
{"timestamp":"28-09-2024 10:19:22","level":"INFO","method":"POST","url":"/api/member/16/verification","statusCode":200,"responseTime":"89ms","userAgent":"PostmanRuntime/7.42.0","requestBody":{}}
{"timestamp":"28-09-2024 10:20:01","level":"INFO","method":"POST","url":"/api/member/16/verification","statusCode":200,"responseTime":"71ms","userAgent":"PostmanRuntime/7.42.0","requestBody":{}}
{"0":"t","1":"o","2":"t","3":"a","4":"l","5":"A","6":"c","7":"t","8":"i","9":"v","10":"a","11":"t","12":"i","13":"o","14":"n","15":" ","16":"i","17":"s","18":" ","19":"n","20":"o","21":"t","22":" ","23":"d","24":"e","25":"f","26":"i","27":"n","28":"e","29":"d","timestamp":"28-09-2024 10:27:11","level":"ERROR"}
{"timestamp":"28-09-2024 10:27:11","level":"INFO","method":"POST","url":"/api/member/16/verification","statusCode":500,"responseTime":"123ms","userAgent":"PostmanRuntime/7.42.0","requestBody":{}}
{"0":"t","1":"o","2":"t","3":"a","4":"l","5":"A","6":"c","7":"t","8":"i","9":"v","10":"a","11":"t","12":"i","13":"o","14":"n","15":" ","16":"i","17":"s","18":" ","19":"n","20":"o","21":"t","22":" ","23":"d","24":"e","25":"f","26":"i","27":"n","28":"e","29":"d","timestamp":"28-09-2024 10:27:32","level":"ERROR"}
{"timestamp":"28-09-2024 10:27:32","level":"INFO","method":"POST","url":"/api/member/16/verification","statusCode":500,"responseTime":"129ms","userAgent":"PostmanRuntime/7.42.0","requestBody":{}}
{"0":"C","1":"a","2":"n","3":"n","4":"o","5":"t","6":" ","7":"r","8":"e","9":"a","10":"d","11":" ","12":"p","13":"r","14":"o","15":"p","16":"e","17":"r","18":"t","19":"i","20":"e","21":"s","22":" ","23":"o","24":"f","25":" ","26":"u","27":"n","28":"d","29":"e","30":"f","31":"i","32":"n","33":"e","34":"d","35":" ","36":"(","37":"r","38":"e","39":"a","40":"d","41":"i","42":"n","43":"g","44":" ","45":"'","46":"s","47":"h","48":"a","49":"r","50":"i","51":"n","52":"g","53":"_","54":"p","55":"c","56":"t","57":"_","58":"u","59":"s","60":"d","61":"t","62":"'","63":")","timestamp":"28-09-2024 10:27:53","level":"ERROR"}
{"timestamp":"28-09-2024 10:27:53","level":"INFO","method":"POST","url":"/api/member/16/verification","statusCode":500,"responseTime":"125ms","userAgent":"PostmanRuntime/7.42.0","requestBody":{}}
{"timestamp":"28-09-2024 10:28:09","level":"INFO","method":"POST","url":"/api/member/16/verification","statusCode":200,"responseTime":"124ms","userAgent":"PostmanRuntime/7.42.0","requestBody":{}}
{"timestamp":"28-09-2024 10:29:02","level":"INFO","method":"POST","url":"/api/member/16/verification","statusCode":200,"responseTime":"216ms","userAgent":"PostmanRuntime/7.42.0","requestBody":{}}
{"timestamp":"28-09-2024 10:29:46","level":"INFO","method":"POST","url":"/api/member/16/verification","statusCode":200,"responseTime":"101ms","userAgent":"PostmanRuntime/7.42.0","requestBody":{}}
{"timestamp":"28-09-2024 10:30:37","level":"INFO","method":"POST","url":"/api/member/16/verification","statusCode":200,"responseTime":"104ms","userAgent":"PostmanRuntime/7.42.0","requestBody":{}}
{"timestamp":"28-09-2024 10:30:59","level":"INFO","method":"POST","url":"/api/member/16/verification","statusCode":200,"responseTime":"120ms","userAgent":"PostmanRuntime/7.42.0","requestBody":{}}
{"timestamp":"28-09-2024 10:33:07","level":"INFO","method":"POST","url":"/api/member/16/verification","statusCode":200,"responseTime":"96ms","userAgent":"PostmanRuntime/7.42.0","requestBody":{}}
{"timestamp":"28-09-2024 10:34:53","level":"INFO","method":"POST","url":"/api/member/16/verification","statusCode":200,"responseTime":"100ms","userAgent":"PostmanRuntime/7.42.0","requestBody":{}}
{"timestamp":"28-09-2024 10:36:42","level":"INFO","method":"POST","url":"/api/member/16/verification","statusCode":200,"responseTime":"83ms","userAgent":"PostmanRuntime/7.42.0","requestBody":{}}
{"timestamp":"28-09-2024 10:45:19","level":"INFO","method":"POST","url":"/api/member/16/verification","statusCode":401,"responseTime":"6ms","userAgent":"PostmanRuntime/7.42.0","requestBody":{}}
{"timestamp":"28-09-2024 10:45:26","level":"INFO","method":"POST","url":"/api/request-otp","statusCode":200,"responseTime":"4300ms","userAgent":"PostmanRuntime/7.42.0","requestBody":{"email":"admin_cassablanca@gmail.com"}}
{"timestamp":"28-09-2024 10:45:38","level":"INFO","method":"POST","url":"/api/verify-otp","statusCode":200,"responseTime":"68ms","userAgent":"PostmanRuntime/7.42.0","requestBody":{"otp":"758793"}}
{"0":"c","1":"o","2":"l","3":"u","4":"m","5":"n","6":" ","7":"\"","8":"c","9":"r","10":"e","11":"a","12":"t","13":"e","14":"d","15":"A","16":"t","17":"\"","18":" ","19":"o","20":"f","21":" ","22":"r","23":"e","24":"l","25":"a","26":"t","27":"i","28":"o","29":"n","30":" ","31":"\"","32":"b","33":"o","34":"n","35":"u","36":"s","37":"\"","38":" ","39":"d","40":"o","41":"e","42":"s","43":" ","44":"n","45":"o","46":"t","47":" ","48":"e","49":"x","50":"i","51":"s","52":"t","timestamp":"28-09-2024 10:45:41","level":"ERROR"}
{"timestamp":"28-09-2024 10:45:41","level":"INFO","method":"POST","url":"/api/member/16/verification","statusCode":500,"responseTime":"145ms","userAgent":"PostmanRuntime/7.42.0","requestBody":{}}
{"timestamp":"28-09-2024 10:46:08","level":"INFO","method":"POST","url":"/api/member/16/verification","statusCode":200,"responseTime":"78ms","userAgent":"PostmanRuntime/7.42.0","requestBody":{}}
{"timestamp":"28-09-2024 10:48:30","level":"INFO","method":"POST","url":"/api/member/16/verification","statusCode":200,"responseTime":"101ms","userAgent":"PostmanRuntime/7.42.0","requestBody":{}}
{"timestamp":"28-09-2024 10:57:32","level":"INFO","method":"POST","url":"/api/member/16/verification","statusCode":200,"responseTime":"100ms","userAgent":"PostmanRuntime/7.42.0","requestBody":{}}
{"0":"t","1":"e","2":"a","3":"m","4":"M","5":"e","6":"m","7":"b","8":"e","9":"r","10":"s","11":" ","12":"i","13":"s","14":" ","15":"n","16":"o","17":"t","18":" ","19":"d","20":"e","21":"f","22":"i","23":"n","24":"e","25":"d","timestamp":"28-09-2024 11:00:54","level":"ERROR"}
{"timestamp":"28-09-2024 11:00:54","level":"INFO","method":"POST","url":"/api/member/16/verification","statusCode":500,"responseTime":"369ms","userAgent":"PostmanRuntime/7.42.0","requestBody":{}}
{"timestamp":"28-09-2024 11:02:15","level":"INFO","method":"POST","url":"/api/member/16/verification","statusCode":200,"responseTime":"92ms","userAgent":"PostmanRuntime/7.42.0","requestBody":{}}
{"timestamp":"28-09-2024 11:02:49","level":"INFO","method":"POST","url":"/api/member/16/verification","statusCode":200,"responseTime":"118ms","userAgent":"PostmanRuntime/7.42.0","requestBody":{}}
{"timestamp":"28-09-2024 11:03:32","level":"INFO","method":"POST","url":"/api/member/16/verification","statusCode":200,"responseTime":"224ms","userAgent":"PostmanRuntime/7.42.0","requestBody":{}}
{"timestamp":"28-09-2024 11:08:30","level":"INFO","method":"POST","url":"/api/member/16/verification","statusCode":200,"responseTime":"130ms","userAgent":"PostmanRuntime/7.42.0","requestBody":{}}
{"timestamp":"28-09-2024 11:09:58","level":"INFO","method":"POST","url":"/api/member/16/verification","statusCode":200,"responseTime":"326ms","userAgent":"PostmanRuntime/7.42.0","requestBody":{}}
{"timestamp":"28-09-2024 11:10:51","level":"INFO","method":"POST","url":"/api/member/16/verification","statusCode":200,"responseTime":"105ms","userAgent":"PostmanRuntime/7.42.0","requestBody":{}}
{"timestamp":"28-09-2024 11:22:49","level":"INFO","method":"POST","url":"/api/member/16/verification","statusCode":200,"responseTime":"187ms","userAgent":"PostmanRuntime/7.42.0","requestBody":{}}
{"0":"C","1":"a","2":"n","3":"n","4":"o","5":"t","6":" ","7":"r","8":"e","9":"a","10":"d","11":" ","12":"p","13":"r","14":"o","15":"p","16":"e","17":"r","18":"t","19":"i","20":"e","21":"s","22":" ","23":"o","24":"f","25":" ","26":"n","27":"u","28":"l","29":"l","30":" ","31":"(","32":"r","33":"e","34":"a","35":"d","36":"i","37":"n","38":"g","39":" ","40":"'","41":"r","42":"a","43":"n","44":"k","45":"i","46":"n","47":"g","48":"_","49":"r","50":"e","51":"q","52":"s","53":"'","54":")","timestamp":"28-09-2024 11:27:44","level":"ERROR"}
{"timestamp":"28-09-2024 11:27:44","level":"INFO","method":"POST","url":"/api/member/16/verification","statusCode":500,"responseTime":"259ms","userAgent":"PostmanRuntime/7.42.0","requestBody":{}}
{"0":"C","1":"a","2":"n","3":"n","4":"o","5":"t","6":" ","7":"r","8":"e","9":"a","10":"d","11":" ","12":"p","13":"r","14":"o","15":"p","16":"e","17":"r","18":"t","19":"i","20":"e","21":"s","22":" ","23":"o","24":"f","25":" ","26":"n","27":"u","28":"l","29":"l","30":" ","31":"(","32":"r","33":"e","34":"a","35":"d","36":"i","37":"n","38":"g","39":" ","40":"'","41":"r","42":"a","43":"n","44":"k","45":"i","46":"n","47":"g","48":"_","49":"r","50":"e","51":"q","52":"s","53":"'","54":")","timestamp":"28-09-2024 11:28:04","level":"ERROR"}
{"timestamp":"28-09-2024 11:28:04","level":"INFO","method":"POST","url":"/api/member/16/verification","statusCode":500,"responseTime":"89ms","userAgent":"PostmanRuntime/7.42.0","requestBody":{}}
{"0":"C","1":"a","2":"n","3":"n","4":"o","5":"t","6":" ","7":"r","8":"e","9":"a","10":"d","11":" ","12":"p","13":"r","14":"o","15":"p","16":"e","17":"r","18":"t","19":"i","20":"e","21":"s","22":" ","23":"o","24":"f","25":" ","26":"n","27":"u","28":"l","29":"l","30":" ","31":"(","32":"r","33":"e","34":"a","35":"d","36":"i","37":"n","38":"g","39":" ","40":"'","41":"r","42":"a","43":"n","44":"k","45":"i","46":"n","47":"g","48":"_","49":"r","50":"e","51":"q","52":"s","53":"'","54":")","timestamp":"28-09-2024 11:29:11","level":"ERROR"}
{"timestamp":"28-09-2024 11:29:11","level":"INFO","method":"POST","url":"/api/member/16/verification","statusCode":500,"responseTime":"119ms","userAgent":"PostmanRuntime/7.42.0","requestBody":{}}
{"0":"C","1":"a","2":"n","3":"n","4":"o","5":"t","6":" ","7":"r","8":"e","9":"a","10":"d","11":" ","12":"p","13":"r","14":"o","15":"p","16":"e","17":"r","18":"t","19":"i","20":"e","21":"s","22":" ","23":"o","24":"f","25":" ","26":"n","27":"u","28":"l","29":"l","30":" ","31":"(","32":"r","33":"e","34":"a","35":"d","36":"i","37":"n","38":"g","39":" ","40":"'","41":"r","42":"a","43":"n","44":"k","45":"i","46":"n","47":"g","48":"_","49":"r","50":"e","51":"q","52":"s","53":"'","54":")","timestamp":"28-09-2024 11:30:12","level":"ERROR"}
{"timestamp":"28-09-2024 11:30:12","level":"INFO","method":"POST","url":"/api/member/16/verification","statusCode":500,"responseTime":"101ms","userAgent":"PostmanRuntime/7.42.0","requestBody":{}}
{"timestamp":"28-09-2024 11:32:54","level":"INFO","method":"POST","url":"/api/member/16/verification","statusCode":200,"responseTime":"106ms","userAgent":"PostmanRuntime/7.42.0","requestBody":{}}
{"0":"p","1":"a","2":"r","3":"e","4":"n","5":"t","6":"P","7":"a","8":"r","9":"e","10":"n","11":"t","12":" ","13":"i","14":"s","15":" ","16":"n","17":"o","18":"t","19":" ","20":"d","21":"e","22":"f","23":"i","24":"n","25":"e","26":"d","timestamp":"28-09-2024 11:34:36","level":"ERROR"}
{"timestamp":"28-09-2024 11:34:36","level":"INFO","method":"POST","url":"/api/member/16/verification","statusCode":500,"responseTime":"81ms","userAgent":"PostmanRuntime/7.42.0","requestBody":{}}
{"timestamp":"28-09-2024 11:34:42","level":"INFO","method":"POST","url":"/api/member/16/verification","statusCode":200,"responseTime":"78ms","userAgent":"PostmanRuntime/7.42.0","requestBody":{}}
{"0":"I","1":"n","2":"c","3":"l","4":"u","5":"d","6":"e","7":" ","8":"u","9":"n","10":"e","11":"x","12":"p","13":"e","14":"c","15":"t","16":"e","17":"d","18":".","19":" ","20":"E","21":"l","22":"e","23":"m","24":"e","25":"n","26":"t","27":" ","28":"h","29":"a","30":"s","31":" ","32":"t","33":"o","34":" ","35":"b","36":"e","37":" ","38":"e","39":"i","40":"t","41":"h","42":"e","43":"r","44":" ","45":"a","46":" ","47":"M","48":"o","49":"d","50":"e","51":"l","52":",","53":" ","54":"a","55":"n","56":" ","57":"A","58":"s","59":"s","60":"o","61":"c","62":"i","63":"a","64":"t","65":"i","66":"o","67":"n","68":" ","69":"o","70":"r","71":" ","72":"a","73":"n","74":" ","75":"o","76":"b","77":"j","78":"e","79":"c","80":"t","81":".","timestamp":"28-09-2024 11:36:18","level":"ERROR"}
{"timestamp":"28-09-2024 11:36:18","level":"INFO","method":"POST","url":"/api/member/16/verification","statusCode":500,"responseTime":"27ms","userAgent":"PostmanRuntime/7.42.0","requestBody":{}}
{"timestamp":"28-09-2024 11:36:35","level":"INFO","method":"POST","url":"/api/member/16/verification","statusCode":200,"responseTime":"246ms","userAgent":"PostmanRuntime/7.42.0","requestBody":{}}
{"timestamp":"28-09-2024 11:38:07","level":"INFO","method":"POST","url":"/api/member/16/verification","statusCode":200,"responseTime":"94ms","userAgent":"PostmanRuntime/7.42.0","requestBody":{}}
{"timestamp":"28-09-2024 11:39:11","level":"INFO","method":"POST","url":"/api/member/16/verification","statusCode":200,"responseTime":"89ms","userAgent":"PostmanRuntime/7.42.0","requestBody":{}}
{"timestamp":"28-09-2024 11:40:03","level":"INFO","method":"POST","url":"/api/member/16/verification","statusCode":200,"responseTime":"91ms","userAgent":"PostmanRuntime/7.42.0","requestBody":{}}
{"timestamp":"28-09-2024 11:40:19","level":"INFO","method":"POST","url":"/api/member/16/verification","statusCode":200,"responseTime":"127ms","userAgent":"PostmanRuntime/7.42.0","requestBody":{}}
{"timestamp":"28-09-2024 11:42:14","level":"INFO","method":"POST","url":"/api/member/16/verification","statusCode":200,"responseTime":"72ms","userAgent":"PostmanRuntime/7.42.0","requestBody":{}}
{"timestamp":"28-09-2024 11:42:44","level":"INFO","method":"POST","url":"/api/member/16/verification","statusCode":200,"responseTime":"70ms","userAgent":"PostmanRuntime/7.42.0","requestBody":{}}
{"timestamp":"28-09-2024 11:43:21","level":"INFO","method":"POST","url":"/api/member/16/verification","statusCode":200,"responseTime":"97ms","userAgent":"PostmanRuntime/7.42.0","requestBody":{}}
{"timestamp":"28-09-2024 11:43:53","level":"INFO","method":"POST","url":"/api/member/16/verification","statusCode":200,"responseTime":"100ms","userAgent":"PostmanRuntime/7.42.0","requestBody":{}}
{"timestamp":"28-09-2024 11:44:47","level":"INFO","method":"POST","url":"/api/member/16/verification","statusCode":200,"responseTime":"68ms","userAgent":"PostmanRuntime/7.42.0","requestBody":{}}
{"timestamp":"28-09-2024 12:18:27","level":"INFO","method":"GET","url":"/api/ref/ranking-req","statusCode":401,"responseTime":"7ms","userAgent":"PostmanRuntime/7.42.0","requestBody":{}}
{"timestamp":"28-09-2024 12:18:35","level":"INFO","method":"POST","url":"/api/request-otp","statusCode":200,"responseTime":"2980ms","userAgent":"PostmanRuntime/7.42.0","requestBody":{"email":"admin_cassablanca@gmail.com"}}
{"timestamp":"28-09-2024 12:18:41","level":"INFO","method":"POST","url":"/api/verify-otp","statusCode":200,"responseTime":"34ms","userAgent":"PostmanRuntime/7.42.0","requestBody":{"otp":"934531"}}
{"timestamp":"28-09-2024 12:18:47","level":"INFO","method":"POST","url":"/api/member/16/verification","statusCode":200,"responseTime":"66ms","userAgent":"PostmanRuntime/7.42.0","requestBody":{}}
{"timestamp":"28-09-2024 12:33:02","level":"INFO","method":"POST","url":"/api/member/16/verification","statusCode":200,"responseTime":"87ms","userAgent":"PostmanRuntime/7.42.0","requestBody":{}}
{"timestamp":"28-09-2024 12:35:31","level":"INFO","method":"POST","url":"/api/member/16/verification","statusCode":200,"responseTime":"92ms","userAgent":"PostmanRuntime/7.42.0","requestBody":{}}
{"timestamp":"28-09-2024 12:37:08","level":"INFO","method":"POST","url":"/api/member/16/verification","statusCode":200,"responseTime":"73ms","userAgent":"PostmanRuntime/7.42.0","requestBody":{}}
{"timestamp":"28-09-2024 12:37:16","level":"INFO","method":"POST","url":"/api/member/16/verification","statusCode":200,"responseTime":"21ms","userAgent":"PostmanRuntime/7.42.0","requestBody":{}}
{"timestamp":"28-09-2024 12:37:32","level":"INFO","method":"POST","url":"/api/member/16/verification","statusCode":200,"responseTime":"86ms","userAgent":"PostmanRuntime/7.42.0","requestBody":{}}
{"timestamp":"28-09-2024 12:38:25","level":"INFO","method":"POST","url":"/api/member/16/verification","statusCode":200,"responseTime":"88ms","userAgent":"PostmanRuntime/7.42.0","requestBody":{}}
{"timestamp":"28-09-2024 12:40:38","level":"INFO","method":"POST","url":"/api/member/16/verification","statusCode":200,"responseTime":"247ms","userAgent":"PostmanRuntime/7.42.0","requestBody":{}}
{"timestamp":"28-09-2024 12:43:22","level":"INFO","method":"POST","url":"/api/member/16/verification","statusCode":200,"responseTime":"175ms","userAgent":"PostmanRuntime/7.42.0","requestBody":{}}
{"timestamp":"28-09-2024 12:45:49","level":"INFO","method":"POST","url":"/api/member/16/verification","statusCode":200,"responseTime":"204ms","userAgent":"PostmanRuntime/7.42.0","requestBody":{}}
{"timestamp":"28-09-2024 12:45:59","level":"INFO","method":"POST","url":"/api/member/16/verification","statusCode":200,"responseTime":"95ms","userAgent":"PostmanRuntime/7.42.0","requestBody":{}}
{"timestamp":"28-09-2024 12:46:14","level":"INFO","method":"POST","url":"/api/member/16/verification","statusCode":200,"responseTime":"116ms","userAgent":"PostmanRuntime/7.42.0","requestBody":{}}
{"0":"C","1":"a","2":"n","3":"n","4":"o","5":"t","6":" ","7":"r","8":"e","9":"a","10":"d","11":" ","12":"p","13":"r","14":"o","15":"p","16":"e","17":"r","18":"t","19":"i","20":"e","21":"s","22":" ","23":"o","24":"f","25":" ","26":"u","27":"n","28":"d","29":"e","30":"f","31":"i","32":"n","33":"e","34":"d","35":" ","36":"(","37":"r","38":"e","39":"a","40":"d","41":"i","42":"n","43":"g","44":" ","45":"'","46":"r","47":"a","48":"n","49":"k","50":"i","51":"n","52":"g","53":"_","54":"i","55":"d","56":"_","57":"m","58":"e","59":"m","60":"b","61":"e","62":"r","63":"'","64":")","timestamp":"28-09-2024 12:47:09","level":"ERROR"}
{"timestamp":"28-09-2024 12:47:09","level":"INFO","method":"POST","url":"/api/member/16/verification","statusCode":500,"responseTime":"68ms","userAgent":"PostmanRuntime/7.42.0","requestBody":{}}
{"0":"C","1":"a","2":"n","3":"n","4":"o","5":"t","6":" ","7":"r","8":"e","9":"a","10":"d","11":" ","12":"p","13":"r","14":"o","15":"p","16":"e","17":"r","18":"t","19":"i","20":"e","21":"s","22":" ","23":"o","24":"f","25":" ","26":"u","27":"n","28":"d","29":"e","30":"f","31":"i","32":"n","33":"e","34":"d","35":" ","36":"(","37":"r","38":"e","39":"a","40":"d","41":"i","42":"n","43":"g","44":" ","45":"'","46":"r","47":"a","48":"n","49":"k","50":"i","51":"n","52":"g","53":"_","54":"i","55":"d","56":"_","57":"m","58":"e","59":"m","60":"b","61":"e","62":"r","63":"'","64":")","timestamp":"28-09-2024 12:47:29","level":"ERROR"}
{"timestamp":"28-09-2024 12:47:29","level":"INFO","method":"POST","url":"/api/member/16/verification","statusCode":500,"responseTime":"85ms","userAgent":"PostmanRuntime/7.42.0","requestBody":{}}
{"0":"l","1":"i","2":"n","3":"e","4":"M","5":"e","6":"m","7":"b","8":"e","9":"r","10":" ","11":"i","12":"s","13":" ","14":"n","15":"o","16":"t","17":" ","18":"d","19":"e","20":"f","21":"i","22":"n","23":"e","24":"d","timestamp":"28-09-2024 12:53:20","level":"ERROR"}
{"timestamp":"28-09-2024 12:53:20","level":"INFO","method":"POST","url":"/api/member/16/verification","statusCode":500,"responseTime":"70ms","userAgent":"PostmanRuntime/7.42.0","requestBody":{}}
{"0":"C","1":"a","2":"n","3":"n","4":"o","5":"t","6":" ","7":"r","8":"e","9":"a","10":"d","11":" ","12":"p","13":"r","14":"o","15":"p","16":"e","17":"r","18":"t","19":"i","20":"e","21":"s","22":" ","23":"o","24":"f","25":" ","26":"u","27":"n","28":"d","29":"e","30":"f","31":"i","32":"n","33":"e","34":"d","35":" ","36":"(","37":"r","38":"e","39":"a","40":"d","41":"i","42":"n","43":"g","44":" ","45":"'","46":"r","47":"a","48":"n","49":"k","50":"i","51":"n","52":"g","53":"_","54":"i","55":"d","56":"_","57":"m","58":"e","59":"m","60":"b","61":"e","62":"r","63":"'","64":")","timestamp":"28-09-2024 12:53:27","level":"ERROR"}
{"timestamp":"28-09-2024 12:53:27","level":"INFO","method":"POST","url":"/api/member/16/verification","statusCode":500,"responseTime":"76ms","userAgent":"PostmanRuntime/7.42.0","requestBody":{}}
{"timestamp":"28-09-2024 12:54:18","level":"INFO","method":"POST","url":"/api/member/16/verification","statusCode":200,"responseTime":"341ms","userAgent":"PostmanRuntime/7.42.0","requestBody":{}}
{"timestamp":"28-09-2024 12:54:44","level":"INFO","method":"POST","url":"/api/member/16/verification","statusCode":200,"responseTime":"188ms","userAgent":"PostmanRuntime/7.42.0","requestBody":{}}
{"timestamp":"28-09-2024 12:55:16","level":"INFO","method":"POST","url":"/api/member/16/verification","statusCode":200,"responseTime":"243ms","userAgent":"PostmanRuntime/7.42.0","requestBody":{}}
{"timestamp":"28-09-2024 12:55:53","level":"INFO","method":"POST","url":"/api/member/16/verification","statusCode":200,"responseTime":"98ms","userAgent":"PostmanRuntime/7.42.0","requestBody":{}}
{"0":"r","1":"a","2":"n","3":"k","4":"i","5":"n","6":"g","7":"M","8":"e","9":"m","10":"b","11":"e","12":"r","13":"C","14":"o","15":"u","16":"n","17":"t","18":" ","19":"i","20":"s","21":" ","22":"n","23":"o","24":"t","25":" ","26":"d","27":"e","28":"f","29":"i","30":"n","31":"e","32":"d","timestamp":"28-09-2024 12:57:12","level":"ERROR"}
{"timestamp":"28-09-2024 12:57:12","level":"INFO","method":"POST","url":"/api/member/16/verification","statusCode":500,"responseTime":"79ms","userAgent":"PostmanRuntime/7.42.0","requestBody":{}}
{"timestamp":"28-09-2024 12:58:02","level":"INFO","method":"POST","url":"/api/member/16/verification","statusCode":200,"responseTime":"67ms","userAgent":"PostmanRuntime/7.42.0","requestBody":{}}
{"timestamp":"28-09-2024 12:58:56","level":"INFO","method":"POST","url":"/api/member/16/verification","statusCode":200,"responseTime":"77ms","userAgent":"PostmanRuntime/7.42.0","requestBody":{}}
{"0":"r","1":"a","2":"n","3":"k","4":"i","5":"n","6":"g","7":"_","8":"i","9":"d","10":"_","11":"m","12":"e","13":"m","14":"b","15":"e","16":"r","17":" ","18":"i","19":"s","20":" ","21":"n","22":"o","23":"t","24":" ","25":"d","26":"e","27":"f","28":"i","29":"n","30":"e","31":"d","timestamp":"28-09-2024 01:00:17","level":"ERROR"}
{"timestamp":"28-09-2024 01:00:17","level":"INFO","method":"POST","url":"/api/member/16/verification","statusCode":500,"responseTime":"97ms","userAgent":"PostmanRuntime/7.42.0","requestBody":{}}
{"timestamp":"28-09-2024 01:00:29","level":"INFO","method":"POST","url":"/api/member/16/verification","statusCode":200,"responseTime":"127ms","userAgent":"PostmanRuntime/7.42.0","requestBody":{}}
{"timestamp":"28-09-2024 01:00:40","level":"INFO","method":"POST","url":"/api/member/16/verification","statusCode":200,"responseTime":"93ms","userAgent":"PostmanRuntime/7.42.0","requestBody":{}}
{"timestamp":"28-09-2024 01:00:45","level":"INFO","method":"POST","url":"/api/member/16/verification","statusCode":200,"responseTime":"84ms","userAgent":"PostmanRuntime/7.42.0","requestBody":{}}
{"timestamp":"28-09-2024 01:01:36","level":"INFO","method":"POST","url":"/api/member/16/verification","statusCode":200,"responseTime":"94ms","userAgent":"PostmanRuntime/7.42.0","requestBody":{}}
{"0":"l","1":"i","2":"n","3":"e","4":"M","5":"e","6":"m","7":"b","8":"e","9":"r","10":" ","11":"i","12":"s","13":" ","14":"n","15":"o","16":"t","17":" ","18":"d","19":"e","20":"f","21":"i","22":"n","23":"e","24":"d","timestamp":"28-09-2024 01:03:10","level":"ERROR"}
{"timestamp":"28-09-2024 01:03:10","level":"INFO","method":"POST","url":"/api/member/16/verification","statusCode":500,"responseTime":"228ms","userAgent":"PostmanRuntime/7.42.0","requestBody":{}}
{"timestamp":"28-09-2024 01:03:14","level":"INFO","method":"POST","url":"/api/member/16/verification","statusCode":200,"responseTime":"61ms","userAgent":"PostmanRuntime/7.42.0","requestBody":{}}
{"timestamp":"28-09-2024 01:03:37","level":"INFO","method":"POST","url":"/api/member/16/verification","statusCode":200,"responseTime":"65ms","userAgent":"PostmanRuntime/7.42.0","requestBody":{}}
{"timestamp":"28-09-2024 01:08:42","level":"INFO","method":"POST","url":"/api/member/16/verification","statusCode":200,"responseTime":"93ms","userAgent":"PostmanRuntime/7.42.0","requestBody":{}}
{"timestamp":"28-09-2024 01:13:26","level":"INFO","method":"POST","url":"/api/member/16/verification","statusCode":200,"responseTime":"569ms","userAgent":"PostmanRuntime/7.42.0","requestBody":{}}
{"timestamp":"28-09-2024 01:26:29","level":"INFO","method":"POST","url":"/api/member/16/verification","statusCode":401,"responseTime":"8ms","userAgent":"PostmanRuntime/7.42.0","requestBody":{}}
{"timestamp":"28-09-2024 01:27:15","level":"INFO","method":"POST","url":"/api/request-otp","statusCode":200,"responseTime":"4310ms","userAgent":"PostmanRuntime/7.42.0","requestBody":{"email":"admin_cassablanca@gmail.com"}}
{"timestamp":"28-09-2024 01:27:26","level":"INFO","method":"POST","url":"/api/verify-otp","statusCode":200,"responseTime":"14ms","userAgent":"PostmanRuntime/7.42.0","requestBody":{"otp":"949237"}}
{"timestamp":"28-09-2024 01:27:31","level":"INFO","method":"POST","url":"/api/member/16/verification","statusCode":200,"responseTime":"206ms","userAgent":"PostmanRuntime/7.42.0","requestBody":{}}
{"timestamp":"28-09-2024 01:29:19","level":"INFO","method":"POST","url":"/api/member/16/verification","statusCode":400,"responseTime":"100ms","userAgent":"PostmanRuntime/7.42.0","requestBody":{}}
{"timestamp":"28-09-2024 01:43:11","level":"INFO","method":"POST","url":"/api/member/16/verification","statusCode":400,"responseTime":"25ms","userAgent":"PostmanRuntime/7.42.0","requestBody":{}}
{"timestamp":"28-09-2024 01:47:36","level":"INFO","method":"POST","url":"/api/member/16/verification","statusCode":400,"responseTime":"19ms","userAgent":"PostmanRuntime/7.42.0","requestBody":{}}
{"timestamp":"28-09-2024 01:48:22","level":"INFO","method":"POST","url":"/api/member/16/verification","statusCode":200,"responseTime":"122ms","userAgent":"PostmanRuntime/7.42.0","requestBody":{}}
{"timestamp":"28-09-2024 01:50:13","level":"INFO","method":"POST","url":"/api/member/16/reject-verification","statusCode":200,"responseTime":"162ms","userAgent":"PostmanRuntime/7.42.0","requestBody":{}}
{"timestamp":"28-09-2024 01:54:14","level":"INFO","method":"GET","url":"/api/wallet","statusCode":200,"responseTime":"17ms","userAgent":"PostmanRuntime/7.42.0","requestBody":{}}
{"timestamp":"28-09-2024 01:54:58","level":"INFO","method":"GET","url":"/api/wallet","statusCode":200,"responseTime":"13ms","userAgent":"PostmanRuntime/7.42.0","requestBody":{}}
{"timestamp":"28-09-2024 01:55:52","level":"INFO","method":"GET","url":"/api/wallet","statusCode":200,"responseTime":"17ms","userAgent":"PostmanRuntime/7.42.0","requestBody":{}}
{"timestamp":"28-09-2024 04:22:53","level":"INFO","method":"POST","url":"/api/verify-otp","statusCode":401,"responseTime":"326ms","userAgent":"PostmanRuntime/7.42.0","requestBody":{"otp":"949237"}}
{"timestamp":"28-09-2024 04:22:59","level":"INFO","method":"POST","url":"/api/request-otp","statusCode":200,"responseTime":"3024ms","userAgent":"PostmanRuntime/7.42.0","requestBody":{"email":"admin_cassablanca@gmail.com"}}
{"timestamp":"28-09-2024 04:23:07","level":"INFO","method":"POST","url":"/api/verify-otp","statusCode":200,"responseTime":"15ms","userAgent":"PostmanRuntime/7.42.0","requestBody":{"otp":"466819"}}
{"timestamp":"28-09-2024 04:26:19","level":"INFO","method":"GET","url":"/api/wallet","statusCode":200,"responseTime":"27ms","userAgent":"PostmanRuntime/7.42.0","requestBody":{}}
{"timestamp":"28-09-2024 04:38:02","level":"INFO","method":"GET","url":"/api/config/coin","statusCode":403,"responseTime":"8ms","userAgent":"PostmanRuntime/7.42.0","requestBody":{}}
{"timestamp":"28-09-2024 04:38:58","level":"INFO","method":"POST","url":"/api/request-otp","statusCode":200,"responseTime":"3002ms","userAgent":"PostmanRuntime/7.42.0","requestBody":{"email":"adminconn@gmail.com"}}
{"timestamp":"28-09-2024 04:39:08","level":"INFO","method":"POST","url":"/api/verify-otp","statusCode":200,"responseTime":"7ms","userAgent":"PostmanRuntime/7.42.0","requestBody":{"otp":"414187"}}
{"timestamp":"28-09-2024 04:39:11","level":"INFO","method":"GET","url":"/api/config/coin","statusCode":200,"responseTime":"16ms","userAgent":"PostmanRuntime/7.42.0","requestBody":{}}
{"timestamp":"28-09-2024 04:40:31","level":"INFO","method":"GET","url":"/api/config/coin","statusCode":200,"responseTime":"17ms","userAgent":"PostmanRuntime/7.42.0","requestBody":{}}
{"timestamp":"28-09-2024 04:42:50","level":"INFO","method":"GET","url":"/api/config/coin","statusCode":200,"responseTime":"15ms","userAgent":"PostmanRuntime/7.42.0","requestBody":{}}
{"timestamp":"28-09-2024 04:43:03","level":"INFO","method":"GET","url":"/api/config/coin","statusCode":200,"responseTime":"17ms","userAgent":"PostmanRuntime/7.42.0","requestBody":{}}
{"timestamp":"28-09-2024 04:48:18","level":"INFO","method":"GET","url":"/api/config/coin/1","statusCode":404,"responseTime":"20ms","userAgent":"PostmanRuntime/7.42.0","requestBody":{}}
{"timestamp":"28-09-2024 04:48:31","level":"INFO","method":"GET","url":"/api/config/coin/USDT_tron","statusCode":200,"responseTime":"109ms","userAgent":"PostmanRuntime/7.42.0","requestBody":{}}
{"timestamp":"28-09-2024 04:58:58","level":"INFO","method":"POST","url":"/api/config/coin","statusCode":400,"responseTime":"9ms","userAgent":"PostmanRuntime/7.42.0","requestBody":{"curr_id":12,"chain_id":12}}
{"timestamp":"28-09-2024 05:06:37","level":"INFO","method":"POST","url":"/api/config/coin","statusCode":400,"responseTime":"12ms","userAgent":"PostmanRuntime/7.42.0","requestBody":{"curr_id":"USDT","chain_id":"eth"}}
{"timestamp":"28-09-2024 05:07:01","level":"INFO","method":"POST","url":"/api/config/coin","statusCode":200,"responseTime":"91ms","userAgent":"PostmanRuntime/7.42.0","requestBody":{"curr_id":"TIDORE","chain_id":"eth"}}
{"timestamp":"28-09-2024 05:07:14","level":"INFO","method":"GET","url":"/api/config/coin","statusCode":200,"responseTime":"131ms","userAgent":"PostmanRuntime/7.42.0","requestBody":{}}
{"0":"W","1":"H","2":"E","3":"R","4":"E","5":" ","6":"p","7":"a","8":"r","9":"a","10":"m","11":"e","12":"t","13":"e","14":"r","15":" ","16":"\"","17":"i","18":"d","19":"\"","20":" ","21":"h","22":"a","23":"s","24":" ","25":"i","26":"n","27":"v","28":"a","29":"l","30":"i","31":"d","32":" ","33":"\"","34":"u","35":"n","36":"d","37":"e","38":"f","39":"i","40":"n","41":"e","42":"d","43":"\"","44":" ","45":"v","46":"a","47":"l","48":"u","49":"e","timestamp":"28-09-2024 05:11:18","level":"ERROR"}
{"timestamp":"28-09-2024 05:11:18","level":"INFO","method":"PUT","url":"/api/config/coin/:coinId","statusCode":500,"responseTime":"30ms","userAgent":"PostmanRuntime/7.42.0","requestBody":{"curr_id":"USDT","chain_id":"eth"}}
{"0":"W","1":"H","2":"E","3":"R","4":"E","5":" ","6":"p","7":"a","8":"r","9":"a","10":"m","11":"e","12":"t","13":"e","14":"r","15":" ","16":"\"","17":"i","18":"d","19":"\"","20":" ","21":"h","22":"a","23":"s","24":" ","25":"i","26":"n","27":"v","28":"a","29":"l","30":"i","31":"d","32":" ","33":"\"","34":"u","35":"n","36":"d","37":"e","38":"f","39":"i","40":"n","41":"e","42":"d","43":"\"","44":" ","45":"v","46":"a","47":"l","48":"u","49":"e","timestamp":"28-09-2024 05:11:42","level":"ERROR"}
{"timestamp":"28-09-2024 05:11:42","level":"INFO","method":"PUT","url":"/api/config/coin/:coinId","statusCode":500,"responseTime":"18ms","userAgent":"PostmanRuntime/7.42.0","requestBody":{"curr_id":"USDT","chain_id":"eth"}}
{"timestamp":"28-09-2024 05:11:59","level":"INFO","method":"PUT","url":"/api/config/coin/:coinId","statusCode":404,"responseTime":"36ms","userAgent":"PostmanRuntime/7.42.0","requestBody":{"curr_id":"USDT","chain_id":"eth"}}
{"0":{"message":"coin.id cannot be null","type":"notNull Violation","path":"id","value":null,"origin":"CORE","instance":{"id":null},"validatorKey":"is_null","validatorName":null,"validatorArgs":[]},"1":{"message":"coin.curr_id cannot be null","type":"notNull Violation","path":"curr_id","value":null,"origin":"CORE","instance":{"id":null},"validatorKey":"is_null","validatorName":null,"validatorArgs":[]},"2":{"message":"coin.chain_id cannot be null","type":"notNull Violation","path":"chain_id","value":null,"origin":"CORE","instance":{"id":null},"validatorKey":"is_null","validatorName":null,"validatorArgs":[]},"timestamp":"28-09-2024 05:12:20","level":"ERROR"}
{"timestamp":"28-09-2024 05:12:20","level":"INFO","method":"PUT","url":"/api/config/coin/TIDORE_eth","statusCode":400,"responseTime":"95ms","userAgent":"PostmanRuntime/7.42.0","requestBody":{"curr_id":"USDT","chain_id":"eth"}}
{"0":{"message":"coin.id cannot be null","type":"notNull Violation","path":"id","value":null,"origin":"CORE","instance":{"id":null},"validatorKey":"is_null","validatorName":null,"validatorArgs":[]},"1":{"message":"coin.curr_id cannot be null","type":"notNull Violation","path":"curr_id","value":null,"origin":"CORE","instance":{"id":null},"validatorKey":"is_null","validatorName":null,"validatorArgs":[]},"2":{"message":"coin.chain_id cannot be null","type":"notNull Violation","path":"chain_id","value":null,"origin":"CORE","instance":{"id":null},"validatorKey":"is_null","validatorName":null,"validatorArgs":[]},"timestamp":"28-09-2024 05:12:50","level":"ERROR"}
{"timestamp":"28-09-2024 05:12:50","level":"INFO","method":"PUT","url":"/api/config/coin/TIDORE_eth","statusCode":400,"responseTime":"41ms","userAgent":"PostmanRuntime/7.42.0","requestBody":{"curr_id":"USDT","chain_id":"eth"}}
{"0":{"message":"audits.auditable_type cannot be null","type":"notNull Violation","path":"auditable_type","value":null,"origin":"CORE","instance":{"id":null,"user_id":"11","event":"Update Coin","old_values":"{\"id\":\"TIDORE_eth\",\"curr_id\":\"TIDORE\",\"chain_id\":\"eth\",\"curr\":{\"id\":\"TIDORE\"},\"chain\":{\"id\":\"eth\",\"chain_nm\":\"Ethereum\",\"logo\":null,\"confirm_cnt\":20}}","new_values":"[1,[{\"id\":\"TIDORE_eth\",\"curr_id\":\"USDT\",\"chain_id\":\"eth\"}]]","url":"/api/config/coin/TIDORE_eth","ip_address":"::1","user_agent":"PostmanRuntime/7.42.0","updated_at":"2024-09-28T10:13:05.280Z","created_at":"2024-09-28T10:13:05.280Z"},"validatorKey":"is_null","validatorName":null,"validatorArgs":[]},"1":{"message":"audits.auditable_id cannot be null","type":"notNull Violation","path":"auditable_id","value":null,"origin":"CORE","instance":{"id":null,"user_id":"11","event":"Update Coin","old_values":"{\"id\":\"TIDORE_eth\",\"curr_id\":\"TIDORE\",\"chain_id\":\"eth\",\"curr\":{\"id\":\"TIDORE\"},\"chain\":{\"id\":\"eth\",\"chain_nm\":\"Ethereum\",\"logo\":null,\"confirm_cnt\":20}}","new_values":"[1,[{\"id\":\"TIDORE_eth\",\"curr_id\":\"USDT\",\"chain_id\":\"eth\"}]]","url":"/api/config/coin/TIDORE_eth","ip_address":"::1","user_agent":"PostmanRuntime/7.42.0","updated_at":"2024-09-28T10:13:05.280Z","created_at":"2024-09-28T10:13:05.280Z"},"validatorKey":"is_null","validatorName":null,"validatorArgs":[]},"timestamp":"28-09-2024 05:13:05","level":"ERROR"}
{"timestamp":"28-09-2024 05:13:05","level":"INFO","method":"PUT","url":"/api/config/coin/TIDORE_eth","statusCode":400,"responseTime":"33ms","userAgent":"PostmanRuntime/7.42.0","requestBody":{"curr_id":"USDT","chain_id":"eth"}}
{"0":{"message":"audits.auditable_type cannot be null","type":"notNull Violation","path":"auditable_type","value":null,"origin":"CORE","instance":{"id":null,"user_id":"11","event":"Update Coin","old_values":"{\"id\":\"TIDORE_eth\",\"curr_id\":\"TIDORE\",\"chain_id\":\"eth\",\"curr\":{\"id\":\"TIDORE\"},\"chain\":{\"id\":\"eth\",\"chain_nm\":\"Ethereum\",\"logo\":null,\"confirm_cnt\":20}}","new_values":"[1,[{\"id\":\"TIDORE_eth\",\"curr_id\":\"USDT\",\"chain_id\":\"eth\"}]]","url":"/api/config/coin/TIDORE_eth","ip_address":"::1","user_agent":"PostmanRuntime/7.42.0","updated_at":"2024-09-28T10:13:08.247Z","created_at":"2024-09-28T10:13:08.247Z"},"validatorKey":"is_null","validatorName":null,"validatorArgs":[]},"1":{"message":"audits.auditable_id cannot be null","type":"notNull Violation","path":"auditable_id","value":null,"origin":"CORE","instance":{"id":null,"user_id":"11","event":"Update Coin","old_values":"{\"id\":\"TIDORE_eth\",\"curr_id\":\"TIDORE\",\"chain_id\":\"eth\",\"curr\":{\"id\":\"TIDORE\"},\"chain\":{\"id\":\"eth\",\"chain_nm\":\"Ethereum\",\"logo\":null,\"confirm_cnt\":20}}","new_values":"[1,[{\"id\":\"TIDORE_eth\",\"curr_id\":\"USDT\",\"chain_id\":\"eth\"}]]","url":"/api/config/coin/TIDORE_eth","ip_address":"::1","user_agent":"PostmanRuntime/7.42.0","updated_at":"2024-09-28T10:13:08.247Z","created_at":"2024-09-28T10:13:08.247Z"},"validatorKey":"is_null","validatorName":null,"validatorArgs":[]},"timestamp":"28-09-2024 05:13:08","level":"ERROR"}
{"timestamp":"28-09-2024 05:13:08","level":"INFO","method":"PUT","url":"/api/config/coin/TIDORE_eth","statusCode":400,"responseTime":"15ms","userAgent":"PostmanRuntime/7.42.0","requestBody":{"curr_id":"USDT","chain_id":"eth"}}
{"0":{"message":"audits.auditable_id cannot be null","type":"notNull Violation","path":"auditable_id","value":null,"origin":"CORE","instance":{"id":null,"user_id":"11","event":"Update Coin","auditable_type":"coin","old_values":"{\"id\":\"TIDORE_eth\",\"curr_id\":\"TIDORE\",\"chain_id\":\"eth\",\"curr\":{\"id\":\"TIDORE\"},\"chain\":{\"id\":\"eth\",\"chain_nm\":\"Ethereum\",\"logo\":null,\"confirm_cnt\":20}}","new_values":"[1,[{\"id\":\"TIDORE_eth\",\"curr_id\":\"USDT\",\"chain_id\":\"eth\"}]]","url":"/api/config/coin/TIDORE_eth","ip_address":"::1","user_agent":"PostmanRuntime/7.42.0","updated_at":"2024-09-28T10:13:39.369Z","created_at":"2024-09-28T10:13:39.369Z"},"validatorKey":"is_null","validatorName":null,"validatorArgs":[]},"timestamp":"28-09-2024 05:13:39","level":"ERROR"}
{"timestamp":"28-09-2024 05:13:39","level":"INFO","method":"PUT","url":"/api/config/coin/TIDORE_eth","statusCode":400,"responseTime":"29ms","userAgent":"PostmanRuntime/7.42.0","requestBody":{"curr_id":"USDT","chain_id":"eth"}}
{"timestamp":"28-09-2024 05:14:22","level":"INFO","method":"PUT","url":"/api/config/coin/TIDORE_eth","statusCode":200,"responseTime":"68ms","userAgent":"PostmanRuntime/7.42.0","requestBody":{"curr_id":"TIDORE","chain_id":"eth"}}
{"timestamp":"28-09-2024 05:17:31","level":"INFO","method":"DELETE","url":"/api/config/coin/TIDORE_eth","statusCode":400,"responseTime":"17ms","userAgent":"PostmanRuntime/7.42.0","requestBody":{}}
{"timestamp":"28-09-2024 05:17:40","level":"INFO","method":"DELETE","url":"/api/config/coin/TIDORE_eth","statusCode":200,"responseTime":"39ms","userAgent":"PostmanRuntime/7.42.0","requestBody":{}}
{"timestamp":"28-09-2024 09:22:40","level":"INFO","method":"POST","url":"/api/sign-up","statusCode":200,"responseTime":"2999ms","userAgent":"PostmanRuntime/7.42.0","requestBody":{"email":"fufafa@gmail.com","full_name":"Fufu Fafa","referal_code":"Kf0UcJVR"}}
{"timestamp":"28-09-2024 09:24:26","level":"INFO","method":"POST","url":"/api/sign-up","statusCode":200,"responseTime":"3807ms","userAgent":"PostmanRuntime/7.42.0","requestBody":{"email":"fufafa@gmail.com","full_name":"Fufu Fafa","referal_code":"Kf0UcJVR"}}
{"0":"n","1":"e","2":"w","3":"M","4":"e","5":"m","6":"b","7":"e","8":"r","9":" ","10":"i","11":"s","12":" ","13":"n","14":"o","15":"t","16":" ","17":"d","18":"e","19":"f","20":"i","21":"n","22":"e","23":"d","timestamp":"28-09-2024 09:28:57","level":"ERROR"}
{"timestamp":"28-09-2024 09:28:57","level":"INFO","method":"POST","url":"/api/sign-up","statusCode":500,"responseTime":"2956ms","userAgent":"PostmanRuntime/7.42.0","requestBody":{"email":"fufafa@gmail.com","full_name":"Fufu Fafa","referal_code":"Kf0UcJVR"}}
{"timestamp":"28-09-2024 09:29:12","level":"INFO","method":"POST","url":"/api/sign-up","statusCode":200,"responseTime":"2786ms","userAgent":"PostmanRuntime/7.42.0","requestBody":{"email":"fufafa@gmail.com","full_name":"Fufu Fafa","referal_code":"Kf0UcJVR"}}
{"timestamp":"28-09-2024 09:29:35","level":"INFO","method":"POST","url":"/api/request-otp","statusCode":200,"responseTime":"2665ms","userAgent":"PostmanRuntime/7.42.0","requestBody":{"email":"adminconn@gmail.com"}}
{"timestamp":"28-09-2024 09:30:07","level":"INFO","method":"POST","url":"/api/verify-otp","statusCode":200,"responseTime":"45ms","userAgent":"PostmanRuntime/7.42.0","requestBody":{"otp":"252023"}}
{"timestamp":"28-09-2024 09:31:57","level":"INFO","method":"POST","url":"/api/member/register","statusCode":200,"responseTime":"81ms","userAgent":"PostmanRuntime/7.42.0","requestBody":{"email":"yolo@gmail.com","full_name":"Yolo2","parent_id":10}}
{"timestamp":"28-09-2024 09:33:55","level":"INFO","method":"POST","url":"/api/member/register","statusCode":200,"responseTime":"135ms","userAgent":"PostmanRuntime/7.42.0","requestBody":{"email":"yolo@gmail.com","full_name":"Yolo2","parent_id":null}}
{"timestamp":"28-09-2024 09:35:30","level":"INFO","method":"POST","url":"/api/member/register","statusCode":200,"responseTime":"19ms","userAgent":"PostmanRuntime/7.42.0","requestBody":{"email":"yolo@gmail.com","full_name":"Yolo2","parent_id":null}}
{"timestamp":"28-09-2024 09:35:53","level":"INFO","method":"POST","url":"/api/member/register","statusCode":200,"responseTime":"87ms","userAgent":"PostmanRuntime/7.42.0","requestBody":{"email":"yolo@gmail.com","full_name":"Yolo2","parent_id":null}}
{"0":"C","1":"a","2":"n","3":"n","4":"o","5":"t","6":" ","7":"d","8":"e","9":"s","10":"t","11":"r","12":"u","13":"c","14":"t","15":"u","16":"r","17":"e","18":" ","19":"p","20":"r","21":"o","22":"p","23":"e","24":"r","25":"t","26":"y","27":" ","28":"'","29":"p","30":"a","31":"g","32":"e","33":"'","34":" ","35":"o","36":"f","37":" ","38":"'","39":"p","40":"a","41":"r","42":"a","43":"m","44":"'","45":" ","46":"a","47":"s","48":" ","49":"i","50":"t","51":" ","52":"i","53":"s","54":" ","55":"u","56":"n","57":"d","58":"e","59":"f","60":"i","61":"n","62":"e","63":"d","64":".","timestamp":"28-09-2024 09:44:49","level":"ERROR"}
{"timestamp":"28-09-2024 09:44:49","level":"INFO","method":"GET","url":"/api/member/tree","statusCode":500,"responseTime":"10ms","userAgent":"PostmanRuntime/7.42.0","requestBody":{}}
{"timestamp":"28-09-2024 09:47:19","level":"INFO","method":"GET","url":"/api/member/tree","statusCode":200,"responseTime":"16ms","userAgent":"PostmanRuntime/7.42.0","requestBody":{}}
{"timestamp":"28-09-2024 09:51:22","level":"INFO","method":"GET","url":"/api/member/tree","statusCode":200,"responseTime":"33ms","userAgent":"PostmanRuntime/7.42.0","requestBody":{}}
{"0":"m","1":"e","2":"m","3":"b","4":"e","5":"r","6":" ","7":"i","8":"s","9":" ","10":"a","11":"s","12":"s","13":"o","14":"c","15":"i","16":"a","17":"t","18":"e","19":"d","20":" ","21":"t","22":"o","23":" ","24":"m","25":"e","26":"m","27":"b","28":"e","29":"r","30":" ","31":"m","32":"u","33":"l","34":"t","35":"i","36":"p","37":"l","38":"e","39":" ","40":"t","41":"i","42":"m","43":"e","44":"s","45":".","46":" ","47":"T","48":"o","49":" ","50":"i","51":"d","52":"e","53":"n","54":"t","55":"i","56":"f","57":"y","58":" ","59":"t","60":"h","61":"e","62":" ","63":"c","64":"o","65":"r","66":"r","67":"e","68":"c","69":"t","70":" ","71":"a","72":"s","73":"s","74":"o","75":"c","76":"i","77":"a","78":"t","79":"i","80":"o","81":"n","82":",","83":" ","84":"y","85":"o","86":"u","87":" ","88":"m","89":"u","90":"s","91":"t","92":" ","93":"u","94":"s","95":"e","96":" ","97":"t","98":"h","99":"e","100":" ","101":"'","102":"a","103":"s","104":"'","105":" ","106":"k","107":"e","108":"y","109":"w","110":"o","111":"r","112":"d","113":" ","114":"t","115":"o","116":" ","117":"s","118":"p","119":"e","120":"c","121":"i","122":"f","123":"y","124":" ","125":"t","126":"h","127":"e","128":" ","129":"a","130":"l","131":"i","132":"a","133":"s","134":" ","135":"o","136":"f","137":" ","138":"t","139":"h","140":"e","141":" ","142":"a","143":"s","144":"s","145":"o","146":"c","147":"i","148":"a","149":"t","150":"i","151":"o","152":"n","153":" ","154":"y","155":"o","156":"u","157":" ","158":"w","159":"a","160":"n","161":"t","162":" ","163":"t","164":"o","165":" ","166":"i","167":"n","168":"c","169":"l","170":"u","171":"d","172":"e","173":".","timestamp":"28-09-2024 09:52:43","level":"ERROR"}
{"timestamp":"28-09-2024 09:52:43","level":"INFO","method":"GET","url":"/api/member/tree","statusCode":500,"responseTime":"15ms","userAgent":"PostmanRuntime/7.42.0","requestBody":{}}
{"timestamp":"28-09-2024 09:53:47","level":"INFO","method":"GET","url":"/api/member/tree","statusCode":200,"responseTime":"40ms","userAgent":"PostmanRuntime/7.42.0","requestBody":{}}
{"timestamp":"28-09-2024 09:54:41","level":"INFO","method":"GET","url":"/api/member/tree","statusCode":200,"responseTime":"20ms","userAgent":"PostmanRuntime/7.42.0","requestBody":{}}
{"timestamp":"28-09-2024 09:56:49","level":"INFO","method":"GET","url":"/api/member/tree","statusCode":200,"responseTime":"14ms","userAgent":"PostmanRuntime/7.42.0","requestBody":{}}
{"timestamp":"28-09-2024 09:57:10","level":"INFO","method":"GET","url":"/api/member/tree","statusCode":200,"responseTime":"17ms","userAgent":"PostmanRuntime/7.42.0","requestBody":{}}
{"0":"M","1":"a","2":"x","3":"i","4":"m","5":"u","6":"m","7":" ","8":"c","9":"a","10":"l","11":"l","12":" ","13":"s","14":"t","15":"a","16":"c","17":"k","18":" ","19":"s","20":"i","21":"z","22":"e","23":" ","24":"e","25":"x","26":"c","27":"e","28":"e","29":"d","30":"e","31":"d","timestamp":"28-09-2024 09:58:57","level":"ERROR"}
{"timestamp":"28-09-2024 09:58:57","level":"INFO","method":"GET","url":"/api/member/tree","statusCode":500,"responseTime":"19ms","userAgent":"PostmanRuntime/7.42.0","requestBody":{}}
{"timestamp":"28-09-2024 09:59:30","level":"INFO","method":"GET","url":"/api/member/tree","statusCode":200,"responseTime":"61ms","userAgent":"PostmanRuntime/7.42.0","requestBody":{}}
{"timestamp":"28-09-2024 09:59:49","level":"INFO","method":"GET","url":"/api/member/tree","statusCode":200,"responseTime":"36ms","userAgent":"PostmanRuntime/7.42.0","requestBody":{}}
{"timestamp":"28-09-2024 10:00:39","level":"INFO","method":"GET","url":"/api/member/tree","statusCode":200,"responseTime":"13ms","userAgent":"PostmanRuntime/7.42.0","requestBody":{}}
{"timestamp":"28-09-2024 10:00:59","level":"INFO","method":"GET","url":"/api/member/tree","statusCode":200,"responseTime":"17ms","userAgent":"PostmanRuntime/7.42.0","requestBody":{}}
{"0":"M","1":"a","2":"x","3":"i","4":"m","5":"u","6":"m","7":" ","8":"c","9":"a","10":"l","11":"l","12":" ","13":"s","14":"t","15":"a","16":"c","17":"k","18":" ","19":"s","20":"i","21":"z","22":"e","23":" ","24":"e","25":"x","26":"c","27":"e","28":"e","29":"d","30":"e","31":"d","timestamp":"28-09-2024 10:01:19","level":"ERROR"}
{"timestamp":"28-09-2024 10:01:19","level":"INFO","method":"GET","url":"/api/member/tree","statusCode":500,"responseTime":"46ms","userAgent":"PostmanRuntime/7.42.0","requestBody":{}}
{"timestamp":"28-09-2024 10:02:23","level":"INFO","method":"GET","url":"/api/member/tree","statusCode":200,"responseTime":"30ms","userAgent":"PostmanRuntime/7.42.0","requestBody":{}}
{"timestamp":"28-09-2024 10:03:30","level":"INFO","method":"GET","url":"/api/member/tree","statusCode":200,"responseTime":"79ms","userAgent":"PostmanRuntime/7.42.0","requestBody":{}}
{"timestamp":"28-09-2024 10:04:26","level":"INFO","method":"GET","url":"/api/member/tree","statusCode":200,"responseTime":"12ms","userAgent":"PostmanRuntime/7.42.0","requestBody":{}}
{"timestamp":"28-09-2024 10:04:35","level":"INFO","method":"GET","url":"/api/member/tree","statusCode":200,"responseTime":"3ms","userAgent":"PostmanRuntime/7.42.0","requestBody":{}}
{"timestamp":"28-09-2024 10:05:11","level":"INFO","method":"GET","url":"/api/member/tree","statusCode":200,"responseTime":"31ms","userAgent":"PostmanRuntime/7.42.0","requestBody":{}}
{"timestamp":"28-09-2024 10:07:47","level":"INFO","method":"GET","url":"/api/member/tree?parentId=","statusCode":200,"responseTime":"21ms","userAgent":"PostmanRuntime/7.42.0","requestBody":{}}
{"timestamp":"28-09-2024 10:07:53","level":"INFO","method":"GET","url":"/api/member/tree","statusCode":200,"responseTime":"7ms","userAgent":"PostmanRuntime/7.42.0","requestBody":{}}
{"timestamp":"28-09-2024 10:09:31","level":"INFO","method":"GET","url":"/api/member/tree?parentId=","statusCode":200,"responseTime":"53ms","userAgent":"PostmanRuntime/7.42.0","requestBody":{}}
{"timestamp":"28-09-2024 10:13:02","level":"INFO","method":"POST","url":"/api/member/:memberId/activate","statusCode":404,"responseTime":"19ms","userAgent":"PostmanRuntime/7.42.0","requestBody":{}}
{"timestamp":"28-09-2024 10:13:13","level":"INFO","method":"GET","url":"/api/member/tree?parentId=10","statusCode":200,"responseTime":"61ms","userAgent":"PostmanRuntime/7.42.0","requestBody":{}}
{"timestamp":"28-09-2024 10:13:17","level":"INFO","method":"GET","url":"/api/member/tree?parentId=10","statusCode":200,"responseTime":"5ms","userAgent":"PostmanRuntime/7.42.0","requestBody":{}}
{"timestamp":"28-09-2024 10:14:15","level":"INFO","method":"GET","url":"/api/member/tree?parentId=10","statusCode":200,"responseTime":"15ms","userAgent":"PostmanRuntime/7.42.0","requestBody":{}}
{"timestamp":"28-09-2024 10:14:28","level":"INFO","method":"GET","url":"/api/member/tree?parentId=10","statusCode":200,"responseTime":"27ms","userAgent":"PostmanRuntime/7.42.0","requestBody":{}}
{"timestamp":"28-09-2024 10:14:44","level":"INFO","method":"GET","url":"/api/member/tree?parentId=10","statusCode":200,"responseTime":"15ms","userAgent":"PostmanRuntime/7.42.0","requestBody":{}}
{"timestamp":"28-09-2024 10:15:03","level":"INFO","method":"GET","url":"/api/member/tree?parentId=10","statusCode":200,"responseTime":"11ms","userAgent":"PostmanRuntime/7.42.0","requestBody":{}}
{"timestamp":"28-09-2024 10:15:10","level":"INFO","method":"GET","url":"/api/member/tree","statusCode":200,"responseTime":"11ms","userAgent":"PostmanRuntime/7.42.0","requestBody":{}}
{"timestamp":"28-09-2024 10:16:42","level":"INFO","method":"GET","url":"/api/member/tree","statusCode":200,"responseTime":"12ms","userAgent":"PostmanRuntime/7.42.0","requestBody":{}}
{"timestamp":"28-09-2024 10:16:50","level":"INFO","method":"GET","url":"/api/member/tree?parentId=10","statusCode":200,"responseTime":"7ms","userAgent":"PostmanRuntime/7.42.0","requestBody":{}}
{"0":"C","1":"a","2":"n","3":"n","4":"o","5":"t","6":" ","7":"r","8":"e","9":"a","10":"d","11":" ","12":"p","13":"r","14":"o","15":"p","16":"e","17":"r","18":"t","19":"i","20":"e","21":"s","22":" ","23":"o","24":"f","25":" ","26":"u","27":"n","28":"d","29":"e","30":"f","31":"i","32":"n","33":"e","34":"d","35":" ","36":"(","37":"r","38":"e","39":"a","40":"d","41":"i","42":"n","43":"g","44":" ","45":"'","46":"m","47":"e","48":"m","49":"b","50":"e","51":"r","52":"_","53":"i","54":"d","55":"_","56":"p","57":"a","58":"r","59":"e","60":"n","61":"t","62":"'","63":")","timestamp":"28-09-2024 10:17:35","level":"ERROR"}
{"timestamp":"28-09-2024 10:17:35","level":"INFO","method":"GET","url":"/api/member/tree?parentId=10","statusCode":500,"responseTime":"34ms","userAgent":"PostmanRuntime/7.42.0","requestBody":{}}
{"0":"C","1":"a","2":"n","3":"n","4":"o","5":"t","6":" ","7":"r","8":"e","9":"a","10":"d","11":" ","12":"p","13":"r","14":"o","15":"p","16":"e","17":"r","18":"t","19":"i","20":"e","21":"s","22":" ","23":"o","24":"f","25":" ","26":"u","27":"n","28":"d","29":"e","30":"f","31":"i","32":"n","33":"e","34":"d","35":" ","36":"(","37":"r","38":"e","39":"a","40":"d","41":"i","42":"n","43":"g","44":" ","45":"'","46":"m","47":"e","48":"m","49":"b","50":"e","51":"r","52":"_","53":"i","54":"d","55":"_","56":"p","57":"a","58":"r","59":"e","60":"n","61":"t","62":"'","63":")","timestamp":"28-09-2024 10:21:29","level":"ERROR"}
{"timestamp":"28-09-2024 10:21:29","level":"INFO","method":"GET","url":"/api/member/tree?parentId=10","statusCode":500,"responseTime":"40ms","userAgent":"PostmanRuntime/7.42.0","requestBody":{}}
{"timestamp":"28-09-2024 10:21:46","level":"INFO","method":"GET","url":"/api/member/tree?parentId=10","statusCode":200,"responseTime":"31ms","userAgent":"PostmanRuntime/7.42.0","requestBody":{}}
{"timestamp":"28-09-2024 10:21:52","level":"INFO","method":"GET","url":"/api/member/tree?parentId=10","statusCode":200,"responseTime":"16ms","userAgent":"PostmanRuntime/7.42.0","requestBody":{}}
{"timestamp":"28-09-2024 10:24:53","level":"INFO","method":"GET","url":"/api/member/tree?parentId=10","statusCode":200,"responseTime":"11ms","userAgent":"PostmanRuntime/7.42.0","requestBody":{}}
{"timestamp":"28-09-2024 10:25:11","level":"INFO","method":"GET","url":"/api/member/tree?parentId=10","statusCode":200,"responseTime":"13ms","userAgent":"PostmanRuntime/7.42.0","requestBody":{}}
{"timestamp":"28-09-2024 10:26:24","level":"INFO","method":"GET","url":"/api/member/tree?parentId=10","statusCode":200,"responseTime":"30ms","userAgent":"PostmanRuntime/7.42.0","requestBody":{}}
{"timestamp":"28-09-2024 10:29:38","level":"INFO","method":"GET","url":"/api/member/tree/","statusCode":200,"responseTime":"44ms","userAgent":"PostmanRuntime/7.42.0","requestBody":{}}
{"timestamp":"28-09-2024 10:29:40","level":"INFO","method":"GET","url":"/api/member/tree","statusCode":200,"responseTime":"8ms","userAgent":"PostmanRuntime/7.42.0","requestBody":{}}
{"timestamp":"28-09-2024 10:30:44","level":"INFO","method":"GET","url":"/api/member/tree","statusCode":401,"responseTime":"9ms","userAgent":"PostmanRuntime/7.42.0","requestBody":{}}
{"timestamp":"28-09-2024 10:30:53","level":"INFO","method":"POST","url":"/api/request-otp","statusCode":200,"responseTime":"4045ms","userAgent":"PostmanRuntime/7.42.0","requestBody":{"email":"adminconn@gmail.com"}}
{"timestamp":"28-09-2024 10:31:09","level":"INFO","method":"POST","url":"/api/request-otp","statusCode":200,"responseTime":"2748ms","userAgent":"PostmanRuntime/7.42.0","requestBody":{"email":"adminconn@gmail.com"}}
{"timestamp":"28-09-2024 10:31:28","level":"INFO","method":"POST","url":"/api/request-otp","statusCode":200,"responseTime":"2781ms","userAgent":"PostmanRuntime/7.42.0","requestBody":{"email":"adminconn@gmail.com"}}
{"timestamp":"28-09-2024 10:31:37","level":"INFO","method":"POST","url":"/api/verify-otp","statusCode":200,"responseTime":"16ms","userAgent":"PostmanRuntime/7.42.0","requestBody":{"otp":"459255"}}
{"timestamp":"28-09-2024 10:32:14","level":"INFO","method":"GET","url":"/api/member/tree","statusCode":200,"responseTime":"50ms","userAgent":"PostmanRuntime/7.42.0","requestBody":{}}
{"timestamp":"28-09-2024 10:33:06","level":"INFO","method":"GET","url":"/api/member/tree/10","statusCode":200,"responseTime":"60ms","userAgent":"PostmanRuntime/7.42.0","requestBody":{}}
{"timestamp":"28-09-2024 10:40:46","level":"INFO","method":"POST","url":"/api/member/30/block","statusCode":403,"responseTime":"57ms","userAgent":"PostmanRuntime/7.42.0","requestBody":{}}
{"timestamp":"28-09-2024 10:41:55","level":"INFO","method":"POST","url":"/api/request-otp","statusCode":200,"responseTime":"3007ms","userAgent":"PostmanRuntime/7.42.0","requestBody":{"email":"admin_cassablanca@gmail.com"}}
{"timestamp":"28-09-2024 10:42:08","level":"INFO","method":"POST","url":"/api/verify-otp","statusCode":200,"responseTime":"45ms","userAgent":"PostmanRuntime/7.42.0","requestBody":{"otp":"257040"}}
{"timestamp":"28-09-2024 10:42:12","level":"INFO","method":"POST","url":"/api/member/30/block","statusCode":404,"responseTime":"15ms","userAgent":"PostmanRuntime/7.42.0","requestBody":{}}
{"timestamp":"28-09-2024 10:42:20","level":"INFO","method":"POST","url":"/api/member/26/block","statusCode":404,"responseTime":"10ms","userAgent":"PostmanRuntime/7.42.0","requestBody":{}}
{"timestamp":"28-09-2024 10:42:40","level":"INFO","method":"POST","url":"/api/member/26/block","statusCode":404,"responseTime":"9ms","userAgent":"PostmanRuntime/7.42.0","requestBody":{}}
{"0":"o","1":"r","2":"d","3":"e","4":"r","5":"P","6":"e","7":"n","8":"d","9":"i","10":"n","11":"g","12":" ","13":"i","14":"s","15":" ","16":"n","17":"o","18":"t","19":" ","20":"d","21":"e","22":"f","23":"i","24":"n","25":"e","26":"d","timestamp":"28-09-2024 10:43:01","level":"ERROR"}
{"timestamp":"28-09-2024 10:43:01","level":"INFO","method":"POST","url":"/api/member/26/block","statusCode":500,"responseTime":"37ms","userAgent":"PostmanRuntime/7.42.0","requestBody":{}}
{"timestamp":"28-09-2024 10:43:19","level":"INFO","method":"POST","url":"/api/member/26/block","statusCode":200,"responseTime":"32ms","userAgent":"PostmanRuntime/7.42.0","requestBody":{}}
