{"timestamp":"26-09-2024 05:39:16","level":"INFO","method":"POST","url":"/api/request-otp","statusCode":200,"responseTime":"4409ms","userAgent":"PostmanRuntime/7.42.0","requestBody":{"email":"ilhamnurrohman74@gmail.com"}}
{"timestamp":"26-09-2024 05:39:28","level":"INFO","method":"POST","url":"/api/verify-otp","statusCode":200,"responseTime":"65ms","userAgent":"PostmanRuntime/7.42.0","requestBody":{"otp":"966730"}}
{"timestamp":"26-09-2024 05:40:20","level":"INFO","method":"GET","url":"/api/member/10/downline?&page=1&size=10&search=","statusCode":200,"responseTime":"38ms","userAgent":"PostmanRuntime/7.42.0","requestBody":{}}
{"timestamp":"26-09-2024 05:41:29","level":"INFO","method":"GET","url":"/api/member/10/downline?&page=1&size=10&search=","statusCode":200,"responseTime":"14ms","userAgent":"PostmanRuntime/7.42.0","requestBody":{}}
{"timestamp":"26-09-2024 05:43:04","level":"INFO","method":"GET","url":"/api/member/10/downline?&page=1&size=10&search=","statusCode":200,"responseTime":"14ms","userAgent":"PostmanRuntime/7.42.0","requestBody":{}}
{"timestamp":"26-09-2024 05:43:13","level":"INFO","method":"GET","url":"/api/member/10/downline?&page=1&size=10&search=","statusCode":200,"responseTime":"13ms","userAgent":"PostmanRuntime/7.42.0","requestBody":{}}
{"timestamp":"26-09-2024 05:44:30","level":"INFO","method":"GET","url":"/api/member/10/downline?&page=1&size=10&search=","statusCode":200,"responseTime":"27ms","userAgent":"PostmanRuntime/7.42.0","requestBody":{}}
{"timestamp":"26-09-2024 05:44:33","level":"INFO","method":"GET","url":"/api/member/10/downline?&page=1&size=1&search=","statusCode":200,"responseTime":"5ms","userAgent":"PostmanRuntime/7.42.0","requestBody":{}}
{"timestamp":"26-09-2024 05:44:36","level":"INFO","method":"GET","url":"/api/member/10/downline?&page=1&size=10&search=","statusCode":200,"responseTime":"6ms","userAgent":"PostmanRuntime/7.42.0","requestBody":{}}
{"timestamp":"26-09-2024 05:45:29","level":"INFO","method":"GET","url":"/api/member/10/downline?&page=1&size=10&search=","statusCode":200,"responseTime":"47ms","userAgent":"PostmanRuntime/7.42.0","requestBody":{}}
{"timestamp":"26-09-2024 05:45:34","level":"INFO","method":"GET","url":"/api/member/10/downline?&page=1&size=1&search=","statusCode":200,"responseTime":"33ms","userAgent":"PostmanRuntime/7.42.0","requestBody":{}}
{"timestamp":"26-09-2024 05:46:34","level":"INFO","method":"GET","url":"/api/member/10/downline?&page=2&size=1&search=","statusCode":200,"responseTime":"8ms","userAgent":"PostmanRuntime/7.42.0","requestBody":{}}
{"timestamp":"26-09-2024 05:46:38","level":"INFO","method":"GET","url":"/api/member/10/downline?&page=3&size=1&search=","statusCode":200,"responseTime":"47ms","userAgent":"PostmanRuntime/7.42.0","requestBody":{}}
{"timestamp":"26-09-2024 05:46:43","level":"INFO","method":"GET","url":"/api/member/10/downline?&page=1&size=1&search=","statusCode":200,"responseTime":"21ms","userAgent":"PostmanRuntime/7.42.0","requestBody":{}}
{"timestamp":"26-09-2024 05:47:03","level":"INFO","method":"GET","url":"/api/member/10/downline?&page=1&size=1&search=","statusCode":200,"responseTime":"14ms","userAgent":"PostmanRuntime/7.42.0","requestBody":{}}
{"timestamp":"26-09-2024 05:51:02","level":"INFO","method":"GET","url":"/api/member/10/downline?&page=1&size=1&search=","statusCode":200,"responseTime":"23ms","userAgent":"PostmanRuntime/7.42.0","requestBody":{}}
{"timestamp":"26-09-2024 05:51:06","level":"INFO","method":"GET","url":"/api/member/10/downline?page=1&size=1&search=","statusCode":200,"responseTime":"34ms","userAgent":"PostmanRuntime/7.42.0","requestBody":{}}
{"timestamp":"26-09-2024 05:51:16","level":"INFO","method":"GET","url":"/api/member/10/downline?page=10&size=10&search=","statusCode":200,"responseTime":"37ms","userAgent":"PostmanRuntime/7.42.0","requestBody":{}}
{"timestamp":"26-09-2024 05:51:23","level":"INFO","method":"GET","url":"/api/member/10/downline?page=1&size=10&search=","statusCode":200,"responseTime":"26ms","userAgent":"PostmanRuntime/7.42.0","requestBody":{}}
{"timestamp":"26-09-2024 05:53:51","level":"INFO","method":"GET","url":"/api/member/10/downline?page=1&size=10&search=","statusCode":200,"responseTime":"34ms","userAgent":"PostmanRuntime/7.42.0","requestBody":{}}
{"timestamp":"26-09-2024 05:53:59","level":"INFO","method":"GET","url":"/api/member/10/downline?page=1&size=10&search=ubed1","statusCode":200,"responseTime":"25ms","userAgent":"PostmanRuntime/7.42.0","requestBody":{}}
{"timestamp":"26-09-2024 05:54:29","level":"INFO","method":"GET","url":"/api/member/10/downline?page=1&size=10&search=ubed1","statusCode":200,"responseTime":"57ms","userAgent":"PostmanRuntime/7.42.0","requestBody":{}}
{"timestamp":"26-09-2024 05:56:59","level":"INFO","method":"GET","url":"/api/member/10/downline?page=1&size=10&search=ubed1","statusCode":200,"responseTime":"13ms","userAgent":"PostmanRuntime/7.42.0","requestBody":{}}
{"timestamp":"26-09-2024 05:57:03","level":"INFO","method":"GET","url":"/api/member/10/downline?page=1&size=10&search=","statusCode":200,"responseTime":"7ms","userAgent":"PostmanRuntime/7.42.0","requestBody":{}}
{"timestamp":"26-09-2024 06:12:22","level":"INFO","method":"GET","url":"/api/member/10/downline?page=1&size=10&search=","statusCode":200,"responseTime":"20ms","userAgent":"PostmanRuntime/7.42.0","requestBody":{}}
{"timestamp":"26-09-2024 06:12:30","level":"INFO","method":"GET","url":"/api/member/10/downline?page=1&size=10&search=","statusCode":200,"responseTime":"41ms","userAgent":"PostmanRuntime/7.42.0","requestBody":{}}
{"timestamp":"26-09-2024 06:20:00","level":"INFO","method":"GET","url":"/api/member/10/downline?page=1&size=10&search=","statusCode":200,"responseTime":"24ms","userAgent":"PostmanRuntime/7.42.0","requestBody":{}}
{"timestamp":"26-09-2024 06:20:33","level":"INFO","method":"GET","url":"/api/member/10/downline?page=1&size=10&search=","statusCode":200,"responseTime":"43ms","userAgent":"PostmanRuntime/7.42.0","requestBody":{}}
{"timestamp":"26-09-2024 06:20:36","level":"INFO","method":"GET","url":"/api/member/10/downline?page=1&size=10&search=","statusCode":200,"responseTime":"32ms","userAgent":"PostmanRuntime/7.42.0","requestBody":{}}
{"timestamp":"26-09-2024 06:21:05","level":"INFO","method":"GET","url":"/api/member/10/downline?page=1&size=10&search=","statusCode":200,"responseTime":"22ms","userAgent":"PostmanRuntime/7.42.0","requestBody":{}}
{"timestamp":"26-09-2024 06:21:19","level":"INFO","method":"GET","url":"/api/member/10/downline?page=1&size=10&search=","statusCode":200,"responseTime":"24ms","userAgent":"PostmanRuntime/7.42.0","requestBody":{}}
{"timestamp":"26-09-2024 06:21:53","level":"INFO","method":"GET","url":"/api/member/10/downline?page=1&size=10&search=","statusCode":200,"responseTime":"70ms","userAgent":"PostmanRuntime/7.42.0","requestBody":{}}
{"timestamp":"26-09-2024 06:22:12","level":"INFO","method":"GET","url":"/api/member/10/downline?page=1&size=10&search=","statusCode":200,"responseTime":"24ms","userAgent":"PostmanRuntime/7.42.0","requestBody":{}}
{"timestamp":"26-09-2024 06:22:28","level":"INFO","method":"GET","url":"/api/member/10/downline?page=1&size=10&search=","statusCode":200,"responseTime":"22ms","userAgent":"PostmanRuntime/7.42.0","requestBody":{}}
{"timestamp":"26-09-2024 06:22:53","level":"INFO","method":"GET","url":"/api/member/10/downline?page=1&size=10&search=","statusCode":200,"responseTime":"39ms","userAgent":"PostmanRuntime/7.42.0","requestBody":{}}
{"timestamp":"26-09-2024 06:22:54","level":"INFO","method":"GET","url":"/api/member/10/downline?page=1&size=10&search=","statusCode":200,"responseTime":"34ms","userAgent":"PostmanRuntime/7.42.0","requestBody":{}}
{"timestamp":"26-09-2024 06:23:05","level":"INFO","method":"GET","url":"/api/member/10/downline?page=1&size=10&search=","statusCode":200,"responseTime":"23ms","userAgent":"PostmanRuntime/7.42.0","requestBody":{}}
{"timestamp":"26-09-2024 06:23:50","level":"INFO","method":"GET","url":"/api/member/10/downline?page=1&size=10&search=","statusCode":200,"responseTime":"28ms","userAgent":"PostmanRuntime/7.42.0","requestBody":{}}
{"timestamp":"26-09-2024 06:24:09","level":"INFO","method":"GET","url":"/api/member/10/downline?page=1&size=10&search=","statusCode":200,"responseTime":"63ms","userAgent":"PostmanRuntime/7.42.0","requestBody":{}}
{"timestamp":"26-09-2024 06:24:20","level":"INFO","method":"GET","url":"/api/member/10/downline?page=1&size=10&search=","statusCode":200,"responseTime":"20ms","userAgent":"PostmanRuntime/7.42.0","requestBody":{}}
{"timestamp":"26-09-2024 06:24:34","level":"INFO","method":"GET","url":"/api/member/10/downline?page=1&size=10&search=","statusCode":200,"responseTime":"22ms","userAgent":"PostmanRuntime/7.42.0","requestBody":{}}
{"timestamp":"26-09-2024 06:25:23","level":"INFO","method":"GET","url":"/api/member/10/downline?page=1&size=10&search=","statusCode":200,"responseTime":"24ms","userAgent":"PostmanRuntime/7.42.0","requestBody":{}}
{"timestamp":"26-09-2024 06:25:40","level":"INFO","method":"GET","url":"/api/member/10/downline?page=2&size=10&search=","statusCode":200,"responseTime":"66ms","userAgent":"PostmanRuntime/7.42.0","requestBody":{}}
{"timestamp":"26-09-2024 06:26:27","level":"INFO","method":"GET","url":"/api/member/10/downline?page=2&size=10&search=","statusCode":200,"responseTime":"77ms","userAgent":"PostmanRuntime/7.42.0","requestBody":{}}
{"timestamp":"26-09-2024 06:26:43","level":"INFO","method":"GET","url":"/api/member/10/downline?page=2&size=10&search=","statusCode":200,"responseTime":"69ms","userAgent":"PostmanRuntime/7.42.0","requestBody":{}}
{"timestamp":"26-09-2024 06:29:01","level":"INFO","method":"GET","url":"/api/member/10/downline?size=10&search=","statusCode":200,"responseTime":"21ms","userAgent":"PostmanRuntime/7.42.0","requestBody":{}}
{"timestamp":"26-09-2024 06:29:13","level":"INFO","method":"GET","url":"/api/member/10/downline?search=&size=1","statusCode":200,"responseTime":"63ms","userAgent":"PostmanRuntime/7.42.0","requestBody":{}}
{"timestamp":"26-09-2024 06:33:12","level":"INFO","method":"GET","url":"/api/member/10/downline?search=&size=1","statusCode":200,"responseTime":"11ms","userAgent":"PostmanRuntime/7.42.0","requestBody":{}}
{"timestamp":"26-09-2024 06:33:39","level":"INFO","method":"GET","url":"/api/member/10/downline?search=&size=1","statusCode":200,"responseTime":"20ms","userAgent":"PostmanRuntime/7.42.0","requestBody":{}}
{"timestamp":"26-09-2024 06:34:30","level":"INFO","method":"GET","url":"/api/member/10/downline?search=&size=1","statusCode":200,"responseTime":"16ms","userAgent":"PostmanRuntime/7.42.0","requestBody":{}}
{"timestamp":"26-09-2024 06:34:40","level":"INFO","method":"GET","url":"/api/member/10/downline?search=&size=2","statusCode":200,"responseTime":"63ms","userAgent":"PostmanRuntime/7.42.0","requestBody":{}}
{"timestamp":"26-09-2024 06:34:43","level":"INFO","method":"GET","url":"/api/member/10/downline?size=&search=1","statusCode":200,"responseTime":"6ms","userAgent":"PostmanRuntime/7.42.0","requestBody":{}}
{"timestamp":"26-09-2024 06:34:50","level":"INFO","method":"GET","url":"/api/member/10/downline?size=1&search=","statusCode":200,"responseTime":"25ms","userAgent":"PostmanRuntime/7.42.0","requestBody":{}}
{"timestamp":"26-09-2024 06:35:16","level":"INFO","method":"GET","url":"/api/member/10/downline?size=1&search=","statusCode":200,"responseTime":"39ms","userAgent":"PostmanRuntime/7.42.0","requestBody":{}}
{"timestamp":"26-09-2024 06:35:54","level":"INFO","method":"GET","url":"/api/member/10/downline?size=1&search=","statusCode":200,"responseTime":"21ms","userAgent":"PostmanRuntime/7.42.0","requestBody":{}}
{"timestamp":"26-09-2024 06:37:22","level":"INFO","method":"GET","url":"/api/member/10/downline?size=1&search=","statusCode":200,"responseTime":"10ms","userAgent":"PostmanRuntime/7.42.0","requestBody":{}}
{"timestamp":"26-09-2024 06:37:29","level":"INFO","method":"GET","url":"/api/member/10/downline?search=","statusCode":200,"responseTime":"21ms","userAgent":"PostmanRuntime/7.42.0","requestBody":{}}
{"timestamp":"26-09-2024 06:37:34","level":"INFO","method":"GET","url":"/api/member/10/downline?page=1&size=1&search=","statusCode":200,"responseTime":"4ms","userAgent":"PostmanRuntime/7.42.0","requestBody":{}}
{"timestamp":"26-09-2024 06:37:39","level":"INFO","method":"GET","url":"/api/member/10/downline?page=2&size=1&search=","statusCode":200,"responseTime":"4ms","userAgent":"PostmanRuntime/7.42.0","requestBody":{}}
{"timestamp":"26-09-2024 06:37:43","level":"INFO","method":"GET","url":"/api/member/10/downline?page=1&size=1&search=","statusCode":200,"responseTime":"7ms","userAgent":"PostmanRuntime/7.42.0","requestBody":{}}
{"timestamp":"26-09-2024 06:37:52","level":"INFO","method":"GET","url":"/api/member/10/downline?page=1&size=1&search=","statusCode":200,"responseTime":"12ms","userAgent":"PostmanRuntime/7.42.0","requestBody":{}}
{"timestamp":"26-09-2024 06:38:06","level":"INFO","method":"GET","url":"/api/member/10/downline?page=1&size=1&search=","statusCode":200,"responseTime":"10ms","userAgent":"PostmanRuntime/7.42.0","requestBody":{}}
{"timestamp":"26-09-2024 06:39:04","level":"INFO","method":"GET","url":"/api/member/10/downline?page=1&size=1&search=","statusCode":200,"responseTime":"25ms","userAgent":"PostmanRuntime/7.42.0","requestBody":{}}
{"timestamp":"26-09-2024 06:39:09","level":"INFO","method":"GET","url":"/api/member/10/downline?page=1&size=10&search=","statusCode":200,"responseTime":"28ms","userAgent":"PostmanRuntime/7.42.0","requestBody":{}}
{"timestamp":"26-09-2024 06:39:12","level":"INFO","method":"GET","url":"/api/member/10/downline?page=2&size=10&search=","statusCode":200,"responseTime":"25ms","userAgent":"PostmanRuntime/7.42.0","requestBody":{}}
{"timestamp":"26-09-2024 06:39:17","level":"INFO","method":"GET","url":"/api/member/10/downline?page=1&size=10&search=","statusCode":200,"responseTime":"20ms","userAgent":"PostmanRuntime/7.42.0","requestBody":{}}
{"timestamp":"26-09-2024 06:39:45","level":"INFO","method":"GET","url":"/api/member/10/downline?page=1&size=10&search=ubed2","statusCode":401,"responseTime":"5ms","userAgent":"PostmanRuntime/7.42.0","requestBody":{}}
{"timestamp":"26-09-2024 06:39:52","level":"INFO","method":"POST","url":"/api/request-otp","statusCode":200,"responseTime":"3980ms","userAgent":"PostmanRuntime/7.42.0","requestBody":{"email":"ilhamnurrohman74@gmail.com"}}
{"timestamp":"26-09-2024 06:40:01","level":"INFO","method":"POST","url":"/api/verify-otp","statusCode":200,"responseTime":"6ms","userAgent":"PostmanRuntime/7.42.0","requestBody":{"otp":"911036"}}
{"timestamp":"26-09-2024 06:40:05","level":"INFO","method":"GET","url":"/api/member/10/downline?page=1&size=10&search=ubed2","statusCode":200,"responseTime":"12ms","userAgent":"PostmanRuntime/7.42.0","requestBody":{}}
{"timestamp":"26-09-2024 06:40:11","level":"INFO","method":"GET","url":"/api/member/10/downline?page=2&size=10&search=ubed2","statusCode":200,"responseTime":"13ms","userAgent":"PostmanRuntime/7.42.0","requestBody":{}}
{"timestamp":"26-09-2024 06:40:39","level":"INFO","method":"GET","url":"/api/member/10/downline?page=1&size=10&search=ubed2","statusCode":200,"responseTime":"32ms","userAgent":"PostmanRuntime/7.42.0","requestBody":{}}
{"timestamp":"26-09-2024 06:43:39","level":"INFO","method":"GET","url":"/api/member/10/downline?page=1&size=10&search=ubed2","statusCode":200,"responseTime":"23ms","userAgent":"PostmanRuntime/7.42.0","requestBody":{}}
{"timestamp":"26-09-2024 06:44:40","level":"INFO","method":"GET","url":"/api/member/10/downline?page=1&size=10&search=ubed2","statusCode":200,"responseTime":"30ms","userAgent":"PostmanRuntime/7.42.0","requestBody":{}}
{"timestamp":"26-09-2024 06:44:45","level":"INFO","method":"GET","url":"/api/member/10/downline?page=1&size=10&search=","statusCode":200,"responseTime":"25ms","userAgent":"PostmanRuntime/7.42.0","requestBody":{}}
{"timestamp":"26-09-2024 06:45:02","level":"INFO","method":"GET","url":"/api/member/10/downline?search=","statusCode":200,"responseTime":"63ms","userAgent":"PostmanRuntime/7.42.0","requestBody":{}}
{"timestamp":"26-09-2024 06:46:37","level":"INFO","method":"GET","url":"/api/member/10/downline?search=","statusCode":200,"responseTime":"14ms","userAgent":"PostmanRuntime/7.42.0","requestBody":{}}
{"timestamp":"26-09-2024 06:46:42","level":"INFO","method":"GET","url":"/api/member/10/downline?page=1&size=10&search=","statusCode":200,"responseTime":"46ms","userAgent":"PostmanRuntime/7.42.0","requestBody":{}}
{"timestamp":"26-09-2024 06:47:24","level":"INFO","method":"GET","url":"/api/member/10/downline?search=ubed1","statusCode":200,"responseTime":"68ms","userAgent":"PostmanRuntime/7.42.0","requestBody":{}}
{"timestamp":"26-09-2024 06:47:31","level":"INFO","method":"GET","url":"/api/member/10/downline?page=1&size=10&search=","statusCode":200,"responseTime":"6ms","userAgent":"PostmanRuntime/7.42.0","requestBody":{}}
{"timestamp":"26-09-2024 06:52:18","level":"INFO","method":"GET","url":"/api/member/10/downline?page=1&size=10&search=","statusCode":403,"responseTime":"11ms","userAgent":"PostmanRuntime/7.42.0","requestBody":{}}
