{"timestamp":"02-10-2024 07:07:24","level":"INFO","method":"POST","url":"/api/request-otp","statusCode":200,"responseTime":"2926ms","userAgent":"PostmanRuntime/7.42.0","requestBody":{"email":"ilhamnurrohman74@gmail.com"}}
{"timestamp":"02-10-2024 07:07:33","level":"INFO","method":"POST","url":"/api/verify-otp","statusCode":200,"responseTime":"11ms","userAgent":"PostmanRuntime/7.42.0","requestBody":{"otp":"601866"}}
{"timestamp":"02-10-2024 07:07:37","level":"INFO","method":"GET","url":"/api/member/tree/10","statusCode":200,"responseTime":"12ms","userAgent":"PostmanRuntime/7.42.0","requestBody":{}}
{"timestamp":"02-10-2024 07:08:57","level":"INFO","method":"GET","url":"/api/member/tree/10","statusCode":200,"responseTime":"13ms","userAgent":"PostmanRuntime/7.42.0","requestBody":{}}
{"timestamp":"02-10-2024 07:09:07","level":"INFO","method":"GET","url":"/api/member/tree/10","statusCode":200,"responseTime":"35ms","userAgent":"PostmanRuntime/7.42.0","requestBody":{}}
{"timestamp":"02-10-2024 07:09:51","level":"INFO","method":"GET","url":"/api/member/tree/10","statusCode":200,"responseTime":"25ms","userAgent":"PostmanRuntime/7.42.0","requestBody":{}}
{"timestamp":"02-10-2024 07:10:01","level":"INFO","method":"GET","url":"/api/member/tree/10","statusCode":200,"responseTime":"35ms","userAgent":"PostmanRuntime/7.42.0","requestBody":{}}
{"timestamp":"02-10-2024 07:11:23","level":"INFO","method":"GET","url":"/api/member/tree/10","statusCode":200,"responseTime":"42ms","userAgent":"PostmanRuntime/7.42.0","requestBody":{}}
{"0":"m","1":"e","2":"m","3":"b","4":"e","5":"r","6":".","7":"t","8":"o","9":"J","10":"S","11":"O","12":"N","13":" ","14":"i","15":"s","16":" ","17":"n","18":"o","19":"t","20":" ","21":"a","22":" ","23":"f","24":"u","25":"n","26":"c","27":"t","28":"i","29":"o","30":"n","timestamp":"02-10-2024 07:15:10","level":"ERROR"}
{"timestamp":"02-10-2024 07:15:10","level":"INFO","method":"GET","url":"/api/member/tree/10","statusCode":500,"responseTime":"34ms","userAgent":"PostmanRuntime/7.42.0","requestBody":{}}
{"0":"b","1":"u","2":"i","3":"l","4":"d","5":"T","6":"r","7":"e","8":"e","9":"M","10":"e","11":"m","12":"b","13":"e","14":"r","15":" ","16":"i","17":"s","18":" ","19":"n","20":"o","21":"t","22":" ","23":"d","24":"e","25":"f","26":"i","27":"n","28":"e","29":"d","timestamp":"02-10-2024 07:15:35","level":"ERROR"}
{"timestamp":"02-10-2024 07:15:35","level":"INFO","method":"GET","url":"/api/member/tree/10","statusCode":500,"responseTime":"36ms","userAgent":"PostmanRuntime/7.42.0","requestBody":{}}
{"timestamp":"02-10-2024 07:15:43","level":"INFO","method":"GET","url":"/api/member/tree/10","statusCode":200,"responseTime":"26ms","userAgent":"PostmanRuntime/7.42.0","requestBody":{}}
{"0":"i","1":"t","2":"e","3":"m","4":".","5":"t","6":"o","7":"J","8":"S","9":"O","10":"N","11":" ","12":"i","13":"s","14":" ","15":"n","16":"o","17":"t","18":" ","19":"a","20":" ","21":"f","22":"u","23":"n","24":"c","25":"t","26":"i","27":"o","28":"n","timestamp":"02-10-2024 07:16:00","level":"ERROR"}
{"timestamp":"02-10-2024 07:16:00","level":"INFO","method":"GET","url":"/api/member/tree/10","statusCode":500,"responseTime":"26ms","userAgent":"PostmanRuntime/7.42.0","requestBody":{}}
{"0":"i","1":"t","2":"e","3":"m","4":".","5":"t","6":"o","7":"J","8":"S","9":"O","10":"N","11":" ","12":"i","13":"s","14":" ","15":"n","16":"o","17":"t","18":" ","19":"a","20":" ","21":"f","22":"u","23":"n","24":"c","25":"t","26":"i","27":"o","28":"n","timestamp":"02-10-2024 07:16:10","level":"ERROR"}
{"timestamp":"02-10-2024 07:16:10","level":"INFO","method":"GET","url":"/api/member/tree/10","statusCode":500,"responseTime":"42ms","userAgent":"PostmanRuntime/7.42.0","requestBody":{}}
{"timestamp":"02-10-2024 07:16:53","level":"INFO","method":"GET","url":"/api/member/tree/10","statusCode":200,"responseTime":"31ms","userAgent":"PostmanRuntime/7.42.0","requestBody":{}}
{"timestamp":"02-10-2024 07:17:36","level":"INFO","method":"GET","url":"/api/member/tree/10","statusCode":200,"responseTime":"39ms","userAgent":"PostmanRuntime/7.42.0","requestBody":{}}
{"timestamp":"02-10-2024 07:17:52","level":"INFO","method":"GET","url":"/api/member/tree/10","statusCode":200,"responseTime":"25ms","userAgent":"PostmanRuntime/7.42.0","requestBody":{}}
{"timestamp":"02-10-2024 07:18:25","level":"INFO","method":"GET","url":"/api/member/tree/10","statusCode":200,"responseTime":"55ms","userAgent":"PostmanRuntime/7.42.0","requestBody":{}}
{"timestamp":"02-10-2024 07:18:32","level":"INFO","method":"GET","url":"/api/member/tree/10","statusCode":200,"responseTime":"25ms","userAgent":"PostmanRuntime/7.42.0","requestBody":{}}
{"timestamp":"02-10-2024 07:18:58","level":"INFO","method":"GET","url":"/api/member/tree/10","statusCode":200,"responseTime":"24ms","userAgent":"PostmanRuntime/7.42.0","requestBody":{}}
{"timestamp":"02-10-2024 07:33:54","level":"INFO","method":"GET","url":"/api/member/tree/10","statusCode":200,"responseTime":"22ms","userAgent":"PostmanRuntime/7.42.0","requestBody":{}}
{"timestamp":"02-10-2024 07:34:52","level":"INFO","method":"GET","url":"/api/member/tree/10","statusCode":200,"responseTime":"25ms","userAgent":"PostmanRuntime/7.42.0","requestBody":{}}
{"0":"M","1":"a","2":"x","3":"i","4":"m","5":"u","6":"m","7":" ","8":"c","9":"a","10":"l","11":"l","12":" ","13":"s","14":"t","15":"a","16":"c","17":"k","18":" ","19":"s","20":"i","21":"z","22":"e","23":" ","24":"e","25":"x","26":"c","27":"e","28":"e","29":"d","30":"e","31":"d","timestamp":"02-10-2024 07:36:58","level":"ERROR"}
{"timestamp":"02-10-2024 07:36:58","level":"INFO","method":"GET","url":"/api/member/tree/10","statusCode":500,"responseTime":"40ms","userAgent":"PostmanRuntime/7.42.0","requestBody":{}}
{"timestamp":"02-10-2024 07:38:14","level":"INFO","method":"GET","url":"/api/member/tree/10","statusCode":200,"responseTime":"21ms","userAgent":"PostmanRuntime/7.42.0","requestBody":{}}
{"timestamp":"02-10-2024 07:38:34","level":"INFO","method":"GET","url":"/api/member/tree/10","statusCode":200,"responseTime":"26ms","userAgent":"PostmanRuntime/7.42.0","requestBody":{}}
{"timestamp":"02-10-2024 07:38:54","level":"INFO","method":"GET","url":"/api/member/tree/10","statusCode":200,"responseTime":"30ms","userAgent":"PostmanRuntime/7.42.0","requestBody":{}}
{"timestamp":"02-10-2024 07:39:03","level":"INFO","method":"GET","url":"/api/member/tree/10","statusCode":200,"responseTime":"20ms","userAgent":"PostmanRuntime/7.42.0","requestBody":{}}
{"timestamp":"02-10-2024 07:40:01","level":"INFO","method":"GET","url":"/api/member/tree/10","statusCode":200,"responseTime":"46ms","userAgent":"PostmanRuntime/7.42.0","requestBody":{}}
{"timestamp":"02-10-2024 07:40:09","level":"INFO","method":"GET","url":"/api/member/tree/10","statusCode":200,"responseTime":"28ms","userAgent":"PostmanRuntime/7.42.0","requestBody":{}}
{"timestamp":"02-10-2024 07:40:20","level":"INFO","method":"GET","url":"/api/member/tree/10","statusCode":200,"responseTime":"21ms","userAgent":"PostmanRuntime/7.42.0","requestBody":{}}
{"timestamp":"02-10-2024 07:41:21","level":"INFO","method":"GET","url":"/api/member/tree/20","statusCode":200,"responseTime":"67ms","userAgent":"PostmanRuntime/7.42.0","requestBody":{}}
{"timestamp":"02-10-2024 07:41:26","level":"INFO","method":"GET","url":"/api/member/tree/10","statusCode":200,"responseTime":"18ms","userAgent":"PostmanRuntime/7.42.0","requestBody":{}}
{"timestamp":"02-10-2024 07:41:42","level":"INFO","method":"GET","url":"/api/member/tree/10","statusCode":200,"responseTime":"49ms","userAgent":"PostmanRuntime/7.42.0","requestBody":{}}
{"timestamp":"02-10-2024 07:42:01","level":"INFO","method":"GET","url":"/api/member/tree/10","statusCode":200,"responseTime":"49ms","userAgent":"PostmanRuntime/7.42.0","requestBody":{}}
{"timestamp":"02-10-2024 07:42:41","level":"INFO","method":"GET","url":"/api/member/tree/10","statusCode":200,"responseTime":"23ms","userAgent":"PostmanRuntime/7.42.0","requestBody":{}}
{"timestamp":"02-10-2024 07:42:55","level":"INFO","method":"GET","url":"/api/member/tree/10","statusCode":200,"responseTime":"35ms","userAgent":"PostmanRuntime/7.42.0","requestBody":{}}
{"0":"M","1":"a","2":"x","3":"i","4":"m","5":"u","6":"m","7":" ","8":"c","9":"a","10":"l","11":"l","12":" ","13":"s","14":"t","15":"a","16":"c","17":"k","18":" ","19":"s","20":"i","21":"z","22":"e","23":" ","24":"e","25":"x","26":"c","27":"e","28":"e","29":"d","30":"e","31":"d","timestamp":"02-10-2024 07:43:25","level":"ERROR"}
{"timestamp":"02-10-2024 07:43:25","level":"INFO","method":"GET","url":"/api/member/tree/10","statusCode":500,"responseTime":"44ms","userAgent":"PostmanRuntime/7.42.0","requestBody":{}}
{"timestamp":"02-10-2024 07:44:05","level":"INFO","method":"GET","url":"/api/member/tree/10","statusCode":200,"responseTime":"26ms","userAgent":"PostmanRuntime/7.42.0","requestBody":{}}
{"timestamp":"02-10-2024 07:44:21","level":"INFO","method":"GET","url":"/api/member/tree/10","statusCode":200,"responseTime":"58ms","userAgent":"PostmanRuntime/7.42.0","requestBody":{}}
{"timestamp":"02-10-2024 07:44:34","level":"INFO","method":"GET","url":"/api/member/tree/10","statusCode":200,"responseTime":"26ms","userAgent":"PostmanRuntime/7.42.0","requestBody":{}}
{"timestamp":"02-10-2024 07:46:52","level":"INFO","method":"GET","url":"/api/member/tree/10","statusCode":200,"responseTime":"160ms","userAgent":"PostmanRuntime/7.42.0","requestBody":{}}
{"timestamp":"02-10-2024 07:48:01","level":"INFO","method":"GET","url":"/api/member/tree/10","statusCode":200,"responseTime":"24ms","userAgent":"PostmanRuntime/7.42.0","requestBody":{}}
{"timestamp":"02-10-2024 07:48:08","level":"INFO","method":"GET","url":"/api/member/tree/10","statusCode":200,"responseTime":"28ms","userAgent":"PostmanRuntime/7.42.0","requestBody":{}}
{"timestamp":"02-10-2024 07:48:19","level":"INFO","method":"GET","url":"/api/member/tree/10","statusCode":200,"responseTime":"30ms","userAgent":"PostmanRuntime/7.42.0","requestBody":{}}
{"timestamp":"02-10-2024 07:48:53","level":"INFO","method":"GET","url":"/api/member/tree/10","statusCode":200,"responseTime":"126ms","userAgent":"PostmanRuntime/7.42.0","requestBody":{}}
{"timestamp":"02-10-2024 07:52:57","level":"INFO","method":"GET","url":"/api/member/tree/10","statusCode":200,"responseTime":"34ms","userAgent":"PostmanRuntime/7.42.0","requestBody":{}}
{"timestamp":"02-10-2024 07:53:35","level":"INFO","method":"GET","url":"/api/member/tree/10","statusCode":200,"responseTime":"79ms","userAgent":"PostmanRuntime/7.42.0","requestBody":{}}
{"timestamp":"02-10-2024 07:54:01","level":"INFO","method":"GET","url":"/api/member/tree/10","statusCode":200,"responseTime":"24ms","userAgent":"PostmanRuntime/7.42.0","requestBody":{}}
{"0":"b","1":"u","2":"i","3":"l","4":"d","5":"C","6":"a","7":"t","8":"e","9":"g","10":"o","11":"r","12":"y","13":"T","14":"r","15":"e","16":"e","17":" ","18":"i","19":"s","20":" ","21":"n","22":"o","23":"t","24":" ","25":"d","26":"e","27":"f","28":"i","29":"n","30":"e","31":"d","timestamp":"02-10-2024 07:55:06","level":"ERROR"}
{"timestamp":"02-10-2024 07:55:06","level":"INFO","method":"GET","url":"/api/member/tree/10","statusCode":500,"responseTime":"19ms","userAgent":"PostmanRuntime/7.42.0","requestBody":{}}
{"timestamp":"02-10-2024 07:55:21","level":"INFO","method":"GET","url":"/api/member/tree/10","statusCode":200,"responseTime":"20ms","userAgent":"PostmanRuntime/7.42.0","requestBody":{}}
{"timestamp":"02-10-2024 07:55:41","level":"INFO","method":"GET","url":"/api/member/10/downline?page=1&size=10&search=","statusCode":200,"responseTime":"71ms","userAgent":"PostmanRuntime/7.42.0","requestBody":{}}
{"timestamp":"02-10-2024 07:56:18","level":"INFO","method":"POST","url":"/api/request-otp","statusCode":200,"responseTime":"3370ms","userAgent":"PostmanRuntime/7.42.0","requestBody":{"email":"admin_cassablanca@gmail.com"}}
{"timestamp":"02-10-2024 07:56:29","level":"INFO","method":"POST","url":"/api/verify-otp","statusCode":200,"responseTime":"66ms","userAgent":"PostmanRuntime/7.42.0","requestBody":{"otp":"988643"}}
{"0":"N","1":"a","2":"m","3":"e","4":"d","5":" ","6":"r","7":"e","8":"p","9":"l","10":"a","11":"c","12":"e","13":"m","14":"e","15":"n","16":"t","17":" ","18":"\"","19":":","20":"m","21":"e","22":"m","23":"b","24":"e","25":"r","26":"_","27":"i","28":"d","29":"\"","30":" ","31":"h","32":"a","33":"s","34":" ","35":"n","36":"o","37":" ","38":"e","39":"n","40":"t","41":"r","42":"y","43":" ","44":"i","45":"n","46":" ","47":"t","48":"h","49":"e","50":" ","51":"r","52":"e","53":"p","54":"l","55":"a","56":"c","57":"e","58":"m","59":"e","60":"n","61":"t","62":" ","63":"m","64":"a","65":"p","66":".","timestamp":"02-10-2024 07:56:33","level":"ERROR"}
{"timestamp":"02-10-2024 07:56:33","level":"INFO","method":"GET","url":"/api/member/tree","statusCode":500,"responseTime":"10ms","userAgent":"PostmanRuntime/7.42.0","requestBody":{}}
{"0":"N","1":"a","2":"m","3":"e","4":"d","5":" ","6":"r","7":"e","8":"p","9":"l","10":"a","11":"c","12":"e","13":"m","14":"e","15":"n","16":"t","17":" ","18":"\"","19":":","20":"m","21":"e","22":"m","23":"b","24":"e","25":"r","26":"_","27":"i","28":"d","29":"\"","30":" ","31":"h","32":"a","33":"s","34":" ","35":"n","36":"o","37":" ","38":"e","39":"n","40":"t","41":"r","42":"y","43":" ","44":"i","45":"n","46":" ","47":"t","48":"h","49":"e","50":" ","51":"r","52":"e","53":"p","54":"l","55":"a","56":"c","57":"e","58":"m","59":"e","60":"n","61":"t","62":" ","63":"m","64":"a","65":"p","66":".","timestamp":"02-10-2024 07:57:24","level":"ERROR"}
{"timestamp":"02-10-2024 07:57:24","level":"INFO","method":"GET","url":"/api/member/tree","statusCode":500,"responseTime":"12ms","userAgent":"PostmanRuntime/7.42.0","requestBody":{}}
{"timestamp":"02-10-2024 07:58:30","level":"INFO","method":"GET","url":"/api/member/tree","statusCode":200,"responseTime":"20ms","userAgent":"PostmanRuntime/7.42.0","requestBody":{}}
{"timestamp":"02-10-2024 07:58:48","level":"INFO","method":"GET","url":"/api/member/tree","statusCode":200,"responseTime":"13ms","userAgent":"PostmanRuntime/7.42.0","requestBody":{}}
{"timestamp":"02-10-2024 07:59:36","level":"INFO","method":"GET","url":"/api/member/tree","statusCode":200,"responseTime":"13ms","userAgent":"PostmanRuntime/7.42.0","requestBody":{}}
{"timestamp":"02-10-2024 07:59:49","level":"INFO","method":"GET","url":"/api/member/tree","statusCode":200,"responseTime":"11ms","userAgent":"PostmanRuntime/7.42.0","requestBody":{}}
{"timestamp":"02-10-2024 08:00:10","level":"INFO","method":"POST","url":"/api/request-otp","statusCode":200,"responseTime":"3537ms","userAgent":"PostmanRuntime/7.42.0","requestBody":{"email":"ilhamnurrohman74@gmail.com"}}
{"timestamp":"02-10-2024 08:00:18","level":"INFO","method":"POST","url":"/api/verify-otp","statusCode":200,"responseTime":"21ms","userAgent":"PostmanRuntime/7.42.0","requestBody":{"otp":"734473"}}
{"timestamp":"02-10-2024 08:00:26","level":"INFO","method":"GET","url":"/api/member/tree/10","statusCode":200,"responseTime":"30ms","userAgent":"PostmanRuntime/7.42.0","requestBody":{}}
