{"timestamp":"06-10-2024 07:18:58","level":"INFO","method":"POST","url":"/api/request-otp","statusCode":200,"responseTime":"4105ms","userAgent":"PostmanRuntime/7.42.0","requestBody":{"email":"adminconn@gmail.com"}}
{"timestamp":"06-10-2024 07:19:11","level":"INFO","method":"POST","url":"/api/verify-otp","statusCode":200,"responseTime":"51ms","userAgent":"PostmanRuntime/7.42.0","requestBody":{"otp":"468960"}}
{"timestamp":"06-10-2024 07:19:20","level":"INFO","method":"GET","url":"/api/config/level","statusCode":200,"responseTime":"14ms","userAgent":"PostmanRuntime/7.42.0","requestBody":{}}
{"timestamp":"06-10-2024 07:23:43","level":"INFO","method":"GET","url":"/api/config/level","statusCode":200,"responseTime":"38ms","userAgent":"PostmanRuntime/7.42.0","requestBody":{}}
{"timestamp":"06-10-2024 07:25:36","level":"INFO","method":"GET","url":"/api/config/level","statusCode":200,"responseTime":"16ms","userAgent":"PostmanRuntime/7.42.0","requestBody":{}}
{"timestamp":"06-10-2024 07:26:15","level":"INFO","method":"GET","url":"/api/config/level","statusCode":200,"responseTime":"17ms","userAgent":"PostmanRuntime/7.42.0","requestBody":{}}
{"timestamp":"06-10-2024 07:27:06","level":"INFO","method":"GET","url":"/api/member?page=1&size=10&status=&search=","statusCode":200,"responseTime":"46ms","userAgent":"PostmanRuntime/7.42.0","requestBody":{}}
{"timestamp":"06-10-2024 07:28:36","level":"INFO","method":"GET","url":"/api/member?page=1&size=10&status=&search=","statusCode":200,"responseTime":"22ms","userAgent":"PostmanRuntime/7.42.0","requestBody":{}}
{"timestamp":"06-10-2024 07:29:17","level":"INFO","method":"GET","url":"/api/member?page=1&size=10&status=&search=","statusCode":200,"responseTime":"36ms","userAgent":"PostmanRuntime/7.42.0","requestBody":{}}
{"timestamp":"06-10-2024 07:29:28","level":"INFO","method":"GET","url":"/api/member/tree","statusCode":200,"responseTime":"10ms","userAgent":"PostmanRuntime/7.42.0","requestBody":{}}
{"timestamp":"06-10-2024 07:34:17","level":"INFO","method":"GET","url":"/api/member/tree","statusCode":200,"responseTime":"16ms","userAgent":"PostmanRuntime/7.42.0","requestBody":{}}
{"timestamp":"06-10-2024 07:36:18","level":"INFO","method":"GET","url":"/api/member/tree","statusCode":200,"responseTime":"29ms","userAgent":"PostmanRuntime/7.42.0","requestBody":{}}
{"timestamp":"06-10-2024 07:37:03","level":"INFO","method":"GET","url":"/api/member/tree","statusCode":200,"responseTime":"32ms","userAgent":"PostmanRuntime/7.42.0","requestBody":{}}
{"timestamp":"06-10-2024 07:45:11","level":"INFO","method":"GET","url":"/api/member/tree/10","statusCode":200,"responseTime":"77ms","userAgent":"PostmanRuntime/7.42.0","requestBody":{}}
{"timestamp":"06-10-2024 07:55:48","level":"INFO","method":"GET","url":"/api/member/verification","statusCode":404,"responseTime":"38ms","userAgent":"PostmanRuntime/7.42.0","requestBody":{}}
{"timestamp":"06-10-2024 08:04:42","level":"INFO","method":"GET","url":"/api/member/verification","statusCode":200,"responseTime":"33ms","userAgent":"PostmanRuntime/7.42.0","requestBody":{}}
{"timestamp":"06-10-2024 08:05:53","level":"INFO","method":"GET","url":"/api/member/verification","statusCode":200,"responseTime":"53ms","userAgent":"PostmanRuntime/7.42.0","requestBody":{}}
{"timestamp":"06-10-2024 08:06:06","level":"INFO","method":"GET","url":"/api/member/verification","statusCode":200,"responseTime":"25ms","userAgent":"PostmanRuntime/7.42.0","requestBody":{}}
{"timestamp":"06-10-2024 08:06:45","level":"INFO","method":"GET","url":"/api/member/verification?page=1&size=1","statusCode":200,"responseTime":"74ms","userAgent":"PostmanRuntime/7.42.0","requestBody":{}}
{"timestamp":"06-10-2024 08:08:05","level":"INFO","method":"GET","url":"/api/member/verification?page=1&size=1&search=siti@gmail.com","statusCode":200,"responseTime":"44ms","userAgent":"PostmanRuntime/7.42.0","requestBody":{}}
{"timestamp":"06-10-2024 08:09:04","level":"INFO","method":"GET","url":"/api/member/verification?page=1&size=1&search=siti@gmail.com","statusCode":200,"responseTime":"26ms","userAgent":"PostmanRuntime/7.42.0","requestBody":{}}
{"timestamp":"06-10-2024 08:09:12","level":"INFO","method":"GET","url":"/api/member/verification?page=1&size=1","statusCode":200,"responseTime":"10ms","userAgent":"PostmanRuntime/7.42.0","requestBody":{}}
{"timestamp":"06-10-2024 08:14:54","level":"INFO","method":"GET","url":"/api/ref/currency","statusCode":200,"responseTime":"65ms","userAgent":"PostmanRuntime/7.42.0","requestBody":{}}
{"timestamp":"06-10-2024 08:15:10","level":"INFO","method":"GET","url":"/api/ref/currency/ORE","statusCode":200,"responseTime":"31ms","userAgent":"PostmanRuntime/7.42.0","requestBody":{}}
{"timestamp":"06-10-2024 08:15:17","level":"INFO","method":"GET","url":"/api/ref/currency/USDT","statusCode":200,"responseTime":"13ms","userAgent":"PostmanRuntime/7.42.0","requestBody":{}}
{"timestamp":"06-10-2024 08:20:34","level":"INFO","method":"GET","url":"/api/member/tree","statusCode":401,"responseTime":"9ms","userAgent":"PostmanRuntime/7.42.0","requestBody":{}}
{"timestamp":"06-10-2024 08:20:41","level":"INFO","method":"POST","url":"/api/request-otp","statusCode":200,"responseTime":"2866ms","userAgent":"PostmanRuntime/7.42.0","requestBody":{"email":"adminconn@gmail.com"}}
{"timestamp":"06-10-2024 08:21:16","level":"INFO","method":"POST","url":"/api/verify-otp","statusCode":200,"responseTime":"65ms","userAgent":"PostmanRuntime/7.42.0","requestBody":{"otp":"321989"}}
{"timestamp":"06-10-2024 08:21:23","level":"INFO","method":"GET","url":"/api/member/tree","statusCode":200,"responseTime":"50ms","userAgent":"PostmanRuntime/7.42.0","requestBody":{}}
{"timestamp":"06-10-2024 08:21:37","level":"INFO","method":"GET","url":"/api/member/tree","statusCode":200,"responseTime":"101ms","userAgent":"PostmanRuntime/7.42.0","requestBody":{}}
{"timestamp":"06-10-2024 08:22:08","level":"INFO","method":"GET","url":"/api/member/tree","statusCode":200,"responseTime":"54ms","userAgent":"PostmanRuntime/7.42.0","requestBody":{}}
{"timestamp":"06-10-2024 08:23:14","level":"INFO","method":"GET","url":"/api/member/tree","statusCode":200,"responseTime":"27ms","userAgent":"PostmanRuntime/7.42.0","requestBody":{}}
{"0":"t","1":"e","2":"m","3":"p","4":".","5":"t","6":"o","7":"J","8":"S","9":"O","10":"N","11":" ","12":"i","13":"s","14":" ","15":"n","16":"o","17":"t","18":" ","19":"a","20":" ","21":"f","22":"u","23":"n","24":"c","25":"t","26":"i","27":"o","28":"n","timestamp":"06-10-2024 08:23:26","level":"ERROR"}
{"timestamp":"06-10-2024 08:23:26","level":"INFO","method":"GET","url":"/api/member/tree","statusCode":500,"responseTime":"23ms","userAgent":"PostmanRuntime/7.42.0","requestBody":{}}
{"timestamp":"06-10-2024 08:23:57","level":"INFO","method":"GET","url":"/api/member/tree","statusCode":200,"responseTime":"44ms","userAgent":"PostmanRuntime/7.42.0","requestBody":{}}
{"timestamp":"06-10-2024 08:24:24","level":"INFO","method":"GET","url":"/api/member/tree","statusCode":200,"responseTime":"37ms","userAgent":"PostmanRuntime/7.42.0","requestBody":{}}
{"timestamp":"06-10-2024 08:24:36","level":"INFO","method":"GET","url":"/api/member/tree","statusCode":200,"responseTime":"38ms","userAgent":"PostmanRuntime/7.42.0","requestBody":{}}
{"timestamp":"06-10-2024 08:24:53","level":"INFO","method":"GET","url":"/api/member/tree","statusCode":200,"responseTime":"71ms","userAgent":"PostmanRuntime/7.42.0","requestBody":{}}
{"timestamp":"06-10-2024 08:31:36","level":"INFO","method":"PUT","url":"/api/config/level/diamond","statusCode":200,"responseTime":"282ms","userAgent":"PostmanRuntime/7.42.0","requestBody":{"level_name":"Diamond","level_requirement":[{"id":"direct_member_cnt","level_id":null,"value":10},{"id":"team_member_cnt","level_id":null,"value":100},{"id":"ranking_member_cnt","level_id":"silver","value":5},{"id":"ranking_member_cnt","level_id":"gold","value":10}],"direct_bonus":35,"ranking_bonus":4,"global_sharing":0}}
{"timestamp":"06-10-2024 08:41:53","level":"INFO","method":"POST","url":"/api/member/17/verification","statusCode":400,"responseTime":"84ms","userAgent":"PostmanRuntime/7.42.0","requestBody":{}}
{"timestamp":"06-10-2024 08:42:41","level":"INFO","method":"POST","url":"/api/member/17/verification","statusCode":200,"responseTime":"27ms","userAgent":"PostmanRuntime/7.42.0","requestBody":{}}
{"timestamp":"06-10-2024 08:43:31","level":"INFO","method":"POST","url":"/api/member/17/verification","statusCode":200,"responseTime":"159ms","userAgent":"PostmanRuntime/7.42.0","requestBody":{}}
{"timestamp":"06-10-2024 08:43:55","level":"INFO","method":"POST","url":"/api/member/17/verification","statusCode":400,"responseTime":"25ms","userAgent":"PostmanRuntime/7.42.0","requestBody":{}}
{"0":"W","1":"H","2":"E","3":"R","4":"E","5":" ","6":"p","7":"a","8":"r","9":"a","10":"m","11":"e","12":"t","13":"e","14":"r","15":" ","16":"\"","17":"r","18":"a","19":"n","20":"k","21":"i","22":"n","23":"g","24":"_","25":"i","26":"d","27":"\"","28":" ","29":"h","30":"a","31":"s","32":" ","33":"i","34":"n","35":"v","36":"a","37":"l","38":"i","39":"d","40":" ","41":"\"","42":"u","43":"n","44":"d","45":"e","46":"f","47":"i","48":"n","49":"e","50":"d","51":"\"","52":" ","53":"v","54":"a","55":"l","56":"u","57":"e","timestamp":"06-10-2024 08:45:03","level":"ERROR"}
{"timestamp":"06-10-2024 08:45:03","level":"INFO","method":"POST","url":"/api/member/17/verification","statusCode":500,"responseTime":"68ms","userAgent":"PostmanRuntime/7.42.0","requestBody":{}}
{"timestamp":"06-10-2024 08:45:59","level":"INFO","method":"POST","url":"/api/member/17/verification","statusCode":200,"responseTime":"37ms","userAgent":"PostmanRuntime/7.42.0","requestBody":{}}
{"0":"m","1":"e","2":"m","3":"b","4":"e","5":"r","6":"_","7":"i","8":"d","9":"_","10":"p","11":"a","12":"r","13":"e","14":"n","15":"t","16":" ","17":"i","18":"s","19":" ","20":"n","21":"o","22":"t","23":" ","24":"d","25":"e","26":"f","27":"i","28":"n","29":"e","30":"d","timestamp":"06-10-2024 08:46:28","level":"ERROR"}
{"timestamp":"06-10-2024 08:46:28","level":"INFO","method":"POST","url":"/api/member/17/verification","statusCode":500,"responseTime":"47ms","userAgent":"PostmanRuntime/7.42.0","requestBody":{}}
{"timestamp":"06-10-2024 08:46:38","level":"INFO","method":"POST","url":"/api/member/17/verification","statusCode":200,"responseTime":"49ms","userAgent":"PostmanRuntime/7.42.0","requestBody":{}}
{"timestamp":"06-10-2024 08:46:56","level":"INFO","method":"POST","url":"/api/member/17/verification","statusCode":200,"responseTime":"57ms","userAgent":"PostmanRuntime/7.42.0","requestBody":{}}
{"timestamp":"06-10-2024 08:48:40","level":"INFO","method":"POST","url":"/api/member/17/verification","statusCode":200,"responseTime":"98ms","userAgent":"PostmanRuntime/7.42.0","requestBody":{}}
{"timestamp":"06-10-2024 08:49:19","level":"INFO","method":"POST","url":"/api/member/17/verification","statusCode":200,"responseTime":"62ms","userAgent":"PostmanRuntime/7.42.0","requestBody":{}}
{"timestamp":"06-10-2024 08:49:43","level":"INFO","method":"POST","url":"/api/member/17/verification","statusCode":200,"responseTime":"36ms","userAgent":"PostmanRuntime/7.42.0","requestBody":{}}
{"timestamp":"06-10-2024 08:50:14","level":"INFO","method":"POST","url":"/api/member/17/verification","statusCode":200,"responseTime":"32ms","userAgent":"PostmanRuntime/7.42.0","requestBody":{}}
{"0":"W","1":"H","2":"E","3":"R","4":"E","5":" ","6":"p","7":"a","8":"r","9":"a","10":"m","11":"e","12":"t","13":"e","14":"r","15":" ","16":"\"","17":"r","18":"a","19":"n","20":"k","21":"i","22":"n","23":"g","24":"_","25":"i","26":"d","27":"\"","28":" ","29":"h","30":"a","31":"s","32":" ","33":"i","34":"n","35":"v","36":"a","37":"l","38":"i","39":"d","40":" ","41":"\"","42":"u","43":"n","44":"d","45":"e","46":"f","47":"i","48":"n","49":"e","50":"d","51":"\"","52":" ","53":"v","54":"a","55":"l","56":"u","57":"e","timestamp":"06-10-2024 08:51:15","level":"ERROR"}
{"timestamp":"06-10-2024 08:51:15","level":"INFO","method":"POST","url":"/api/member/17/verification","statusCode":500,"responseTime":"49ms","userAgent":"PostmanRuntime/7.42.0","requestBody":{}}
{"timestamp":"06-10-2024 08:54:30","level":"INFO","method":"POST","url":"/api/member/17/verification","statusCode":200,"responseTime":"28ms","userAgent":"PostmanRuntime/7.42.0","requestBody":{}}
{"0":"W","1":"H","2":"E","3":"R","4":"E","5":" ","6":"p","7":"a","8":"r","9":"a","10":"m","11":"e","12":"t","13":"e","14":"r","15":" ","16":"\"","17":"r","18":"a","19":"n","20":"k","21":"i","22":"n","23":"g","24":"_","25":"i","26":"d","27":"\"","28":" ","29":"h","30":"a","31":"s","32":" ","33":"i","34":"n","35":"v","36":"a","37":"l","38":"i","39":"d","40":" ","41":"\"","42":"u","43":"n","44":"d","45":"e","46":"f","47":"i","48":"n","49":"e","50":"d","51":"\"","52":" ","53":"v","54":"a","55":"l","56":"u","57":"e","timestamp":"06-10-2024 08:54:55","level":"ERROR"}
{"timestamp":"06-10-2024 08:54:55","level":"INFO","method":"POST","url":"/api/member/17/verification","statusCode":500,"responseTime":"53ms","userAgent":"PostmanRuntime/7.42.0","requestBody":{}}
{"timestamp":"06-10-2024 08:55:16","level":"INFO","method":"POST","url":"/api/member/17/verification","statusCode":200,"responseTime":"81ms","userAgent":"PostmanRuntime/7.42.0","requestBody":{}}
{"timestamp":"06-10-2024 08:55:57","level":"INFO","method":"POST","url":"/api/member/17/verification","statusCode":200,"responseTime":"81ms","userAgent":"PostmanRuntime/7.42.0","requestBody":{}}
{"timestamp":"06-10-2024 08:56:11","level":"INFO","method":"POST","url":"/api/member/17/verification","statusCode":200,"responseTime":"29ms","userAgent":"PostmanRuntime/7.42.0","requestBody":{}}
{"timestamp":"06-10-2024 08:56:34","level":"INFO","method":"POST","url":"/api/member/17/verification","statusCode":200,"responseTime":"50ms","userAgent":"PostmanRuntime/7.42.0","requestBody":{}}
{"timestamp":"06-10-2024 08:57:37","level":"INFO","method":"POST","url":"/api/member/17/verification","statusCode":200,"responseTime":"78ms","userAgent":"PostmanRuntime/7.42.0","requestBody":{}}
{"timestamp":"06-10-2024 08:57:50","level":"INFO","method":"POST","url":"/api/member/17/verification","statusCode":200,"responseTime":"43ms","userAgent":"PostmanRuntime/7.42.0","requestBody":{}}
{"timestamp":"06-10-2024 08:58:05","level":"INFO","method":"POST","url":"/api/member/17/verification","statusCode":200,"responseTime":"40ms","userAgent":"PostmanRuntime/7.42.0","requestBody":{}}
{"timestamp":"06-10-2024 08:59:18","level":"INFO","method":"POST","url":"/api/member/17/verification","statusCode":200,"responseTime":"72ms","userAgent":"PostmanRuntime/7.42.0","requestBody":{}}
{"timestamp":"06-10-2024 08:59:47","level":"INFO","method":"POST","url":"/api/member/17/verification","statusCode":200,"responseTime":"33ms","userAgent":"PostmanRuntime/7.42.0","requestBody":{}}
{"timestamp":"06-10-2024 09:00:11","level":"INFO","method":"POST","url":"/api/member/17/verification","statusCode":200,"responseTime":"33ms","userAgent":"PostmanRuntime/7.42.0","requestBody":{}}
{"timestamp":"06-10-2024 09:00:36","level":"INFO","method":"POST","url":"/api/member/17/verification","statusCode":200,"responseTime":"55ms","userAgent":"PostmanRuntime/7.42.0","requestBody":{}}
{"timestamp":"06-10-2024 09:00:47","level":"INFO","method":"POST","url":"/api/member/17/verification","statusCode":200,"responseTime":"48ms","userAgent":"PostmanRuntime/7.42.0","requestBody":{}}
{"timestamp":"06-10-2024 09:00:59","level":"INFO","method":"POST","url":"/api/member/17/verification","statusCode":200,"responseTime":"41ms","userAgent":"PostmanRuntime/7.42.0","requestBody":{}}
{"timestamp":"06-10-2024 09:01:25","level":"INFO","method":"POST","url":"/api/member/17/verification","statusCode":200,"responseTime":"43ms","userAgent":"PostmanRuntime/7.42.0","requestBody":{}}
{"timestamp":"06-10-2024 09:02:03","level":"INFO","method":"POST","url":"/api/member/17/verification","statusCode":200,"responseTime":"65ms","userAgent":"PostmanRuntime/7.42.0","requestBody":{}}
{"timestamp":"06-10-2024 09:02:19","level":"INFO","method":"POST","url":"/api/member/17/verification","statusCode":200,"responseTime":"57ms","userAgent":"PostmanRuntime/7.42.0","requestBody":{}}
{"timestamp":"06-10-2024 09:02:48","level":"INFO","method":"POST","url":"/api/member/17/verification","statusCode":200,"responseTime":"58ms","userAgent":"PostmanRuntime/7.42.0","requestBody":{}}
{"timestamp":"06-10-2024 09:03:19","level":"INFO","method":"POST","url":"/api/member/17/verification","statusCode":200,"responseTime":"51ms","userAgent":"PostmanRuntime/7.42.0","requestBody":{}}
{"timestamp":"06-10-2024 09:03:31","level":"INFO","method":"POST","url":"/api/member/17/verification","statusCode":200,"responseTime":"34ms","userAgent":"PostmanRuntime/7.42.0","requestBody":{}}
{"timestamp":"06-10-2024 09:04:00","level":"INFO","method":"POST","url":"/api/member/17/verification","statusCode":200,"responseTime":"51ms","userAgent":"PostmanRuntime/7.42.0","requestBody":{}}
{"0":"d","1":"a","2":"t","3":"a","4":" ","5":"i","6":"s","7":" ","8":"n","9":"o","10":"t","11":" ","12":"d","13":"e","14":"f","15":"i","16":"n","17":"e","18":"d","timestamp":"06-10-2024 09:05:27","level":"ERROR"}
{"timestamp":"06-10-2024 09:05:27","level":"INFO","method":"POST","url":"/api/member/17/verification","statusCode":500,"responseTime":"133ms","userAgent":"PostmanRuntime/7.42.0","requestBody":{}}
{"timestamp":"06-10-2024 09:06:50","level":"INFO","method":"POST","url":"/api/member/17/verification","statusCode":200,"responseTime":"127ms","userAgent":"PostmanRuntime/7.42.0","requestBody":{}}
{"timestamp":"06-10-2024 09:19:47","level":"INFO","method":"GET","url":"/api/config/level","statusCode":200,"responseTime":"48ms","userAgent":"PostmanRuntime/7.42.0","requestBody":{}}
{"timestamp":"06-10-2024 09:30:27","level":"INFO","method":"GET","url":"/api/config/level","statusCode":401,"responseTime":"7ms","userAgent":"PostmanRuntime/7.42.0","requestBody":{}}
{"timestamp":"06-10-2024 09:30:35","level":"INFO","method":"POST","url":"/api/request-otp","statusCode":200,"responseTime":"3884ms","userAgent":"PostmanRuntime/7.42.0","requestBody":{"email":"adminconn@gmail.com"}}
{"timestamp":"06-10-2024 09:32:12","level":"INFO","method":"POST","url":"/api/verify-otp","statusCode":200,"responseTime":"91ms","userAgent":"PostmanRuntime/7.42.0","requestBody":{"otp":"135172"}}
{"timestamp":"06-10-2024 09:32:49","level":"INFO","method":"POST","url":"/api/verify-otp","statusCode":200,"responseTime":"68ms","userAgent":"PostmanRuntime/7.42.0","requestBody":{"otp":"135172"}}
{"timestamp":"06-10-2024 09:33:02","level":"INFO","method":"GET","url":"/api/ref/currency","statusCode":200,"responseTime":"40ms","userAgent":"PostmanRuntime/7.42.0","requestBody":{}}
{"timestamp":"06-10-2024 09:35:23","level":"INFO","method":"GET","url":"/api/config/level","statusCode":200,"responseTime":"61ms","userAgent":"PostmanRuntime/7.42.0","requestBody":{}}
{"timestamp":"06-10-2024 09:36:01","level":"INFO","method":"GET","url":"/api/config/level","statusCode":200,"responseTime":"31ms","userAgent":"PostmanRuntime/7.42.0","requestBody":{}}
